ARM GAS  C:\Users\aless\AppData\Local\Temp\ccANrjpJ.s 			page 1


   1              		.syntax unified
   2              		.cpu cortex-m3
   3              		.fpu softvfp
   4              		.eabi_attribute 20, 1
   5              		.eabi_attribute 21, 1
   6              		.eabi_attribute 23, 3
   7              		.eabi_attribute 24, 1
   8              		.eabi_attribute 25, 1
   9              		.eabi_attribute 26, 1
  10              		.eabi_attribute 30, 1
  11              		.eabi_attribute 34, 1
  12              		.eabi_attribute 18, 4
  13              		.thumb
  14              		.syntax unified
  15              		.file	"25LC256.c"
  16              		.text
  17              	.Ltext0:
  18              		.cfi_sections	.debug_frame
  19              		.section	.text.EEPROM_readStatus,"ax",%progbits
  20              		.align	2
  21              		.global	EEPROM_readStatus
  22              		.thumb
  23              		.thumb_func
  24              		.type	EEPROM_readStatus, %function
  25              	EEPROM_readStatus:
  26              	.LFB1:
  27              		.file 1 "25LC256.c"
   1:25LC256.c     **** /* ========================================
   2:25LC256.c     ****  *
   3:25LC256.c     ****  * Copyright YOUR COMPANY, THE YEAR
   4:25LC256.c     ****  * All Rights Reserved
   5:25LC256.c     ****  * UNPUBLISHED, LICENSED SOFTWARE.
   6:25LC256.c     ****  *
   7:25LC256.c     ****  * CONFIDENTIAL AND PROPRIETARY INFORMATION
   8:25LC256.c     ****  * WHICH IS THE PROPERTY OF your company.
   9:25LC256.c     ****  *
  10:25LC256.c     ****  * ========================================
  11:25LC256.c     **** */
  12:25LC256.c     **** 
  13:25LC256.c     **** #include "25LC256.h"
  14:25LC256.c     **** 
  15:25LC256.c     **** uint8_t eeprom_Status;
  16:25LC256.c     **** 
  17:25LC256.c     **** void EEPROM_loadSettings(uint8_t* config_reg, uint16_t* index_eeprom) {
  18:25LC256.c     ****     
  19:25LC256.c     ****     *config_reg = EEPROM_readByte(0x0002);
  20:25LC256.c     ****     EEPROM_readPage(0x0000, (uint8_t*) index_eeprom, 2);
  21:25LC256.c     ****     
  22:25LC256.c     **** }
  23:25LC256.c     **** 
  24:25LC256.c     **** /** ====== Helper Functions ====== **/
  25:25LC256.c     **** 
  26:25LC256.c     **** uint8_t EEPROM_readStatus() {
  28              		.loc 1 26 0
  29              		.cfi_startproc
  30              		@ args = 0, pretend = 0, frame = 0
  31              		@ frame_needed = 0, uses_anonymous_args = 0
ARM GAS  C:\Users\aless\AppData\Local\Temp\ccANrjpJ.s 			page 2


  32 0000 08B5     		push	{r3, lr}
  33              		.cfi_def_cfa_offset 8
  34              		.cfi_offset 3, -8
  35              		.cfi_offset 14, -4
  27:25LC256.c     **** 	return SPI_Interface_ReadByte_EEPROM(SPI_EEPROM_RDSR);
  36              		.loc 1 27 0
  37 0002 0520     		movs	r0, #5
  38 0004 FFF7FEFF 		bl	SPI_Interface_ReadByte_EEPROM
  39              	.LVL0:
  28:25LC256.c     **** }
  40              		.loc 1 28 0
  41 0008 08BD     		pop	{r3, pc}
  42              		.cfi_endproc
  43              	.LFE1:
  44              		.size	EEPROM_readStatus, .-EEPROM_readStatus
  45 000a 00BF     		.section	.text.EEPROM_writeEnable,"ax",%progbits
  46              		.align	2
  47              		.global	EEPROM_writeEnable
  48              		.thumb
  49              		.thumb_func
  50              		.type	EEPROM_writeEnable, %function
  51              	EEPROM_writeEnable:
  52              	.LFB2:
  29:25LC256.c     **** 
  30:25LC256.c     **** void EEPROM_writeEnable() {
  53              		.loc 1 30 0
  54              		.cfi_startproc
  55              		@ args = 0, pretend = 0, frame = 0
  56              		@ frame_needed = 0, uses_anonymous_args = 0
  57 0000 08B5     		push	{r3, lr}
  58              		.cfi_def_cfa_offset 8
  59              		.cfi_offset 3, -8
  60              		.cfi_offset 14, -4
  31:25LC256.c     **** 	/* Send 1-byte Instruction */
  32:25LC256.c     **** 	SPI_Interface_tradeByte_EEPROM(SPI_EEPROM_WREN);
  61              		.loc 1 32 0
  62 0002 0620     		movs	r0, #6
  63 0004 FFF7FEFF 		bl	SPI_Interface_tradeByte_EEPROM
  64              	.LVL1:
  65 0008 08BD     		pop	{r3, pc}
  66              		.cfi_endproc
  67              	.LFE2:
  68              		.size	EEPROM_writeEnable, .-EEPROM_writeEnable
  69 000a 00BF     		.section	.text.EEPROM_writeDisable,"ax",%progbits
  70              		.align	2
  71              		.global	EEPROM_writeDisable
  72              		.thumb
  73              		.thumb_func
  74              		.type	EEPROM_writeDisable, %function
  75              	EEPROM_writeDisable:
  76              	.LFB3:
  33:25LC256.c     **** }
  34:25LC256.c     **** 
  35:25LC256.c     **** void EEPROM_writeDisable() {
  77              		.loc 1 35 0
  78              		.cfi_startproc
  79              		@ args = 0, pretend = 0, frame = 0
ARM GAS  C:\Users\aless\AppData\Local\Temp\ccANrjpJ.s 			page 3


  80              		@ frame_needed = 0, uses_anonymous_args = 0
  81 0000 08B5     		push	{r3, lr}
  82              		.cfi_def_cfa_offset 8
  83              		.cfi_offset 3, -8
  84              		.cfi_offset 14, -4
  36:25LC256.c     **** 	/* Send 1-byte Instruction */
  37:25LC256.c     **** 	SPI_Interface_tradeByte_EEPROM(SPI_EEPROM_WRDI);
  85              		.loc 1 37 0
  86 0002 0420     		movs	r0, #4
  87 0004 FFF7FEFF 		bl	SPI_Interface_tradeByte_EEPROM
  88              	.LVL2:
  89 0008 08BD     		pop	{r3, pc}
  90              		.cfi_endproc
  91              	.LFE3:
  92              		.size	EEPROM_writeDisable, .-EEPROM_writeDisable
  93 000a 00BF     		.section	.text.EEPROM_readByte,"ax",%progbits
  94              		.align	2
  95              		.global	EEPROM_readByte
  96              		.thumb
  97              		.thumb_func
  98              		.type	EEPROM_readByte, %function
  99              	EEPROM_readByte:
 100              	.LFB4:
  38:25LC256.c     **** }
  39:25LC256.c     **** 
  40:25LC256.c     **** /** ====== User-level Functions ====== **/
  41:25LC256.c     **** 
  42:25LC256.c     **** uint8_t EEPROM_readByte(uint16_t addr) {
 101              		.loc 1 42 0
 102              		.cfi_startproc
 103              		@ args = 0, pretend = 0, frame = 8
 104              		@ frame_needed = 0, uses_anonymous_args = 0
 105              	.LVL3:
 106 0000 00B5     		push	{lr}
 107              		.cfi_def_cfa_offset 4
 108              		.cfi_offset 14, -4
 109 0002 83B0     		sub	sp, sp, #12
 110              		.cfi_def_cfa_offset 16
  43:25LC256.c     ****     
  44:25LC256.c     **** 	/* Prepare the TX data packet: instruction + address */
  45:25LC256.c     **** 	uint8_t dataTX[3] = {SPI_EEPROM_READ, ((addr & 0xFF00) >> 8), (addr & 0x00FF)};
 111              		.loc 1 45 0
 112 0004 0321     		movs	r1, #3
 113 0006 8DF80410 		strb	r1, [sp, #4]
 114 000a 030A     		lsrs	r3, r0, #8
 115 000c 8DF80530 		strb	r3, [sp, #5]
 116 0010 8DF80600 		strb	r0, [sp, #6]
  46:25LC256.c     **** 	
  47:25LC256.c     **** 	/* Prepare the RX byte */
  48:25LC256.c     **** 	uint8_t dataRX = 0;
 117              		.loc 1 48 0
 118 0014 02AA     		add	r2, sp, #8
 119 0016 0023     		movs	r3, #0
 120 0018 02F8053D 		strb	r3, [r2, #-5]!
  49:25LC256.c     **** 	
  50:25LC256.c     **** 	/* Read 1 byte from addr */
  51:25LC256.c     **** 	SPI_Interface_Multi_RW_EEPROM(dataTX, 3, &dataRX, 1);
ARM GAS  C:\Users\aless\AppData\Local\Temp\ccANrjpJ.s 			page 4


 121              		.loc 1 51 0
 122 001c 0123     		movs	r3, #1
 123 001e 01A8     		add	r0, sp, #4
 124              	.LVL4:
 125 0020 FFF7FEFF 		bl	SPI_Interface_Multi_RW_EEPROM
 126              	.LVL5:
  52:25LC256.c     **** 	
  53:25LC256.c     **** 	return dataRX;
  54:25LC256.c     **** }
 127              		.loc 1 54 0
 128 0024 9DF80300 		ldrb	r0, [sp, #3]	@ zero_extendqisi2
 129 0028 03B0     		add	sp, sp, #12
 130              		.cfi_def_cfa_offset 4
 131              		@ sp needed
 132 002a 5DF804FB 		ldr	pc, [sp], #4
 133              		.cfi_endproc
 134              	.LFE4:
 135              		.size	EEPROM_readByte, .-EEPROM_readByte
 136 002e 00BF     		.section	.text.EEPROM_writeByte,"ax",%progbits
 137              		.align	2
 138              		.global	EEPROM_writeByte
 139              		.thumb
 140              		.thumb_func
 141              		.type	EEPROM_writeByte, %function
 142              	EEPROM_writeByte:
 143              	.LFB5:
  55:25LC256.c     **** 
  56:25LC256.c     **** void EEPROM_writeByte(uint16_t addr, uint8_t dataByte) {
 144              		.loc 1 56 0
 145              		.cfi_startproc
 146              		@ args = 0, pretend = 0, frame = 8
 147              		@ frame_needed = 0, uses_anonymous_args = 0
 148              	.LVL6:
 149 0000 30B5     		push	{r4, r5, lr}
 150              		.cfi_def_cfa_offset 12
 151              		.cfi_offset 4, -12
 152              		.cfi_offset 5, -8
 153              		.cfi_offset 14, -4
 154 0002 83B0     		sub	sp, sp, #12
 155              		.cfi_def_cfa_offset 24
 156 0004 0446     		mov	r4, r0
 157 0006 0D46     		mov	r5, r1
  57:25LC256.c     ****     /* Enable WRITE operations */
  58:25LC256.c     ****     EEPROM_writeEnable();
 158              		.loc 1 58 0
 159 0008 FFF7FEFF 		bl	EEPROM_writeEnable
 160              	.LVL7:
  59:25LC256.c     **** 	
  60:25LC256.c     **** 	/* Prepare the TX packet */
  61:25LC256.c     ****     uint8_t dataTX[4] = {SPI_EEPROM_WRITE, ((addr & 0xFF00) >> 8), (addr & 0x00FF), dataByte};
 161              		.loc 1 61 0
 162 000c 0223     		movs	r3, #2
 163 000e 8DF80430 		strb	r3, [sp, #4]
 164 0012 230A     		lsrs	r3, r4, #8
 165 0014 8DF80530 		strb	r3, [sp, #5]
 166 0018 8DF80640 		strb	r4, [sp, #6]
 167 001c 8DF80750 		strb	r5, [sp, #7]
ARM GAS  C:\Users\aless\AppData\Local\Temp\ccANrjpJ.s 			page 5


  62:25LC256.c     **** 	/* Nothing to RX... */
  63:25LC256.c     **** 	uint8_t temp = 0;
 168              		.loc 1 63 0
 169 0020 0023     		movs	r3, #0
 170 0022 02AA     		add	r2, sp, #8
 171 0024 02F8053D 		strb	r3, [r2, #-5]!
  64:25LC256.c     **** 	
  65:25LC256.c     **** 	/* Write 1 byte to addr */
  66:25LC256.c     **** 	SPI_Interface_Multi_RW_EEPROM(dataTX, 4, &temp, 0);
 172              		.loc 1 66 0
 173 0028 0421     		movs	r1, #4
 174 002a 0DEB0100 		add	r0, sp, r1
 175 002e FFF7FEFF 		bl	SPI_Interface_Multi_RW_EEPROM
 176              	.LVL8:
  67:25LC256.c     ****     
  68:25LC256.c     ****     /* Disable WRITE operations */
  69:25LC256.c     ****     //EEPROM_writeDisable();
  70:25LC256.c     ****     
  71:25LC256.c     ****     // Wait for write complete
  72:25LC256.c     ****     //EEPROM_waitForWriteComplete();
  73:25LC256.c     **** 	
  74:25LC256.c     **** }
 177              		.loc 1 74 0
 178 0032 03B0     		add	sp, sp, #12
 179              		.cfi_def_cfa_offset 12
 180              		@ sp needed
 181 0034 30BD     		pop	{r4, r5, pc}
 182              		.cfi_endproc
 183              	.LFE5:
 184              		.size	EEPROM_writeByte, .-EEPROM_writeByte
 185 0036 00BF     		.section	.text.EEPROM_readPage,"ax",%progbits
 186              		.align	2
 187              		.global	EEPROM_readPage
 188              		.thumb
 189              		.thumb_func
 190              		.type	EEPROM_readPage, %function
 191              	EEPROM_readPage:
 192              	.LFB6:
  75:25LC256.c     **** 
  76:25LC256.c     **** void EEPROM_readPage(uint16_t addr, uint8_t* dataRX, uint8_t nBytes) {
 193              		.loc 1 76 0
 194              		.cfi_startproc
 195              		@ args = 0, pretend = 0, frame = 8
 196              		@ frame_needed = 0, uses_anonymous_args = 0
 197              	.LVL9:
 198 0000 10B5     		push	{r4, lr}
 199              		.cfi_def_cfa_offset 8
 200              		.cfi_offset 4, -8
 201              		.cfi_offset 14, -4
 202 0002 82B0     		sub	sp, sp, #8
 203              		.cfi_def_cfa_offset 16
  77:25LC256.c     ****     
  78:25LC256.c     ****     //CyGlobalIntDisable;
  79:25LC256.c     **** 	/* Prepare the TX data packet: instruction + address */
  80:25LC256.c     **** 	uint8_t dataTX[3] = {SPI_EEPROM_READ, ((addr & 0xFF00) >> 8), (addr & 0x00FF)};
 204              		.loc 1 80 0
 205 0004 0324     		movs	r4, #3
ARM GAS  C:\Users\aless\AppData\Local\Temp\ccANrjpJ.s 			page 6


 206 0006 8DF80440 		strb	r4, [sp, #4]
 207 000a 030A     		lsrs	r3, r0, #8
 208 000c 8DF80530 		strb	r3, [sp, #5]
 209 0010 8DF80600 		strb	r0, [sp, #6]
  81:25LC256.c     **** 	
  82:25LC256.c     **** 	/* Read the nBytes */
  83:25LC256.c     **** 	SPI_Interface_Multi_RW_EEPROM(dataTX, 3, dataRX, nBytes);
 210              		.loc 1 83 0
 211 0014 1346     		mov	r3, r2
 212 0016 0A46     		mov	r2, r1
 213              	.LVL10:
 214 0018 2146     		mov	r1, r4
 215              	.LVL11:
 216 001a 01A8     		add	r0, sp, #4
 217              	.LVL12:
 218 001c FFF7FEFF 		bl	SPI_Interface_Multi_RW_EEPROM
 219              	.LVL13:
  84:25LC256.c     ****     
  85:25LC256.c     ****     //CyGlobalIntEnable;
  86:25LC256.c     **** }
 220              		.loc 1 86 0
 221 0020 02B0     		add	sp, sp, #8
 222              		.cfi_def_cfa_offset 8
 223              		@ sp needed
 224 0022 10BD     		pop	{r4, pc}
 225              		.cfi_endproc
 226              	.LFE6:
 227              		.size	EEPROM_readPage, .-EEPROM_readPage
 228              		.section	.text.EEPROM_loadSettings,"ax",%progbits
 229              		.align	2
 230              		.global	EEPROM_loadSettings
 231              		.thumb
 232              		.thumb_func
 233              		.type	EEPROM_loadSettings, %function
 234              	EEPROM_loadSettings:
 235              	.LFB0:
  17:25LC256.c     ****     
 236              		.loc 1 17 0
 237              		.cfi_startproc
 238              		@ args = 0, pretend = 0, frame = 0
 239              		@ frame_needed = 0, uses_anonymous_args = 0
 240              	.LVL14:
 241 0000 38B5     		push	{r3, r4, r5, lr}
 242              		.cfi_def_cfa_offset 16
 243              		.cfi_offset 3, -16
 244              		.cfi_offset 4, -12
 245              		.cfi_offset 5, -8
 246              		.cfi_offset 14, -4
 247 0002 0546     		mov	r5, r0
 248 0004 0C46     		mov	r4, r1
  19:25LC256.c     ****     EEPROM_readPage(0x0000, (uint8_t*) index_eeprom, 2);
 249              		.loc 1 19 0
 250 0006 0220     		movs	r0, #2
 251              	.LVL15:
 252 0008 FFF7FEFF 		bl	EEPROM_readByte
 253              	.LVL16:
 254 000c 2870     		strb	r0, [r5]
ARM GAS  C:\Users\aless\AppData\Local\Temp\ccANrjpJ.s 			page 7


  20:25LC256.c     ****     
 255              		.loc 1 20 0
 256 000e 0222     		movs	r2, #2
 257 0010 2146     		mov	r1, r4
 258 0012 0020     		movs	r0, #0
 259 0014 FFF7FEFF 		bl	EEPROM_readPage
 260              	.LVL17:
 261 0018 38BD     		pop	{r3, r4, r5, pc}
 262              		.cfi_endproc
 263              	.LFE0:
 264              		.size	EEPROM_loadSettings, .-EEPROM_loadSettings
 265 001a 00BF     		.section	.text.EEPROM_writePage,"ax",%progbits
 266              		.align	2
 267              		.global	EEPROM_writePage
 268              		.thumb
 269              		.thumb_func
 270              		.type	EEPROM_writePage, %function
 271              	EEPROM_writePage:
 272              	.LFB7:
  87:25LC256.c     **** 
  88:25LC256.c     **** 
  89:25LC256.c     **** void EEPROM_writePage(uint16_t addr, uint8_t* data, uint8_t nBytes) {
 273              		.loc 1 89 0
 274              		.cfi_startproc
 275              		@ args = 0, pretend = 0, frame = 8
 276              		@ frame_needed = 1, uses_anonymous_args = 0
 277              	.LVL18:
 278 0000 2DE9F043 		push	{r4, r5, r6, r7, r8, r9, lr}
 279              		.cfi_def_cfa_offset 28
 280              		.cfi_offset 4, -28
 281              		.cfi_offset 5, -24
 282              		.cfi_offset 6, -20
 283              		.cfi_offset 7, -16
 284              		.cfi_offset 8, -12
 285              		.cfi_offset 9, -8
 286              		.cfi_offset 14, -4
 287 0004 83B0     		sub	sp, sp, #12
 288              		.cfi_def_cfa_offset 40
 289 0006 00AF     		add	r7, sp, #0
 290              		.cfi_def_cfa_register 7
 291 0008 8046     		mov	r8, r0
 292 000a 8946     		mov	r9, r1
 293 000c 1446     		mov	r4, r2
  90:25LC256.c     **** 	
  91:25LC256.c     ****     //CyGlobalIntDisable;
  92:25LC256.c     ****     
  93:25LC256.c     ****     /* Save current global interrupt enable and disable it */
  94:25LC256.c     ****     uint8 interruptState = CyEnterCriticalSection();
 294              		.loc 1 94 0
 295 000e FFF7FEFF 		bl	CyEnterCriticalSection
 296              	.LVL19:
 297 0012 0546     		mov	r5, r0
 298              	.LVL20:
  95:25LC256.c     ****     
  96:25LC256.c     ****     /* Enable WRITE operations */
  97:25LC256.c     ****     EEPROM_writeEnable();
 299              		.loc 1 97 0
ARM GAS  C:\Users\aless\AppData\Local\Temp\ccANrjpJ.s 			page 8


 300 0014 FFF7FEFF 		bl	EEPROM_writeEnable
 301              	.LVL21:
  98:25LC256.c     **** 	
  99:25LC256.c     ****     CyDelayUs(1);
 302              		.loc 1 99 0
 303 0018 0120     		movs	r0, #1
 304 001a FFF7FEFF 		bl	CyDelayUs
 305              	.LVL22:
 100:25LC256.c     ****     
 101:25LC256.c     **** 	/* Prepare the TX packet of size nBytes+3 
 102:25LC256.c     ****        [ Write Instruction - Address MSB - Address LSB - +++data+++ ]
 103:25LC256.c     ****     */
 104:25LC256.c     ****     
 105:25LC256.c     **** 	uint8_t dataTX[3+nBytes];
 306              		.loc 1 105 0
 307 001e E61C     		adds	r6, r4, #3
 308              	.LVL23:
 309 0020 04F10A03 		add	r3, r4, #10
 310 0024 23F00703 		bic	r3, r3, #7
 311 0028 ADEB030D 		sub	sp, sp, r3
 312              	.LVL24:
 106:25LC256.c     ****     dataTX[0] = SPI_EEPROM_WRITE;
 313              		.loc 1 106 0
 314 002c 0223     		movs	r3, #2
 315 002e 8DF80030 		strb	r3, [sp]
 107:25LC256.c     ****     dataTX[1] = (addr & 0xFF00) >> 8;
 316              		.loc 1 107 0
 317 0032 4FEA1823 		lsr	r3, r8, #8
 318 0036 8DF80130 		strb	r3, [sp, #1]
 108:25LC256.c     ****     dataTX[2] = addr & 0x00FF;
 319              		.loc 1 108 0
 320 003a 8DF80280 		strb	r8, [sp, #2]
 109:25LC256.c     ****     /* Copy the input data in the memory */
 110:25LC256.c     **** 	memcpy(&dataTX[3], data, nBytes);
 321              		.loc 1 110 0
 322 003e 2246     		mov	r2, r4
 323 0040 4946     		mov	r1, r9
 324 0042 0DF10300 		add	r0, sp, #3
 325 0046 FFF7FEFF 		bl	memcpy
 326              	.LVL25:
 111:25LC256.c     **** 	
 112:25LC256.c     **** 	/* Nothing to RX: point to a dummy variable */
 113:25LC256.c     **** 	uint8_t temp = 0;
 327              		.loc 1 113 0
 328 004a 0023     		movs	r3, #0
 329 004c 07F10802 		add	r2, r7, #8
 330 0050 02F8013D 		strb	r3, [r2, #-1]!
 114:25LC256.c     **** 	
 115:25LC256.c     **** 	SPI_Interface_Multi_RW_EEPROM(dataTX, 3+nBytes, &temp, 0);
 331              		.loc 1 115 0
 332 0054 F1B2     		uxtb	r1, r6
 333 0056 6846     		mov	r0, sp
 334 0058 FFF7FEFF 		bl	SPI_Interface_Multi_RW_EEPROM
 335              	.LVL26:
 116:25LC256.c     ****     
 117:25LC256.c     ****     //CyGlobalIntEnable;
 118:25LC256.c     ****     
ARM GAS  C:\Users\aless\AppData\Local\Temp\ccANrjpJ.s 			page 9


 119:25LC256.c     ****     /* Restore global interrupt enable state */
 120:25LC256.c     ****     CyExitCriticalSection(interruptState);
 336              		.loc 1 120 0
 337 005c 2846     		mov	r0, r5
 338 005e FFF7FEFF 		bl	CyExitCriticalSection
 339              	.LVL27:
 121:25LC256.c     **** 	
 122:25LC256.c     **** 	
 123:25LC256.c     **** }
 340              		.loc 1 123 0
 341 0062 0C37     		adds	r7, r7, #12
 342              		.cfi_def_cfa_offset 28
 343 0064 BD46     		mov	sp, r7
 344              		.cfi_def_cfa_register 13
 345              	.LVL28:
 346              		@ sp needed
 347 0066 BDE8F083 		pop	{r4, r5, r6, r7, r8, r9, pc}
 348              		.cfi_endproc
 349              	.LFE7:
 350              		.size	EEPROM_writePage, .-EEPROM_writePage
 351 006a 00BF     		.section	.text.EEPROM_waitForWriteComplete,"ax",%progbits
 352              		.align	2
 353              		.global	EEPROM_waitForWriteComplete
 354              		.thumb
 355              		.thumb_func
 356              		.type	EEPROM_waitForWriteComplete, %function
 357              	EEPROM_waitForWriteComplete:
 358              	.LFB8:
 124:25LC256.c     **** 
 125:25LC256.c     **** void EEPROM_waitForWriteComplete() {
 359              		.loc 1 125 0
 360              		.cfi_startproc
 361              		@ args = 0, pretend = 0, frame = 0
 362              		@ frame_needed = 0, uses_anonymous_args = 0
 363 0000 08B5     		push	{r3, lr}
 364              		.cfi_def_cfa_offset 8
 365              		.cfi_offset 3, -8
 366              		.cfi_offset 14, -4
 367              	.L18:
 126:25LC256.c     ****     
 127:25LC256.c     ****     while( EEPROM_readStatus() & SPI_EEPROM_WRITE_IN_PROGRESS );
 368              		.loc 1 127 0 discriminator 1
 369 0002 FFF7FEFF 		bl	EEPROM_readStatus
 370              	.LVL29:
 371 0006 10F0010F 		tst	r0, #1
 372 000a FAD1     		bne	.L18
 128:25LC256.c     ****     
 129:25LC256.c     **** }
 373              		.loc 1 129 0
 374 000c 08BD     		pop	{r3, pc}
 375              		.cfi_endproc
 376              	.LFE8:
 377              		.size	EEPROM_waitForWriteComplete, .-EEPROM_waitForWriteComplete
 378              		.comm	eeprom_Status,1,1
 379 000e 00BF     		.text
 380              	.Letext0:
 381              		.file 2 "c:\\program files (x86)\\cypress\\psoc creator\\4.3\\psoc creator\\import\\gnu\\arm\\5.4.
ARM GAS  C:\Users\aless\AppData\Local\Temp\ccANrjpJ.s 			page 10


 382              		.file 3 "c:\\program files (x86)\\cypress\\psoc creator\\4.3\\psoc creator\\import\\gnu\\arm\\5.4.
 383              		.file 4 "Generated_Source\\PSoC5/cytypes.h"
 384              		.file 5 "SPI_Interface.h"
 385              		.file 6 "Generated_Source\\PSoC5/CyLib.h"
 386              		.section	.debug_info,"",%progbits
 387              	.Ldebug_info0:
 388 0000 88040000 		.4byte	0x488
 389 0004 0400     		.2byte	0x4
 390 0006 00000000 		.4byte	.Ldebug_abbrev0
 391 000a 04       		.byte	0x4
 392 000b 01       		.uleb128 0x1
 393 000c C2000000 		.4byte	.LASF44
 394 0010 0C       		.byte	0xc
 395 0011 49000000 		.4byte	.LASF45
 396 0015 7F020000 		.4byte	.LASF46
 397 0019 00000000 		.4byte	.Ldebug_ranges0+0
 398 001d 00000000 		.4byte	0
 399 0021 00000000 		.4byte	.Ldebug_line0
 400 0025 02       		.uleb128 0x2
 401 0026 01       		.byte	0x1
 402 0027 06       		.byte	0x6
 403 0028 50030000 		.4byte	.LASF0
 404 002c 03       		.uleb128 0x3
 405 002d 1C000000 		.4byte	.LASF3
 406 0031 02       		.byte	0x2
 407 0032 1D       		.byte	0x1d
 408 0033 37000000 		.4byte	0x37
 409 0037 02       		.uleb128 0x2
 410 0038 01       		.byte	0x1
 411 0039 08       		.byte	0x8
 412 003a B4000000 		.4byte	.LASF1
 413 003e 02       		.uleb128 0x2
 414 003f 02       		.byte	0x2
 415 0040 05       		.byte	0x5
 416 0041 F0020000 		.4byte	.LASF2
 417 0045 03       		.uleb128 0x3
 418 0046 B7010000 		.4byte	.LASF4
 419 004a 02       		.byte	0x2
 420 004b 2B       		.byte	0x2b
 421 004c 50000000 		.4byte	0x50
 422 0050 02       		.uleb128 0x2
 423 0051 02       		.byte	0x2
 424 0052 07       		.byte	0x7
 425 0053 53000000 		.4byte	.LASF5
 426 0057 02       		.uleb128 0x2
 427 0058 04       		.byte	0x4
 428 0059 05       		.byte	0x5
 429 005a 36030000 		.4byte	.LASF6
 430 005e 02       		.uleb128 0x2
 431 005f 04       		.byte	0x4
 432 0060 07       		.byte	0x7
 433 0061 5F010000 		.4byte	.LASF7
 434 0065 02       		.uleb128 0x2
 435 0066 08       		.byte	0x8
 436 0067 05       		.byte	0x5
 437 0068 67020000 		.4byte	.LASF8
 438 006c 02       		.uleb128 0x2
ARM GAS  C:\Users\aless\AppData\Local\Temp\ccANrjpJ.s 			page 11


 439 006d 08       		.byte	0x8
 440 006e 07       		.byte	0x7
 441 006f 9D000000 		.4byte	.LASF9
 442 0073 04       		.uleb128 0x4
 443 0074 04       		.byte	0x4
 444 0075 05       		.byte	0x5
 445 0076 696E7400 		.ascii	"int\000"
 446 007a 02       		.uleb128 0x2
 447 007b 04       		.byte	0x4
 448 007c 07       		.byte	0x7
 449 007d F9010000 		.4byte	.LASF10
 450 0081 03       		.uleb128 0x3
 451 0082 1C020000 		.4byte	.LASF11
 452 0086 03       		.byte	0x3
 453 0087 18       		.byte	0x18
 454 0088 2C000000 		.4byte	0x2c
 455 008c 03       		.uleb128 0x3
 456 008d E7020000 		.4byte	.LASF12
 457 0091 03       		.byte	0x3
 458 0092 24       		.byte	0x24
 459 0093 45000000 		.4byte	0x45
 460 0097 05       		.uleb128 0x5
 461 0098 29030000 		.4byte	.LASF13
 462 009c 04       		.byte	0x4
 463 009d E401     		.2byte	0x1e4
 464 009f 37000000 		.4byte	0x37
 465 00a3 02       		.uleb128 0x2
 466 00a4 04       		.byte	0x4
 467 00a5 04       		.byte	0x4
 468 00a6 36000000 		.4byte	.LASF14
 469 00aa 02       		.uleb128 0x2
 470 00ab 08       		.byte	0x8
 471 00ac 04       		.byte	0x4
 472 00ad C2010000 		.4byte	.LASF15
 473 00b1 02       		.uleb128 0x2
 474 00b2 01       		.byte	0x1
 475 00b3 08       		.byte	0x8
 476 00b4 3F030000 		.4byte	.LASF16
 477 00b8 02       		.uleb128 0x2
 478 00b9 08       		.byte	0x8
 479 00ba 04       		.byte	0x4
 480 00bb 44030000 		.4byte	.LASF17
 481 00bf 02       		.uleb128 0x2
 482 00c0 04       		.byte	0x4
 483 00c1 07       		.byte	0x7
 484 00c2 5E020000 		.4byte	.LASF18
 485 00c6 06       		.uleb128 0x6
 486 00c7 E7010000 		.4byte	.LASF21
 487 00cb 01       		.byte	0x1
 488 00cc 1A       		.byte	0x1a
 489 00cd 81000000 		.4byte	0x81
 490 00d1 00000000 		.4byte	.LFB1
 491 00d5 0A000000 		.4byte	.LFE1-.LFB1
 492 00d9 01       		.uleb128 0x1
 493 00da 9C       		.byte	0x9c
 494 00db EF000000 		.4byte	0xef
 495 00df 07       		.uleb128 0x7
ARM GAS  C:\Users\aless\AppData\Local\Temp\ccANrjpJ.s 			page 12


 496 00e0 08000000 		.4byte	.LVL0
 497 00e4 40040000 		.4byte	0x440
 498 00e8 08       		.uleb128 0x8
 499 00e9 01       		.uleb128 0x1
 500 00ea 50       		.byte	0x50
 501 00eb 01       		.uleb128 0x1
 502 00ec 35       		.byte	0x35
 503 00ed 00       		.byte	0
 504 00ee 00       		.byte	0
 505 00ef 09       		.uleb128 0x9
 506 00f0 6A030000 		.4byte	.LASF19
 507 00f4 01       		.byte	0x1
 508 00f5 1E       		.byte	0x1e
 509 00f6 00000000 		.4byte	.LFB2
 510 00fa 0A000000 		.4byte	.LFE2-.LFB2
 511 00fe 01       		.uleb128 0x1
 512 00ff 9C       		.byte	0x9c
 513 0100 14010000 		.4byte	0x114
 514 0104 07       		.uleb128 0x7
 515 0105 08000000 		.4byte	.LVL1
 516 0109 4B040000 		.4byte	0x44b
 517 010d 08       		.uleb128 0x8
 518 010e 01       		.uleb128 0x1
 519 010f 50       		.byte	0x50
 520 0110 01       		.uleb128 0x1
 521 0111 36       		.byte	0x36
 522 0112 00       		.byte	0
 523 0113 00       		.byte	0
 524 0114 09       		.uleb128 0x9
 525 0115 76000000 		.4byte	.LASF20
 526 0119 01       		.byte	0x1
 527 011a 23       		.byte	0x23
 528 011b 00000000 		.4byte	.LFB3
 529 011f 0A000000 		.4byte	.LFE3-.LFB3
 530 0123 01       		.uleb128 0x1
 531 0124 9C       		.byte	0x9c
 532 0125 39010000 		.4byte	0x139
 533 0129 07       		.uleb128 0x7
 534 012a 08000000 		.4byte	.LVL2
 535 012e 4B040000 		.4byte	0x44b
 536 0132 08       		.uleb128 0x8
 537 0133 01       		.uleb128 0x1
 538 0134 50       		.byte	0x50
 539 0135 01       		.uleb128 0x1
 540 0136 34       		.byte	0x34
 541 0137 00       		.byte	0
 542 0138 00       		.byte	0
 543 0139 06       		.uleb128 0x6
 544 013a 26000000 		.4byte	.LASF22
 545 013e 01       		.byte	0x1
 546 013f 2A       		.byte	0x2a
 547 0140 81000000 		.4byte	0x81
 548 0144 00000000 		.4byte	.LFB4
 549 0148 2E000000 		.4byte	.LFE4-.LFB4
 550 014c 01       		.uleb128 0x1
 551 014d 9C       		.byte	0x9c
 552 014e 9E010000 		.4byte	0x19e
ARM GAS  C:\Users\aless\AppData\Local\Temp\ccANrjpJ.s 			page 13


 553 0152 0A       		.uleb128 0xa
 554 0153 76010000 		.4byte	.LASF26
 555 0157 01       		.byte	0x1
 556 0158 2A       		.byte	0x2a
 557 0159 8C000000 		.4byte	0x8c
 558 015d 00000000 		.4byte	.LLST0
 559 0161 0B       		.uleb128 0xb
 560 0162 5C030000 		.4byte	.LASF23
 561 0166 01       		.byte	0x1
 562 0167 2D       		.byte	0x2d
 563 0168 9E010000 		.4byte	0x19e
 564 016c 02       		.uleb128 0x2
 565 016d 91       		.byte	0x91
 566 016e 74       		.sleb128 -12
 567 016f 0B       		.uleb128 0xb
 568 0170 3B020000 		.4byte	.LASF24
 569 0174 01       		.byte	0x1
 570 0175 30       		.byte	0x30
 571 0176 81000000 		.4byte	0x81
 572 017a 02       		.uleb128 0x2
 573 017b 91       		.byte	0x91
 574 017c 73       		.sleb128 -13
 575 017d 07       		.uleb128 0x7
 576 017e 24000000 		.4byte	.LVL5
 577 0182 56040000 		.4byte	0x456
 578 0186 08       		.uleb128 0x8
 579 0187 01       		.uleb128 0x1
 580 0188 50       		.byte	0x50
 581 0189 02       		.uleb128 0x2
 582 018a 91       		.byte	0x91
 583 018b 74       		.sleb128 -12
 584 018c 08       		.uleb128 0x8
 585 018d 01       		.uleb128 0x1
 586 018e 51       		.byte	0x51
 587 018f 01       		.uleb128 0x1
 588 0190 33       		.byte	0x33
 589 0191 08       		.uleb128 0x8
 590 0192 01       		.uleb128 0x1
 591 0193 52       		.byte	0x52
 592 0194 02       		.uleb128 0x2
 593 0195 91       		.byte	0x91
 594 0196 73       		.sleb128 -13
 595 0197 08       		.uleb128 0x8
 596 0198 01       		.uleb128 0x1
 597 0199 53       		.byte	0x53
 598 019a 01       		.uleb128 0x1
 599 019b 31       		.byte	0x31
 600 019c 00       		.byte	0
 601 019d 00       		.byte	0
 602 019e 0C       		.uleb128 0xc
 603 019f 81000000 		.4byte	0x81
 604 01a3 AE010000 		.4byte	0x1ae
 605 01a7 0D       		.uleb128 0xd
 606 01a8 BF000000 		.4byte	0xbf
 607 01ac 02       		.byte	0x2
 608 01ad 00       		.byte	0
 609 01ae 09       		.uleb128 0x9
ARM GAS  C:\Users\aless\AppData\Local\Temp\ccANrjpJ.s 			page 14


 610 01af 00000000 		.4byte	.LASF25
 611 01b3 01       		.byte	0x1
 612 01b4 38       		.byte	0x38
 613 01b5 00000000 		.4byte	.LFB5
 614 01b9 36000000 		.4byte	.LFE5-.LFB5
 615 01bd 01       		.uleb128 0x1
 616 01be 9C       		.byte	0x9c
 617 01bf 27020000 		.4byte	0x227
 618 01c3 0A       		.uleb128 0xa
 619 01c4 76010000 		.4byte	.LASF26
 620 01c8 01       		.byte	0x1
 621 01c9 38       		.byte	0x38
 622 01ca 8C000000 		.4byte	0x8c
 623 01ce 21000000 		.4byte	.LLST1
 624 01d2 0A       		.uleb128 0xa
 625 01d3 AE010000 		.4byte	.LASF27
 626 01d7 01       		.byte	0x1
 627 01d8 38       		.byte	0x38
 628 01d9 81000000 		.4byte	0x81
 629 01dd 42000000 		.4byte	.LLST2
 630 01e1 0B       		.uleb128 0xb
 631 01e2 5C030000 		.4byte	.LASF23
 632 01e6 01       		.byte	0x1
 633 01e7 3D       		.byte	0x3d
 634 01e8 27020000 		.4byte	0x227
 635 01ec 02       		.uleb128 0x2
 636 01ed 91       		.byte	0x91
 637 01ee 6C       		.sleb128 -20
 638 01ef 0B       		.uleb128 0xb
 639 01f0 71010000 		.4byte	.LASF28
 640 01f4 01       		.byte	0x1
 641 01f5 3F       		.byte	0x3f
 642 01f6 81000000 		.4byte	0x81
 643 01fa 02       		.uleb128 0x2
 644 01fb 91       		.byte	0x91
 645 01fc 6B       		.sleb128 -21
 646 01fd 0E       		.uleb128 0xe
 647 01fe 0C000000 		.4byte	.LVL7
 648 0202 EF000000 		.4byte	0xef
 649 0206 07       		.uleb128 0x7
 650 0207 32000000 		.4byte	.LVL8
 651 020b 56040000 		.4byte	0x456
 652 020f 08       		.uleb128 0x8
 653 0210 01       		.uleb128 0x1
 654 0211 50       		.byte	0x50
 655 0212 02       		.uleb128 0x2
 656 0213 91       		.byte	0x91
 657 0214 6C       		.sleb128 -20
 658 0215 08       		.uleb128 0x8
 659 0216 01       		.uleb128 0x1
 660 0217 51       		.byte	0x51
 661 0218 01       		.uleb128 0x1
 662 0219 34       		.byte	0x34
 663 021a 08       		.uleb128 0x8
 664 021b 01       		.uleb128 0x1
 665 021c 52       		.byte	0x52
 666 021d 02       		.uleb128 0x2
ARM GAS  C:\Users\aless\AppData\Local\Temp\ccANrjpJ.s 			page 15


 667 021e 91       		.byte	0x91
 668 021f 6B       		.sleb128 -21
 669 0220 08       		.uleb128 0x8
 670 0221 01       		.uleb128 0x1
 671 0222 53       		.byte	0x53
 672 0223 01       		.uleb128 0x1
 673 0224 30       		.byte	0x30
 674 0225 00       		.byte	0
 675 0226 00       		.byte	0
 676 0227 0C       		.uleb128 0xc
 677 0228 81000000 		.4byte	0x81
 678 022c 37020000 		.4byte	0x237
 679 0230 0D       		.uleb128 0xd
 680 0231 BF000000 		.4byte	0xbf
 681 0235 03       		.byte	0x3
 682 0236 00       		.byte	0
 683 0237 09       		.uleb128 0x9
 684 0238 66000000 		.4byte	.LASF29
 685 023c 01       		.byte	0x1
 686 023d 4C       		.byte	0x4c
 687 023e 00000000 		.4byte	.LFB6
 688 0242 24000000 		.4byte	.LFE6-.LFB6
 689 0246 01       		.uleb128 0x1
 690 0247 9C       		.byte	0x9c
 691 0248 A5020000 		.4byte	0x2a5
 692 024c 0A       		.uleb128 0xa
 693 024d 76010000 		.4byte	.LASF26
 694 0251 01       		.byte	0x1
 695 0252 4C       		.byte	0x4c
 696 0253 8C000000 		.4byte	0x8c
 697 0257 63000000 		.4byte	.LLST3
 698 025b 0A       		.uleb128 0xa
 699 025c 3B020000 		.4byte	.LASF24
 700 0260 01       		.byte	0x1
 701 0261 4C       		.byte	0x4c
 702 0262 A5020000 		.4byte	0x2a5
 703 0266 84000000 		.4byte	.LLST4
 704 026a 0A       		.uleb128 0xa
 705 026b 63030000 		.4byte	.LASF30
 706 026f 01       		.byte	0x1
 707 0270 4C       		.byte	0x4c
 708 0271 81000000 		.4byte	0x81
 709 0275 B0000000 		.4byte	.LLST5
 710 0279 0B       		.uleb128 0xb
 711 027a 5C030000 		.4byte	.LASF23
 712 027e 01       		.byte	0x1
 713 027f 50       		.byte	0x50
 714 0280 9E010000 		.4byte	0x19e
 715 0284 02       		.uleb128 0x2
 716 0285 91       		.byte	0x91
 717 0286 74       		.sleb128 -12
 718 0287 07       		.uleb128 0x7
 719 0288 20000000 		.4byte	.LVL13
 720 028c 56040000 		.4byte	0x456
 721 0290 08       		.uleb128 0x8
 722 0291 01       		.uleb128 0x1
 723 0292 50       		.byte	0x50
ARM GAS  C:\Users\aless\AppData\Local\Temp\ccANrjpJ.s 			page 16


 724 0293 02       		.uleb128 0x2
 725 0294 91       		.byte	0x91
 726 0295 74       		.sleb128 -12
 727 0296 08       		.uleb128 0x8
 728 0297 01       		.uleb128 0x1
 729 0298 51       		.byte	0x51
 730 0299 02       		.uleb128 0x2
 731 029a 74       		.byte	0x74
 732 029b 00       		.sleb128 0
 733 029c 08       		.uleb128 0x8
 734 029d 01       		.uleb128 0x1
 735 029e 52       		.byte	0x52
 736 029f 03       		.uleb128 0x3
 737 02a0 F3       		.byte	0xf3
 738 02a1 01       		.uleb128 0x1
 739 02a2 51       		.byte	0x51
 740 02a3 00       		.byte	0
 741 02a4 00       		.byte	0
 742 02a5 0F       		.uleb128 0xf
 743 02a6 04       		.byte	0x4
 744 02a7 81000000 		.4byte	0x81
 745 02ab 09       		.uleb128 0x9
 746 02ac 9A010000 		.4byte	.LASF31
 747 02b0 01       		.byte	0x1
 748 02b1 11       		.byte	0x11
 749 02b2 00000000 		.4byte	.LFB0
 750 02b6 1A000000 		.4byte	.LFE0-.LFB0
 751 02ba 01       		.uleb128 0x1
 752 02bb 9C       		.byte	0x9c
 753 02bc 0C030000 		.4byte	0x30c
 754 02c0 0A       		.uleb128 0xa
 755 02c1 11000000 		.4byte	.LASF32
 756 02c5 01       		.byte	0x1
 757 02c6 11       		.byte	0x11
 758 02c7 A5020000 		.4byte	0x2a5
 759 02cb D1000000 		.4byte	.LLST6
 760 02cf 0A       		.uleb128 0xa
 761 02d0 3C000000 		.4byte	.LASF33
 762 02d4 01       		.byte	0x1
 763 02d5 11       		.byte	0x11
 764 02d6 0C030000 		.4byte	0x30c
 765 02da EF000000 		.4byte	.LLST7
 766 02de 10       		.uleb128 0x10
 767 02df 0C000000 		.4byte	.LVL16
 768 02e3 39010000 		.4byte	0x139
 769 02e7 F1020000 		.4byte	0x2f1
 770 02eb 08       		.uleb128 0x8
 771 02ec 01       		.uleb128 0x1
 772 02ed 50       		.byte	0x50
 773 02ee 01       		.uleb128 0x1
 774 02ef 32       		.byte	0x32
 775 02f0 00       		.byte	0
 776 02f1 07       		.uleb128 0x7
 777 02f2 18000000 		.4byte	.LVL17
 778 02f6 37020000 		.4byte	0x237
 779 02fa 08       		.uleb128 0x8
 780 02fb 01       		.uleb128 0x1
ARM GAS  C:\Users\aless\AppData\Local\Temp\ccANrjpJ.s 			page 17


 781 02fc 50       		.byte	0x50
 782 02fd 01       		.uleb128 0x1
 783 02fe 30       		.byte	0x30
 784 02ff 08       		.uleb128 0x8
 785 0300 01       		.uleb128 0x1
 786 0301 51       		.byte	0x51
 787 0302 02       		.uleb128 0x2
 788 0303 74       		.byte	0x74
 789 0304 00       		.sleb128 0
 790 0305 08       		.uleb128 0x8
 791 0306 01       		.uleb128 0x1
 792 0307 52       		.byte	0x52
 793 0308 01       		.uleb128 0x1
 794 0309 32       		.byte	0x32
 795 030a 00       		.byte	0
 796 030b 00       		.byte	0
 797 030c 0F       		.uleb128 0xf
 798 030d 04       		.byte	0x4
 799 030e 8C000000 		.4byte	0x8c
 800 0312 09       		.uleb128 0x9
 801 0313 FA020000 		.4byte	.LASF34
 802 0317 01       		.byte	0x1
 803 0318 59       		.byte	0x59
 804 0319 00000000 		.4byte	.LFB7
 805 031d 6A000000 		.4byte	.LFE7-.LFB7
 806 0321 01       		.uleb128 0x1
 807 0322 9C       		.byte	0x9c
 808 0323 F9030000 		.4byte	0x3f9
 809 0327 0A       		.uleb128 0xa
 810 0328 76010000 		.4byte	.LASF26
 811 032c 01       		.byte	0x1
 812 032d 59       		.byte	0x59
 813 032e 8C000000 		.4byte	0x8c
 814 0332 0D010000 		.4byte	.LLST8
 815 0336 0A       		.uleb128 0xa
 816 0337 98000000 		.4byte	.LASF35
 817 033b 01       		.byte	0x1
 818 033c 59       		.byte	0x59
 819 033d A5020000 		.4byte	0x2a5
 820 0341 2E010000 		.4byte	.LLST9
 821 0345 0A       		.uleb128 0xa
 822 0346 63030000 		.4byte	.LASF30
 823 034a 01       		.byte	0x1
 824 034b 59       		.byte	0x59
 825 034c 81000000 		.4byte	0x81
 826 0350 4C010000 		.4byte	.LLST10
 827 0354 0B       		.uleb128 0xb
 828 0355 50010000 		.4byte	.LASF36
 829 0359 01       		.byte	0x1
 830 035a 5E       		.byte	0x5e
 831 035b 97000000 		.4byte	0x97
 832 035f 01       		.uleb128 0x1
 833 0360 55       		.byte	0x55
 834 0361 11       		.uleb128 0x11
 835 0362 5C030000 		.4byte	.LASF23
 836 0366 01       		.byte	0x1
 837 0367 69       		.byte	0x69
ARM GAS  C:\Users\aless\AppData\Local\Temp\ccANrjpJ.s 			page 18


 838 0368 F9030000 		.4byte	0x3f9
 839 036c 6D010000 		.4byte	.LLST11
 840 0370 0B       		.uleb128 0xb
 841 0371 71010000 		.4byte	.LASF28
 842 0375 01       		.byte	0x1
 843 0376 71       		.byte	0x71
 844 0377 81000000 		.4byte	0x81
 845 037b 02       		.uleb128 0x2
 846 037c 91       		.byte	0x91
 847 037d 5F       		.sleb128 -33
 848 037e 0E       		.uleb128 0xe
 849 037f 12000000 		.4byte	.LVL19
 850 0383 61040000 		.4byte	0x461
 851 0387 0E       		.uleb128 0xe
 852 0388 18000000 		.4byte	.LVL21
 853 038c EF000000 		.4byte	0xef
 854 0390 10       		.uleb128 0x10
 855 0391 1E000000 		.4byte	.LVL22
 856 0395 6C040000 		.4byte	0x46c
 857 0399 A3030000 		.4byte	0x3a3
 858 039d 08       		.uleb128 0x8
 859 039e 01       		.uleb128 0x1
 860 039f 50       		.byte	0x50
 861 03a0 01       		.uleb128 0x1
 862 03a1 31       		.byte	0x31
 863 03a2 00       		.byte	0
 864 03a3 10       		.uleb128 0x10
 865 03a4 4A000000 		.4byte	.LVL25
 866 03a8 77040000 		.4byte	0x477
 867 03ac C3030000 		.4byte	0x3c3
 868 03b0 08       		.uleb128 0x8
 869 03b1 01       		.uleb128 0x1
 870 03b2 50       		.byte	0x50
 871 03b3 02       		.uleb128 0x2
 872 03b4 7D       		.byte	0x7d
 873 03b5 03       		.sleb128 3
 874 03b6 08       		.uleb128 0x8
 875 03b7 01       		.uleb128 0x1
 876 03b8 51       		.byte	0x51
 877 03b9 02       		.uleb128 0x2
 878 03ba 79       		.byte	0x79
 879 03bb 00       		.sleb128 0
 880 03bc 08       		.uleb128 0x8
 881 03bd 01       		.uleb128 0x1
 882 03be 52       		.byte	0x52
 883 03bf 02       		.uleb128 0x2
 884 03c0 74       		.byte	0x74
 885 03c1 00       		.sleb128 0
 886 03c2 00       		.byte	0
 887 03c3 10       		.uleb128 0x10
 888 03c4 5C000000 		.4byte	.LVL26
 889 03c8 56040000 		.4byte	0x456
 890 03cc E8030000 		.4byte	0x3e8
 891 03d0 08       		.uleb128 0x8
 892 03d1 01       		.uleb128 0x1
 893 03d2 50       		.byte	0x50
 894 03d3 02       		.uleb128 0x2
ARM GAS  C:\Users\aless\AppData\Local\Temp\ccANrjpJ.s 			page 19


 895 03d4 7D       		.byte	0x7d
 896 03d5 00       		.sleb128 0
 897 03d6 08       		.uleb128 0x8
 898 03d7 01       		.uleb128 0x1
 899 03d8 51       		.byte	0x51
 900 03d9 02       		.uleb128 0x2
 901 03da 76       		.byte	0x76
 902 03db 00       		.sleb128 0
 903 03dc 08       		.uleb128 0x8
 904 03dd 01       		.uleb128 0x1
 905 03de 52       		.byte	0x52
 906 03df 02       		.uleb128 0x2
 907 03e0 77       		.byte	0x77
 908 03e1 1F       		.sleb128 31
 909 03e2 08       		.uleb128 0x8
 910 03e3 01       		.uleb128 0x1
 911 03e4 53       		.byte	0x53
 912 03e5 01       		.uleb128 0x1
 913 03e6 30       		.byte	0x30
 914 03e7 00       		.byte	0
 915 03e8 07       		.uleb128 0x7
 916 03e9 62000000 		.4byte	.LVL27
 917 03ed 80040000 		.4byte	0x480
 918 03f1 08       		.uleb128 0x8
 919 03f2 01       		.uleb128 0x1
 920 03f3 50       		.byte	0x50
 921 03f4 02       		.uleb128 0x2
 922 03f5 75       		.byte	0x75
 923 03f6 00       		.sleb128 0
 924 03f7 00       		.byte	0
 925 03f8 00       		.byte	0
 926 03f9 0C       		.uleb128 0xc
 927 03fa 81000000 		.4byte	0x81
 928 03fe 10040000 		.4byte	0x410
 929 0402 12       		.uleb128 0x12
 930 0403 BF000000 		.4byte	0xbf
 931 0407 07       		.uleb128 0x7
 932 0408 74       		.byte	0x74
 933 0409 00       		.sleb128 0
 934 040a 08       		.byte	0x8
 935 040b FF       		.byte	0xff
 936 040c 1A       		.byte	0x1a
 937 040d 23       		.byte	0x23
 938 040e 02       		.uleb128 0x2
 939 040f 00       		.byte	0
 940 0410 09       		.uleb128 0x9
 941 0411 42020000 		.4byte	.LASF37
 942 0415 01       		.byte	0x1
 943 0416 7D       		.byte	0x7d
 944 0417 00000000 		.4byte	.LFB8
 945 041b 0E000000 		.4byte	.LFE8-.LFB8
 946 041f 01       		.uleb128 0x1
 947 0420 9C       		.byte	0x9c
 948 0421 2F040000 		.4byte	0x42f
 949 0425 0E       		.uleb128 0xe
 950 0426 06000000 		.4byte	.LVL29
 951 042a C6000000 		.4byte	0xc6
ARM GAS  C:\Users\aless\AppData\Local\Temp\ccANrjpJ.s 			page 20


 952 042e 00       		.byte	0
 953 042f 13       		.uleb128 0x13
 954 0430 8A000000 		.4byte	.LASF47
 955 0434 01       		.byte	0x1
 956 0435 0F       		.byte	0xf
 957 0436 81000000 		.4byte	0x81
 958 043a 05       		.uleb128 0x5
 959 043b 03       		.byte	0x3
 960 043c 00000000 		.4byte	eeprom_Status
 961 0440 14       		.uleb128 0x14
 962 0441 C9010000 		.4byte	.LASF38
 963 0445 C9010000 		.4byte	.LASF38
 964 0449 05       		.byte	0x5
 965 044a 41       		.byte	0x41
 966 044b 14       		.uleb128 0x14
 967 044c 7B010000 		.4byte	.LASF39
 968 0450 7B010000 		.4byte	.LASF39
 969 0454 05       		.byte	0x5
 970 0455 2F       		.byte	0x2f
 971 0456 14       		.uleb128 0x14
 972 0457 0B030000 		.4byte	.LASF40
 973 045b 0B030000 		.4byte	.LASF40
 974 045f 05       		.byte	0x5
 975 0460 61       		.byte	0x61
 976 0461 14       		.uleb128 0x14
 977 0462 24020000 		.4byte	.LASF41
 978 0466 24020000 		.4byte	.LASF41
 979 046a 06       		.byte	0x6
 980 046b 7D       		.byte	0x7d
 981 046c 14       		.uleb128 0x14
 982 046d 75020000 		.4byte	.LASF42
 983 0471 75020000 		.4byte	.LASF42
 984 0475 06       		.byte	0x6
 985 0476 77       		.byte	0x77
 986 0477 15       		.uleb128 0x15
 987 0478 2F030000 		.4byte	.LASF48
 988 047c 2F030000 		.4byte	.LASF48
 989 0480 14       		.uleb128 0x14
 990 0481 06020000 		.4byte	.LASF43
 991 0485 06020000 		.4byte	.LASF43
 992 0489 06       		.byte	0x6
 993 048a 7E       		.byte	0x7e
 994 048b 00       		.byte	0
 995              		.section	.debug_abbrev,"",%progbits
 996              	.Ldebug_abbrev0:
 997 0000 01       		.uleb128 0x1
 998 0001 11       		.uleb128 0x11
 999 0002 01       		.byte	0x1
 1000 0003 25       		.uleb128 0x25
 1001 0004 0E       		.uleb128 0xe
 1002 0005 13       		.uleb128 0x13
 1003 0006 0B       		.uleb128 0xb
 1004 0007 03       		.uleb128 0x3
 1005 0008 0E       		.uleb128 0xe
 1006 0009 1B       		.uleb128 0x1b
 1007 000a 0E       		.uleb128 0xe
 1008 000b 55       		.uleb128 0x55
ARM GAS  C:\Users\aless\AppData\Local\Temp\ccANrjpJ.s 			page 21


 1009 000c 17       		.uleb128 0x17
 1010 000d 11       		.uleb128 0x11
 1011 000e 01       		.uleb128 0x1
 1012 000f 10       		.uleb128 0x10
 1013 0010 17       		.uleb128 0x17
 1014 0011 00       		.byte	0
 1015 0012 00       		.byte	0
 1016 0013 02       		.uleb128 0x2
 1017 0014 24       		.uleb128 0x24
 1018 0015 00       		.byte	0
 1019 0016 0B       		.uleb128 0xb
 1020 0017 0B       		.uleb128 0xb
 1021 0018 3E       		.uleb128 0x3e
 1022 0019 0B       		.uleb128 0xb
 1023 001a 03       		.uleb128 0x3
 1024 001b 0E       		.uleb128 0xe
 1025 001c 00       		.byte	0
 1026 001d 00       		.byte	0
 1027 001e 03       		.uleb128 0x3
 1028 001f 16       		.uleb128 0x16
 1029 0020 00       		.byte	0
 1030 0021 03       		.uleb128 0x3
 1031 0022 0E       		.uleb128 0xe
 1032 0023 3A       		.uleb128 0x3a
 1033 0024 0B       		.uleb128 0xb
 1034 0025 3B       		.uleb128 0x3b
 1035 0026 0B       		.uleb128 0xb
 1036 0027 49       		.uleb128 0x49
 1037 0028 13       		.uleb128 0x13
 1038 0029 00       		.byte	0
 1039 002a 00       		.byte	0
 1040 002b 04       		.uleb128 0x4
 1041 002c 24       		.uleb128 0x24
 1042 002d 00       		.byte	0
 1043 002e 0B       		.uleb128 0xb
 1044 002f 0B       		.uleb128 0xb
 1045 0030 3E       		.uleb128 0x3e
 1046 0031 0B       		.uleb128 0xb
 1047 0032 03       		.uleb128 0x3
 1048 0033 08       		.uleb128 0x8
 1049 0034 00       		.byte	0
 1050 0035 00       		.byte	0
 1051 0036 05       		.uleb128 0x5
 1052 0037 16       		.uleb128 0x16
 1053 0038 00       		.byte	0
 1054 0039 03       		.uleb128 0x3
 1055 003a 0E       		.uleb128 0xe
 1056 003b 3A       		.uleb128 0x3a
 1057 003c 0B       		.uleb128 0xb
 1058 003d 3B       		.uleb128 0x3b
 1059 003e 05       		.uleb128 0x5
 1060 003f 49       		.uleb128 0x49
 1061 0040 13       		.uleb128 0x13
 1062 0041 00       		.byte	0
 1063 0042 00       		.byte	0
 1064 0043 06       		.uleb128 0x6
 1065 0044 2E       		.uleb128 0x2e
ARM GAS  C:\Users\aless\AppData\Local\Temp\ccANrjpJ.s 			page 22


 1066 0045 01       		.byte	0x1
 1067 0046 3F       		.uleb128 0x3f
 1068 0047 19       		.uleb128 0x19
 1069 0048 03       		.uleb128 0x3
 1070 0049 0E       		.uleb128 0xe
 1071 004a 3A       		.uleb128 0x3a
 1072 004b 0B       		.uleb128 0xb
 1073 004c 3B       		.uleb128 0x3b
 1074 004d 0B       		.uleb128 0xb
 1075 004e 27       		.uleb128 0x27
 1076 004f 19       		.uleb128 0x19
 1077 0050 49       		.uleb128 0x49
 1078 0051 13       		.uleb128 0x13
 1079 0052 11       		.uleb128 0x11
 1080 0053 01       		.uleb128 0x1
 1081 0054 12       		.uleb128 0x12
 1082 0055 06       		.uleb128 0x6
 1083 0056 40       		.uleb128 0x40
 1084 0057 18       		.uleb128 0x18
 1085 0058 9742     		.uleb128 0x2117
 1086 005a 19       		.uleb128 0x19
 1087 005b 01       		.uleb128 0x1
 1088 005c 13       		.uleb128 0x13
 1089 005d 00       		.byte	0
 1090 005e 00       		.byte	0
 1091 005f 07       		.uleb128 0x7
 1092 0060 898201   		.uleb128 0x4109
 1093 0063 01       		.byte	0x1
 1094 0064 11       		.uleb128 0x11
 1095 0065 01       		.uleb128 0x1
 1096 0066 31       		.uleb128 0x31
 1097 0067 13       		.uleb128 0x13
 1098 0068 00       		.byte	0
 1099 0069 00       		.byte	0
 1100 006a 08       		.uleb128 0x8
 1101 006b 8A8201   		.uleb128 0x410a
 1102 006e 00       		.byte	0
 1103 006f 02       		.uleb128 0x2
 1104 0070 18       		.uleb128 0x18
 1105 0071 9142     		.uleb128 0x2111
 1106 0073 18       		.uleb128 0x18
 1107 0074 00       		.byte	0
 1108 0075 00       		.byte	0
 1109 0076 09       		.uleb128 0x9
 1110 0077 2E       		.uleb128 0x2e
 1111 0078 01       		.byte	0x1
 1112 0079 3F       		.uleb128 0x3f
 1113 007a 19       		.uleb128 0x19
 1114 007b 03       		.uleb128 0x3
 1115 007c 0E       		.uleb128 0xe
 1116 007d 3A       		.uleb128 0x3a
 1117 007e 0B       		.uleb128 0xb
 1118 007f 3B       		.uleb128 0x3b
 1119 0080 0B       		.uleb128 0xb
 1120 0081 27       		.uleb128 0x27
 1121 0082 19       		.uleb128 0x19
 1122 0083 11       		.uleb128 0x11
ARM GAS  C:\Users\aless\AppData\Local\Temp\ccANrjpJ.s 			page 23


 1123 0084 01       		.uleb128 0x1
 1124 0085 12       		.uleb128 0x12
 1125 0086 06       		.uleb128 0x6
 1126 0087 40       		.uleb128 0x40
 1127 0088 18       		.uleb128 0x18
 1128 0089 9742     		.uleb128 0x2117
 1129 008b 19       		.uleb128 0x19
 1130 008c 01       		.uleb128 0x1
 1131 008d 13       		.uleb128 0x13
 1132 008e 00       		.byte	0
 1133 008f 00       		.byte	0
 1134 0090 0A       		.uleb128 0xa
 1135 0091 05       		.uleb128 0x5
 1136 0092 00       		.byte	0
 1137 0093 03       		.uleb128 0x3
 1138 0094 0E       		.uleb128 0xe
 1139 0095 3A       		.uleb128 0x3a
 1140 0096 0B       		.uleb128 0xb
 1141 0097 3B       		.uleb128 0x3b
 1142 0098 0B       		.uleb128 0xb
 1143 0099 49       		.uleb128 0x49
 1144 009a 13       		.uleb128 0x13
 1145 009b 02       		.uleb128 0x2
 1146 009c 17       		.uleb128 0x17
 1147 009d 00       		.byte	0
 1148 009e 00       		.byte	0
 1149 009f 0B       		.uleb128 0xb
 1150 00a0 34       		.uleb128 0x34
 1151 00a1 00       		.byte	0
 1152 00a2 03       		.uleb128 0x3
 1153 00a3 0E       		.uleb128 0xe
 1154 00a4 3A       		.uleb128 0x3a
 1155 00a5 0B       		.uleb128 0xb
 1156 00a6 3B       		.uleb128 0x3b
 1157 00a7 0B       		.uleb128 0xb
 1158 00a8 49       		.uleb128 0x49
 1159 00a9 13       		.uleb128 0x13
 1160 00aa 02       		.uleb128 0x2
 1161 00ab 18       		.uleb128 0x18
 1162 00ac 00       		.byte	0
 1163 00ad 00       		.byte	0
 1164 00ae 0C       		.uleb128 0xc
 1165 00af 01       		.uleb128 0x1
 1166 00b0 01       		.byte	0x1
 1167 00b1 49       		.uleb128 0x49
 1168 00b2 13       		.uleb128 0x13
 1169 00b3 01       		.uleb128 0x1
 1170 00b4 13       		.uleb128 0x13
 1171 00b5 00       		.byte	0
 1172 00b6 00       		.byte	0
 1173 00b7 0D       		.uleb128 0xd
 1174 00b8 21       		.uleb128 0x21
 1175 00b9 00       		.byte	0
 1176 00ba 49       		.uleb128 0x49
 1177 00bb 13       		.uleb128 0x13
 1178 00bc 2F       		.uleb128 0x2f
 1179 00bd 0B       		.uleb128 0xb
ARM GAS  C:\Users\aless\AppData\Local\Temp\ccANrjpJ.s 			page 24


 1180 00be 00       		.byte	0
 1181 00bf 00       		.byte	0
 1182 00c0 0E       		.uleb128 0xe
 1183 00c1 898201   		.uleb128 0x4109
 1184 00c4 00       		.byte	0
 1185 00c5 11       		.uleb128 0x11
 1186 00c6 01       		.uleb128 0x1
 1187 00c7 31       		.uleb128 0x31
 1188 00c8 13       		.uleb128 0x13
 1189 00c9 00       		.byte	0
 1190 00ca 00       		.byte	0
 1191 00cb 0F       		.uleb128 0xf
 1192 00cc 0F       		.uleb128 0xf
 1193 00cd 00       		.byte	0
 1194 00ce 0B       		.uleb128 0xb
 1195 00cf 0B       		.uleb128 0xb
 1196 00d0 49       		.uleb128 0x49
 1197 00d1 13       		.uleb128 0x13
 1198 00d2 00       		.byte	0
 1199 00d3 00       		.byte	0
 1200 00d4 10       		.uleb128 0x10
 1201 00d5 898201   		.uleb128 0x4109
 1202 00d8 01       		.byte	0x1
 1203 00d9 11       		.uleb128 0x11
 1204 00da 01       		.uleb128 0x1
 1205 00db 31       		.uleb128 0x31
 1206 00dc 13       		.uleb128 0x13
 1207 00dd 01       		.uleb128 0x1
 1208 00de 13       		.uleb128 0x13
 1209 00df 00       		.byte	0
 1210 00e0 00       		.byte	0
 1211 00e1 11       		.uleb128 0x11
 1212 00e2 34       		.uleb128 0x34
 1213 00e3 00       		.byte	0
 1214 00e4 03       		.uleb128 0x3
 1215 00e5 0E       		.uleb128 0xe
 1216 00e6 3A       		.uleb128 0x3a
 1217 00e7 0B       		.uleb128 0xb
 1218 00e8 3B       		.uleb128 0x3b
 1219 00e9 0B       		.uleb128 0xb
 1220 00ea 49       		.uleb128 0x49
 1221 00eb 13       		.uleb128 0x13
 1222 00ec 02       		.uleb128 0x2
 1223 00ed 17       		.uleb128 0x17
 1224 00ee 00       		.byte	0
 1225 00ef 00       		.byte	0
 1226 00f0 12       		.uleb128 0x12
 1227 00f1 21       		.uleb128 0x21
 1228 00f2 00       		.byte	0
 1229 00f3 49       		.uleb128 0x49
 1230 00f4 13       		.uleb128 0x13
 1231 00f5 2F       		.uleb128 0x2f
 1232 00f6 18       		.uleb128 0x18
 1233 00f7 00       		.byte	0
 1234 00f8 00       		.byte	0
 1235 00f9 13       		.uleb128 0x13
 1236 00fa 34       		.uleb128 0x34
ARM GAS  C:\Users\aless\AppData\Local\Temp\ccANrjpJ.s 			page 25


 1237 00fb 00       		.byte	0
 1238 00fc 03       		.uleb128 0x3
 1239 00fd 0E       		.uleb128 0xe
 1240 00fe 3A       		.uleb128 0x3a
 1241 00ff 0B       		.uleb128 0xb
 1242 0100 3B       		.uleb128 0x3b
 1243 0101 0B       		.uleb128 0xb
 1244 0102 49       		.uleb128 0x49
 1245 0103 13       		.uleb128 0x13
 1246 0104 3F       		.uleb128 0x3f
 1247 0105 19       		.uleb128 0x19
 1248 0106 02       		.uleb128 0x2
 1249 0107 18       		.uleb128 0x18
 1250 0108 00       		.byte	0
 1251 0109 00       		.byte	0
 1252 010a 14       		.uleb128 0x14
 1253 010b 2E       		.uleb128 0x2e
 1254 010c 00       		.byte	0
 1255 010d 3F       		.uleb128 0x3f
 1256 010e 19       		.uleb128 0x19
 1257 010f 3C       		.uleb128 0x3c
 1258 0110 19       		.uleb128 0x19
 1259 0111 6E       		.uleb128 0x6e
 1260 0112 0E       		.uleb128 0xe
 1261 0113 03       		.uleb128 0x3
 1262 0114 0E       		.uleb128 0xe
 1263 0115 3A       		.uleb128 0x3a
 1264 0116 0B       		.uleb128 0xb
 1265 0117 3B       		.uleb128 0x3b
 1266 0118 0B       		.uleb128 0xb
 1267 0119 00       		.byte	0
 1268 011a 00       		.byte	0
 1269 011b 15       		.uleb128 0x15
 1270 011c 2E       		.uleb128 0x2e
 1271 011d 00       		.byte	0
 1272 011e 3F       		.uleb128 0x3f
 1273 011f 19       		.uleb128 0x19
 1274 0120 3C       		.uleb128 0x3c
 1275 0121 19       		.uleb128 0x19
 1276 0122 6E       		.uleb128 0x6e
 1277 0123 0E       		.uleb128 0xe
 1278 0124 03       		.uleb128 0x3
 1279 0125 0E       		.uleb128 0xe
 1280 0126 00       		.byte	0
 1281 0127 00       		.byte	0
 1282 0128 00       		.byte	0
 1283              		.section	.debug_loc,"",%progbits
 1284              	.Ldebug_loc0:
 1285              	.LLST0:
 1286 0000 00000000 		.4byte	.LVL3
 1287 0004 20000000 		.4byte	.LVL4
 1288 0008 0100     		.2byte	0x1
 1289 000a 50       		.byte	0x50
 1290 000b 20000000 		.4byte	.LVL4
 1291 000f 2E000000 		.4byte	.LFE4
 1292 0013 0400     		.2byte	0x4
 1293 0015 F3       		.byte	0xf3
ARM GAS  C:\Users\aless\AppData\Local\Temp\ccANrjpJ.s 			page 26


 1294 0016 01       		.uleb128 0x1
 1295 0017 50       		.byte	0x50
 1296 0018 9F       		.byte	0x9f
 1297 0019 00000000 		.4byte	0
 1298 001d 00000000 		.4byte	0
 1299              	.LLST1:
 1300 0021 00000000 		.4byte	.LVL6
 1301 0025 0B000000 		.4byte	.LVL7-1
 1302 0029 0100     		.2byte	0x1
 1303 002b 50       		.byte	0x50
 1304 002c 0B000000 		.4byte	.LVL7-1
 1305 0030 36000000 		.4byte	.LFE5
 1306 0034 0400     		.2byte	0x4
 1307 0036 F3       		.byte	0xf3
 1308 0037 01       		.uleb128 0x1
 1309 0038 50       		.byte	0x50
 1310 0039 9F       		.byte	0x9f
 1311 003a 00000000 		.4byte	0
 1312 003e 00000000 		.4byte	0
 1313              	.LLST2:
 1314 0042 00000000 		.4byte	.LVL6
 1315 0046 0B000000 		.4byte	.LVL7-1
 1316 004a 0100     		.2byte	0x1
 1317 004c 51       		.byte	0x51
 1318 004d 0B000000 		.4byte	.LVL7-1
 1319 0051 36000000 		.4byte	.LFE5
 1320 0055 0400     		.2byte	0x4
 1321 0057 F3       		.byte	0xf3
 1322 0058 01       		.uleb128 0x1
 1323 0059 51       		.byte	0x51
 1324 005a 9F       		.byte	0x9f
 1325 005b 00000000 		.4byte	0
 1326 005f 00000000 		.4byte	0
 1327              	.LLST3:
 1328 0063 00000000 		.4byte	.LVL9
 1329 0067 1C000000 		.4byte	.LVL12
 1330 006b 0100     		.2byte	0x1
 1331 006d 50       		.byte	0x50
 1332 006e 1C000000 		.4byte	.LVL12
 1333 0072 24000000 		.4byte	.LFE6
 1334 0076 0400     		.2byte	0x4
 1335 0078 F3       		.byte	0xf3
 1336 0079 01       		.uleb128 0x1
 1337 007a 50       		.byte	0x50
 1338 007b 9F       		.byte	0x9f
 1339 007c 00000000 		.4byte	0
 1340 0080 00000000 		.4byte	0
 1341              	.LLST4:
 1342 0084 00000000 		.4byte	.LVL9
 1343 0088 1A000000 		.4byte	.LVL11
 1344 008c 0100     		.2byte	0x1
 1345 008e 51       		.byte	0x51
 1346 008f 1A000000 		.4byte	.LVL11
 1347 0093 1F000000 		.4byte	.LVL13-1
 1348 0097 0100     		.2byte	0x1
 1349 0099 52       		.byte	0x52
 1350 009a 1F000000 		.4byte	.LVL13-1
ARM GAS  C:\Users\aless\AppData\Local\Temp\ccANrjpJ.s 			page 27


 1351 009e 24000000 		.4byte	.LFE6
 1352 00a2 0400     		.2byte	0x4
 1353 00a4 F3       		.byte	0xf3
 1354 00a5 01       		.uleb128 0x1
 1355 00a6 51       		.byte	0x51
 1356 00a7 9F       		.byte	0x9f
 1357 00a8 00000000 		.4byte	0
 1358 00ac 00000000 		.4byte	0
 1359              	.LLST5:
 1360 00b0 00000000 		.4byte	.LVL9
 1361 00b4 18000000 		.4byte	.LVL10
 1362 00b8 0100     		.2byte	0x1
 1363 00ba 52       		.byte	0x52
 1364 00bb 18000000 		.4byte	.LVL10
 1365 00bf 24000000 		.4byte	.LFE6
 1366 00c3 0400     		.2byte	0x4
 1367 00c5 F3       		.byte	0xf3
 1368 00c6 01       		.uleb128 0x1
 1369 00c7 52       		.byte	0x52
 1370 00c8 9F       		.byte	0x9f
 1371 00c9 00000000 		.4byte	0
 1372 00cd 00000000 		.4byte	0
 1373              	.LLST6:
 1374 00d1 00000000 		.4byte	.LVL14
 1375 00d5 08000000 		.4byte	.LVL15
 1376 00d9 0100     		.2byte	0x1
 1377 00db 50       		.byte	0x50
 1378 00dc 08000000 		.4byte	.LVL15
 1379 00e0 1A000000 		.4byte	.LFE0
 1380 00e4 0100     		.2byte	0x1
 1381 00e6 55       		.byte	0x55
 1382 00e7 00000000 		.4byte	0
 1383 00eb 00000000 		.4byte	0
 1384              	.LLST7:
 1385 00ef 00000000 		.4byte	.LVL14
 1386 00f3 0B000000 		.4byte	.LVL16-1
 1387 00f7 0100     		.2byte	0x1
 1388 00f9 51       		.byte	0x51
 1389 00fa 0B000000 		.4byte	.LVL16-1
 1390 00fe 1A000000 		.4byte	.LFE0
 1391 0102 0100     		.2byte	0x1
 1392 0104 54       		.byte	0x54
 1393 0105 00000000 		.4byte	0
 1394 0109 00000000 		.4byte	0
 1395              	.LLST8:
 1396 010d 00000000 		.4byte	.LVL18
 1397 0111 11000000 		.4byte	.LVL19-1
 1398 0115 0100     		.2byte	0x1
 1399 0117 50       		.byte	0x50
 1400 0118 11000000 		.4byte	.LVL19-1
 1401 011c 6A000000 		.4byte	.LFE7
 1402 0120 0400     		.2byte	0x4
 1403 0122 F3       		.byte	0xf3
 1404 0123 01       		.uleb128 0x1
 1405 0124 50       		.byte	0x50
 1406 0125 9F       		.byte	0x9f
 1407 0126 00000000 		.4byte	0
ARM GAS  C:\Users\aless\AppData\Local\Temp\ccANrjpJ.s 			page 28


 1408 012a 00000000 		.4byte	0
 1409              	.LLST9:
 1410 012e 00000000 		.4byte	.LVL18
 1411 0132 11000000 		.4byte	.LVL19-1
 1412 0136 0100     		.2byte	0x1
 1413 0138 51       		.byte	0x51
 1414 0139 11000000 		.4byte	.LVL19-1
 1415 013d 6A000000 		.4byte	.LFE7
 1416 0141 0100     		.2byte	0x1
 1417 0143 59       		.byte	0x59
 1418 0144 00000000 		.4byte	0
 1419 0148 00000000 		.4byte	0
 1420              	.LLST10:
 1421 014c 00000000 		.4byte	.LVL18
 1422 0150 11000000 		.4byte	.LVL19-1
 1423 0154 0100     		.2byte	0x1
 1424 0156 52       		.byte	0x52
 1425 0157 11000000 		.4byte	.LVL19-1
 1426 015b 6A000000 		.4byte	.LFE7
 1427 015f 0400     		.2byte	0x4
 1428 0161 F3       		.byte	0xf3
 1429 0162 01       		.uleb128 0x1
 1430 0163 52       		.byte	0x52
 1431 0164 9F       		.byte	0x9f
 1432 0165 00000000 		.4byte	0
 1433 0169 00000000 		.4byte	0
 1434              	.LLST11:
 1435 016d 2C000000 		.4byte	.LVL24
 1436 0171 66000000 		.4byte	.LVL28
 1437 0175 0200     		.2byte	0x2
 1438 0177 7D       		.byte	0x7d
 1439 0178 00       		.sleb128 0
 1440 0179 66000000 		.4byte	.LVL28
 1441 017d 6A000000 		.4byte	.LFE7
 1442 0181 0B00     		.2byte	0xb
 1443 0183 91       		.byte	0x91
 1444 0184 00       		.sleb128 0
 1445 0185 74       		.byte	0x74
 1446 0186 0A       		.sleb128 10
 1447 0187 09       		.byte	0x9
 1448 0188 F8       		.byte	0xf8
 1449 0189 1A       		.byte	0x1a
 1450 018a 1C       		.byte	0x1c
 1451 018b 08       		.byte	0x8
 1452 018c 28       		.byte	0x28
 1453 018d 1C       		.byte	0x1c
 1454 018e 00000000 		.4byte	0
 1455 0192 00000000 		.4byte	0
 1456              		.section	.debug_aranges,"",%progbits
 1457 0000 5C000000 		.4byte	0x5c
 1458 0004 0200     		.2byte	0x2
 1459 0006 00000000 		.4byte	.Ldebug_info0
 1460 000a 04       		.byte	0x4
 1461 000b 00       		.byte	0
 1462 000c 0000     		.2byte	0
 1463 000e 0000     		.2byte	0
 1464 0010 00000000 		.4byte	.LFB1
ARM GAS  C:\Users\aless\AppData\Local\Temp\ccANrjpJ.s 			page 29


 1465 0014 0A000000 		.4byte	.LFE1-.LFB1
 1466 0018 00000000 		.4byte	.LFB2
 1467 001c 0A000000 		.4byte	.LFE2-.LFB2
 1468 0020 00000000 		.4byte	.LFB3
 1469 0024 0A000000 		.4byte	.LFE3-.LFB3
 1470 0028 00000000 		.4byte	.LFB4
 1471 002c 2E000000 		.4byte	.LFE4-.LFB4
 1472 0030 00000000 		.4byte	.LFB5
 1473 0034 36000000 		.4byte	.LFE5-.LFB5
 1474 0038 00000000 		.4byte	.LFB6
 1475 003c 24000000 		.4byte	.LFE6-.LFB6
 1476 0040 00000000 		.4byte	.LFB0
 1477 0044 1A000000 		.4byte	.LFE0-.LFB0
 1478 0048 00000000 		.4byte	.LFB7
 1479 004c 6A000000 		.4byte	.LFE7-.LFB7
 1480 0050 00000000 		.4byte	.LFB8
 1481 0054 0E000000 		.4byte	.LFE8-.LFB8
 1482 0058 00000000 		.4byte	0
 1483 005c 00000000 		.4byte	0
 1484              		.section	.debug_ranges,"",%progbits
 1485              	.Ldebug_ranges0:
 1486 0000 00000000 		.4byte	.LFB1
 1487 0004 0A000000 		.4byte	.LFE1
 1488 0008 00000000 		.4byte	.LFB2
 1489 000c 0A000000 		.4byte	.LFE2
 1490 0010 00000000 		.4byte	.LFB3
 1491 0014 0A000000 		.4byte	.LFE3
 1492 0018 00000000 		.4byte	.LFB4
 1493 001c 2E000000 		.4byte	.LFE4
 1494 0020 00000000 		.4byte	.LFB5
 1495 0024 36000000 		.4byte	.LFE5
 1496 0028 00000000 		.4byte	.LFB6
 1497 002c 24000000 		.4byte	.LFE6
 1498 0030 00000000 		.4byte	.LFB0
 1499 0034 1A000000 		.4byte	.LFE0
 1500 0038 00000000 		.4byte	.LFB7
 1501 003c 6A000000 		.4byte	.LFE7
 1502 0040 00000000 		.4byte	.LFB8
 1503 0044 0E000000 		.4byte	.LFE8
 1504 0048 00000000 		.4byte	0
 1505 004c 00000000 		.4byte	0
 1506              		.section	.debug_line,"",%progbits
 1507              	.Ldebug_line0:
 1508 0000 13020000 		.section	.debug_str,"MS",%progbits,1
 1508      02005F01 
 1508      00000201 
 1508      FB0E0D00 
 1508      01010101 
 1509              	.LASF25:
 1510 0000 45455052 		.ascii	"EEPROM_writeByte\000"
 1510      4F4D5F77 
 1510      72697465 
 1510      42797465 
 1510      00
 1511              	.LASF32:
 1512 0011 636F6E66 		.ascii	"config_reg\000"
 1512      69675F72 
ARM GAS  C:\Users\aless\AppData\Local\Temp\ccANrjpJ.s 			page 30


 1512      656700
 1513              	.LASF3:
 1514 001c 5F5F7569 		.ascii	"__uint8_t\000"
 1514      6E74385F 
 1514      7400
 1515              	.LASF22:
 1516 0026 45455052 		.ascii	"EEPROM_readByte\000"
 1516      4F4D5F72 
 1516      65616442 
 1516      79746500 
 1517              	.LASF14:
 1518 0036 666C6F61 		.ascii	"float\000"
 1518      7400
 1519              	.LASF33:
 1520 003c 696E6465 		.ascii	"index_eeprom\000"
 1520      785F6565 
 1520      70726F6D 
 1520      00
 1521              	.LASF45:
 1522 0049 32354C43 		.ascii	"25LC256.c\000"
 1522      3235362E 
 1522      6300
 1523              	.LASF5:
 1524 0053 73686F72 		.ascii	"short unsigned int\000"
 1524      7420756E 
 1524      7369676E 
 1524      65642069 
 1524      6E7400
 1525              	.LASF29:
 1526 0066 45455052 		.ascii	"EEPROM_readPage\000"
 1526      4F4D5F72 
 1526      65616450 
 1526      61676500 
 1527              	.LASF20:
 1528 0076 45455052 		.ascii	"EEPROM_writeDisable\000"
 1528      4F4D5F77 
 1528      72697465 
 1528      44697361 
 1528      626C6500 
 1529              	.LASF47:
 1530 008a 65657072 		.ascii	"eeprom_Status\000"
 1530      6F6D5F53 
 1530      74617475 
 1530      7300
 1531              	.LASF35:
 1532 0098 64617461 		.ascii	"data\000"
 1532      00
 1533              	.LASF9:
 1534 009d 6C6F6E67 		.ascii	"long long unsigned int\000"
 1534      206C6F6E 
 1534      6720756E 
 1534      7369676E 
 1534      65642069 
 1535              	.LASF1:
 1536 00b4 756E7369 		.ascii	"unsigned char\000"
 1536      676E6564 
 1536      20636861 
ARM GAS  C:\Users\aless\AppData\Local\Temp\ccANrjpJ.s 			page 31


 1536      7200
 1537              	.LASF44:
 1538 00c2 474E5520 		.ascii	"GNU C11 5.4.1 20160609 (release) [ARM/embedded-5-br"
 1538      43313120 
 1538      352E342E 
 1538      31203230 
 1538      31363036 
 1539 00f5 616E6368 		.ascii	"anch revision 237715] -mcpu=cortex-m3 -mthumb -g -O"
 1539      20726576 
 1539      6973696F 
 1539      6E203233 
 1539      37373135 
 1540 0128 67202D66 		.ascii	"g -ffunction-sections -ffat-lto-objects\000"
 1540      66756E63 
 1540      74696F6E 
 1540      2D736563 
 1540      74696F6E 
 1541              	.LASF36:
 1542 0150 696E7465 		.ascii	"interruptState\000"
 1542      72727570 
 1542      74537461 
 1542      746500
 1543              	.LASF7:
 1544 015f 6C6F6E67 		.ascii	"long unsigned int\000"
 1544      20756E73 
 1544      69676E65 
 1544      6420696E 
 1544      7400
 1545              	.LASF28:
 1546 0171 74656D70 		.ascii	"temp\000"
 1546      00
 1547              	.LASF26:
 1548 0176 61646472 		.ascii	"addr\000"
 1548      00
 1549              	.LASF39:
 1550 017b 5350495F 		.ascii	"SPI_Interface_tradeByte_EEPROM\000"
 1550      496E7465 
 1550      72666163 
 1550      655F7472 
 1550      61646542 
 1551              	.LASF31:
 1552 019a 45455052 		.ascii	"EEPROM_loadSettings\000"
 1552      4F4D5F6C 
 1552      6F616453 
 1552      65747469 
 1552      6E677300 
 1553              	.LASF27:
 1554 01ae 64617461 		.ascii	"dataByte\000"
 1554      42797465 
 1554      00
 1555              	.LASF4:
 1556 01b7 5F5F7569 		.ascii	"__uint16_t\000"
 1556      6E743136 
 1556      5F7400
 1557              	.LASF15:
 1558 01c2 646F7562 		.ascii	"double\000"
 1558      6C6500
ARM GAS  C:\Users\aless\AppData\Local\Temp\ccANrjpJ.s 			page 32


 1559              	.LASF38:
 1560 01c9 5350495F 		.ascii	"SPI_Interface_ReadByte_EEPROM\000"
 1560      496E7465 
 1560      72666163 
 1560      655F5265 
 1560      61644279 
 1561              	.LASF21:
 1562 01e7 45455052 		.ascii	"EEPROM_readStatus\000"
 1562      4F4D5F72 
 1562      65616453 
 1562      74617475 
 1562      7300
 1563              	.LASF10:
 1564 01f9 756E7369 		.ascii	"unsigned int\000"
 1564      676E6564 
 1564      20696E74 
 1564      00
 1565              	.LASF43:
 1566 0206 43794578 		.ascii	"CyExitCriticalSection\000"
 1566      69744372 
 1566      69746963 
 1566      616C5365 
 1566      6374696F 
 1567              	.LASF11:
 1568 021c 75696E74 		.ascii	"uint8_t\000"
 1568      385F7400 
 1569              	.LASF41:
 1570 0224 4379456E 		.ascii	"CyEnterCriticalSection\000"
 1570      74657243 
 1570      72697469 
 1570      63616C53 
 1570      65637469 
 1571              	.LASF24:
 1572 023b 64617461 		.ascii	"dataRX\000"
 1572      525800
 1573              	.LASF37:
 1574 0242 45455052 		.ascii	"EEPROM_waitForWriteComplete\000"
 1574      4F4D5F77 
 1574      61697446 
 1574      6F725772 
 1574      69746543 
 1575              	.LASF18:
 1576 025e 73697A65 		.ascii	"sizetype\000"
 1576      74797065 
 1576      00
 1577              	.LASF8:
 1578 0267 6C6F6E67 		.ascii	"long long int\000"
 1578      206C6F6E 
 1578      6720696E 
 1578      7400
 1579              	.LASF42:
 1580 0275 43794465 		.ascii	"CyDelayUs\000"
 1580      6C617955 
 1580      7300
 1581              	.LASF46:
 1582 027f 433A5C55 		.ascii	"C:\\Users\\aless\\Documents\\PSoC_Creator\\AY1920_I"
 1582      73657273 
ARM GAS  C:\Users\aless\AppData\Local\Temp\ccANrjpJ.s 			page 33


 1582      5C616C65 
 1582      73735C44 
 1582      6F63756D 
 1583 02ad 495F3032 		.ascii	"I_02_RATTI_SINATRA_QUARANTA\\AY1920_II_FINAL_PROJEC"
 1583      5F524154 
 1583      54495F53 
 1583      494E4154 
 1583      52415F51 
 1584 02df 542E6379 		.ascii	"T.cydsn\000"
 1584      64736E00 
 1585              	.LASF12:
 1586 02e7 75696E74 		.ascii	"uint16_t\000"
 1586      31365F74 
 1586      00
 1587              	.LASF2:
 1588 02f0 73686F72 		.ascii	"short int\000"
 1588      7420696E 
 1588      7400
 1589              	.LASF34:
 1590 02fa 45455052 		.ascii	"EEPROM_writePage\000"
 1590      4F4D5F77 
 1590      72697465 
 1590      50616765 
 1590      00
 1591              	.LASF40:
 1592 030b 5350495F 		.ascii	"SPI_Interface_Multi_RW_EEPROM\000"
 1592      496E7465 
 1592      72666163 
 1592      655F4D75 
 1592      6C74695F 
 1593              	.LASF13:
 1594 0329 75696E74 		.ascii	"uint8\000"
 1594      3800
 1595              	.LASF48:
 1596 032f 6D656D63 		.ascii	"memcpy\000"
 1596      707900
 1597              	.LASF6:
 1598 0336 6C6F6E67 		.ascii	"long int\000"
 1598      20696E74 
 1598      00
 1599              	.LASF16:
 1600 033f 63686172 		.ascii	"char\000"
 1600      00
 1601              	.LASF17:
 1602 0344 6C6F6E67 		.ascii	"long double\000"
 1602      20646F75 
 1602      626C6500 
 1603              	.LASF0:
 1604 0350 7369676E 		.ascii	"signed char\000"
 1604      65642063 
 1604      68617200 
 1605              	.LASF23:
 1606 035c 64617461 		.ascii	"dataTX\000"
 1606      545800
 1607              	.LASF30:
 1608 0363 6E427974 		.ascii	"nBytes\000"
 1608      657300
ARM GAS  C:\Users\aless\AppData\Local\Temp\ccANrjpJ.s 			page 34


 1609              	.LASF19:
 1610 036a 45455052 		.ascii	"EEPROM_writeEnable\000"
 1610      4F4D5F77 
 1610      72697465 
 1610      456E6162 
 1610      6C6500
 1611              		.ident	"GCC: (GNU Tools for ARM Embedded Processors) 5.4.1 20160609 (release) [ARM/embedded-5-bran
