ARM GAS  C:\Users\Mattia40\AppData\Local\Temp\cc4PJPnE.s 			page 1


   1              		.syntax unified
   2              		.cpu cortex-m3
   3              		.fpu softvfp
   4              		.eabi_attribute 20, 1
   5              		.eabi_attribute 21, 1
   6              		.eabi_attribute 23, 3
   7              		.eabi_attribute 24, 1
   8              		.eabi_attribute 25, 1
   9              		.eabi_attribute 26, 1
  10              		.eabi_attribute 30, 1
  11              		.eabi_attribute 34, 1
  12              		.eabi_attribute 18, 4
  13              		.thumb
  14              		.syntax unified
  15              		.file	"cymetadata.c"
  16              		.text
  17              	.Ltext0:
  18              		.cfi_sections	.debug_frame
  19              		.global	cy_metadata
  20              		.global	cy_meta_flashprotect
  21              		.global	cy_meta_wonvl
  22              		.global	cy_meta_custnvl
  23              		.global	cy_meta_configecc
  24              		.section	.cyconfigecc,"a",%progbits
  25              		.align	2
  26              		.type	cy_meta_configecc, %object
  27              		.size	cy_meta_configecc, 2504
  28              	cy_meta_configecc:
  29 0000 08       		.byte	8
  30 0001 4F       		.byte	79
  31 0002 00       		.byte	0
  32 0003 40       		.byte	64
  33 0004 03       		.byte	3
  34 0005 52       		.byte	82
  35 0006 00       		.byte	0
  36 0007 40       		.byte	64
  37 0008 02       		.byte	2
  38 0009 64       		.byte	100
  39 000a 00       		.byte	0
  40 000b 40       		.byte	64
  41 000c 04       		.byte	4
  42 000d 65       		.byte	101
  43 000e 00       		.byte	0
  44 000f 40       		.byte	64
  45 0010 02       		.byte	2
  46 0011 03       		.byte	3
  47 0012 01       		.byte	1
  48 0013 40       		.byte	64
  49 0014 03       		.byte	3
  50 0015 04       		.byte	4
  51 0016 01       		.byte	1
  52 0017 40       		.byte	64
  53 0018 08       		.byte	8
  54 0019 05       		.byte	5
  55 001a 01       		.byte	1
  56 001b 40       		.byte	64
  57 001c 5E       		.byte	94
ARM GAS  C:\Users\Mattia40\AppData\Local\Temp\cc4PJPnE.s 			page 2


  58 001d 06       		.byte	6
  59 001e 01       		.byte	1
  60 001f 40       		.byte	64
  61 0020 3F       		.byte	63
  62 0021 07       		.byte	7
  63 0022 01       		.byte	1
  64 0023 40       		.byte	64
  65 0024 6E       		.byte	110
  66 0025 08       		.byte	8
  67 0026 01       		.byte	1
  68 0027 40       		.byte	64
  69 0028 3F       		.byte	63
  70 0029 09       		.byte	9
  71 002a 01       		.byte	1
  72 002b 40       		.byte	64
  73 002c 07       		.byte	7
  74 002d 0B       		.byte	11
  75 002e 01       		.byte	1
  76 002f 40       		.byte	64
  77 0030 04       		.byte	4
  78 0031 0C       		.byte	12
  79 0032 01       		.byte	1
  80 0033 40       		.byte	64
  81 0034 02       		.byte	2
  82 0035 0D       		.byte	13
  83 0036 01       		.byte	1
  84 0037 40       		.byte	64
  85 0038 5E       		.byte	94
  86 0039 14       		.byte	20
  87 003a 01       		.byte	1
  88 003b 40       		.byte	64
  89 003c 4A       		.byte	74
  90 003d 15       		.byte	21
  91 003e 01       		.byte	1
  92 003f 40       		.byte	64
  93 0040 1D       		.byte	29
  94 0041 16       		.byte	22
  95 0042 01       		.byte	1
  96 0043 40       		.byte	64
  97 0044 5A       		.byte	90
  98 0045 17       		.byte	23
  99 0046 01       		.byte	1
 100 0047 40       		.byte	64
 101 0048 4C       		.byte	76
 102 0049 18       		.byte	24
 103 004a 01       		.byte	1
 104 004b 40       		.byte	64
 105 004c 4C       		.byte	76
 106 004d 19       		.byte	25
 107 004e 01       		.byte	1
 108 004f 40       		.byte	64
 109 0050 08       		.byte	8
 110 0051 1A       		.byte	26
 111 0052 01       		.byte	1
 112 0053 40       		.byte	64
 113 0054 42       		.byte	66
 114 0055 1B       		.byte	27
ARM GAS  C:\Users\Mattia40\AppData\Local\Temp\cc4PJPnE.s 			page 3


 115 0056 01       		.byte	1
 116 0057 40       		.byte	64
 117 0058 05       		.byte	5
 118 0059 40       		.byte	64
 119 005a 01       		.byte	1
 120 005b 40       		.byte	64
 121 005c 16       		.byte	22
 122 005d 41       		.byte	65
 123 005e 01       		.byte	1
 124 005f 40       		.byte	64
 125 0060 1C       		.byte	28
 126 0061 42       		.byte	66
 127 0062 01       		.byte	1
 128 0063 40       		.byte	64
 129 0064 0C       		.byte	12
 130 0065 43       		.byte	67
 131 0066 01       		.byte	1
 132 0067 40       		.byte	64
 133 0068 04       		.byte	4
 134 0069 44       		.byte	68
 135 006a 01       		.byte	1
 136 006b 40       		.byte	64
 137 006c 07       		.byte	7
 138 006d 45       		.byte	69
 139 006e 01       		.byte	1
 140 006f 40       		.byte	64
 141 0070 05       		.byte	5
 142 0071 46       		.byte	70
 143 0072 01       		.byte	1
 144 0073 40       		.byte	64
 145 0074 04       		.byte	4
 146 0075 47       		.byte	71
 147 0076 01       		.byte	1
 148 0077 40       		.byte	64
 149 0078 0B       		.byte	11
 150 0079 48       		.byte	72
 151 007a 01       		.byte	1
 152 007b 40       		.byte	64
 153 007c 08       		.byte	8
 154 007d 49       		.byte	73
 155 007e 01       		.byte	1
 156 007f 40       		.byte	64
 157 0080 08       		.byte	8
 158 0081 4C       		.byte	76
 159 0082 01       		.byte	1
 160 0083 40       		.byte	64
 161 0084 08       		.byte	8
 162 0085 4D       		.byte	77
 163 0086 01       		.byte	1
 164 0087 40       		.byte	64
 165 0088 06       		.byte	6
 166 0089 50       		.byte	80
 167 008a 01       		.byte	1
 168 008b 40       		.byte	64
 169 008c 03       		.byte	3
 170 008d 51       		.byte	81
 171 008e 01       		.byte	1
ARM GAS  C:\Users\Mattia40\AppData\Local\Temp\cc4PJPnE.s 			page 4


 172 008f 40       		.byte	64
 173 0090 01       		.byte	1
 174 0091 40       		.byte	64
 175 0092 0A       		.byte	10
 176 0093 C6       		.byte	-58
 177 0094 0D       		.byte	13
 178 0095 40       		.byte	64
 179 0096 16       		.byte	22
 180 0097 4B       		.byte	75
 181 0098 19       		.byte	25
 182 0099 40       		.byte	64
 183 009a 22       		.byte	34
 184 009b 4B       		.byte	75
 185 009c 25       		.byte	37
 186 009d 40       		.byte	64
 187 009e 2E       		.byte	46
 188 009f 4B       		.byte	75
 189 00a0 00       		.byte	0
 190 00a1 40       		.byte	64
 191 00a2 01       		.byte	1
 192 00a3 20       		.byte	32
 193 00a4 11       		.byte	17
 194 00a5 02       		.byte	2
 195 00a6 88       		.byte	-120
 196 00a7 0F       		.byte	15
 197 00a8 89       		.byte	-119
 198 00a9 0D       		.byte	13
 199 00aa 85       		.byte	-123
 200 00ab 0F       		.byte	15
 201 00ac 86       		.byte	-122
 202 00ad 0F       		.byte	15
 203 00ae 89       		.byte	-119
 204 00af 38       		.byte	56
 205 00b0 8A       		.byte	-118
 206 00b1 72       		.byte	114
 207 00b2 87       		.byte	-121
 208 00b3 40       		.byte	64
 209 00b4 EE       		.byte	-18
 210 00b5 01       		.byte	1
 211 00b6 BF       		.byte	-65
 212 00b7 01       		.byte	1
 213 00b8 D9       		.byte	-39
 214 00b9 04       		.byte	4
 215 00ba DF       		.byte	-33
 216 00bb 01       		.byte	1
 217 00bc 27       		.byte	39
 218 00bd 80       		.byte	-128
 219 00be 83       		.byte	-125
 220 00bf 80       		.byte	-128
 221 00c0 97       		.byte	-105
 222 00c1 80       		.byte	-128
 223 00c2 A1       		.byte	-95
 224 00c3 80       		.byte	-128
 225 00c4 A9       		.byte	-87
 226 00c5 80       		.byte	-128
 227 00c6 E6       		.byte	-26
 228 00c7 10       		.byte	16
ARM GAS  C:\Users\Mattia40\AppData\Local\Temp\cc4PJPnE.s 			page 5


 229 00c8 EA       		.byte	-22
 230 00c9 0C       		.byte	12
 231 00ca EE       		.byte	-18
 232 00cb 01       		.byte	1
 233 00cc 00       		.byte	0
 234 00cd 80       		.byte	-128
 235 00ce 02       		.byte	2
 236 00cf 40       		.byte	64
 237 00d0 04       		.byte	4
 238 00d1 02       		.byte	2
 239 00d2 05       		.byte	5
 240 00d3 01       		.byte	1
 241 00d4 06       		.byte	6
 242 00d5 0D       		.byte	13
 243 00d6 08       		.byte	8
 244 00d7 9D       		.byte	-99
 245 00d8 0C       		.byte	12
 246 00d9 11       		.byte	17
 247 00da 0E       		.byte	14
 248 00db 22       		.byte	34
 249 00dc 14       		.byte	20
 250 00dd 42       		.byte	66
 251 00de 16       		.byte	22
 252 00df 94       		.byte	-108
 253 00e0 18       		.byte	24
 254 00e1 E2       		.byte	-30
 255 00e2 1A       		.byte	26
 256 00e3 18       		.byte	24
 257 00e4 1C       		.byte	28
 258 00e5 9D       		.byte	-99
 259 00e6 20       		.byte	32
 260 00e7 8D       		.byte	-115
 261 00e8 22       		.byte	34
 262 00e9 10       		.byte	16
 263 00ea 24       		.byte	36
 264 00eb 1D       		.byte	29
 265 00ec 26       		.byte	38
 266 00ed 80       		.byte	-128
 267 00ee 2B       		.byte	43
 268 00ef 01       		.byte	1
 269 00f0 2C       		.byte	44
 270 00f1 9D       		.byte	-99
 271 00f2 32       		.byte	50
 272 00f3 0F       		.byte	15
 273 00f4 34       		.byte	52
 274 00f5 F0       		.byte	-16
 275 00f6 35       		.byte	53
 276 00f7 01       		.byte	1
 277 00f8 3A       		.byte	58
 278 00f9 38       		.byte	56
 279 00fa 54       		.byte	84
 280 00fb 40       		.byte	64
 281 00fc 56       		.byte	86
 282 00fd 04       		.byte	4
 283 00fe 58       		.byte	88
 284 00ff 04       		.byte	4
 285 0100 59       		.byte	89
ARM GAS  C:\Users\Mattia40\AppData\Local\Temp\cc4PJPnE.s 			page 6


 286 0101 04       		.byte	4
 287 0102 5B       		.byte	91
 288 0103 04       		.byte	4
 289 0104 5C       		.byte	92
 290 0105 51       		.byte	81
 291 0106 5D       		.byte	93
 292 0107 10       		.byte	16
 293 0108 5F       		.byte	95
 294 0109 01       		.byte	1
 295 010a 81       		.byte	-127
 296 010b C8       		.byte	-56
 297 010c 82       		.byte	-126
 298 010d 08       		.byte	8
 299 010e 83       		.byte	-125
 300 010f 02       		.byte	2
 301 0110 84       		.byte	-124
 302 0111 71       		.byte	113
 303 0112 86       		.byte	-122
 304 0113 06       		.byte	6
 305 0114 89       		.byte	-119
 306 0115 CA       		.byte	-54
 307 0116 8D       		.byte	-115
 308 0117 03       		.byte	3
 309 0118 8F       		.byte	-113
 310 0119 34       		.byte	52
 311 011a 91       		.byte	-111
 312 011b 18       		.byte	24
 313 011c 93       		.byte	-109
 314 011d 60       		.byte	96
 315 011e 95       		.byte	-107
 316 011f 82       		.byte	-126
 317 0120 96       		.byte	-106
 318 0121 0C       		.byte	12
 319 0122 97       		.byte	-105
 320 0123 48       		.byte	72
 321 0124 98       		.byte	-104
 322 0125 71       		.byte	113
 323 0126 99       		.byte	-103
 324 0127 48       		.byte	72
 325 0128 9A       		.byte	-102
 326 0129 0E       		.byte	14
 327 012a 9B       		.byte	-101
 328 012b 82       		.byte	-126
 329 012c 9F       		.byte	-97
 330 012d 80       		.byte	-128
 331 012e A1       		.byte	-95
 332 012f 7C       		.byte	124
 333 0130 A3       		.byte	-93
 334 0131 03       		.byte	3
 335 0132 A4       		.byte	-92
 336 0133 80       		.byte	-128
 337 0134 A5       		.byte	-91
 338 0135 02       		.byte	2
 339 0136 A6       		.byte	-90
 340 0137 13       		.byte	19
 341 0138 A8       		.byte	-88
 342 0139 2C       		.byte	44
ARM GAS  C:\Users\Mattia40\AppData\Local\Temp\cc4PJPnE.s 			page 7


 343 013a A9       		.byte	-87
 344 013b CA       		.byte	-54
 345 013c AA       		.byte	-86
 346 013d 43       		.byte	67
 347 013e AD       		.byte	-83
 348 013f 11       		.byte	17
 349 0140 AF       		.byte	-81
 350 0141 68       		.byte	104
 351 0142 B0       		.byte	-80
 352 0143 30       		.byte	48
 353 0144 B1       		.byte	-79
 354 0145 70       		.byte	112
 355 0146 B2       		.byte	-78
 356 0147 C0       		.byte	-64
 357 0148 B3       		.byte	-77
 358 0149 80       		.byte	-128
 359 014a B4       		.byte	-76
 360 014b 0F       		.byte	15
 361 014c B5       		.byte	-75
 362 014d 0F       		.byte	15
 363 014e B6       		.byte	-74
 364 014f 20       		.byte	32
 365 0150 B8       		.byte	-72
 366 0151 8A       		.byte	-118
 367 0152 BA       		.byte	-70
 368 0153 20       		.byte	32
 369 0154 BB       		.byte	-69
 370 0155 22       		.byte	34
 371 0156 BE       		.byte	-66
 372 0157 01       		.byte	1
 373 0158 BF       		.byte	-65
 374 0159 04       		.byte	4
 375 015a C0       		.byte	-64
 376 015b 04       		.byte	4
 377 015c C6       		.byte	-58
 378 015d 04       		.byte	4
 379 015e C9       		.byte	-55
 380 015f FF       		.byte	-1
 381 0160 CA       		.byte	-54
 382 0161 07       		.byte	7
 383 0162 CB       		.byte	-53
 384 0163 FF       		.byte	-1
 385 0164 CC       		.byte	-52
 386 0165 40       		.byte	64
 387 0166 CD       		.byte	-51
 388 0167 20       		.byte	32
 389 0168 CE       		.byte	-50
 390 0169 F0       		.byte	-16
 391 016a CF       		.byte	-49
 392 016b 05       		.byte	5
 393 016c D0       		.byte	-48
 394 016d 08       		.byte	8
 395 016e D4       		.byte	-44
 396 016f 40       		.byte	64
 397 0170 D6       		.byte	-42
 398 0171 04       		.byte	4
 399 0172 D8       		.byte	-40
ARM GAS  C:\Users\Mattia40\AppData\Local\Temp\cc4PJPnE.s 			page 8


 400 0173 04       		.byte	4
 401 0174 D9       		.byte	-39
 402 0175 04       		.byte	4
 403 0176 DA       		.byte	-38
 404 0177 04       		.byte	4
 405 0178 DB       		.byte	-37
 406 0179 04       		.byte	4
 407 017a DC       		.byte	-36
 408 017b 23       		.byte	35
 409 017c DD       		.byte	-35
 410 017d 23       		.byte	35
 411 017e DF       		.byte	-33
 412 017f 01       		.byte	1
 413 0180 E0       		.byte	-32
 414 0181 40       		.byte	64
 415 0182 E1       		.byte	-31
 416 0183 A8       		.byte	-88
 417 0184 E2       		.byte	-30
 418 0185 40       		.byte	64
 419 0186 E3       		.byte	-29
 420 0187 20       		.byte	32
 421 0188 00       		.byte	0
 422 0189 20       		.byte	32
 423 018a 01       		.byte	1
 424 018b 08       		.byte	8
 425 018c 02       		.byte	2
 426 018d 04       		.byte	4
 427 018e 03       		.byte	3
 428 018f 80       		.byte	-128
 429 0190 04       		.byte	4
 430 0191 A0       		.byte	-96
 431 0192 05       		.byte	5
 432 0193 06       		.byte	6
 433 0194 0A       		.byte	10
 434 0195 28       		.byte	40
 435 0196 0E       		.byte	14
 436 0197 2A       		.byte	42
 437 0198 10       		.byte	16
 438 0199 20       		.byte	32
 439 019a 12       		.byte	18
 440 019b 08       		.byte	8
 441 019c 15       		.byte	21
 442 019d 02       		.byte	2
 443 019e 16       		.byte	22
 444 019f 02       		.byte	2
 445 01a0 17       		.byte	23
 446 01a1 04       		.byte	4
 447 01a2 18       		.byte	24
 448 01a3 40       		.byte	64
 449 01a4 19       		.byte	25
 450 01a5 80       		.byte	-128
 451 01a6 1A       		.byte	26
 452 01a7 20       		.byte	32
 453 01a8 1B       		.byte	27
 454 01a9 10       		.byte	16
 455 01aa 1D       		.byte	29
 456 01ab 04       		.byte	4
ARM GAS  C:\Users\Mattia40\AppData\Local\Temp\cc4PJPnE.s 			page 9


 457 01ac 1E       		.byte	30
 458 01ad 08       		.byte	8
 459 01ae 1F       		.byte	31
 460 01af 20       		.byte	32
 461 01b0 20       		.byte	32
 462 01b1 88       		.byte	-120
 463 01b2 21       		.byte	33
 464 01b3 18       		.byte	24
 465 01b4 22       		.byte	34
 466 01b5 02       		.byte	2
 467 01b6 26       		.byte	38
 468 01b7 20       		.byte	32
 469 01b8 29       		.byte	41
 470 01b9 21       		.byte	33
 471 01ba 2A       		.byte	42
 472 01bb 84       		.byte	-124
 473 01bc 2F       		.byte	47
 474 01bd 08       		.byte	8
 475 01be 30       		.byte	48
 476 01bf 08       		.byte	8
 477 01c0 31       		.byte	49
 478 01c1 10       		.byte	16
 479 01c2 32       		.byte	50
 480 01c3 82       		.byte	-126
 481 01c4 39       		.byte	57
 482 01c5 10       		.byte	16
 483 01c6 3A       		.byte	58
 484 01c7 01       		.byte	1
 485 01c8 3B       		.byte	59
 486 01c9 40       		.byte	64
 487 01ca 3E       		.byte	62
 488 01cb 08       		.byte	8
 489 01cc 40       		.byte	64
 490 01cd 40       		.byte	64
 491 01ce 48       		.byte	72
 492 01cf 20       		.byte	32
 493 01d0 4E       		.byte	78
 494 01d1 08       		.byte	8
 495 01d2 4F       		.byte	79
 496 01d3 20       		.byte	32
 497 01d4 53       		.byte	83
 498 01d5 80       		.byte	-128
 499 01d6 61       		.byte	97
 500 01d7 28       		.byte	40
 501 01d8 62       		.byte	98
 502 01d9 80       		.byte	-128
 503 01da 63       		.byte	99
 504 01db 80       		.byte	-128
 505 01dc 66       		.byte	102
 506 01dd 50       		.byte	80
 507 01de 67       		.byte	103
 508 01df A0       		.byte	-96
 509 01e0 80       		.byte	-128
 510 01e1 08       		.byte	8
 511 01e2 83       		.byte	-125
 512 01e3 40       		.byte	64
 513 01e4 86       		.byte	-122
ARM GAS  C:\Users\Mattia40\AppData\Local\Temp\cc4PJPnE.s 			page 10


 514 01e5 08       		.byte	8
 515 01e6 89       		.byte	-119
 516 01e7 10       		.byte	16
 517 01e8 8D       		.byte	-115
 518 01e9 10       		.byte	16
 519 01ea 8F       		.byte	-113
 520 01eb 08       		.byte	8
 521 01ec 97       		.byte	-105
 522 01ed 80       		.byte	-128
 523 01ee A1       		.byte	-95
 524 01ef 80       		.byte	-128
 525 01f0 C0       		.byte	-64
 526 01f1 FC       		.byte	-4
 527 01f2 C2       		.byte	-62
 528 01f3 E6       		.byte	-26
 529 01f4 C4       		.byte	-60
 530 01f5 B6       		.byte	-74
 531 01f6 CA       		.byte	-54
 532 01f7 2F       		.byte	47
 533 01f8 CC       		.byte	-52
 534 01f9 0F       		.byte	15
 535 01fa CE       		.byte	-50
 536 01fb 4D       		.byte	77
 537 01fc D0       		.byte	-48
 538 01fd 01       		.byte	1
 539 01fe D8       		.byte	-40
 540 01ff FF       		.byte	-1
 541 0200 E2       		.byte	-30
 542 0201 01       		.byte	1
 543 0202 E6       		.byte	-26
 544 0203 82       		.byte	-126
 545 0204 EC       		.byte	-20
 546 0205 10       		.byte	16
 547 0206 01       		.byte	1
 548 0207 06       		.byte	6
 549 0208 04       		.byte	4
 550 0209 05       		.byte	5
 551 020a 05       		.byte	5
 552 020b 0F       		.byte	15
 553 020c 06       		.byte	6
 554 020d 3A       		.byte	58
 555 020e 07       		.byte	7
 556 020f 10       		.byte	16
 557 0210 09       		.byte	9
 558 0211 22       		.byte	34
 559 0212 0B       		.byte	11
 560 0213 05       		.byte	5
 561 0214 0D       		.byte	13
 562 0215 02       		.byte	2
 563 0216 0F       		.byte	15
 564 0217 04       		.byte	4
 565 0218 11       		.byte	17
 566 0219 31       		.byte	49
 567 021a 13       		.byte	19
 568 021b 0A       		.byte	10
 569 021c 15       		.byte	21
 570 021d 04       		.byte	4
ARM GAS  C:\Users\Mattia40\AppData\Local\Temp\cc4PJPnE.s 			page 11


 571 021e 16       		.byte	22
 572 021f 10       		.byte	16
 573 0220 17       		.byte	23
 574 0221 02       		.byte	2
 575 0222 18       		.byte	24
 576 0223 02       		.byte	2
 577 0224 19       		.byte	25
 578 0225 02       		.byte	2
 579 0226 1A       		.byte	26
 580 0227 0D       		.byte	13
 581 0228 1B       		.byte	27
 582 0229 04       		.byte	4
 583 022a 1C       		.byte	28
 584 022b 23       		.byte	35
 585 022c 1E       		.byte	30
 586 022d 0C       		.byte	12
 587 022e 21       		.byte	33
 588 022f 06       		.byte	6
 589 0230 24       		.byte	36
 590 0231 09       		.byte	9
 591 0232 26       		.byte	38
 592 0233 36       		.byte	54
 593 0234 29       		.byte	41
 594 0235 24       		.byte	36
 595 0236 2D       		.byte	45
 596 0237 02       		.byte	2
 597 0238 31       		.byte	49
 598 0239 07       		.byte	7
 599 023a 32       		.byte	50
 600 023b 30       		.byte	48
 601 023c 34       		.byte	52
 602 023d 0F       		.byte	15
 603 023e 35       		.byte	53
 604 023f 38       		.byte	56
 605 0240 3A       		.byte	58
 606 0241 20       		.byte	32
 607 0242 3B       		.byte	59
 608 0243 20       		.byte	32
 609 0244 40       		.byte	64
 610 0245 60       		.byte	96
 611 0246 41       		.byte	65
 612 0247 04       		.byte	4
 613 0248 49       		.byte	73
 614 0249 FF       		.byte	-1
 615 024a 4A       		.byte	74
 616 024b FF       		.byte	-1
 617 024c 4B       		.byte	75
 618 024d FF       		.byte	-1
 619 024e 4D       		.byte	77
 620 024f A0       		.byte	-96
 621 0250 4F       		.byte	79
 622 0251 04       		.byte	4
 623 0252 50       		.byte	80
 624 0253 18       		.byte	24
 625 0254 56       		.byte	86
 626 0255 02       		.byte	2
 627 0256 57       		.byte	87
ARM GAS  C:\Users\Mattia40\AppData\Local\Temp\cc4PJPnE.s 			page 12


 628 0257 28       		.byte	40
 629 0258 58       		.byte	88
 630 0259 04       		.byte	4
 631 025a 59       		.byte	89
 632 025b 04       		.byte	4
 633 025c 5A       		.byte	90
 634 025d 04       		.byte	4
 635 025e 5B       		.byte	91
 636 025f 04       		.byte	4
 637 0260 5C       		.byte	92
 638 0261 22       		.byte	34
 639 0262 5D       		.byte	93
 640 0263 25       		.byte	37
 641 0264 5F       		.byte	95
 642 0265 01       		.byte	1
 643 0266 60       		.byte	96
 644 0267 40       		.byte	64
 645 0268 62       		.byte	98
 646 0269 C0       		.byte	-64
 647 026a 64       		.byte	100
 648 026b 40       		.byte	64
 649 026c 65       		.byte	101
 650 026d 40       		.byte	64
 651 026e 66       		.byte	102
 652 026f C0       		.byte	-64
 653 0270 68       		.byte	104
 654 0271 C0       		.byte	-64
 655 0272 6A       		.byte	106
 656 0273 C0       		.byte	-64
 657 0274 6C       		.byte	108
 658 0275 C0       		.byte	-64
 659 0276 6E       		.byte	110
 660 0277 C0       		.byte	-64
 661 0278 82       		.byte	-126
 662 0279 02       		.byte	2
 663 027a 87       		.byte	-121
 664 027b 10       		.byte	16
 665 027c 8A       		.byte	-118
 666 027d 06       		.byte	6
 667 027e 8B       		.byte	-117
 668 027f 10       		.byte	16
 669 0280 8D       		.byte	-115
 670 0281 0E       		.byte	14
 671 0282 91       		.byte	-111
 672 0283 05       		.byte	5
 673 0284 92       		.byte	-110
 674 0285 01       		.byte	1
 675 0286 93       		.byte	-109
 676 0287 0A       		.byte	10
 677 0288 99       		.byte	-103
 678 0289 04       		.byte	4
 679 028a 9B       		.byte	-101
 680 028b 09       		.byte	9
 681 028c A5       		.byte	-91
 682 028d 03       		.byte	3
 683 028e A7       		.byte	-89
 684 028f 04       		.byte	4
ARM GAS  C:\Users\Mattia40\AppData\Local\Temp\cc4PJPnE.s 			page 13


 685 0290 AA       		.byte	-86
 686 0291 0C       		.byte	12
 687 0292 B0       		.byte	-80
 688 0293 02       		.byte	2
 689 0294 B1       		.byte	-79
 690 0295 0F       		.byte	15
 691 0296 B2       		.byte	-78
 692 0297 08       		.byte	8
 693 0298 B4       		.byte	-76
 694 0299 01       		.byte	1
 695 029a B5       		.byte	-75
 696 029b 10       		.byte	16
 697 029c B6       		.byte	-74
 698 029d 04       		.byte	4
 699 029e B9       		.byte	-71
 700 029f 02       		.byte	2
 701 02a0 BE       		.byte	-66
 702 02a1 01       		.byte	1
 703 02a2 BF       		.byte	-65
 704 02a3 10       		.byte	16
 705 02a4 C0       		.byte	-64
 706 02a5 60       		.byte	96
 707 02a6 C1       		.byte	-63
 708 02a7 05       		.byte	5
 709 02a8 C5       		.byte	-59
 710 02a9 D0       		.byte	-48
 711 02aa C6       		.byte	-58
 712 02ab 02       		.byte	2
 713 02ac C7       		.byte	-57
 714 02ad 01       		.byte	1
 715 02ae C8       		.byte	-56
 716 02af 16       		.byte	22
 717 02b0 C9       		.byte	-55
 718 02b1 FF       		.byte	-1
 719 02b2 CA       		.byte	-54
 720 02b3 FF       		.byte	-1
 721 02b4 CB       		.byte	-53
 722 02b5 FF       		.byte	-1
 723 02b6 CD       		.byte	-51
 724 02b7 AF       		.byte	-81
 725 02b8 CE       		.byte	-50
 726 02b9 0F       		.byte	15
 727 02ba CF       		.byte	-49
 728 02bb 04       		.byte	4
 729 02bc D0       		.byte	-48
 730 02bd 18       		.byte	24
 731 02be D2       		.byte	-46
 732 02bf 80       		.byte	-128
 733 02c0 D4       		.byte	-44
 734 02c1 05       		.byte	5
 735 02c2 D8       		.byte	-40
 736 02c3 04       		.byte	4
 737 02c4 D9       		.byte	-39
 738 02c5 04       		.byte	4
 739 02c6 DA       		.byte	-38
 740 02c7 04       		.byte	4
 741 02c8 DB       		.byte	-37
ARM GAS  C:\Users\Mattia40\AppData\Local\Temp\cc4PJPnE.s 			page 14


 742 02c9 04       		.byte	4
 743 02ca DC       		.byte	-36
 744 02cb 25       		.byte	37
 745 02cc DD       		.byte	-35
 746 02cd 55       		.byte	85
 747 02ce DF       		.byte	-33
 748 02cf 01       		.byte	1
 749 02d0 E0       		.byte	-32
 750 02d1 40       		.byte	64
 751 02d2 E2       		.byte	-30
 752 02d3 C0       		.byte	-64
 753 02d4 E4       		.byte	-28
 754 02d5 40       		.byte	64
 755 02d6 E5       		.byte	-27
 756 02d7 40       		.byte	64
 757 02d8 E6       		.byte	-26
 758 02d9 C0       		.byte	-64
 759 02da E8       		.byte	-24
 760 02db C0       		.byte	-64
 761 02dc EA       		.byte	-22
 762 02dd C0       		.byte	-64
 763 02de EC       		.byte	-20
 764 02df C0       		.byte	-64
 765 02e0 EE       		.byte	-18
 766 02e1 C0       		.byte	-64
 767 02e2 01       		.byte	1
 768 02e3 20       		.byte	32
 769 02e4 02       		.byte	2
 770 02e5 40       		.byte	64
 771 02e6 06       		.byte	6
 772 02e7 10       		.byte	16
 773 02e8 0B       		.byte	11
 774 02e9 40       		.byte	64
 775 02ea 0E       		.byte	14
 776 02eb 16       		.byte	22
 777 02ec 12       		.byte	18
 778 02ed 08       		.byte	8
 779 02ee 17       		.byte	23
 780 02ef 08       		.byte	8
 781 02f0 19       		.byte	25
 782 02f1 22       		.byte	34
 783 02f2 1B       		.byte	27
 784 02f3 88       		.byte	-120
 785 02f4 1E       		.byte	30
 786 02f5 14       		.byte	20
 787 02f6 1F       		.byte	31
 788 02f7 10       		.byte	16
 789 02f8 20       		.byte	32
 790 02f9 40       		.byte	64
 791 02fa 22       		.byte	34
 792 02fb 20       		.byte	32
 793 02fc 25       		.byte	37
 794 02fd 31       		.byte	49
 795 02fe 26       		.byte	38
 796 02ff 01       		.byte	1
 797 0300 27       		.byte	39
 798 0301 08       		.byte	8
ARM GAS  C:\Users\Mattia40\AppData\Local\Temp\cc4PJPnE.s 			page 15


 799 0302 2A       		.byte	42
 800 0303 08       		.byte	8
 801 0304 2C       		.byte	44
 802 0305 05       		.byte	5
 803 0306 2D       		.byte	45
 804 0307 01       		.byte	1
 805 0308 31       		.byte	49
 806 0309 20       		.byte	32
 807 030a 32       		.byte	50
 808 030b 02       		.byte	2
 809 030c 36       		.byte	54
 810 030d 02       		.byte	2
 811 030e 37       		.byte	55
 812 030f 14       		.byte	20
 813 0310 38       		.byte	56
 814 0311 40       		.byte	64
 815 0312 39       		.byte	57
 816 0313 20       		.byte	32
 817 0314 3B       		.byte	59
 818 0315 04       		.byte	4
 819 0316 3D       		.byte	61
 820 0317 20       		.byte	32
 821 0318 3E       		.byte	62
 822 0319 4A       		.byte	74
 823 031a 46       		.byte	70
 824 031b 40       		.byte	64
 825 031c 49       		.byte	73
 826 031d 21       		.byte	33
 827 031e 4B       		.byte	75
 828 031f 80       		.byte	-128
 829 0320 4D       		.byte	77
 830 0321 20       		.byte	32
 831 0322 50       		.byte	80
 832 0323 04       		.byte	4
 833 0324 52       		.byte	82
 834 0325 48       		.byte	72
 835 0326 53       		.byte	83
 836 0327 40       		.byte	64
 837 0328 58       		.byte	88
 838 0329 88       		.byte	-120
 839 032a 59       		.byte	89
 840 032b 01       		.byte	1
 841 032c 67       		.byte	103
 842 032d 20       		.byte	32
 843 032e 6C       		.byte	108
 844 032f 01       		.byte	1
 845 0330 6D       		.byte	109
 846 0331 01       		.byte	1
 847 0332 6E       		.byte	110
 848 0333 40       		.byte	64
 849 0334 6F       		.byte	111
 850 0335 54       		.byte	84
 851 0336 73       		.byte	115
 852 0337 40       		.byte	64
 853 0338 76       		.byte	118
 854 0339 02       		.byte	2
 855 033a 83       		.byte	-125
ARM GAS  C:\Users\Mattia40\AppData\Local\Temp\cc4PJPnE.s 			page 16


 856 033b 04       		.byte	4
 857 033c 87       		.byte	-121
 858 033d 08       		.byte	8
 859 033e 8A       		.byte	-118
 860 033f 03       		.byte	3
 861 0340 8C       		.byte	-116
 862 0341 05       		.byte	5
 863 0342 96       		.byte	-106
 864 0343 10       		.byte	16
 865 0344 A7       		.byte	-89
 866 0345 80       		.byte	-128
 867 0346 C0       		.byte	-64
 868 0347 2A       		.byte	42
 869 0348 C2       		.byte	-62
 870 0349 E8       		.byte	-24
 871 034a C4       		.byte	-60
 872 034b 22       		.byte	34
 873 034c CA       		.byte	-54
 874 034d B2       		.byte	-78
 875 034e CC       		.byte	-52
 876 034f E5       		.byte	-27
 877 0350 CE       		.byte	-50
 878 0351 FE       		.byte	-2
 879 0352 D0       		.byte	-48
 880 0353 80       		.byte	-128
 881 0354 D2       		.byte	-46
 882 0355 2C       		.byte	44
 883 0356 D6       		.byte	-42
 884 0357 0B       		.byte	11
 885 0358 D8       		.byte	-40
 886 0359 40       		.byte	64
 887 035a E2       		.byte	-30
 888 035b D0       		.byte	-48
 889 035c E6       		.byte	-26
 890 035d 80       		.byte	-128
 891 035e EC       		.byte	-20
 892 035f 10       		.byte	16
 893 0360 8E       		.byte	-114
 894 0361 10       		.byte	16
 895 0362 A7       		.byte	-89
 896 0363 80       		.byte	-128
 897 0364 AB       		.byte	-85
 898 0365 88       		.byte	-120
 899 0366 AF       		.byte	-81
 900 0367 08       		.byte	8
 901 0368 E6       		.byte	-26
 902 0369 10       		.byte	16
 903 036a EC       		.byte	-20
 904 036b 04       		.byte	4
 905 036c EE       		.byte	-18
 906 036d 01       		.byte	1
 907 036e 39       		.byte	57
 908 036f 20       		.byte	32
 909 0370 3F       		.byte	63
 910 0371 10       		.byte	16
 911 0372 59       		.byte	89
 912 0373 04       		.byte	4
ARM GAS  C:\Users\Mattia40\AppData\Local\Temp\cc4PJPnE.s 			page 17


 913 0374 5F       		.byte	95
 914 0375 01       		.byte	1
 915 0376 27       		.byte	39
 916 0377 08       		.byte	8
 917 0378 EE       		.byte	-18
 918 0379 01       		.byte	1
 919 037a 01       		.byte	1
 920 037b 30       		.byte	48
 921 037c 0B       		.byte	11
 922 037d 03       		.byte	3
 923 037e 0D       		.byte	13
 924 037f 9D       		.byte	-99
 925 0380 0F       		.byte	15
 926 0381 62       		.byte	98
 927 0382 17       		.byte	23
 928 0383 04       		.byte	4
 929 0384 19       		.byte	25
 930 0385 EA       		.byte	-22
 931 0386 1B       		.byte	27
 932 0387 14       		.byte	20
 933 0388 25       		.byte	37
 934 0389 86       		.byte	-122
 935 038a 27       		.byte	39
 936 038b 49       		.byte	73
 937 038c 31       		.byte	49
 938 038d 38       		.byte	56
 939 038e 33       		.byte	51
 940 038f 07       		.byte	7
 941 0390 35       		.byte	53
 942 0391 40       		.byte	64
 943 0392 37       		.byte	55
 944 0393 80       		.byte	-128
 945 0394 39       		.byte	57
 946 0395 02       		.byte	2
 947 0396 3F       		.byte	63
 948 0397 50       		.byte	80
 949 0398 40       		.byte	64
 950 0399 21       		.byte	33
 951 039a 41       		.byte	65
 952 039b 05       		.byte	5
 953 039c 42       		.byte	66
 954 039d 30       		.byte	48
 955 039e 44       		.byte	68
 956 039f 06       		.byte	6
 957 03a0 45       		.byte	69
 958 03a1 CE       		.byte	-50
 959 03a2 46       		.byte	70
 960 03a3 FD       		.byte	-3
 961 03a4 47       		.byte	71
 962 03a5 0B       		.byte	11
 963 03a6 48       		.byte	72
 964 03a7 1F       		.byte	31
 965 03a8 49       		.byte	73
 966 03a9 FF       		.byte	-1
 967 03aa 4A       		.byte	74
 968 03ab FF       		.byte	-1
 969 03ac 4B       		.byte	75
ARM GAS  C:\Users\Mattia40\AppData\Local\Temp\cc4PJPnE.s 			page 18


 970 03ad FF       		.byte	-1
 971 03ae 4C       		.byte	76
 972 03af 22       		.byte	34
 973 03b0 4E       		.byte	78
 974 03b1 F0       		.byte	-16
 975 03b2 4F       		.byte	79
 976 03b3 0C       		.byte	12
 977 03b4 50       		.byte	80
 978 03b5 04       		.byte	4
 979 03b6 59       		.byte	89
 980 03b7 04       		.byte	4
 981 03b8 5A       		.byte	90
 982 03b9 04       		.byte	4
 983 03ba 5C       		.byte	92
 984 03bb 10       		.byte	16
 985 03bc 5D       		.byte	93
 986 03bd 01       		.byte	1
 987 03be 5F       		.byte	95
 988 03bf 01       		.byte	1
 989 03c0 62       		.byte	98
 990 03c1 C0       		.byte	-64
 991 03c2 64       		.byte	100
 992 03c3 40       		.byte	64
 993 03c4 65       		.byte	101
 994 03c5 01       		.byte	1
 995 03c6 66       		.byte	102
 996 03c7 10       		.byte	16
 997 03c8 67       		.byte	103
 998 03c9 11       		.byte	17
 999 03ca 68       		.byte	104
 1000 03cb C0       		.byte	-64
 1001 03cc 69       		.byte	105
 1002 03cd 01       		.byte	1
 1003 03ce 6B       		.byte	107
 1004 03cf 11       		.byte	17
 1005 03d0 6C       		.byte	108
 1006 03d1 40       		.byte	64
 1007 03d2 6D       		.byte	109
 1008 03d3 01       		.byte	1
 1009 03d4 6E       		.byte	110
 1010 03d5 40       		.byte	64
 1011 03d6 6F       		.byte	111
 1012 03d7 01       		.byte	1
 1013 03d8 82       		.byte	-126
 1014 03d9 10       		.byte	16
 1015 03da 84       		.byte	-124
 1016 03db 02       		.byte	2
 1017 03dc 85       		.byte	-123
 1018 03dd F2       		.byte	-14
 1019 03de 86       		.byte	-122
 1020 03df 1D       		.byte	29
 1021 03e0 88       		.byte	-120
 1022 03e1 21       		.byte	33
 1023 03e2 8A       		.byte	-118
 1024 03e3 1A       		.byte	26
 1025 03e4 8C       		.byte	-116
 1026 03e5 10       		.byte	16
ARM GAS  C:\Users\Mattia40\AppData\Local\Temp\cc4PJPnE.s 			page 19


 1027 03e6 8D       		.byte	-115
 1028 03e7 F2       		.byte	-14
 1029 03e8 90       		.byte	-112
 1030 03e9 23       		.byte	35
 1031 03ea 91       		.byte	-111
 1032 03eb 63       		.byte	99
 1033 03ec 92       		.byte	-110
 1034 03ed 0C       		.byte	12
 1035 03ee 93       		.byte	-109
 1036 03ef 0C       		.byte	12
 1037 03f0 94       		.byte	-108
 1038 03f1 03       		.byte	3
 1039 03f2 95       		.byte	-107
 1040 03f3 D0       		.byte	-48
 1041 03f4 96       		.byte	-106
 1042 03f5 34       		.byte	52
 1043 03f6 97       		.byte	-105
 1044 03f7 22       		.byte	34
 1045 03f8 98       		.byte	-104
 1046 03f9 40       		.byte	64
 1047 03fa 99       		.byte	-103
 1048 03fb 01       		.byte	1
 1049 03fc 9B       		.byte	-101
 1050 03fd 74       		.byte	116
 1051 03fe 9C       		.byte	-100
 1052 03ff 10       		.byte	16
 1053 0400 9D       		.byte	-99
 1054 0401 22       		.byte	34
 1055 0402 A1       		.byte	-95
 1056 0403 F2       		.byte	-14
 1057 0404 A4       		.byte	-92
 1058 0405 10       		.byte	16
 1059 0406 A5       		.byte	-91
 1060 0407 23       		.byte	35
 1061 0408 A7       		.byte	-89
 1062 0409 58       		.byte	88
 1063 040a A8       		.byte	-88
 1064 040b 10       		.byte	16
 1065 040c AD       		.byte	-83
 1066 040d 22       		.byte	34
 1067 040e AF       		.byte	-81
 1068 040f D0       		.byte	-48
 1069 0410 B0       		.byte	-80
 1070 0411 20       		.byte	32
 1071 0412 B1       		.byte	-79
 1072 0413 60       		.byte	96
 1073 0414 B2       		.byte	-78
 1074 0415 1F       		.byte	31
 1075 0416 B3       		.byte	-77
 1076 0417 80       		.byte	-128
 1077 0418 B4       		.byte	-76
 1078 0419 40       		.byte	64
 1079 041a B5       		.byte	-75
 1080 041b 1F       		.byte	31
 1081 041c B8       		.byte	-72
 1082 041d 02       		.byte	2
 1083 041e B9       		.byte	-71
ARM GAS  C:\Users\Mattia40\AppData\Local\Temp\cc4PJPnE.s 			page 20


 1084 041f 20       		.byte	32
 1085 0420 BA       		.byte	-70
 1086 0421 08       		.byte	8
 1087 0422 BE       		.byte	-66
 1088 0423 10       		.byte	16
 1089 0424 BF       		.byte	-65
 1090 0425 04       		.byte	4
 1091 0426 D6       		.byte	-42
 1092 0427 02       		.byte	2
 1093 0428 D7       		.byte	-41
 1094 0429 24       		.byte	36
 1095 042a D8       		.byte	-40
 1096 042b 04       		.byte	4
 1097 042c D9       		.byte	-39
 1098 042d 04       		.byte	4
 1099 042e DB       		.byte	-37
 1100 042f 04       		.byte	4
 1101 0430 DC       		.byte	-36
 1102 0431 11       		.byte	17
 1103 0432 DD       		.byte	-35
 1104 0433 10       		.byte	16
 1105 0434 DF       		.byte	-33
 1106 0435 01       		.byte	1
 1107 0436 06       		.byte	6
 1108 0437 AA       		.byte	-86
 1109 0438 0E       		.byte	14
 1110 0439 22       		.byte	34
 1111 043a 0F       		.byte	15
 1112 043b 48       		.byte	72
 1113 043c 17       		.byte	23
 1114 043d 14       		.byte	20
 1115 043e 1E       		.byte	30
 1116 043f 08       		.byte	8
 1117 0440 1F       		.byte	31
 1118 0441 05       		.byte	5
 1119 0442 21       		.byte	33
 1120 0443 01       		.byte	1
 1121 0444 22       		.byte	34
 1122 0445 20       		.byte	32
 1123 0446 23       		.byte	35
 1124 0447 11       		.byte	17
 1125 0448 24       		.byte	36
 1126 0449 90       		.byte	-112
 1127 044a 25       		.byte	37
 1128 044b 20       		.byte	32
 1129 044c 26       		.byte	38
 1130 044d 12       		.byte	18
 1131 044e 28       		.byte	40
 1132 044f 10       		.byte	16
 1133 0450 2A       		.byte	42
 1134 0451 08       		.byte	8
 1135 0452 2B       		.byte	43
 1136 0453 20       		.byte	32
 1137 0454 2E       		.byte	46
 1138 0455 80       		.byte	-128
 1139 0456 2F       		.byte	47
 1140 0457 A2       		.byte	-94
ARM GAS  C:\Users\Mattia40\AppData\Local\Temp\cc4PJPnE.s 			page 21


 1141 0458 30       		.byte	48
 1142 0459 08       		.byte	8
 1143 045a 31       		.byte	49
 1144 045b 20       		.byte	32
 1145 045c 36       		.byte	54
 1146 045d 92       		.byte	-110
 1147 045e 37       		.byte	55
 1148 045f 04       		.byte	4
 1149 0460 38       		.byte	56
 1150 0461 80       		.byte	-128
 1151 0462 39       		.byte	57
 1152 0463 02       		.byte	2
 1153 0464 3B       		.byte	59
 1154 0465 50       		.byte	80
 1155 0466 3C       		.byte	60
 1156 0467 80       		.byte	-128
 1157 0468 3E       		.byte	62
 1158 0469 04       		.byte	4
 1159 046a 40       		.byte	64
 1160 046b 12       		.byte	18
 1161 046c 41       		.byte	65
 1162 046d 20       		.byte	32
 1163 046e 49       		.byte	73
 1164 046f 26       		.byte	38
 1165 0470 4A       		.byte	74
 1166 0471 82       		.byte	-126
 1167 0472 50       		.byte	80
 1168 0473 08       		.byte	8
 1169 0474 52       		.byte	82
 1170 0475 50       		.byte	80
 1171 0476 66       		.byte	102
 1172 0477 20       		.byte	32
 1173 0478 67       		.byte	103
 1174 0479 08       		.byte	8
 1175 047a 6C       		.byte	108
 1176 047b 10       		.byte	16
 1177 047c 6E       		.byte	110
 1178 047d 46       		.byte	70
 1179 047e 6F       		.byte	111
 1180 047f 96       		.byte	-106
 1181 0480 74       		.byte	116
 1182 0481 40       		.byte	64
 1183 0482 76       		.byte	118
 1184 0483 02       		.byte	2
 1185 0484 82       		.byte	-126
 1186 0485 40       		.byte	64
 1187 0486 88       		.byte	-120
 1188 0487 12       		.byte	18
 1189 0488 8B       		.byte	-117
 1190 0489 10       		.byte	16
 1191 048a 8E       		.byte	-114
 1192 048b 20       		.byte	32
 1193 048c 8F       		.byte	-113
 1194 048d 41       		.byte	65
 1195 048e 92       		.byte	-110
 1196 048f 80       		.byte	-128
 1197 0490 94       		.byte	-108
ARM GAS  C:\Users\Mattia40\AppData\Local\Temp\cc4PJPnE.s 			page 22


 1198 0491 B0       		.byte	-80
 1199 0492 96       		.byte	-106
 1200 0493 40       		.byte	64
 1201 0494 97       		.byte	-105
 1202 0495 01       		.byte	1
 1203 0496 99       		.byte	-103
 1204 0497 20       		.byte	32
 1205 0498 9D       		.byte	-99
 1206 0499 06       		.byte	6
 1207 049a 9E       		.byte	-98
 1208 049b 52       		.byte	82
 1209 049c 9F       		.byte	-97
 1210 049d 44       		.byte	68
 1211 049e A3       		.byte	-93
 1212 049f 24       		.byte	36
 1213 04a0 A6       		.byte	-90
 1214 04a1 15       		.byte	21
 1215 04a2 AD       		.byte	-83
 1216 04a3 80       		.byte	-128
 1217 04a4 B0       		.byte	-80
 1218 04a5 80       		.byte	-128
 1219 04a6 B3       		.byte	-77
 1220 04a7 10       		.byte	16
 1221 04a8 B4       		.byte	-76
 1222 04a9 12       		.byte	18
 1223 04aa B5       		.byte	-75
 1224 04ab 12       		.byte	18
 1225 04ac B7       		.byte	-73
 1226 04ad 02       		.byte	2
 1227 04ae C0       		.byte	-64
 1228 04af F0       		.byte	-16
 1229 04b0 C2       		.byte	-62
 1230 04b1 F0       		.byte	-16
 1231 04b2 C4       		.byte	-60
 1232 04b3 60       		.byte	96
 1233 04b4 CA       		.byte	-54
 1234 04b5 D2       		.byte	-46
 1235 04b6 CC       		.byte	-52
 1236 04b7 F6       		.byte	-10
 1237 04b8 CE       		.byte	-50
 1238 04b9 5D       		.byte	93
 1239 04ba D0       		.byte	-48
 1240 04bb 0E       		.byte	14
 1241 04bc D2       		.byte	-46
 1242 04bd 0C       		.byte	12
 1243 04be D8       		.byte	-40
 1244 04bf 20       		.byte	32
 1245 04c0 E2       		.byte	-30
 1246 04c1 40       		.byte	64
 1247 04c2 E4       		.byte	-28
 1248 04c3 01       		.byte	1
 1249 04c4 E6       		.byte	-26
 1250 04c5 80       		.byte	-128
 1251 04c6 EA       		.byte	-22
 1252 04c7 08       		.byte	8
 1253 04c8 EE       		.byte	-18
 1254 04c9 01       		.byte	1
ARM GAS  C:\Users\Mattia40\AppData\Local\Temp\cc4PJPnE.s 			page 23


 1255 04ca 02       		.byte	2
 1256 04cb 01       		.byte	1
 1257 04cc 08       		.byte	8
 1258 04cd 01       		.byte	1
 1259 04ce 12       		.byte	18
 1260 04cf 01       		.byte	1
 1261 04d0 1C       		.byte	28
 1262 04d1 01       		.byte	1
 1263 04d2 24       		.byte	36
 1264 04d3 01       		.byte	1
 1265 04d4 2C       		.byte	44
 1266 04d5 01       		.byte	1
 1267 04d6 34       		.byte	52
 1268 04d7 01       		.byte	1
 1269 04d8 3E       		.byte	62
 1270 04d9 10       		.byte	16
 1271 04da 40       		.byte	64
 1272 04db 31       		.byte	49
 1273 04dc 41       		.byte	65
 1274 04dd 02       		.byte	2
 1275 04de 45       		.byte	69
 1276 04df EE       		.byte	-18
 1277 04e0 46       		.byte	70
 1278 04e1 0C       		.byte	12
 1279 04e2 47       		.byte	71
 1280 04e3 0B       		.byte	11
 1281 04e4 48       		.byte	72
 1282 04e5 17       		.byte	23
 1283 04e6 49       		.byte	73
 1284 04e7 FF       		.byte	-1
 1285 04e8 4A       		.byte	74
 1286 04e9 FF       		.byte	-1
 1287 04ea 4B       		.byte	75
 1288 04eb FF       		.byte	-1
 1289 04ec 4E       		.byte	78
 1290 04ed F0       		.byte	-16
 1291 04ee 4F       		.byte	79
 1292 04ef 44       		.byte	68
 1293 04f0 50       		.byte	80
 1294 04f1 0C       		.byte	12
 1295 04f2 54       		.byte	84
 1296 04f3 01       		.byte	1
 1297 04f4 58       		.byte	88
 1298 04f5 04       		.byte	4
 1299 04f6 5A       		.byte	90
 1300 04f7 04       		.byte	4
 1301 04f8 5B       		.byte	91
 1302 04f9 04       		.byte	4
 1303 04fa 5D       		.byte	93
 1304 04fb 33       		.byte	51
 1305 04fc 5F       		.byte	95
 1306 04fd 01       		.byte	1
 1307 04fe 66       		.byte	102
 1308 04ff C0       		.byte	-64
 1309 0500 6A       		.byte	106
 1310 0501 40       		.byte	64
 1311 0502 6B       		.byte	107
ARM GAS  C:\Users\Mattia40\AppData\Local\Temp\cc4PJPnE.s 			page 24


 1312 0503 02       		.byte	2
 1313 0504 01       		.byte	1
 1314 0505 08       		.byte	8
 1315 0506 04       		.byte	4
 1316 0507 20       		.byte	32
 1317 0508 06       		.byte	6
 1318 0509 40       		.byte	64
 1319 050a 0A       		.byte	10
 1320 050b 28       		.byte	40
 1321 050c 0D       		.byte	13
 1322 050d 01       		.byte	1
 1323 050e 0E       		.byte	14
 1324 050f 42       		.byte	66
 1325 0510 10       		.byte	16
 1326 0511 85       		.byte	-123
 1327 0512 12       		.byte	18
 1328 0513 08       		.byte	8
 1329 0514 13       		.byte	19
 1330 0515 80       		.byte	-128
 1331 0516 16       		.byte	22
 1332 0517 02       		.byte	2
 1333 0518 17       		.byte	23
 1334 0519 04       		.byte	4
 1335 051a 18       		.byte	24
 1336 051b 40       		.byte	64
 1337 051c 19       		.byte	25
 1338 051d 08       		.byte	8
 1339 051e 1F       		.byte	31
 1340 051f 10       		.byte	16
 1341 0520 22       		.byte	34
 1342 0521 44       		.byte	68
 1343 0522 23       		.byte	35
 1344 0523 20       		.byte	32
 1345 0524 28       		.byte	40
 1346 0525 25       		.byte	37
 1347 0526 29       		.byte	41
 1348 0527 08       		.byte	8
 1349 0528 2B       		.byte	43
 1350 0529 80       		.byte	-128
 1351 052a 32       		.byte	50
 1352 052b 54       		.byte	84
 1353 052c 3A       		.byte	58
 1354 052d 08       		.byte	8
 1355 052e 40       		.byte	64
 1356 052f 04       		.byte	4
 1357 0530 41       		.byte	65
 1358 0531 80       		.byte	-128
 1359 0532 43       		.byte	67
 1360 0533 08       		.byte	8
 1361 0534 44       		.byte	68
 1362 0535 20       		.byte	32
 1363 0536 47       		.byte	71
 1364 0537 A0       		.byte	-96
 1365 0538 48       		.byte	72
 1366 0539 14       		.byte	20
 1367 053a 49       		.byte	73
 1368 053b 80       		.byte	-128
ARM GAS  C:\Users\Mattia40\AppData\Local\Temp\cc4PJPnE.s 			page 25


 1369 053c 4B       		.byte	75
 1370 053d 02       		.byte	2
 1371 053e 4D       		.byte	77
 1372 053f 01       		.byte	1
 1373 0540 4F       		.byte	79
 1374 0541 08       		.byte	8
 1375 0542 51       		.byte	81
 1376 0543 20       		.byte	32
 1377 0544 52       		.byte	82
 1378 0545 80       		.byte	-128
 1379 0546 53       		.byte	83
 1380 0547 02       		.byte	2
 1381 0548 54       		.byte	84
 1382 0549 80       		.byte	-128
 1383 054a 56       		.byte	86
 1384 054b 08       		.byte	8
 1385 054c 58       		.byte	88
 1386 054d 02       		.byte	2
 1387 054e 59       		.byte	89
 1388 054f 14       		.byte	20
 1389 0550 5B       		.byte	91
 1390 0551 40       		.byte	64
 1391 0552 5C       		.byte	92
 1392 0553 40       		.byte	64
 1393 0554 5D       		.byte	93
 1394 0555 01       		.byte	1
 1395 0556 5E       		.byte	94
 1396 0557 08       		.byte	8
 1397 0558 5F       		.byte	95
 1398 0559 10       		.byte	16
 1399 055a 63       		.byte	99
 1400 055b 81       		.byte	-127
 1401 055c 83       		.byte	-125
 1402 055d 09       		.byte	9
 1403 055e 87       		.byte	-121
 1404 055f 48       		.byte	72
 1405 0560 88       		.byte	-120
 1406 0561 50       		.byte	80
 1407 0562 89       		.byte	-119
 1408 0563 20       		.byte	32
 1409 0564 8F       		.byte	-113
 1410 0565 40       		.byte	64
 1411 0566 90       		.byte	-112
 1412 0567 04       		.byte	4
 1413 0568 92       		.byte	-110
 1414 0569 20       		.byte	32
 1415 056a 94       		.byte	-108
 1416 056b A0       		.byte	-96
 1417 056c 95       		.byte	-107
 1418 056d 02       		.byte	2
 1419 056e 96       		.byte	-106
 1420 056f 08       		.byte	8
 1421 0570 97       		.byte	-105
 1422 0571 60       		.byte	96
 1423 0572 9B       		.byte	-101
 1424 0573 80       		.byte	-128
 1425 0574 9D       		.byte	-99
ARM GAS  C:\Users\Mattia40\AppData\Local\Temp\cc4PJPnE.s 			page 26


 1426 0575 0A       		.byte	10
 1427 0576 9E       		.byte	-98
 1428 0577 52       		.byte	82
 1429 0578 9F       		.byte	-97
 1430 0579 04       		.byte	4
 1431 057a A0       		.byte	-96
 1432 057b 44       		.byte	68
 1433 057c A1       		.byte	-95
 1434 057d 80       		.byte	-128
 1435 057e A2       		.byte	-94
 1436 057f 08       		.byte	8
 1437 0580 A3       		.byte	-93
 1438 0581 A0       		.byte	-96
 1439 0582 A4       		.byte	-92
 1440 0583 10       		.byte	16
 1441 0584 A5       		.byte	-91
 1442 0585 20       		.byte	32
 1443 0586 A6       		.byte	-90
 1444 0587 91       		.byte	-111
 1445 0588 A8       		.byte	-88
 1446 0589 24       		.byte	36
 1447 058a A9       		.byte	-87
 1448 058b 01       		.byte	1
 1449 058c AA       		.byte	-86
 1450 058d 20       		.byte	32
 1451 058e AB       		.byte	-85
 1452 058f 80       		.byte	-128
 1453 0590 B1       		.byte	-79
 1454 0591 90       		.byte	-112
 1455 0592 B2       		.byte	-78
 1456 0593 80       		.byte	-128
 1457 0594 B5       		.byte	-75
 1458 0595 20       		.byte	32
 1459 0596 B6       		.byte	-74
 1460 0597 01       		.byte	1
 1461 0598 C0       		.byte	-64
 1462 0599 54       		.byte	84
 1463 059a C2       		.byte	-62
 1464 059b 96       		.byte	-106
 1465 059c C4       		.byte	-60
 1466 059d AB       		.byte	-85
 1467 059e CA       		.byte	-54
 1468 059f 0F       		.byte	15
 1469 05a0 CC       		.byte	-52
 1470 05a1 0E       		.byte	14
 1471 05a2 CE       		.byte	-50
 1472 05a3 02       		.byte	2
 1473 05a4 D0       		.byte	-48
 1474 05a5 7E       		.byte	126
 1475 05a6 D2       		.byte	-46
 1476 05a7 0C       		.byte	12
 1477 05a8 D6       		.byte	-42
 1478 05a9 FF       		.byte	-1
 1479 05aa D8       		.byte	-40
 1480 05ab 09       		.byte	9
 1481 05ac E2       		.byte	-30
 1482 05ad 08       		.byte	8
ARM GAS  C:\Users\Mattia40\AppData\Local\Temp\cc4PJPnE.s 			page 27


 1483 05ae E4       		.byte	-28
 1484 05af 04       		.byte	4
 1485 05b0 E6       		.byte	-26
 1486 05b1 41       		.byte	65
 1487 05b2 EA       		.byte	-22
 1488 05b3 04       		.byte	4
 1489 05b4 EC       		.byte	-20
 1490 05b5 11       		.byte	17
 1491 05b6 EE       		.byte	-18
 1492 05b7 80       		.byte	-128
 1493 05b8 00       		.byte	0
 1494 05b9 04       		.byte	4
 1495 05ba 01       		.byte	1
 1496 05bb 1A       		.byte	26
 1497 05bc 02       		.byte	2
 1498 05bd 80       		.byte	-128
 1499 05be 04       		.byte	4
 1500 05bf 60       		.byte	96
 1501 05c0 05       		.byte	5
 1502 05c1 02       		.byte	2
 1503 05c2 07       		.byte	7
 1504 05c3 05       		.byte	5
 1505 05c4 08       		.byte	8
 1506 05c5 56       		.byte	86
 1507 05c6 09       		.byte	9
 1508 05c7 04       		.byte	4
 1509 05c8 0A       		.byte	10
 1510 05c9 09       		.byte	9
 1511 05ca 0B       		.byte	11
 1512 05cb 11       		.byte	17
 1513 05cc 0C       		.byte	12
 1514 05cd 84       		.byte	-124
 1515 05ce 0D       		.byte	13
 1516 05cf 05       		.byte	5
 1517 05d0 0F       		.byte	15
 1518 05d1 08       		.byte	8
 1519 05d2 10       		.byte	16
 1520 05d3 0A       		.byte	10
 1521 05d4 12       		.byte	18
 1522 05d5 10       		.byte	16
 1523 05d6 14       		.byte	20
 1524 05d7 04       		.byte	4
 1525 05d8 15       		.byte	21
 1526 05d9 1A       		.byte	26
 1527 05da 18       		.byte	24
 1528 05db 07       		.byte	7
 1529 05dc 19       		.byte	25
 1530 05dd 1A       		.byte	26
 1531 05de 1A       		.byte	26
 1532 05df 38       		.byte	56
 1533 05e0 1C       		.byte	28
 1534 05e1 01       		.byte	1
 1535 05e2 1D       		.byte	29
 1536 05e3 04       		.byte	4
 1537 05e4 1F       		.byte	31
 1538 05e5 1A       		.byte	26
 1539 05e6 20       		.byte	32
ARM GAS  C:\Users\Mattia40\AppData\Local\Temp\cc4PJPnE.s 			page 28


 1540 05e7 84       		.byte	-124
 1541 05e8 21       		.byte	33
 1542 05e9 1A       		.byte	26
 1543 05ea 24       		.byte	36
 1544 05eb 80       		.byte	-128
 1545 05ec 26       		.byte	38
 1546 05ed 04       		.byte	4
 1547 05ee 28       		.byte	40
 1548 05ef 84       		.byte	-124
 1549 05f0 2D       		.byte	45
 1550 05f1 1A       		.byte	26
 1551 05f2 30       		.byte	48
 1552 05f3 02       		.byte	2
 1553 05f4 31       		.byte	49
 1554 05f5 1E       		.byte	30
 1555 05f6 34       		.byte	52
 1556 05f7 80       		.byte	-128
 1557 05f8 36       		.byte	54
 1558 05f9 7F       		.byte	127
 1559 05fa 37       		.byte	55
 1560 05fb 01       		.byte	1
 1561 05fc 38       		.byte	56
 1562 05fd 80       		.byte	-128
 1563 05fe 3B       		.byte	59
 1564 05ff 02       		.byte	2
 1565 0600 3E       		.byte	62
 1566 0601 11       		.byte	17
 1567 0602 3F       		.byte	63
 1568 0603 40       		.byte	64
 1569 0604 54       		.byte	84
 1570 0605 09       		.byte	9
 1571 0606 56       		.byte	86
 1572 0607 04       		.byte	4
 1573 0608 58       		.byte	88
 1574 0609 04       		.byte	4
 1575 060a 59       		.byte	89
 1576 060b 04       		.byte	4
 1577 060c 5B       		.byte	91
 1578 060d 04       		.byte	4
 1579 060e 5C       		.byte	92
 1580 060f 22       		.byte	34
 1581 0610 5D       		.byte	93
 1582 0611 20       		.byte	32
 1583 0612 5F       		.byte	95
 1584 0613 01       		.byte	1
 1585 0614 84       		.byte	-124
 1586 0615 02       		.byte	2
 1587 0616 85       		.byte	-123
 1588 0617 01       		.byte	1
 1589 0618 86       		.byte	-122
 1590 0619 05       		.byte	5
 1591 061a 8C       		.byte	-116
 1592 061b 11       		.byte	17
 1593 061c 8E       		.byte	-114
 1594 061d 2A       		.byte	42
 1595 061e 90       		.byte	-112
 1596 061f 24       		.byte	36
ARM GAS  C:\Users\Mattia40\AppData\Local\Temp\cc4PJPnE.s 			page 29


 1597 0620 92       		.byte	-110
 1598 0621 12       		.byte	18
 1599 0622 97       		.byte	-105
 1600 0623 01       		.byte	1
 1601 0624 98       		.byte	-104
 1602 0625 77       		.byte	119
 1603 0626 9B       		.byte	-101
 1604 0627 01       		.byte	1
 1605 0628 9F       		.byte	-97
 1606 0629 02       		.byte	2
 1607 062a A3       		.byte	-93
 1608 062b 02       		.byte	2
 1609 062c A8       		.byte	-88
 1610 062d 77       		.byte	119
 1611 062e A9       		.byte	-87
 1612 062f 01       		.byte	1
 1613 0630 AC       		.byte	-84
 1614 0631 40       		.byte	64
 1615 0632 B0       		.byte	-80
 1616 0633 30       		.byte	48
 1617 0634 B2       		.byte	-78
 1618 0635 40       		.byte	64
 1619 0636 B4       		.byte	-76
 1620 0637 07       		.byte	7
 1621 0638 B5       		.byte	-75
 1622 0639 01       		.byte	1
 1623 063a B6       		.byte	-74
 1624 063b 08       		.byte	8
 1625 063c B7       		.byte	-73
 1626 063d 02       		.byte	2
 1627 063e B9       		.byte	-71
 1628 063f 20       		.byte	32
 1629 0640 BF       		.byte	-65
 1630 0641 40       		.byte	64
 1631 0642 D4       		.byte	-44
 1632 0643 18       		.byte	24
 1633 0644 D8       		.byte	-40
 1634 0645 04       		.byte	4
 1635 0646 D9       		.byte	-39
 1636 0647 04       		.byte	4
 1637 0648 DB       		.byte	-37
 1638 0649 04       		.byte	4
 1639 064a DC       		.byte	-36
 1640 064b 33       		.byte	51
 1641 064c DD       		.byte	-35
 1642 064d 30       		.byte	48
 1643 064e DF       		.byte	-33
 1644 064f 01       		.byte	1
 1645 0650 01       		.byte	1
 1646 0651 80       		.byte	-128
 1647 0652 03       		.byte	3
 1648 0653 20       		.byte	32
 1649 0654 04       		.byte	4
 1650 0655 02       		.byte	2
 1651 0656 06       		.byte	6
 1652 0657 A2       		.byte	-94
 1653 0658 07       		.byte	7
ARM GAS  C:\Users\Mattia40\AppData\Local\Temp\cc4PJPnE.s 			page 30


 1654 0659 08       		.byte	8
 1655 065a 0A       		.byte	10
 1656 065b 44       		.byte	68
 1657 065c 0D       		.byte	13
 1658 065d 08       		.byte	8
 1659 065e 0E       		.byte	14
 1660 065f 01       		.byte	1
 1661 0660 0F       		.byte	15
 1662 0661 88       		.byte	-120
 1663 0662 11       		.byte	17
 1664 0663 50       		.byte	80
 1665 0664 15       		.byte	21
 1666 0665 01       		.byte	1
 1667 0666 17       		.byte	23
 1668 0667 14       		.byte	20
 1669 0668 18       		.byte	24
 1670 0669 40       		.byte	64
 1671 066a 1A       		.byte	26
 1672 066b 50       		.byte	80
 1673 066c 1B       		.byte	27
 1674 066d A0       		.byte	-96
 1675 066e 1D       		.byte	29
 1676 066f 20       		.byte	32
 1677 0670 1E       		.byte	30
 1678 0671 01       		.byte	1
 1679 0672 1F       		.byte	31
 1680 0673 11       		.byte	17
 1681 0674 22       		.byte	34
 1682 0675 80       		.byte	-128
 1683 0676 23       		.byte	35
 1684 0677 04       		.byte	4
 1685 0678 26       		.byte	38
 1686 0679 40       		.byte	64
 1687 067a 27       		.byte	39
 1688 067b 40       		.byte	64
 1689 067c 29       		.byte	41
 1690 067d 12       		.byte	18
 1691 067e 2D       		.byte	45
 1692 067f 01       		.byte	1
 1693 0680 2E       		.byte	46
 1694 0681 80       		.byte	-128
 1695 0682 32       		.byte	50
 1696 0683 50       		.byte	80
 1697 0684 33       		.byte	51
 1698 0685 08       		.byte	8
 1699 0686 37       		.byte	55
 1700 0687 54       		.byte	84
 1701 0688 38       		.byte	56
 1702 0689 04       		.byte	4
 1703 068a 3D       		.byte	61
 1704 068b A0       		.byte	-96
 1705 068c 3E       		.byte	62
 1706 068d 0A       		.byte	10
 1707 068e 3F       		.byte	63
 1708 068f 88       		.byte	-120
 1709 0690 5A       		.byte	90
 1710 0691 02       		.byte	2
ARM GAS  C:\Users\Mattia40\AppData\Local\Temp\cc4PJPnE.s 			page 31


 1711 0692 5D       		.byte	93
 1712 0693 08       		.byte	8
 1713 0694 5E       		.byte	94
 1714 0695 80       		.byte	-128
 1715 0696 5F       		.byte	95
 1716 0697 12       		.byte	18
 1717 0698 62       		.byte	98
 1718 0699 A0       		.byte	-96
 1719 069a 67       		.byte	103
 1720 069b 82       		.byte	-126
 1721 069c 81       		.byte	-127
 1722 069d 09       		.byte	9
 1723 069e 82       		.byte	-126
 1724 069f 08       		.byte	8
 1725 06a0 87       		.byte	-121
 1726 06a1 40       		.byte	64
 1727 06a2 88       		.byte	-120
 1728 06a3 05       		.byte	5
 1729 06a4 89       		.byte	-119
 1730 06a5 08       		.byte	8
 1731 06a6 8B       		.byte	-117
 1732 06a7 10       		.byte	16
 1733 06a8 8D       		.byte	-115
 1734 06a9 80       		.byte	-128
 1735 06aa 90       		.byte	-112
 1736 06ab 02       		.byte	2
 1737 06ac 91       		.byte	-111
 1738 06ad 01       		.byte	1
 1739 06ae 95       		.byte	-107
 1740 06af 20       		.byte	32
 1741 06b0 96       		.byte	-106
 1742 06b1 01       		.byte	1
 1743 06b2 97       		.byte	-105
 1744 06b3 04       		.byte	4
 1745 06b4 9A       		.byte	-102
 1746 06b5 02       		.byte	2
 1747 06b6 9B       		.byte	-101
 1748 06b7 1C       		.byte	28
 1749 06b8 9C       		.byte	-100
 1750 06b9 05       		.byte	5
 1751 06ba 9E       		.byte	-98
 1752 06bb 08       		.byte	8
 1753 06bc A1       		.byte	-95
 1754 06bd 51       		.byte	81
 1755 06be A2       		.byte	-94
 1756 06bf 20       		.byte	32
 1757 06c0 A8       		.byte	-88
 1758 06c1 80       		.byte	-128
 1759 06c2 AB       		.byte	-85
 1760 06c3 08       		.byte	8
 1761 06c4 B1       		.byte	-79
 1762 06c5 40       		.byte	64
 1763 06c6 B2       		.byte	-78
 1764 06c7 12       		.byte	18
 1765 06c8 B4       		.byte	-76
 1766 06c9 08       		.byte	8
 1767 06ca B5       		.byte	-75
ARM GAS  C:\Users\Mattia40\AppData\Local\Temp\cc4PJPnE.s 			page 32


 1768 06cb 02       		.byte	2
 1769 06cc B7       		.byte	-73
 1770 06cd 50       		.byte	80
 1771 06ce C0       		.byte	-64
 1772 06cf F5       		.byte	-11
 1773 06d0 C2       		.byte	-62
 1774 06d1 FA       		.byte	-6
 1775 06d2 C4       		.byte	-60
 1776 06d3 73       		.byte	115
 1777 06d4 CA       		.byte	-54
 1778 06d5 95       		.byte	-107
 1779 06d6 CC       		.byte	-52
 1780 06d7 7E       		.byte	126
 1781 06d8 CE       		.byte	-50
 1782 06d9 F2       		.byte	-14
 1783 06da D6       		.byte	-42
 1784 06db F1       		.byte	-15
 1785 06dc D8       		.byte	-40
 1786 06dd 9C       		.byte	-100
 1787 06de E2       		.byte	-30
 1788 06df 20       		.byte	32
 1789 06e0 E4       		.byte	-28
 1790 06e1 A0       		.byte	-96
 1791 06e2 EA       		.byte	-22
 1792 06e3 10       		.byte	16
 1793 06e4 EC       		.byte	-20
 1794 06e5 30       		.byte	48
 1795 06e6 EE       		.byte	-18
 1796 06e7 40       		.byte	64
 1797 06e8 9E       		.byte	-98
 1798 06e9 01       		.byte	1
 1799 06ea AC       		.byte	-84
 1800 06eb 02       		.byte	2
 1801 06ec B0       		.byte	-80
 1802 06ed 02       		.byte	2
 1803 06ee B6       		.byte	-74
 1804 06ef 01       		.byte	1
 1805 06f0 BE       		.byte	-66
 1806 06f1 01       		.byte	1
 1807 06f2 D8       		.byte	-40
 1808 06f3 04       		.byte	4
 1809 06f4 DC       		.byte	-36
 1810 06f5 05       		.byte	5
 1811 06f6 DF       		.byte	-33
 1812 06f7 01       		.byte	1
 1813 06f8 00       		.byte	0
 1814 06f9 60       		.byte	96
 1815 06fa 03       		.byte	3
 1816 06fb 20       		.byte	32
 1817 06fc 08       		.byte	8
 1818 06fd 92       		.byte	-110
 1819 06fe 0A       		.byte	10
 1820 06ff 10       		.byte	16
 1821 0700 0B       		.byte	11
 1822 0701 04       		.byte	4
 1823 0702 0D       		.byte	13
 1824 0703 80       		.byte	-128
ARM GAS  C:\Users\Mattia40\AppData\Local\Temp\cc4PJPnE.s 			page 33


 1825 0704 10       		.byte	16
 1826 0705 AA       		.byte	-86
 1827 0706 17       		.byte	23
 1828 0707 40       		.byte	64
 1829 0708 18       		.byte	24
 1830 0709 05       		.byte	5
 1831 070a 19       		.byte	25
 1832 070b 21       		.byte	33
 1833 070c 1B       		.byte	27
 1834 070d 08       		.byte	8
 1835 070e 1E       		.byte	30
 1836 070f 02       		.byte	2
 1837 0710 1F       		.byte	31
 1838 0711 01       		.byte	1
 1839 0712 20       		.byte	32
 1840 0713 20       		.byte	32
 1841 0714 22       		.byte	34
 1842 0715 59       		.byte	89
 1843 0716 23       		.byte	35
 1844 0717 04       		.byte	4
 1845 0718 28       		.byte	40
 1846 0719 12       		.byte	18
 1847 071a 29       		.byte	41
 1848 071b 20       		.byte	32
 1849 071c 2B       		.byte	43
 1850 071d 80       		.byte	-128
 1851 071e 30       		.byte	48
 1852 071f 80       		.byte	-128
 1853 0720 32       		.byte	50
 1854 0721 0A       		.byte	10
 1855 0722 33       		.byte	51
 1856 0723 20       		.byte	32
 1857 0724 38       		.byte	56
 1858 0725 68       		.byte	104
 1859 0726 3A       		.byte	58
 1860 0727 01       		.byte	1
 1861 0728 40       		.byte	64
 1862 0729 05       		.byte	5
 1863 072a 42       		.byte	66
 1864 072b 50       		.byte	80
 1865 072c 49       		.byte	73
 1866 072d 12       		.byte	18
 1867 072e 4A       		.byte	74
 1868 072f 08       		.byte	8
 1869 0730 51       		.byte	81
 1870 0731 10       		.byte	16
 1871 0732 59       		.byte	89
 1872 0733 01       		.byte	1
 1873 0734 5A       		.byte	90
 1874 0735 C0       		.byte	-64
 1875 0736 69       		.byte	105
 1876 0737 50       		.byte	80
 1877 0738 6A       		.byte	106
 1878 0739 04       		.byte	4
 1879 073a 70       		.byte	112
 1880 073b BC       		.byte	-68
 1881 073c 82       		.byte	-126
ARM GAS  C:\Users\Mattia40\AppData\Local\Temp\cc4PJPnE.s 			page 34


 1882 073d 12       		.byte	18
 1883 073e 83       		.byte	-125
 1884 073f 41       		.byte	65
 1885 0740 84       		.byte	-124
 1886 0741 02       		.byte	2
 1887 0742 87       		.byte	-121
 1888 0743 08       		.byte	8
 1889 0744 88       		.byte	-120
 1890 0745 82       		.byte	-126
 1891 0746 89       		.byte	-119
 1892 0747 A0       		.byte	-96
 1893 0748 8E       		.byte	-114
 1894 0749 01       		.byte	1
 1895 074a 90       		.byte	-112
 1896 074b 40       		.byte	64
 1897 074c 92       		.byte	-110
 1898 074d 10       		.byte	16
 1899 074e 94       		.byte	-108
 1900 074f 04       		.byte	4
 1901 0750 95       		.byte	-107
 1902 0751 70       		.byte	112
 1903 0752 96       		.byte	-106
 1904 0753 A6       		.byte	-90
 1905 0754 9D       		.byte	-99
 1906 0755 92       		.byte	-110
 1907 0756 A1       		.byte	-95
 1908 0757 80       		.byte	-128
 1909 0758 A3       		.byte	-93
 1910 0759 A0       		.byte	-96
 1911 075a A6       		.byte	-90
 1912 075b 01       		.byte	1
 1913 075c A7       		.byte	-89
 1914 075d 08       		.byte	8
 1915 075e AA       		.byte	-86
 1916 075f 01       		.byte	1
 1917 0760 AD       		.byte	-83
 1918 0761 20       		.byte	32
 1919 0762 B3       		.byte	-77
 1920 0763 12       		.byte	18
 1921 0764 B6       		.byte	-74
 1922 0765 20       		.byte	32
 1923 0766 C0       		.byte	-64
 1924 0767 07       		.byte	7
 1925 0768 C2       		.byte	-62
 1926 0769 8F       		.byte	-113
 1927 076a C4       		.byte	-60
 1928 076b 8F       		.byte	-113
 1929 076c CA       		.byte	-54
 1930 076d 0F       		.byte	15
 1931 076e CC       		.byte	-52
 1932 076f 0F       		.byte	15
 1933 0770 CE       		.byte	-50
 1934 0771 0F       		.byte	15
 1935 0772 D0       		.byte	-48
 1936 0773 0F       		.byte	15
 1937 0774 D2       		.byte	-46
 1938 0775 04       		.byte	4
ARM GAS  C:\Users\Mattia40\AppData\Local\Temp\cc4PJPnE.s 			page 35


 1939 0776 D6       		.byte	-42
 1940 0777 01       		.byte	1
 1941 0778 E4       		.byte	-28
 1942 0779 04       		.byte	4
 1943 077a EC       		.byte	-20
 1944 077b 40       		.byte	64
 1945 077c 33       		.byte	51
 1946 077d 12       		.byte	18
 1947 077e 35       		.byte	53
 1948 077f 81       		.byte	-127
 1949 0780 3B       		.byte	59
 1950 0781 40       		.byte	64
 1951 0782 CC       		.byte	-52
 1952 0783 F0       		.byte	-16
 1953 0784 CE       		.byte	-50
 1954 0785 10       		.byte	16
 1955 0786 13       		.byte	19
 1956 0787 40       		.byte	64
 1957 0788 32       		.byte	50
 1958 0789 80       		.byte	-128
 1959 078a 33       		.byte	51
 1960 078b 04       		.byte	4
 1961 078c 34       		.byte	52
 1962 078d 04       		.byte	4
 1963 078e 37       		.byte	55
 1964 078f 40       		.byte	64
 1965 0790 39       		.byte	57
 1966 0791 80       		.byte	-128
 1967 0792 5E       		.byte	94
 1968 0793 01       		.byte	1
 1969 0794 61       		.byte	97
 1970 0795 08       		.byte	8
 1971 0796 87       		.byte	-121
 1972 0797 02       		.byte	2
 1973 0798 97       		.byte	-105
 1974 0799 40       		.byte	64
 1975 079a 9B       		.byte	-101
 1976 079b 40       		.byte	64
 1977 079c 9D       		.byte	-99
 1978 079d 81       		.byte	-127
 1979 079e 9F       		.byte	-97
 1980 079f 10       		.byte	16
 1981 07a0 A7       		.byte	-89
 1982 07a1 02       		.byte	2
 1983 07a2 AB       		.byte	-85
 1984 07a3 40       		.byte	64
 1985 07a4 C4       		.byte	-60
 1986 07a5 40       		.byte	64
 1987 07a6 CC       		.byte	-52
 1988 07a7 F0       		.byte	-16
 1989 07a8 CE       		.byte	-50
 1990 07a9 10       		.byte	16
 1991 07aa D6       		.byte	-42
 1992 07ab 80       		.byte	-128
 1993 07ac D8       		.byte	-40
 1994 07ad 40       		.byte	64
 1995 07ae E2       		.byte	-30
ARM GAS  C:\Users\Mattia40\AppData\Local\Temp\cc4PJPnE.s 			page 36


 1996 07af 10       		.byte	16
 1997 07b0 EE       		.byte	-18
 1998 07b1 80       		.byte	-128
 1999 07b2 10       		.byte	16
 2000 07b3 08       		.byte	8
 2001 07b4 12       		.byte	18
 2002 07b5 80       		.byte	-128
 2003 07b6 13       		.byte	19
 2004 07b7 40       		.byte	64
 2005 07b8 15       		.byte	21
 2006 07b9 80       		.byte	-128
 2007 07ba 17       		.byte	23
 2008 07bb 04       		.byte	4
 2009 07bc 32       		.byte	50
 2010 07bd 20       		.byte	32
 2011 07be 5F       		.byte	95
 2012 07bf 01       		.byte	1
 2013 07c0 63       		.byte	99
 2014 07c1 81       		.byte	-127
 2015 07c2 67       		.byte	103
 2016 07c3 80       		.byte	-128
 2017 07c4 83       		.byte	-125
 2018 07c5 01       		.byte	1
 2019 07c6 8D       		.byte	-115
 2020 07c7 08       		.byte	8
 2021 07c8 93       		.byte	-109
 2022 07c9 80       		.byte	-128
 2023 07ca 95       		.byte	-107
 2024 07cb 80       		.byte	-128
 2025 07cc 96       		.byte	-106
 2026 07cd 01       		.byte	1
 2027 07ce 9C       		.byte	-100
 2028 07cf 04       		.byte	4
 2029 07d0 9D       		.byte	-99
 2030 07d1 81       		.byte	-127
 2031 07d2 9F       		.byte	-97
 2032 07d3 14       		.byte	20
 2033 07d4 A3       		.byte	-93
 2034 07d5 40       		.byte	64
 2035 07d6 A5       		.byte	-91
 2036 07d7 08       		.byte	8
 2037 07d8 A6       		.byte	-90
 2038 07d9 80       		.byte	-128
 2039 07da AB       		.byte	-85
 2040 07db 40       		.byte	64
 2041 07dc AF       		.byte	-81
 2042 07dd 40       		.byte	64
 2043 07de C4       		.byte	-60
 2044 07df F0       		.byte	-16
 2045 07e0 CC       		.byte	-52
 2046 07e1 10       		.byte	16
 2047 07e2 D6       		.byte	-42
 2048 07e3 C0       		.byte	-64
 2049 07e4 D8       		.byte	-40
 2050 07e5 C0       		.byte	-64
 2051 07e6 E2       		.byte	-30
 2052 07e7 80       		.byte	-128
ARM GAS  C:\Users\Mattia40\AppData\Local\Temp\cc4PJPnE.s 			page 37


 2053 07e8 EA       		.byte	-22
 2054 07e9 30       		.byte	48
 2055 07ea 65       		.byte	101
 2056 07eb 04       		.byte	4
 2057 07ec 83       		.byte	-125
 2058 07ed 10       		.byte	16
 2059 07ee 8A       		.byte	-118
 2060 07ef 01       		.byte	1
 2061 07f0 96       		.byte	-106
 2062 07f1 01       		.byte	1
 2063 07f2 9C       		.byte	-100
 2064 07f3 04       		.byte	4
 2065 07f4 9D       		.byte	-99
 2066 07f5 81       		.byte	-127
 2067 07f6 9F       		.byte	-97
 2068 07f7 10       		.byte	16
 2069 07f8 AE       		.byte	-82
 2070 07f9 20       		.byte	32
 2071 07fa AF       		.byte	-81
 2072 07fb 40       		.byte	64
 2073 07fc B4       		.byte	-76
 2074 07fd 08       		.byte	8
 2075 07fe D8       		.byte	-40
 2076 07ff 80       		.byte	-128
 2077 0800 E2       		.byte	-30
 2078 0801 20       		.byte	32
 2079 0802 13       		.byte	19
 2080 0803 02       		.byte	2
 2081 0804 7C       		.byte	124
 2082 0805 01       		.byte	1
 2083 0806 C4       		.byte	-60
 2084 0807 08       		.byte	8
 2085 0808 DE       		.byte	-34
 2086 0809 01       		.byte	1
 2087 080a 01       		.byte	1
 2088 080b 20       		.byte	32
 2089 080c 03       		.byte	3
 2090 080d 40       		.byte	64
 2091 080e 53       		.byte	83
 2092 080f 01       		.byte	1
 2093 0810 94       		.byte	-108
 2094 0811 01       		.byte	1
 2095 0812 AB       		.byte	-85
 2096 0813 02       		.byte	2
 2097 0814 C0       		.byte	-64
 2098 0815 0A       		.byte	10
 2099 0816 D4       		.byte	-44
 2100 0817 01       		.byte	1
 2101 0818 45       		.byte	69
 2102 0819 02       		.byte	2
 2103 081a 94       		.byte	-108
 2104 081b 01       		.byte	1
 2105 081c 99       		.byte	-103
 2106 081d 20       		.byte	32
 2107 081e AB       		.byte	-85
 2108 081f 41       		.byte	65
 2109 0820 D0       		.byte	-48
ARM GAS  C:\Users\Mattia40\AppData\Local\Temp\cc4PJPnE.s 			page 38


 2110 0821 01       		.byte	1
 2111 0822 99       		.byte	-103
 2112 0823 20       		.byte	32
 2113 0824 A5       		.byte	-91
 2114 0825 02       		.byte	2
 2115 0826 B4       		.byte	-76
 2116 0827 01       		.byte	1
 2117 0828 EC       		.byte	-20
 2118 0829 08       		.byte	8
 2119 082a 27       		.byte	39
 2120 082b 04       		.byte	4
 2121 082c 65       		.byte	101
 2122 082d 04       		.byte	4
 2123 082e 85       		.byte	-123
 2124 082f 80       		.byte	-128
 2125 0830 8D       		.byte	-115
 2126 0831 01       		.byte	1
 2127 0832 9D       		.byte	-99
 2128 0833 85       		.byte	-123
 2129 0834 9F       		.byte	-97
 2130 0835 04       		.byte	4
 2131 0836 B0       		.byte	-80
 2132 0837 04       		.byte	4
 2133 0838 B7       		.byte	-73
 2134 0839 04       		.byte	4
 2135 083a C8       		.byte	-56
 2136 083b 20       		.byte	32
 2137 083c D8       		.byte	-40
 2138 083d 80       		.byte	-128
 2139 083e E2       		.byte	-30
 2140 083f 10       		.byte	16
 2141 0840 72       		.byte	114
 2142 0841 20       		.byte	32
 2143 0842 75       		.byte	117
 2144 0843 08       		.byte	8
 2145 0844 8A       		.byte	-118
 2146 0845 20       		.byte	32
 2147 0846 8D       		.byte	-115
 2148 0847 08       		.byte	8
 2149 0848 A9       		.byte	-87
 2150 0849 04       		.byte	4
 2151 084a DC       		.byte	-36
 2152 084b 80       		.byte	-128
 2153 084c DE       		.byte	-34
 2154 084d 20       		.byte	32
 2155 084e EE       		.byte	-18
 2156 084f 80       		.byte	-128
 2157 0850 08       		.byte	8
 2158 0851 80       		.byte	-128
 2159 0852 88       		.byte	-120
 2160 0853 80       		.byte	-128
 2161 0854 8D       		.byte	-115
 2162 0855 20       		.byte	32
 2163 0856 99       		.byte	-103
 2164 0857 20       		.byte	32
 2165 0858 B5       		.byte	-75
 2166 0859 02       		.byte	2
ARM GAS  C:\Users\Mattia40\AppData\Local\Temp\cc4PJPnE.s 			page 39


 2167 085a C2       		.byte	-62
 2168 085b 02       		.byte	2
 2169 085c E2       		.byte	-30
 2170 085d 0C       		.byte	12
 2171 085e EC       		.byte	-20
 2172 085f 08       		.byte	8
 2173 0860 10       		.byte	16
 2174 0861 80       		.byte	-128
 2175 0862 70       		.byte	112
 2176 0863 01       		.byte	1
 2177 0864 80       		.byte	-128
 2178 0865 01       		.byte	1
 2179 0866 88       		.byte	-120
 2180 0867 80       		.byte	-128
 2181 0868 8C       		.byte	-116
 2182 0869 80       		.byte	-128
 2183 086a C4       		.byte	-60
 2184 086b 08       		.byte	8
 2185 086c DC       		.byte	-36
 2186 086d 01       		.byte	1
 2187 086e E6       		.byte	-26
 2188 086f 03       		.byte	3
 2189 0870 00       		.byte	0
 2190 0871 2E       		.byte	46
 2191 0872 0A       		.byte	10
 2192 0873 2E       		.byte	46
 2193 0874 0C       		.byte	12
 2194 0875 24       		.byte	36
 2195 0876 10       		.byte	16
 2196 0877 2E       		.byte	46
 2197 0878 1A       		.byte	26
 2198 0879 0E       		.byte	14
 2199 087a 1C       		.byte	28
 2200 087b 2C       		.byte	44
 2201 087c 00       		.byte	0
 2202 087d FF       		.byte	-1
 2203 087e 01       		.byte	1
 2204 087f FF       		.byte	-1
 2205 0880 02       		.byte	2
 2206 0881 2B       		.byte	43
 2207 0882 00       		.byte	0
 2208 0883 00       		.byte	0
 2209 0884 04       		.byte	4
 2210 0885 80       		.byte	-128
 2211 0886 00       		.byte	0
 2212 0887 00       		.byte	0
 2213 0888 40       		.byte	64
 2214 0889 00       		.byte	0
 2215 088a 00       		.byte	0
 2216 088b 00       		.byte	0
 2217 088c 00       		.byte	0
 2218 088d 00       		.byte	0
 2219 088e 00       		.byte	0
 2220 088f 00       		.byte	0
 2221 0890 13       		.byte	19
 2222 0891 14       		.byte	20
 2223 0892 0C       		.byte	12
ARM GAS  C:\Users\Mattia40\AppData\Local\Temp\cc4PJPnE.s 			page 40


 2224 0893 00       		.byte	0
 2225 0894 00       		.byte	0
 2226 0895 00       		.byte	0
 2227 0896 00       		.byte	0
 2228 0897 00       		.byte	0
 2229 0898 00       		.byte	0
 2230 0899 00       		.byte	0
 2231 089a 00       		.byte	0
 2232 089b 00       		.byte	0
 2233 089c 00       		.byte	0
 2234 089d 00       		.byte	0
 2235 089e 00       		.byte	0
 2236 089f 00       		.byte	0
 2237 08a0 00       		.byte	0
 2238 08a1 0C       		.byte	12
 2239 08a2 08       		.byte	8
 2240 08a3 71       		.byte	113
 2241 08a4 13       		.byte	19
 2242 08a5 09       		.byte	9
 2243 08a6 04       		.byte	4
 2244 08a7 D0       		.byte	-48
 2245 08a8 00       		.byte	0
 2246 08a9 00       		.byte	0
 2247 08aa 00       		.byte	0
 2248 08ab 03       		.byte	3
 2249 08ac 03       		.byte	3
 2250 08ad 10       		.byte	16
 2251 08ae 14       		.byte	20
 2252 08af 40       		.byte	64
 2253 08b0 00       		.byte	0
 2254 08b1 10       		.byte	16
 2255 08b2 00       		.byte	0
 2256 08b3 AC       		.byte	-84
 2257 08b4 0A       		.byte	10
 2258 08b5 DC       		.byte	-36
 2259 08b6 14       		.byte	20
 2260 08b7 22       		.byte	34
 2261 08b8 00       		.byte	0
 2262 08b9 00       		.byte	0
 2263 08ba 15       		.byte	21
 2264 08bb 20       		.byte	32
 2265 08bc 10       		.byte	16
 2266 08bd 00       		.byte	0
 2267 08be 0F       		.byte	15
 2268 08bf E0       		.byte	-32
 2269 08c0 00       		.byte	0
 2270 08c1 00       		.byte	0
 2271 08c2 00       		.byte	0
 2272 08c3 1F       		.byte	31
 2273 08c4 00       		.byte	0
 2274 08c5 00       		.byte	0
 2275 08c6 08       		.byte	8
 2276 08c7 08       		.byte	8
 2277 08c8 00       		.byte	0
 2278 08c9 00       		.byte	0
 2279 08ca 01       		.byte	1
 2280 08cb 00       		.byte	0
ARM GAS  C:\Users\Mattia40\AppData\Local\Temp\cc4PJPnE.s 			page 41


 2281 08cc 62       		.byte	98
 2282 08cd 03       		.byte	3
 2283 08ce 50       		.byte	80
 2284 08cf 00       		.byte	0
 2285 08d0 01       		.byte	1
 2286 08d1 EC       		.byte	-20
 2287 08d2 FD       		.byte	-3
 2288 08d3 B0       		.byte	-80
 2289 08d4 2F       		.byte	47
 2290 08d5 FF       		.byte	-1
 2291 08d6 FF       		.byte	-1
 2292 08d7 FF       		.byte	-1
 2293 08d8 22       		.byte	34
 2294 08d9 00       		.byte	0
 2295 08da F0       		.byte	-16
 2296 08db 08       		.byte	8
 2297 08dc 04       		.byte	4
 2298 08dd 00       		.byte	0
 2299 08de 00       		.byte	0
 2300 08df 00       		.byte	0
 2301 08e0 09       		.byte	9
 2302 08e1 00       		.byte	0
 2303 08e2 04       		.byte	4
 2304 08e3 00       		.byte	0
 2305 08e4 04       		.byte	4
 2306 08e5 04       		.byte	4
 2307 08e6 04       		.byte	4
 2308 08e7 04       		.byte	4
 2309 08e8 33       		.byte	51
 2310 08e9 12       		.byte	18
 2311 08ea 00       		.byte	0
 2312 08eb 01       		.byte	1
 2313 08ec 00       		.byte	0
 2314 08ed 00       		.byte	0
 2315 08ee C0       		.byte	-64
 2316 08ef 00       		.byte	0
 2317 08f0 40       		.byte	64
 2318 08f1 01       		.byte	1
 2319 08f2 10       		.byte	16
 2320 08f3 11       		.byte	17
 2321 08f4 C0       		.byte	-64
 2322 08f5 01       		.byte	1
 2323 08f6 00       		.byte	0
 2324 08f7 11       		.byte	17
 2325 08f8 40       		.byte	64
 2326 08f9 01       		.byte	1
 2327 08fa 40       		.byte	64
 2328 08fb 01       		.byte	1
 2329 08fc 00       		.byte	0
 2330 08fd 00       		.byte	0
 2331 08fe 00       		.byte	0
 2332 08ff 00       		.byte	0
 2333 0900 00       		.byte	0
 2334 0901 00       		.byte	0
 2335 0902 00       		.byte	0
 2336 0903 00       		.byte	0
 2337 0904 00       		.byte	0
ARM GAS  C:\Users\Mattia40\AppData\Local\Temp\cc4PJPnE.s 			page 42


 2338 0905 00       		.byte	0
 2339 0906 00       		.byte	0
 2340 0907 00       		.byte	0
 2341 0908 00       		.byte	0
 2342 0909 00       		.byte	0
 2343 090a 00       		.byte	0
 2344 090b 00       		.byte	0
 2345 090c 00       		.byte	0
 2346 090d 41       		.byte	65
 2347 090e 00       		.byte	0
 2348 090f 00       		.byte	0
 2349 0910 03       		.byte	3
 2350 0911 18       		.byte	24
 2351 0912 80       		.byte	-128
 2352 0913 00       		.byte	0
 2353 0914 3F       		.byte	63
 2354 0915 08       		.byte	8
 2355 0916 00       		.byte	0
 2356 0917 00       		.byte	0
 2357 0918 02       		.byte	2
 2358 0919 80       		.byte	-128
 2359 091a 40       		.byte	64
 2360 091b 00       		.byte	0
 2361 091c 1F       		.byte	31
 2362 091d 00       		.byte	0
 2363 091e 20       		.byte	32
 2364 091f E6       		.byte	-26
 2365 0920 00       		.byte	0
 2366 0921 FF       		.byte	-1
 2367 0922 23       		.byte	35
 2368 0923 00       		.byte	0
 2369 0924 1C       		.byte	28
 2370 0925 C0       		.byte	-64
 2371 0926 23       		.byte	35
 2372 0927 00       		.byte	0
 2373 0928 33       		.byte	51
 2374 0929 10       		.byte	16
 2375 092a 0C       		.byte	12
 2376 092b 00       		.byte	0
 2377 092c 08       		.byte	8
 2378 092d 00       		.byte	0
 2379 092e 00       		.byte	0
 2380 092f 01       		.byte	1
 2381 0930 04       		.byte	4
 2382 0931 39       		.byte	57
 2383 0932 00       		.byte	0
 2384 0933 C4       		.byte	-60
 2385 0934 0C       		.byte	12
 2386 0935 E7       		.byte	-25
 2387 0936 00       		.byte	0
 2388 0937 18       		.byte	24
 2389 0938 01       		.byte	1
 2390 0939 19       		.byte	25
 2391 093a 40       		.byte	64
 2392 093b E2       		.byte	-30
 2393 093c 10       		.byte	16
 2394 093d C0       		.byte	-64
ARM GAS  C:\Users\Mattia40\AppData\Local\Temp\cc4PJPnE.s 			page 43


 2395 093e 2C       		.byte	44
 2396 093f 00       		.byte	0
 2397 0940 0F       		.byte	15
 2398 0941 1F       		.byte	31
 2399 0942 C0       		.byte	-64
 2400 0943 38       		.byte	56
 2401 0944 00       		.byte	0
 2402 0945 00       		.byte	0
 2403 0946 28       		.byte	40
 2404 0947 28       		.byte	40
 2405 0948 00       		.byte	0
 2406 0949 00       		.byte	0
 2407 094a 41       		.byte	65
 2408 094b 00       		.byte	0
 2409 094c 23       		.byte	35
 2410 094d 06       		.byte	6
 2411 094e 04       		.byte	4
 2412 094f 00       		.byte	0
 2413 0950 01       		.byte	1
 2414 0951 C0       		.byte	-64
 2415 0952 E0       		.byte	-32
 2416 0953 00       		.byte	0
 2417 0954 0A       		.byte	10
 2418 0955 FF       		.byte	-1
 2419 0956 FF       		.byte	-1
 2420 0957 FF       		.byte	-1
 2421 0958 62       		.byte	98
 2422 0959 A0       		.byte	-96
 2423 095a F0       		.byte	-16
 2424 095b 41       		.byte	65
 2425 095c 0C       		.byte	12
 2426 095d 00       		.byte	0
 2427 095e 00       		.byte	0
 2428 095f 00       		.byte	0
 2429 0960 00       		.byte	0
 2430 0961 00       		.byte	0
 2431 0962 02       		.byte	2
 2432 0963 13       		.byte	19
 2433 0964 04       		.byte	4
 2434 0965 04       		.byte	4
 2435 0966 04       		.byte	4
 2436 0967 04       		.byte	4
 2437 0968 33       		.byte	51
 2438 0969 33       		.byte	51
 2439 096a 00       		.byte	0
 2440 096b 01       		.byte	1
 2441 096c 00       		.byte	0
 2442 096d 00       		.byte	0
 2443 096e 00       		.byte	0
 2444 096f 00       		.byte	0
 2445 0970 00       		.byte	0
 2446 0971 00       		.byte	0
 2447 0972 40       		.byte	64
 2448 0973 02       		.byte	2
 2449 0974 00       		.byte	0
 2450 0975 10       		.byte	16
 2451 0976 30       		.byte	48
ARM GAS  C:\Users\Mattia40\AppData\Local\Temp\cc4PJPnE.s 			page 44


 2452 0977 10       		.byte	16
 2453 0978 00       		.byte	0
 2454 0979 10       		.byte	16
 2455 097a 10       		.byte	16
 2456 097b 12       		.byte	18
 2457 097c 00       		.byte	0
 2458 097d 00       		.byte	0
 2459 097e 00       		.byte	0
 2460 097f 00       		.byte	0
 2461 0980 00       		.byte	0
 2462 0981 00       		.byte	0
 2463 0982 00       		.byte	0
 2464 0983 00       		.byte	0
 2465 0984 00       		.byte	0
 2466 0985 00       		.byte	0
 2467 0986 00       		.byte	0
 2468 0987 00       		.byte	0
 2469 0988 00       		.byte	0
 2470 0989 00       		.byte	0
 2471 098a 00       		.byte	0
 2472 098b 00       		.byte	0
 2473 098c 00       		.byte	0
 2474 098d 60       		.byte	96
 2475 098e 60       		.byte	96
 2476 098f 00       		.byte	0
 2477 0990 60       		.byte	96
 2478 0991 00       		.byte	0
 2479 0992 00       		.byte	0
 2480 0993 00       		.byte	0
 2481 0994 84       		.byte	-124
 2482 0995 00       		.byte	0
 2483 0996 50       		.byte	80
 2484 0997 8C       		.byte	-116
 2485 0998 8C       		.byte	-116
 2486 0999 00       		.byte	0
 2487 099a 8C       		.byte	-116
 2488 099b 00       		.byte	0
 2489 099c 00       		.byte	0
 2490 099d 00       		.byte	0
 2491 099e 00       		.byte	0
 2492 099f 00       		.byte	0
 2493 09a0 80       		.byte	-128
 2494 09a1 00       		.byte	0
 2495 09a2 40       		.byte	64
 2496 09a3 8B       		.byte	-117
 2497 09a4 8B       		.byte	-117
 2498 09a5 00       		.byte	0
 2499 09a6 00       		.byte	0
 2500 09a7 00       		.byte	0
 2501 09a8 00       		.byte	0
 2502 09a9 00       		.byte	0
 2503 09aa 00       		.byte	0
 2504 09ab 00       		.byte	0
 2505 09ac 14       		.byte	20
 2506 09ad 00       		.byte	0
 2507 09ae 01       		.byte	1
 2508 09af 16       		.byte	22
ARM GAS  C:\Users\Mattia40\AppData\Local\Temp\cc4PJPnE.s 			page 45


 2509 09b0 12       		.byte	18
 2510 09b1 00       		.byte	0
 2511 09b2 02       		.byte	2
 2512 09b3 00       		.byte	0
 2513 09b4 00       		.byte	0
 2514 09b5 00       		.byte	0
 2515 09b6 00       		.byte	0
 2516 09b7 00       		.byte	0
 2517 09b8 00       		.byte	0
 2518 09b9 01       		.byte	1
 2519 09ba 01       		.byte	1
 2520 09bb 00       		.byte	0
 2521 09bc 00       		.byte	0
 2522 09bd 00       		.byte	0
 2523 09be 18       		.byte	24
 2524 09bf 00       		.byte	0
 2525 09c0 14       		.byte	20
 2526 09c1 00       		.byte	0
 2527 09c2 18       		.byte	24
 2528 09c3 01       		.byte	1
 2529 09c4 00       		.byte	0
 2530 09c5 0A       		.byte	10
 2531 09c6 00       		.byte	0
 2532 09c7 00       		.byte	0
 2533              		.section	.cywolatch,"a",%progbits
 2534              		.align	2
 2535              		.type	cy_meta_wonvl, %object
 2536              		.size	cy_meta_wonvl, 4
 2537              	cy_meta_wonvl:
 2538 0000 BC       		.byte	-68
 2539 0001 90       		.byte	-112
 2540 0002 AC       		.byte	-84
 2541 0003 AF       		.byte	-81
 2542              		.section	.cycustnvl,"a",%progbits
 2543              		.align	2
 2544              		.type	cy_meta_custnvl, %object
 2545              		.size	cy_meta_custnvl, 4
 2546              	cy_meta_custnvl:
 2547 0000 00       		.byte	0
 2548 0001 00       		.byte	0
 2549 0002 40       		.byte	64
 2550 0003 05       		.byte	5
 2551              		.section	.cymeta,"a",%progbits
 2552              		.align	2
 2553              		.type	cy_metadata, %object
 2554              		.size	cy_metadata, 12
 2555              	cy_metadata:
 2556 0000 00       		.byte	0
 2557 0001 01       		.byte	1
 2558 0002 2E       		.byte	46
 2559 0003 16       		.byte	22
 2560 0004 10       		.byte	16
 2561 0005 69       		.byte	105
 2562 0006 00       		.byte	0
 2563 0007 01       		.byte	1
 2564 0008 00       		.byte	0
 2565 0009 00       		.byte	0
ARM GAS  C:\Users\Mattia40\AppData\Local\Temp\cc4PJPnE.s 			page 46


 2566 000a 00       		.byte	0
 2567 000b 00       		.byte	0
 2568              		.section	.cyflashprotect,"a",%progbits
 2569              		.align	2
 2570              		.type	cy_meta_flashprotect, %object
 2571              		.size	cy_meta_flashprotect, 256
 2572              	cy_meta_flashprotect:
 2573 0000 00000000 		.space	256
 2573      00000000 
 2573      00000000 
 2573      00000000 
 2573      00000000 
 2574              		.text
 2575              	.Letext0:
 2576              		.file 1 "c:\\program files (x86)\\cypress\\psoc creator\\4.3\\psoc creator\\import\\gnu\\arm\\5.4.
 2577              		.file 2 "c:\\program files (x86)\\cypress\\psoc creator\\4.3\\psoc creator\\import\\gnu\\arm\\5.4.
 2578              		.file 3 "Generated_Source\\PSoC5\\cymetadata.c"
 2579              		.section	.debug_info,"",%progbits
 2580              	.Ldebug_info0:
 2581 0000 35010000 		.4byte	0x135
 2582 0004 0400     		.2byte	0x4
 2583 0006 00000000 		.4byte	.Ldebug_abbrev0
 2584 000a 04       		.byte	0x4
 2585 000b 01       		.uleb128 0x1
 2586 000c 8B000000 		.4byte	.LASF17
 2587 0010 0C       		.byte	0xc
 2588 0011 E5010000 		.4byte	.LASF18
 2589 0015 0A000000 		.4byte	.LASF19
 2590 0019 00000000 		.4byte	.Ldebug_line0
 2591 001d 02       		.uleb128 0x2
 2592 001e 01       		.byte	0x1
 2593 001f 06       		.byte	0x6
 2594 0020 D9010000 		.4byte	.LASF0
 2595 0024 03       		.uleb128 0x3
 2596 0025 00000000 		.4byte	.LASF9
 2597 0029 01       		.byte	0x1
 2598 002a 1D       		.byte	0x1d
 2599 002b 2F000000 		.4byte	0x2f
 2600 002f 02       		.uleb128 0x2
 2601 0030 01       		.byte	0x1
 2602 0031 08       		.byte	0x8
 2603 0032 7D000000 		.4byte	.LASF1
 2604 0036 02       		.uleb128 0x2
 2605 0037 02       		.byte	0x2
 2606 0038 05       		.byte	0x5
 2607 0039 C6010000 		.4byte	.LASF2
 2608 003d 02       		.uleb128 0x2
 2609 003e 02       		.byte	0x2
 2610 003f 07       		.byte	0x7
 2611 0040 2B010000 		.4byte	.LASF3
 2612 0044 02       		.uleb128 0x2
 2613 0045 04       		.byte	0x4
 2614 0046 05       		.byte	0x5
 2615 0047 D0010000 		.4byte	.LASF4
 2616 004b 02       		.uleb128 0x2
 2617 004c 04       		.byte	0x4
 2618 004d 07       		.byte	0x7
ARM GAS  C:\Users\Mattia40\AppData\Local\Temp\cc4PJPnE.s 			page 47


 2619 004e 19010000 		.4byte	.LASF5
 2620 0052 02       		.uleb128 0x2
 2621 0053 08       		.byte	0x8
 2622 0054 05       		.byte	0x5
 2623 0055 B8010000 		.4byte	.LASF6
 2624 0059 02       		.uleb128 0x2
 2625 005a 08       		.byte	0x8
 2626 005b 07       		.byte	0x7
 2627 005c 6D010000 		.4byte	.LASF7
 2628 0060 04       		.uleb128 0x4
 2629 0061 04       		.byte	0x4
 2630 0062 05       		.byte	0x5
 2631 0063 696E7400 		.ascii	"int\000"
 2632 0067 02       		.uleb128 0x2
 2633 0068 04       		.byte	0x4
 2634 0069 07       		.byte	0x7
 2635 006a 60010000 		.4byte	.LASF8
 2636 006e 03       		.uleb128 0x3
 2637 006f 84010000 		.4byte	.LASF10
 2638 0073 02       		.byte	0x2
 2639 0074 18       		.byte	0x18
 2640 0075 24000000 		.4byte	0x24
 2641 0079 05       		.uleb128 0x5
 2642 007a 91000000 		.4byte	0x91
 2643 007e 8A000000 		.4byte	0x8a
 2644 0082 06       		.uleb128 0x6
 2645 0083 8A000000 		.4byte	0x8a
 2646 0087 C709     		.2byte	0x9c7
 2647 0089 00       		.byte	0
 2648 008a 02       		.uleb128 0x2
 2649 008b 04       		.byte	0x4
 2650 008c 07       		.byte	0x7
 2651 008d AF010000 		.4byte	.LASF11
 2652 0091 07       		.uleb128 0x7
 2653 0092 6E000000 		.4byte	0x6e
 2654 0096 08       		.uleb128 0x8
 2655 0097 4E010000 		.4byte	.LASF12
 2656 009b 03       		.byte	0x3
 2657 009c 1F       		.byte	0x1f
 2658 009d A7000000 		.4byte	0xa7
 2659 00a1 05       		.uleb128 0x5
 2660 00a2 03       		.byte	0x3
 2661 00a3 00000000 		.4byte	cy_meta_configecc
 2662 00a7 07       		.uleb128 0x7
 2663 00a8 79000000 		.4byte	0x79
 2664 00ac 05       		.uleb128 0x5
 2665 00ad 91000000 		.4byte	0x91
 2666 00b1 BC000000 		.4byte	0xbc
 2667 00b5 09       		.uleb128 0x9
 2668 00b6 8A000000 		.4byte	0x8a
 2669 00ba 03       		.byte	0x3
 2670 00bb 00       		.byte	0
 2671 00bc 0A       		.uleb128 0xa
 2672 00bd 3E010000 		.4byte	.LASF13
 2673 00c1 03       		.byte	0x3
 2674 00c2 6501     		.2byte	0x165
 2675 00c4 CE000000 		.4byte	0xce
ARM GAS  C:\Users\Mattia40\AppData\Local\Temp\cc4PJPnE.s 			page 48


 2676 00c8 05       		.uleb128 0x5
 2677 00c9 03       		.byte	0x3
 2678 00ca 00000000 		.4byte	cy_meta_custnvl
 2679 00ce 07       		.uleb128 0x7
 2680 00cf AC000000 		.4byte	0xac
 2681 00d3 0A       		.uleb128 0xa
 2682 00d4 A1010000 		.4byte	.LASF14
 2683 00d8 03       		.byte	0x3
 2684 00d9 7301     		.2byte	0x173
 2685 00db E5000000 		.4byte	0xe5
 2686 00df 05       		.uleb128 0x5
 2687 00e0 03       		.byte	0x3
 2688 00e1 00000000 		.4byte	cy_meta_wonvl
 2689 00e5 07       		.uleb128 0x7
 2690 00e6 AC000000 		.4byte	0xac
 2691 00ea 05       		.uleb128 0x5
 2692 00eb 91000000 		.4byte	0x91
 2693 00ef FA000000 		.4byte	0xfa
 2694 00f3 09       		.uleb128 0x9
 2695 00f4 8A000000 		.4byte	0x8a
 2696 00f8 FF       		.byte	0xff
 2697 00f9 00       		.byte	0
 2698 00fa 0A       		.uleb128 0xa
 2699 00fb 8C010000 		.4byte	.LASF15
 2700 00ff 03       		.byte	0x3
 2701 0100 8101     		.2byte	0x181
 2702 0102 0C010000 		.4byte	0x10c
 2703 0106 05       		.uleb128 0x5
 2704 0107 03       		.byte	0x3
 2705 0108 00000000 		.4byte	cy_meta_flashprotect
 2706 010c 07       		.uleb128 0x7
 2707 010d EA000000 		.4byte	0xea
 2708 0111 05       		.uleb128 0x5
 2709 0112 91000000 		.4byte	0x91
 2710 0116 21010000 		.4byte	0x121
 2711 011a 09       		.uleb128 0x9
 2712 011b 8A000000 		.4byte	0x8a
 2713 011f 0B       		.byte	0xb
 2714 0120 00       		.byte	0
 2715 0121 0A       		.uleb128 0xa
 2716 0122 71000000 		.4byte	.LASF16
 2717 0126 03       		.byte	0x3
 2718 0127 AE01     		.2byte	0x1ae
 2719 0129 33010000 		.4byte	0x133
 2720 012d 05       		.uleb128 0x5
 2721 012e 03       		.byte	0x3
 2722 012f 00000000 		.4byte	cy_metadata
 2723 0133 07       		.uleb128 0x7
 2724 0134 11010000 		.4byte	0x111
 2725 0138 00       		.byte	0
 2726              		.section	.debug_abbrev,"",%progbits
 2727              	.Ldebug_abbrev0:
 2728 0000 01       		.uleb128 0x1
 2729 0001 11       		.uleb128 0x11
 2730 0002 01       		.byte	0x1
 2731 0003 25       		.uleb128 0x25
 2732 0004 0E       		.uleb128 0xe
ARM GAS  C:\Users\Mattia40\AppData\Local\Temp\cc4PJPnE.s 			page 49


 2733 0005 13       		.uleb128 0x13
 2734 0006 0B       		.uleb128 0xb
 2735 0007 03       		.uleb128 0x3
 2736 0008 0E       		.uleb128 0xe
 2737 0009 1B       		.uleb128 0x1b
 2738 000a 0E       		.uleb128 0xe
 2739 000b 10       		.uleb128 0x10
 2740 000c 17       		.uleb128 0x17
 2741 000d 00       		.byte	0
 2742 000e 00       		.byte	0
 2743 000f 02       		.uleb128 0x2
 2744 0010 24       		.uleb128 0x24
 2745 0011 00       		.byte	0
 2746 0012 0B       		.uleb128 0xb
 2747 0013 0B       		.uleb128 0xb
 2748 0014 3E       		.uleb128 0x3e
 2749 0015 0B       		.uleb128 0xb
 2750 0016 03       		.uleb128 0x3
 2751 0017 0E       		.uleb128 0xe
 2752 0018 00       		.byte	0
 2753 0019 00       		.byte	0
 2754 001a 03       		.uleb128 0x3
 2755 001b 16       		.uleb128 0x16
 2756 001c 00       		.byte	0
 2757 001d 03       		.uleb128 0x3
 2758 001e 0E       		.uleb128 0xe
 2759 001f 3A       		.uleb128 0x3a
 2760 0020 0B       		.uleb128 0xb
 2761 0021 3B       		.uleb128 0x3b
 2762 0022 0B       		.uleb128 0xb
 2763 0023 49       		.uleb128 0x49
 2764 0024 13       		.uleb128 0x13
 2765 0025 00       		.byte	0
 2766 0026 00       		.byte	0
 2767 0027 04       		.uleb128 0x4
 2768 0028 24       		.uleb128 0x24
 2769 0029 00       		.byte	0
 2770 002a 0B       		.uleb128 0xb
 2771 002b 0B       		.uleb128 0xb
 2772 002c 3E       		.uleb128 0x3e
 2773 002d 0B       		.uleb128 0xb
 2774 002e 03       		.uleb128 0x3
 2775 002f 08       		.uleb128 0x8
 2776 0030 00       		.byte	0
 2777 0031 00       		.byte	0
 2778 0032 05       		.uleb128 0x5
 2779 0033 01       		.uleb128 0x1
 2780 0034 01       		.byte	0x1
 2781 0035 49       		.uleb128 0x49
 2782 0036 13       		.uleb128 0x13
 2783 0037 01       		.uleb128 0x1
 2784 0038 13       		.uleb128 0x13
 2785 0039 00       		.byte	0
 2786 003a 00       		.byte	0
 2787 003b 06       		.uleb128 0x6
 2788 003c 21       		.uleb128 0x21
 2789 003d 00       		.byte	0
ARM GAS  C:\Users\Mattia40\AppData\Local\Temp\cc4PJPnE.s 			page 50


 2790 003e 49       		.uleb128 0x49
 2791 003f 13       		.uleb128 0x13
 2792 0040 2F       		.uleb128 0x2f
 2793 0041 05       		.uleb128 0x5
 2794 0042 00       		.byte	0
 2795 0043 00       		.byte	0
 2796 0044 07       		.uleb128 0x7
 2797 0045 26       		.uleb128 0x26
 2798 0046 00       		.byte	0
 2799 0047 49       		.uleb128 0x49
 2800 0048 13       		.uleb128 0x13
 2801 0049 00       		.byte	0
 2802 004a 00       		.byte	0
 2803 004b 08       		.uleb128 0x8
 2804 004c 34       		.uleb128 0x34
 2805 004d 00       		.byte	0
 2806 004e 03       		.uleb128 0x3
 2807 004f 0E       		.uleb128 0xe
 2808 0050 3A       		.uleb128 0x3a
 2809 0051 0B       		.uleb128 0xb
 2810 0052 3B       		.uleb128 0x3b
 2811 0053 0B       		.uleb128 0xb
 2812 0054 49       		.uleb128 0x49
 2813 0055 13       		.uleb128 0x13
 2814 0056 3F       		.uleb128 0x3f
 2815 0057 19       		.uleb128 0x19
 2816 0058 02       		.uleb128 0x2
 2817 0059 18       		.uleb128 0x18
 2818 005a 00       		.byte	0
 2819 005b 00       		.byte	0
 2820 005c 09       		.uleb128 0x9
 2821 005d 21       		.uleb128 0x21
 2822 005e 00       		.byte	0
 2823 005f 49       		.uleb128 0x49
 2824 0060 13       		.uleb128 0x13
 2825 0061 2F       		.uleb128 0x2f
 2826 0062 0B       		.uleb128 0xb
 2827 0063 00       		.byte	0
 2828 0064 00       		.byte	0
 2829 0065 0A       		.uleb128 0xa
 2830 0066 34       		.uleb128 0x34
 2831 0067 00       		.byte	0
 2832 0068 03       		.uleb128 0x3
 2833 0069 0E       		.uleb128 0xe
 2834 006a 3A       		.uleb128 0x3a
 2835 006b 0B       		.uleb128 0xb
 2836 006c 3B       		.uleb128 0x3b
 2837 006d 05       		.uleb128 0x5
 2838 006e 49       		.uleb128 0x49
 2839 006f 13       		.uleb128 0x13
 2840 0070 3F       		.uleb128 0x3f
 2841 0071 19       		.uleb128 0x19
 2842 0072 02       		.uleb128 0x2
 2843 0073 18       		.uleb128 0x18
 2844 0074 00       		.byte	0
 2845 0075 00       		.byte	0
 2846 0076 00       		.byte	0
ARM GAS  C:\Users\Mattia40\AppData\Local\Temp\cc4PJPnE.s 			page 51


 2847              		.section	.debug_aranges,"",%progbits
 2848 0000 14000000 		.4byte	0x14
 2849 0004 0200     		.2byte	0x2
 2850 0006 00000000 		.4byte	.Ldebug_info0
 2851 000a 04       		.byte	0x4
 2852 000b 00       		.byte	0
 2853 000c 0000     		.2byte	0
 2854 000e 0000     		.2byte	0
 2855 0010 00000000 		.4byte	0
 2856 0014 00000000 		.4byte	0
 2857              		.section	.debug_line,"",%progbits
 2858              	.Ldebug_line0:
 2859 0000 3D010000 		.section	.debug_str,"MS",%progbits,1
 2859      02003701 
 2859      00000201 
 2859      FB0E0D00 
 2859      01010101 
 2860              	.LASF9:
 2861 0000 5F5F7569 		.ascii	"__uint8_t\000"
 2861      6E74385F 
 2861      7400
 2862              	.LASF19:
 2863 000a 433A5C55 		.ascii	"C:\\Users\\Mattia40\\Desktop\\AY1920_II_FINAL_PROJE"
 2863      73657273 
 2863      5C4D6174 
 2863      74696134 
 2863      305C4465 
 2864 0039 43545C47 		.ascii	"CT\\Group_02_Final_Project\\AY1920_II_FINAL_PROJECT"
 2864      726F7570 
 2864      5F30325F 
 2864      46696E61 
 2864      6C5F5072 
 2865 006a 2E637964 		.ascii	".cydsn\000"
 2865      736E00
 2866              	.LASF16:
 2867 0071 63795F6D 		.ascii	"cy_metadata\000"
 2867      65746164 
 2867      61746100 
 2868              	.LASF1:
 2869 007d 756E7369 		.ascii	"unsigned char\000"
 2869      676E6564 
 2869      20636861 
 2869      7200
 2870              	.LASF17:
 2871 008b 474E5520 		.ascii	"GNU C11 5.4.1 20160609 (release) [ARM/embedded-5-br"
 2871      43313120 
 2871      352E342E 
 2871      31203230 
 2871      31363036 
 2872 00be 616E6368 		.ascii	"anch revision 237715] -mcpu=cortex-m3 -mthumb -g -O"
 2872      20726576 
 2872      6973696F 
 2872      6E203233 
 2872      37373135 
 2873 00f1 67202D66 		.ascii	"g -ffunction-sections -ffat-lto-objects\000"
 2873      66756E63 
 2873      74696F6E 
ARM GAS  C:\Users\Mattia40\AppData\Local\Temp\cc4PJPnE.s 			page 52


 2873      2D736563 
 2873      74696F6E 
 2874              	.LASF5:
 2875 0119 6C6F6E67 		.ascii	"long unsigned int\000"
 2875      20756E73 
 2875      69676E65 
 2875      6420696E 
 2875      7400
 2876              	.LASF3:
 2877 012b 73686F72 		.ascii	"short unsigned int\000"
 2877      7420756E 
 2877      7369676E 
 2877      65642069 
 2877      6E7400
 2878              	.LASF13:
 2879 013e 63795F6D 		.ascii	"cy_meta_custnvl\000"
 2879      6574615F 
 2879      63757374 
 2879      6E766C00 
 2880              	.LASF12:
 2881 014e 63795F6D 		.ascii	"cy_meta_configecc\000"
 2881      6574615F 
 2881      636F6E66 
 2881      69676563 
 2881      6300
 2882              	.LASF8:
 2883 0160 756E7369 		.ascii	"unsigned int\000"
 2883      676E6564 
 2883      20696E74 
 2883      00
 2884              	.LASF7:
 2885 016d 6C6F6E67 		.ascii	"long long unsigned int\000"
 2885      206C6F6E 
 2885      6720756E 
 2885      7369676E 
 2885      65642069 
 2886              	.LASF10:
 2887 0184 75696E74 		.ascii	"uint8_t\000"
 2887      385F7400 
 2888              	.LASF15:
 2889 018c 63795F6D 		.ascii	"cy_meta_flashprotect\000"
 2889      6574615F 
 2889      666C6173 
 2889      6870726F 
 2889      74656374 
 2890              	.LASF14:
 2891 01a1 63795F6D 		.ascii	"cy_meta_wonvl\000"
 2891      6574615F 
 2891      776F6E76 
 2891      6C00
 2892              	.LASF11:
 2893 01af 73697A65 		.ascii	"sizetype\000"
 2893      74797065 
 2893      00
 2894              	.LASF6:
 2895 01b8 6C6F6E67 		.ascii	"long long int\000"
 2895      206C6F6E 
ARM GAS  C:\Users\Mattia40\AppData\Local\Temp\cc4PJPnE.s 			page 53


 2895      6720696E 
 2895      7400
 2896              	.LASF2:
 2897 01c6 73686F72 		.ascii	"short int\000"
 2897      7420696E 
 2897      7400
 2898              	.LASF4:
 2899 01d0 6C6F6E67 		.ascii	"long int\000"
 2899      20696E74 
 2899      00
 2900              	.LASF0:
 2901 01d9 7369676E 		.ascii	"signed char\000"
 2901      65642063 
 2901      68617200 
 2902              	.LASF18:
 2903 01e5 47656E65 		.ascii	"Generated_Source\\PSoC5\\cymetadata.c\000"
 2903      72617465 
 2903      645F536F 
 2903      75726365 
 2903      5C50536F 
 2904              		.ident	"GCC: (GNU Tools for ARM Embedded Processors) 5.4.1 20160609 (release) [ARM/embedded-5-bran
