ARM GAS  C:\Users\Mattia40\AppData\Local\Temp\cc9Et0ud.s 			page 1


   1              		.syntax unified
   2              		.cpu cortex-m3
   3              		.fpu softvfp
   4              		.eabi_attribute 20, 1
   5              		.eabi_attribute 21, 1
   6              		.eabi_attribute 23, 3
   7              		.eabi_attribute 24, 1
   8              		.eabi_attribute 25, 1
   9              		.eabi_attribute 26, 1
  10              		.eabi_attribute 30, 1
  11              		.eabi_attribute 34, 1
  12              		.eabi_attribute 18, 4
  13              		.thumb
  14              		.syntax unified
  15              		.file	"DMARoutines.c"
  16              		.text
  17              	.Ltext0:
  18              		.cfi_sections	.debug_frame
  19              		.section	.text.DMA_Config,"ax",%progbits
  20              		.align	2
  21              		.global	DMA_Config
  22              		.thumb
  23              		.thumb_func
  24              		.type	DMA_Config, %function
  25              	DMA_Config:
  26              	.LFB64:
  27              		.file 1 "DMARoutines.c"
   1:DMARoutines.c **** /* ========================================
   2:DMARoutines.c ****  *
   3:DMARoutines.c ****  * Copyright YOUR COMPANY, THE YEAR
   4:DMARoutines.c ****  * All Rights Reserved
   5:DMARoutines.c ****  * UNPUBLISHED, LICENSED SOFTWARE.
   6:DMARoutines.c ****  *
   7:DMARoutines.c ****  * CONFIDENTIAL AND PROPRIETARY INFORMATION
   8:DMARoutines.c ****  * WHICH IS THE PROPERTY OF your company.
   9:DMARoutines.c ****  *
  10:DMARoutines.c ****  * ========================================
  11:DMARoutines.c **** */
  12:DMARoutines.c **** 
  13:DMARoutines.c **** #include "DMARoutines.h"
  14:DMARoutines.c **** 
  15:DMARoutines.c **** // Used in InterruptRoutines.c
  16:DMARoutines.c **** uint8 DMA_Chan;
  17:DMARoutines.c **** 
  18:DMARoutines.c **** void DMA_Config(void){
  28              		.loc 1 18 0
  29              		.cfi_startproc
  30              		@ args = 0, pretend = 0, frame = 0
  31              		@ frame_needed = 0, uses_anonymous_args = 0
  32 0000 38B5     		push	{r3, r4, r5, lr}
  33              		.cfi_def_cfa_offset 16
  34              		.cfi_offset 3, -16
  35              		.cfi_offset 4, -12
  36              		.cfi_offset 5, -8
  37              		.cfi_offset 14, -4
  19:DMARoutines.c ****     
  20:DMARoutines.c ****     /* Variable declarations for DMA */
ARM GAS  C:\Users\Mattia40\AppData\Local\Temp\cc9Et0ud.s 			page 2


  21:DMARoutines.c ****     /* Move these variable declarations to the top of the function */
  22:DMARoutines.c ****     uint8 DMA_Chan;
  23:DMARoutines.c ****     uint8 DMA_TD[1];
  24:DMARoutines.c **** 
  25:DMARoutines.c ****     /* DMA Configuration for DMA */
  26:DMARoutines.c ****     DMA_Chan = DMA_DmaInitialize(DMA_BYTES_PER_BURST, DMA_REQUEST_PER_BURST, 
  38              		.loc 1 26 0
  39 0002 41F6FF73 		movw	r3, #8191
  40 0006 4FF48042 		mov	r2, #16384
  41 000a 0121     		movs	r1, #1
  42 000c 0220     		movs	r0, #2
  43 000e FFF7FEFF 		bl	DMA_DmaInitialize
  44              	.LVL0:
  45 0012 0546     		mov	r5, r0
  46              	.LVL1:
  27:DMARoutines.c ****         HI16(DMA_SRC_BASE), HI16(DMA_DST_BASE));
  28:DMARoutines.c ****     DMA_TD[0] = CyDmaTdAllocate();
  47              		.loc 1 28 0
  48 0014 FFF7FEFF 		bl	CyDmaTdAllocate
  49              	.LVL2:
  50 0018 0446     		mov	r4, r0
  29:DMARoutines.c ****     CyDmaTdSetConfiguration(DMA_TD[0], 64, DMA_TD[0], DMA__TD_TERMOUT_EN | CY_DMA_TD_INC_DST_ADR);
  51              		.loc 1 29 0
  52 001a 0623     		movs	r3, #6
  53 001c 0246     		mov	r2, r0
  54 001e 4021     		movs	r1, #64
  55 0020 FFF7FEFF 		bl	CyDmaTdSetConfiguration
  56              	.LVL3:
  30:DMARoutines.c ****     CyDmaTdSetAddress(DMA_TD[0], LO16((uint32)ADC_DelSig_DEC_SAMP_PTR), LO16((uint32)ADCBuffer));
  57              		.loc 1 30 0
  58 0024 074A     		ldr	r2, .L3
  59 0026 92B2     		uxth	r2, r2
  60 0028 44F61061 		movw	r1, #19984
  61 002c 2046     		mov	r0, r4
  62 002e FFF7FEFF 		bl	CyDmaTdSetAddress
  63              	.LVL4:
  31:DMARoutines.c ****     CyDmaChSetInitialTd(DMA_Chan, DMA_TD[0]);
  64              		.loc 1 31 0
  65 0032 2146     		mov	r1, r4
  66 0034 2846     		mov	r0, r5
  67 0036 FFF7FEFF 		bl	CyDmaChSetInitialTd
  68              	.LVL5:
  32:DMARoutines.c ****     CyDmaChEnable(DMA_Chan, 1);
  69              		.loc 1 32 0
  70 003a 0121     		movs	r1, #1
  71 003c 2846     		mov	r0, r5
  72 003e FFF7FEFF 		bl	CyDmaChEnable
  73              	.LVL6:
  74 0042 38BD     		pop	{r3, r4, r5, pc}
  75              	.LVL7:
  76              	.L4:
  77              		.align	2
  78              	.L3:
  79 0044 00000000 		.word	ADCBuffer
  80              		.cfi_endproc
  81              	.LFE64:
  82              		.size	DMA_Config, .-DMA_Config
ARM GAS  C:\Users\Mattia40\AppData\Local\Temp\cc9Et0ud.s 			page 3


  83              		.comm	DMA_Chan,1,1
  84              		.comm	ADCBuffer,64,4
  85              		.text
  86              	.Letext0:
  87              		.file 2 "c:\\program files (x86)\\cypress\\psoc creator\\4.3\\psoc creator\\import\\gnu\\arm\\5.4.
  88              		.file 3 "c:\\program files (x86)\\cypress\\psoc creator\\4.3\\psoc creator\\import\\gnu\\arm\\5.4.
  89              		.file 4 "Generated_Source\\PSoC5/cytypes.h"
  90              		.file 5 "Generated_Source\\PSoC5/core_cm3.h"
  91              		.file 6 "DMARoutines.h"
  92              		.file 7 "Generated_Source\\PSoC5/DMA_dma.h"
  93              		.file 8 "Generated_Source\\PSoC5/CYDMAC.H"
  94              		.section	.debug_info,"",%progbits
  95              	.Ldebug_info0:
  96 0000 58020000 		.4byte	0x258
  97 0004 0400     		.2byte	0x4
  98 0006 00000000 		.4byte	.Ldebug_abbrev0
  99 000a 04       		.byte	0x4
 100 000b 01       		.uleb128 0x1
 101 000c E9000000 		.4byte	.LASF31
 102 0010 0C       		.byte	0xc
 103 0011 39020000 		.4byte	.LASF32
 104 0015 11000000 		.4byte	.LASF33
 105 0019 00000000 		.4byte	.Ldebug_ranges0+0
 106 001d 00000000 		.4byte	0
 107 0021 00000000 		.4byte	.Ldebug_line0
 108 0025 02       		.uleb128 0x2
 109 0026 01       		.byte	0x1
 110 0027 06       		.byte	0x6
 111 0028 7F020000 		.4byte	.LASF0
 112 002c 03       		.uleb128 0x3
 113 002d 00000000 		.4byte	.LASF4
 114 0031 02       		.byte	0x2
 115 0032 1D       		.byte	0x1d
 116 0033 37000000 		.4byte	0x37
 117 0037 02       		.uleb128 0x2
 118 0038 01       		.byte	0x1
 119 0039 08       		.byte	0x8
 120 003a DB000000 		.4byte	.LASF1
 121 003e 02       		.uleb128 0x2
 122 003f 02       		.byte	0x2
 123 0040 05       		.byte	0x5
 124 0041 5A020000 		.4byte	.LASF2
 125 0045 02       		.uleb128 0x2
 126 0046 02       		.byte	0x2
 127 0047 07       		.byte	0x7
 128 0048 A6010000 		.4byte	.LASF3
 129 004c 03       		.uleb128 0x3
 130 004d 78000000 		.4byte	.LASF5
 131 0051 02       		.byte	0x2
 132 0052 3F       		.byte	0x3f
 133 0053 57000000 		.4byte	0x57
 134 0057 02       		.uleb128 0x2
 135 0058 04       		.byte	0x4
 136 0059 05       		.byte	0x5
 137 005a 6A020000 		.4byte	.LASF6
 138 005e 02       		.uleb128 0x2
 139 005f 04       		.byte	0x4
ARM GAS  C:\Users\Mattia40\AppData\Local\Temp\cc9Et0ud.s 			page 4


 140 0060 07       		.byte	0x7
 141 0061 94010000 		.4byte	.LASF7
 142 0065 02       		.uleb128 0x2
 143 0066 08       		.byte	0x8
 144 0067 05       		.byte	0x5
 145 0068 47020000 		.4byte	.LASF8
 146 006c 02       		.uleb128 0x2
 147 006d 08       		.byte	0x8
 148 006e 07       		.byte	0x7
 149 006f FF010000 		.4byte	.LASF9
 150 0073 04       		.uleb128 0x4
 151 0074 04       		.byte	0x4
 152 0075 05       		.byte	0x5
 153 0076 696E7400 		.ascii	"int\000"
 154 007a 02       		.uleb128 0x2
 155 007b 04       		.byte	0x4
 156 007c 07       		.byte	0x7
 157 007d F2010000 		.4byte	.LASF10
 158 0081 03       		.uleb128 0x3
 159 0082 16020000 		.4byte	.LASF11
 160 0086 03       		.byte	0x3
 161 0087 18       		.byte	0x18
 162 0088 2C000000 		.4byte	0x2c
 163 008c 03       		.uleb128 0x3
 164 008d 28020000 		.4byte	.LASF12
 165 0091 03       		.byte	0x3
 166 0092 2C       		.byte	0x2c
 167 0093 4C000000 		.4byte	0x4c
 168 0097 05       		.uleb128 0x5
 169 0098 64020000 		.4byte	.LASF13
 170 009c 04       		.byte	0x4
 171 009d E401     		.2byte	0x1e4
 172 009f 37000000 		.4byte	0x37
 173 00a3 05       		.uleb128 0x5
 174 00a4 DB010000 		.4byte	.LASF14
 175 00a8 04       		.byte	0x4
 176 00a9 E501     		.2byte	0x1e5
 177 00ab 45000000 		.4byte	0x45
 178 00af 05       		.uleb128 0x5
 179 00b0 EB010000 		.4byte	.LASF15
 180 00b4 04       		.byte	0x4
 181 00b5 E601     		.2byte	0x1e6
 182 00b7 5E000000 		.4byte	0x5e
 183 00bb 02       		.uleb128 0x2
 184 00bc 04       		.byte	0x4
 185 00bd 04       		.byte	0x4
 186 00be D5000000 		.4byte	.LASF16
 187 00c2 02       		.uleb128 0x2
 188 00c3 08       		.byte	0x8
 189 00c4 04       		.byte	0x4
 190 00c5 C6010000 		.4byte	.LASF17
 191 00c9 02       		.uleb128 0x2
 192 00ca 01       		.byte	0x1
 193 00cb 08       		.byte	0x8
 194 00cc 55020000 		.4byte	.LASF18
 195 00d0 05       		.uleb128 0x5
 196 00d1 77010000 		.4byte	.LASF19
ARM GAS  C:\Users\Mattia40\AppData\Local\Temp\cc9Et0ud.s 			page 5


 197 00d5 04       		.byte	0x4
 198 00d6 8E02     		.2byte	0x28e
 199 00d8 DC000000 		.4byte	0xdc
 200 00dc 06       		.uleb128 0x6
 201 00dd 97000000 		.4byte	0x97
 202 00e1 02       		.uleb128 0x2
 203 00e2 08       		.byte	0x8
 204 00e3 04       		.byte	0x4
 205 00e4 73020000 		.4byte	.LASF20
 206 00e8 02       		.uleb128 0x2
 207 00e9 04       		.byte	0x4
 208 00ea 07       		.byte	0x7
 209 00eb 30020000 		.4byte	.LASF21
 210 00ef 07       		.uleb128 0x7
 211 00f0 BA000000 		.4byte	.LASF34
 212 00f4 01       		.byte	0x1
 213 00f5 12       		.byte	0x12
 214 00f6 00000000 		.4byte	.LFB64
 215 00fa 48000000 		.4byte	.LFE64-.LFB64
 216 00fe 01       		.uleb128 0x1
 217 00ff 9C       		.byte	0x9c
 218 0100 C6010000 		.4byte	0x1c6
 219 0104 08       		.uleb128 0x8
 220 0105 E2010000 		.4byte	.LASF24
 221 0109 01       		.byte	0x1
 222 010a 16       		.byte	0x16
 223 010b 97000000 		.4byte	0x97
 224 010f 00000000 		.4byte	.LLST0
 225 0113 09       		.uleb128 0x9
 226 0114 0A000000 		.4byte	.LASF35
 227 0118 01       		.byte	0x1
 228 0119 17       		.byte	0x17
 229 011a C6010000 		.4byte	0x1c6
 230 011e 0A       		.uleb128 0xa
 231 011f 12000000 		.4byte	.LVL0
 232 0123 19020000 		.4byte	0x219
 233 0127 44010000 		.4byte	0x144
 234 012b 0B       		.uleb128 0xb
 235 012c 01       		.uleb128 0x1
 236 012d 50       		.byte	0x50
 237 012e 01       		.uleb128 0x1
 238 012f 32       		.byte	0x32
 239 0130 0B       		.uleb128 0xb
 240 0131 01       		.uleb128 0x1
 241 0132 51       		.byte	0x51
 242 0133 01       		.uleb128 0x1
 243 0134 31       		.byte	0x31
 244 0135 0B       		.uleb128 0xb
 245 0136 01       		.uleb128 0x1
 246 0137 52       		.byte	0x52
 247 0138 03       		.uleb128 0x3
 248 0139 0A       		.byte	0xa
 249 013a 0040     		.2byte	0x4000
 250 013c 0B       		.uleb128 0xb
 251 013d 01       		.uleb128 0x1
 252 013e 53       		.byte	0x53
 253 013f 03       		.uleb128 0x3
ARM GAS  C:\Users\Mattia40\AppData\Local\Temp\cc9Et0ud.s 			page 6


 254 0140 0A       		.byte	0xa
 255 0141 FF1F     		.2byte	0x1fff
 256 0143 00       		.byte	0
 257 0144 0C       		.uleb128 0xc
 258 0145 18000000 		.4byte	.LVL2
 259 0149 24020000 		.4byte	0x224
 260 014d 0A       		.uleb128 0xa
 261 014e 24000000 		.4byte	.LVL3
 262 0152 2F020000 		.4byte	0x22f
 263 0156 72010000 		.4byte	0x172
 264 015a 0B       		.uleb128 0xb
 265 015b 01       		.uleb128 0x1
 266 015c 50       		.byte	0x50
 267 015d 02       		.uleb128 0x2
 268 015e 74       		.byte	0x74
 269 015f 00       		.sleb128 0
 270 0160 0B       		.uleb128 0xb
 271 0161 01       		.uleb128 0x1
 272 0162 51       		.byte	0x51
 273 0163 02       		.uleb128 0x2
 274 0164 08       		.byte	0x8
 275 0165 40       		.byte	0x40
 276 0166 0B       		.uleb128 0xb
 277 0167 01       		.uleb128 0x1
 278 0168 52       		.byte	0x52
 279 0169 02       		.uleb128 0x2
 280 016a 74       		.byte	0x74
 281 016b 00       		.sleb128 0
 282 016c 0B       		.uleb128 0xb
 283 016d 01       		.uleb128 0x1
 284 016e 53       		.byte	0x53
 285 016f 01       		.uleb128 0x1
 286 0170 36       		.byte	0x36
 287 0171 00       		.byte	0
 288 0172 0A       		.uleb128 0xa
 289 0173 32000000 		.4byte	.LVL4
 290 0177 3A020000 		.4byte	0x23a
 291 017b 96010000 		.4byte	0x196
 292 017f 0B       		.uleb128 0xb
 293 0180 01       		.uleb128 0x1
 294 0181 50       		.byte	0x50
 295 0182 02       		.uleb128 0x2
 296 0183 74       		.byte	0x74
 297 0184 00       		.sleb128 0
 298 0185 0B       		.uleb128 0xb
 299 0186 01       		.uleb128 0x1
 300 0187 51       		.byte	0x51
 301 0188 03       		.uleb128 0x3
 302 0189 0A       		.byte	0xa
 303 018a 104E     		.2byte	0x4e10
 304 018c 0B       		.uleb128 0xb
 305 018d 01       		.uleb128 0x1
 306 018e 52       		.byte	0x52
 307 018f 05       		.uleb128 0x5
 308 0190 03       		.byte	0x3
 309 0191 00000000 		.4byte	ADCBuffer
 310 0195 00       		.byte	0
ARM GAS  C:\Users\Mattia40\AppData\Local\Temp\cc9Et0ud.s 			page 7


 311 0196 0A       		.uleb128 0xa
 312 0197 3A000000 		.4byte	.LVL5
 313 019b 45020000 		.4byte	0x245
 314 019f B0010000 		.4byte	0x1b0
 315 01a3 0B       		.uleb128 0xb
 316 01a4 01       		.uleb128 0x1
 317 01a5 50       		.byte	0x50
 318 01a6 02       		.uleb128 0x2
 319 01a7 75       		.byte	0x75
 320 01a8 00       		.sleb128 0
 321 01a9 0B       		.uleb128 0xb
 322 01aa 01       		.uleb128 0x1
 323 01ab 51       		.byte	0x51
 324 01ac 02       		.uleb128 0x2
 325 01ad 74       		.byte	0x74
 326 01ae 00       		.sleb128 0
 327 01af 00       		.byte	0
 328 01b0 0D       		.uleb128 0xd
 329 01b1 42000000 		.4byte	.LVL6
 330 01b5 50020000 		.4byte	0x250
 331 01b9 0B       		.uleb128 0xb
 332 01ba 01       		.uleb128 0x1
 333 01bb 50       		.byte	0x50
 334 01bc 02       		.uleb128 0x2
 335 01bd 75       		.byte	0x75
 336 01be 00       		.sleb128 0
 337 01bf 0B       		.uleb128 0xb
 338 01c0 01       		.uleb128 0x1
 339 01c1 51       		.byte	0x51
 340 01c2 01       		.uleb128 0x1
 341 01c3 31       		.byte	0x31
 342 01c4 00       		.byte	0
 343 01c5 00       		.byte	0
 344 01c6 0E       		.uleb128 0xe
 345 01c7 97000000 		.4byte	0x97
 346 01cb D6010000 		.4byte	0x1d6
 347 01cf 0F       		.uleb128 0xf
 348 01d0 E8000000 		.4byte	0xe8
 349 01d4 00       		.byte	0
 350 01d5 00       		.byte	0
 351 01d6 10       		.uleb128 0x10
 352 01d7 B9010000 		.4byte	.LASF22
 353 01db 05       		.byte	0x5
 354 01dc 1207     		.2byte	0x712
 355 01de E2010000 		.4byte	0x1e2
 356 01e2 06       		.uleb128 0x6
 357 01e3 8C000000 		.4byte	0x8c
 358 01e7 0E       		.uleb128 0xe
 359 01e8 81000000 		.4byte	0x81
 360 01ec F7010000 		.4byte	0x1f7
 361 01f0 0F       		.uleb128 0xf
 362 01f1 E8000000 		.4byte	0xe8
 363 01f5 3F       		.byte	0x3f
 364 01f6 00       		.byte	0
 365 01f7 11       		.uleb128 0x11
 366 01f8 1E020000 		.4byte	.LASF23
 367 01fc 06       		.byte	0x6
ARM GAS  C:\Users\Mattia40\AppData\Local\Temp\cc9Et0ud.s 			page 8


 368 01fd 1D       		.byte	0x1d
 369 01fe E7010000 		.4byte	0x1e7
 370 0202 05       		.uleb128 0x5
 371 0203 03       		.byte	0x3
 372 0204 00000000 		.4byte	ADCBuffer
 373 0208 11       		.uleb128 0x11
 374 0209 E2010000 		.4byte	.LASF24
 375 020d 01       		.byte	0x1
 376 020e 10       		.byte	0x10
 377 020f 97000000 		.4byte	0x97
 378 0213 05       		.uleb128 0x5
 379 0214 03       		.byte	0x3
 380 0215 00000000 		.4byte	DMA_Chan
 381 0219 12       		.uleb128 0x12
 382 021a 94000000 		.4byte	.LASF25
 383 021e 94000000 		.4byte	.LASF25
 384 0222 07       		.byte	0x7
 385 0223 1E       		.byte	0x1e
 386 0224 12       		.uleb128 0x12
 387 0225 C5000000 		.4byte	.LASF26
 388 0229 C5000000 		.4byte	.LASF26
 389 022d 08       		.byte	0x8
 390 022e 38       		.byte	0x38
 391 022f 12       		.uleb128 0x12
 392 0230 7C010000 		.4byte	.LASF27
 393 0234 7C010000 		.4byte	.LASF27
 394 0238 08       		.byte	0x8
 395 0239 3B       		.byte	0x3b
 396 023a 12       		.uleb128 0x12
 397 023b 82000000 		.4byte	.LASF28
 398 023f 82000000 		.4byte	.LASF28
 399 0243 08       		.byte	0x8
 400 0244 3F       		.byte	0x3f
 401 0245 12       		.uleb128 0x12
 402 0246 A6000000 		.4byte	.LASF29
 403 024a A6000000 		.4byte	.LASF29
 404 024e 08       		.byte	0x8
 405 024f 2F       		.byte	0x2f
 406 0250 12       		.uleb128 0x12
 407 0251 CD010000 		.4byte	.LASF30
 408 0255 CD010000 		.4byte	.LASF30
 409 0259 08       		.byte	0x8
 410 025a 29       		.byte	0x29
 411 025b 00       		.byte	0
 412              		.section	.debug_abbrev,"",%progbits
 413              	.Ldebug_abbrev0:
 414 0000 01       		.uleb128 0x1
 415 0001 11       		.uleb128 0x11
 416 0002 01       		.byte	0x1
 417 0003 25       		.uleb128 0x25
 418 0004 0E       		.uleb128 0xe
 419 0005 13       		.uleb128 0x13
 420 0006 0B       		.uleb128 0xb
 421 0007 03       		.uleb128 0x3
 422 0008 0E       		.uleb128 0xe
 423 0009 1B       		.uleb128 0x1b
 424 000a 0E       		.uleb128 0xe
ARM GAS  C:\Users\Mattia40\AppData\Local\Temp\cc9Et0ud.s 			page 9


 425 000b 55       		.uleb128 0x55
 426 000c 17       		.uleb128 0x17
 427 000d 11       		.uleb128 0x11
 428 000e 01       		.uleb128 0x1
 429 000f 10       		.uleb128 0x10
 430 0010 17       		.uleb128 0x17
 431 0011 00       		.byte	0
 432 0012 00       		.byte	0
 433 0013 02       		.uleb128 0x2
 434 0014 24       		.uleb128 0x24
 435 0015 00       		.byte	0
 436 0016 0B       		.uleb128 0xb
 437 0017 0B       		.uleb128 0xb
 438 0018 3E       		.uleb128 0x3e
 439 0019 0B       		.uleb128 0xb
 440 001a 03       		.uleb128 0x3
 441 001b 0E       		.uleb128 0xe
 442 001c 00       		.byte	0
 443 001d 00       		.byte	0
 444 001e 03       		.uleb128 0x3
 445 001f 16       		.uleb128 0x16
 446 0020 00       		.byte	0
 447 0021 03       		.uleb128 0x3
 448 0022 0E       		.uleb128 0xe
 449 0023 3A       		.uleb128 0x3a
 450 0024 0B       		.uleb128 0xb
 451 0025 3B       		.uleb128 0x3b
 452 0026 0B       		.uleb128 0xb
 453 0027 49       		.uleb128 0x49
 454 0028 13       		.uleb128 0x13
 455 0029 00       		.byte	0
 456 002a 00       		.byte	0
 457 002b 04       		.uleb128 0x4
 458 002c 24       		.uleb128 0x24
 459 002d 00       		.byte	0
 460 002e 0B       		.uleb128 0xb
 461 002f 0B       		.uleb128 0xb
 462 0030 3E       		.uleb128 0x3e
 463 0031 0B       		.uleb128 0xb
 464 0032 03       		.uleb128 0x3
 465 0033 08       		.uleb128 0x8
 466 0034 00       		.byte	0
 467 0035 00       		.byte	0
 468 0036 05       		.uleb128 0x5
 469 0037 16       		.uleb128 0x16
 470 0038 00       		.byte	0
 471 0039 03       		.uleb128 0x3
 472 003a 0E       		.uleb128 0xe
 473 003b 3A       		.uleb128 0x3a
 474 003c 0B       		.uleb128 0xb
 475 003d 3B       		.uleb128 0x3b
 476 003e 05       		.uleb128 0x5
 477 003f 49       		.uleb128 0x49
 478 0040 13       		.uleb128 0x13
 479 0041 00       		.byte	0
 480 0042 00       		.byte	0
 481 0043 06       		.uleb128 0x6
ARM GAS  C:\Users\Mattia40\AppData\Local\Temp\cc9Et0ud.s 			page 10


 482 0044 35       		.uleb128 0x35
 483 0045 00       		.byte	0
 484 0046 49       		.uleb128 0x49
 485 0047 13       		.uleb128 0x13
 486 0048 00       		.byte	0
 487 0049 00       		.byte	0
 488 004a 07       		.uleb128 0x7
 489 004b 2E       		.uleb128 0x2e
 490 004c 01       		.byte	0x1
 491 004d 3F       		.uleb128 0x3f
 492 004e 19       		.uleb128 0x19
 493 004f 03       		.uleb128 0x3
 494 0050 0E       		.uleb128 0xe
 495 0051 3A       		.uleb128 0x3a
 496 0052 0B       		.uleb128 0xb
 497 0053 3B       		.uleb128 0x3b
 498 0054 0B       		.uleb128 0xb
 499 0055 27       		.uleb128 0x27
 500 0056 19       		.uleb128 0x19
 501 0057 11       		.uleb128 0x11
 502 0058 01       		.uleb128 0x1
 503 0059 12       		.uleb128 0x12
 504 005a 06       		.uleb128 0x6
 505 005b 40       		.uleb128 0x40
 506 005c 18       		.uleb128 0x18
 507 005d 9742     		.uleb128 0x2117
 508 005f 19       		.uleb128 0x19
 509 0060 01       		.uleb128 0x1
 510 0061 13       		.uleb128 0x13
 511 0062 00       		.byte	0
 512 0063 00       		.byte	0
 513 0064 08       		.uleb128 0x8
 514 0065 34       		.uleb128 0x34
 515 0066 00       		.byte	0
 516 0067 03       		.uleb128 0x3
 517 0068 0E       		.uleb128 0xe
 518 0069 3A       		.uleb128 0x3a
 519 006a 0B       		.uleb128 0xb
 520 006b 3B       		.uleb128 0x3b
 521 006c 0B       		.uleb128 0xb
 522 006d 49       		.uleb128 0x49
 523 006e 13       		.uleb128 0x13
 524 006f 02       		.uleb128 0x2
 525 0070 17       		.uleb128 0x17
 526 0071 00       		.byte	0
 527 0072 00       		.byte	0
 528 0073 09       		.uleb128 0x9
 529 0074 34       		.uleb128 0x34
 530 0075 00       		.byte	0
 531 0076 03       		.uleb128 0x3
 532 0077 0E       		.uleb128 0xe
 533 0078 3A       		.uleb128 0x3a
 534 0079 0B       		.uleb128 0xb
 535 007a 3B       		.uleb128 0x3b
 536 007b 0B       		.uleb128 0xb
 537 007c 49       		.uleb128 0x49
 538 007d 13       		.uleb128 0x13
ARM GAS  C:\Users\Mattia40\AppData\Local\Temp\cc9Et0ud.s 			page 11


 539 007e 00       		.byte	0
 540 007f 00       		.byte	0
 541 0080 0A       		.uleb128 0xa
 542 0081 898201   		.uleb128 0x4109
 543 0084 01       		.byte	0x1
 544 0085 11       		.uleb128 0x11
 545 0086 01       		.uleb128 0x1
 546 0087 31       		.uleb128 0x31
 547 0088 13       		.uleb128 0x13
 548 0089 01       		.uleb128 0x1
 549 008a 13       		.uleb128 0x13
 550 008b 00       		.byte	0
 551 008c 00       		.byte	0
 552 008d 0B       		.uleb128 0xb
 553 008e 8A8201   		.uleb128 0x410a
 554 0091 00       		.byte	0
 555 0092 02       		.uleb128 0x2
 556 0093 18       		.uleb128 0x18
 557 0094 9142     		.uleb128 0x2111
 558 0096 18       		.uleb128 0x18
 559 0097 00       		.byte	0
 560 0098 00       		.byte	0
 561 0099 0C       		.uleb128 0xc
 562 009a 898201   		.uleb128 0x4109
 563 009d 00       		.byte	0
 564 009e 11       		.uleb128 0x11
 565 009f 01       		.uleb128 0x1
 566 00a0 31       		.uleb128 0x31
 567 00a1 13       		.uleb128 0x13
 568 00a2 00       		.byte	0
 569 00a3 00       		.byte	0
 570 00a4 0D       		.uleb128 0xd
 571 00a5 898201   		.uleb128 0x4109
 572 00a8 01       		.byte	0x1
 573 00a9 11       		.uleb128 0x11
 574 00aa 01       		.uleb128 0x1
 575 00ab 31       		.uleb128 0x31
 576 00ac 13       		.uleb128 0x13
 577 00ad 00       		.byte	0
 578 00ae 00       		.byte	0
 579 00af 0E       		.uleb128 0xe
 580 00b0 01       		.uleb128 0x1
 581 00b1 01       		.byte	0x1
 582 00b2 49       		.uleb128 0x49
 583 00b3 13       		.uleb128 0x13
 584 00b4 01       		.uleb128 0x1
 585 00b5 13       		.uleb128 0x13
 586 00b6 00       		.byte	0
 587 00b7 00       		.byte	0
 588 00b8 0F       		.uleb128 0xf
 589 00b9 21       		.uleb128 0x21
 590 00ba 00       		.byte	0
 591 00bb 49       		.uleb128 0x49
 592 00bc 13       		.uleb128 0x13
 593 00bd 2F       		.uleb128 0x2f
 594 00be 0B       		.uleb128 0xb
 595 00bf 00       		.byte	0
ARM GAS  C:\Users\Mattia40\AppData\Local\Temp\cc9Et0ud.s 			page 12


 596 00c0 00       		.byte	0
 597 00c1 10       		.uleb128 0x10
 598 00c2 34       		.uleb128 0x34
 599 00c3 00       		.byte	0
 600 00c4 03       		.uleb128 0x3
 601 00c5 0E       		.uleb128 0xe
 602 00c6 3A       		.uleb128 0x3a
 603 00c7 0B       		.uleb128 0xb
 604 00c8 3B       		.uleb128 0x3b
 605 00c9 05       		.uleb128 0x5
 606 00ca 49       		.uleb128 0x49
 607 00cb 13       		.uleb128 0x13
 608 00cc 3F       		.uleb128 0x3f
 609 00cd 19       		.uleb128 0x19
 610 00ce 3C       		.uleb128 0x3c
 611 00cf 19       		.uleb128 0x19
 612 00d0 00       		.byte	0
 613 00d1 00       		.byte	0
 614 00d2 11       		.uleb128 0x11
 615 00d3 34       		.uleb128 0x34
 616 00d4 00       		.byte	0
 617 00d5 03       		.uleb128 0x3
 618 00d6 0E       		.uleb128 0xe
 619 00d7 3A       		.uleb128 0x3a
 620 00d8 0B       		.uleb128 0xb
 621 00d9 3B       		.uleb128 0x3b
 622 00da 0B       		.uleb128 0xb
 623 00db 49       		.uleb128 0x49
 624 00dc 13       		.uleb128 0x13
 625 00dd 3F       		.uleb128 0x3f
 626 00de 19       		.uleb128 0x19
 627 00df 02       		.uleb128 0x2
 628 00e0 18       		.uleb128 0x18
 629 00e1 00       		.byte	0
 630 00e2 00       		.byte	0
 631 00e3 12       		.uleb128 0x12
 632 00e4 2E       		.uleb128 0x2e
 633 00e5 00       		.byte	0
 634 00e6 3F       		.uleb128 0x3f
 635 00e7 19       		.uleb128 0x19
 636 00e8 3C       		.uleb128 0x3c
 637 00e9 19       		.uleb128 0x19
 638 00ea 6E       		.uleb128 0x6e
 639 00eb 0E       		.uleb128 0xe
 640 00ec 03       		.uleb128 0x3
 641 00ed 0E       		.uleb128 0xe
 642 00ee 3A       		.uleb128 0x3a
 643 00ef 0B       		.uleb128 0xb
 644 00f0 3B       		.uleb128 0x3b
 645 00f1 0B       		.uleb128 0xb
 646 00f2 00       		.byte	0
 647 00f3 00       		.byte	0
 648 00f4 00       		.byte	0
 649              		.section	.debug_loc,"",%progbits
 650              	.Ldebug_loc0:
 651              	.LLST0:
 652 0000 14000000 		.4byte	.LVL1
ARM GAS  C:\Users\Mattia40\AppData\Local\Temp\cc9Et0ud.s 			page 13


 653 0004 44000000 		.4byte	.LVL7
 654 0008 0100     		.2byte	0x1
 655 000a 55       		.byte	0x55
 656 000b 00000000 		.4byte	0
 657 000f 00000000 		.4byte	0
 658              		.section	.debug_aranges,"",%progbits
 659 0000 1C000000 		.4byte	0x1c
 660 0004 0200     		.2byte	0x2
 661 0006 00000000 		.4byte	.Ldebug_info0
 662 000a 04       		.byte	0x4
 663 000b 00       		.byte	0
 664 000c 0000     		.2byte	0
 665 000e 0000     		.2byte	0
 666 0010 00000000 		.4byte	.LFB64
 667 0014 48000000 		.4byte	.LFE64-.LFB64
 668 0018 00000000 		.4byte	0
 669 001c 00000000 		.4byte	0
 670              		.section	.debug_ranges,"",%progbits
 671              	.Ldebug_ranges0:
 672 0000 00000000 		.4byte	.LFB64
 673 0004 48000000 		.4byte	.LFE64
 674 0008 00000000 		.4byte	0
 675 000c 00000000 		.4byte	0
 676              		.section	.debug_line,"",%progbits
 677              	.Ldebug_line0:
 678 0000 98010000 		.section	.debug_str,"MS",%progbits,1
 678      02007D01 
 678      00000201 
 678      FB0E0D00 
 678      01010101 
 679              	.LASF4:
 680 0000 5F5F7569 		.ascii	"__uint8_t\000"
 680      6E74385F 
 680      7400
 681              	.LASF35:
 682 000a 444D415F 		.ascii	"DMA_TD\000"
 682      544400
 683              	.LASF33:
 684 0011 433A5C55 		.ascii	"C:\\Users\\Mattia40\\Desktop\\AY1920_II_FINAL_PROJE"
 684      73657273 
 684      5C4D6174 
 684      74696134 
 684      305C4465 
 685 0040 43545C47 		.ascii	"CT\\Group_02_Final_Project\\AY1920_II_FINAL_PROJECT"
 685      726F7570 
 685      5F30325F 
 685      46696E61 
 685      6C5F5072 
 686 0071 2E637964 		.ascii	".cydsn\000"
 686      736E00
 687              	.LASF5:
 688 0078 5F5F696E 		.ascii	"__int32_t\000"
 688      7433325F 
 688      7400
 689              	.LASF28:
 690 0082 4379446D 		.ascii	"CyDmaTdSetAddress\000"
 690      61546453 
ARM GAS  C:\Users\Mattia40\AppData\Local\Temp\cc9Et0ud.s 			page 14


 690      65744164 
 690      64726573 
 690      7300
 691              	.LASF25:
 692 0094 444D415F 		.ascii	"DMA_DmaInitialize\000"
 692      446D6149 
 692      6E697469 
 692      616C697A 
 692      6500
 693              	.LASF29:
 694 00a6 4379446D 		.ascii	"CyDmaChSetInitialTd\000"
 694      61436853 
 694      6574496E 
 694      69746961 
 694      6C546400 
 695              	.LASF34:
 696 00ba 444D415F 		.ascii	"DMA_Config\000"
 696      436F6E66 
 696      696700
 697              	.LASF26:
 698 00c5 4379446D 		.ascii	"CyDmaTdAllocate\000"
 698      61546441 
 698      6C6C6F63 
 698      61746500 
 699              	.LASF16:
 700 00d5 666C6F61 		.ascii	"float\000"
 700      7400
 701              	.LASF1:
 702 00db 756E7369 		.ascii	"unsigned char\000"
 702      676E6564 
 702      20636861 
 702      7200
 703              	.LASF31:
 704 00e9 474E5520 		.ascii	"GNU C11 5.4.1 20160609 (release) [ARM/embedded-5-br"
 704      43313120 
 704      352E342E 
 704      31203230 
 704      31363036 
 705 011c 616E6368 		.ascii	"anch revision 237715] -mcpu=cortex-m3 -mthumb -g -O"
 705      20726576 
 705      6973696F 
 705      6E203233 
 705      37373135 
 706 014f 67202D66 		.ascii	"g -ffunction-sections -ffat-lto-objects\000"
 706      66756E63 
 706      74696F6E 
 706      2D736563 
 706      74696F6E 
 707              	.LASF19:
 708 0177 72656738 		.ascii	"reg8\000"
 708      00
 709              	.LASF27:
 710 017c 4379446D 		.ascii	"CyDmaTdSetConfiguration\000"
 710      61546453 
 710      6574436F 
 710      6E666967 
 710      75726174 
ARM GAS  C:\Users\Mattia40\AppData\Local\Temp\cc9Et0ud.s 			page 15


 711              	.LASF7:
 712 0194 6C6F6E67 		.ascii	"long unsigned int\000"
 712      20756E73 
 712      69676E65 
 712      6420696E 
 712      7400
 713              	.LASF3:
 714 01a6 73686F72 		.ascii	"short unsigned int\000"
 714      7420756E 
 714      7369676E 
 714      65642069 
 714      6E7400
 715              	.LASF22:
 716 01b9 49544D5F 		.ascii	"ITM_RxBuffer\000"
 716      52784275 
 716      66666572 
 716      00
 717              	.LASF17:
 718 01c6 646F7562 		.ascii	"double\000"
 718      6C6500
 719              	.LASF30:
 720 01cd 4379446D 		.ascii	"CyDmaChEnable\000"
 720      61436845 
 720      6E61626C 
 720      6500
 721              	.LASF14:
 722 01db 75696E74 		.ascii	"uint16\000"
 722      313600
 723              	.LASF24:
 724 01e2 444D415F 		.ascii	"DMA_Chan\000"
 724      4368616E 
 724      00
 725              	.LASF15:
 726 01eb 75696E74 		.ascii	"uint32\000"
 726      333200
 727              	.LASF10:
 728 01f2 756E7369 		.ascii	"unsigned int\000"
 728      676E6564 
 728      20696E74 
 728      00
 729              	.LASF9:
 730 01ff 6C6F6E67 		.ascii	"long long unsigned int\000"
 730      206C6F6E 
 730      6720756E 
 730      7369676E 
 730      65642069 
 731              	.LASF11:
 732 0216 75696E74 		.ascii	"uint8_t\000"
 732      385F7400 
 733              	.LASF23:
 734 021e 41444342 		.ascii	"ADCBuffer\000"
 734      75666665 
 734      7200
 735              	.LASF12:
 736 0228 696E7433 		.ascii	"int32_t\000"
 736      325F7400 
 737              	.LASF21:
ARM GAS  C:\Users\Mattia40\AppData\Local\Temp\cc9Et0ud.s 			page 16


 738 0230 73697A65 		.ascii	"sizetype\000"
 738      74797065 
 738      00
 739              	.LASF32:
 740 0239 444D4152 		.ascii	"DMARoutines.c\000"
 740      6F757469 
 740      6E65732E 
 740      6300
 741              	.LASF8:
 742 0247 6C6F6E67 		.ascii	"long long int\000"
 742      206C6F6E 
 742      6720696E 
 742      7400
 743              	.LASF18:
 744 0255 63686172 		.ascii	"char\000"
 744      00
 745              	.LASF2:
 746 025a 73686F72 		.ascii	"short int\000"
 746      7420696E 
 746      7400
 747              	.LASF13:
 748 0264 75696E74 		.ascii	"uint8\000"
 748      3800
 749              	.LASF6:
 750 026a 6C6F6E67 		.ascii	"long int\000"
 750      20696E74 
 750      00
 751              	.LASF20:
 752 0273 6C6F6E67 		.ascii	"long double\000"
 752      20646F75 
 752      626C6500 
 753              	.LASF0:
 754 027f 7369676E 		.ascii	"signed char\000"
 754      65642063 
 754      68617200 
 755              		.ident	"GCC: (GNU Tools for ARM Embedded Processors) 5.4.1 20160609 (release) [ARM/embedded-5-bran
