ARM GAS  C:\Users\aless\AppData\Local\Temp\ccKBBmIH.s 			page 1


   1              		.syntax unified
   2              		.cpu cortex-m3
   3              		.fpu softvfp
   4              		.eabi_attribute 20, 1
   5              		.eabi_attribute 21, 1
   6              		.eabi_attribute 23, 3
   7              		.eabi_attribute 24, 1
   8              		.eabi_attribute 25, 1
   9              		.eabi_attribute 26, 1
  10              		.eabi_attribute 30, 1
  11              		.eabi_attribute 34, 1
  12              		.eabi_attribute 18, 4
  13              		.thumb
  14              		.syntax unified
  15              		.file	"LIS3DH.c"
  16              		.text
  17              	.Ltext0:
  18              		.cfi_sections	.debug_frame
  19              		.section	.text.LIS3DH_unzipConfig,"ax",%progbits
  20              		.align	2
  21              		.global	LIS3DH_unzipConfig
  22              		.thumb
  23              		.thumb_func
  24              		.type	LIS3DH_unzipConfig, %function
  25              	LIS3DH_unzipConfig:
  26              	.LFB0:
  27              		.file 1 "LIS3DH.c"
   1:LIS3DH.c      **** /* ========================================
   2:LIS3DH.c      ****  *
   3:LIS3DH.c      ****  * Copyright YOUR COMPANY, THE YEAR
   4:LIS3DH.c      ****  * All Rights Reserved
   5:LIS3DH.c      ****  * UNPUBLISHED, LICENSED SOFTWARE.
   6:LIS3DH.c      ****  *
   7:LIS3DH.c      ****  * CONFIDENTIAL AND PROPRIETARY INFORMATION
   8:LIS3DH.c      ****  * WHICH IS THE PROPERTY OF your company.
   9:LIS3DH.c      ****  *
  10:LIS3DH.c      ****  * ========================================
  11:LIS3DH.c      **** */
  12:LIS3DH.c      **** 
  13:LIS3DH.c      **** #include "LIS3DH.h"
  14:LIS3DH.c      **** 
  15:LIS3DH.c      **** const uint8_t lis3dh_dataRate_t[4]  = {0b00010000, 0b00100000, 0b00110000, 0b01000000};
  16:LIS3DH.c      **** const uint8_t lis3dh_dataRange_t[4] = {0b00000000, 0b00010000, 0b00100000, 0b00110000};
  17:LIS3DH.c      **** 
  18:LIS3DH.c      **** /** ====== Setup Functions ====== **/
  19:LIS3DH.c      **** 
  20:LIS3DH.c      **** // Go from compressed codec (1 byte) to uncompressed codec (4 bytes)
  21:LIS3DH.c      **** void LIS3DH_unzipConfig(uint8_t config_reg, volatile uint8_t* data) {
  28              		.loc 1 21 0
  29              		.cfi_startproc
  30              		@ args = 0, pretend = 0, frame = 0
  31              		@ frame_needed = 0, uses_anonymous_args = 0
  32              		@ link register save eliminated.
  33              	.LVL0:
  22:LIS3DH.c      ****     
  23:LIS3DH.c      ****     switch (config_reg & MASK_FS) { // FS
  34              		.loc 1 23 0
ARM GAS  C:\Users\aless\AppData\Local\Temp\ccKBBmIH.s 			page 2


  35 0000 00F00303 		and	r3, r0, #3
  36 0004 032B     		cmp	r3, #3
  37 0006 0ED8     		bhi	.L2
  38 0008 DFE803F0 		tbb	[pc, r3]
  39              	.L4:
  40 000c 02       		.byte	(.L3-.L4)/2
  41 000d 05       		.byte	(.L5-.L4)/2
  42 000e 08       		.byte	(.L6-.L4)/2
  43 000f 0B       		.byte	(.L7-.L4)/2
  44              		.p2align 1
  45              	.L3:
  24:LIS3DH.c      ****         case 0:     //  1Hz
  25:LIS3DH.c      ****             data[0] = lis3dh_dataRate_t[0] | CTRL_REG1_NORM;
  46              		.loc 1 25 0
  47 0010 1723     		movs	r3, #23
  48 0012 0B70     		strb	r3, [r1]
  26:LIS3DH.c      ****             break;
  49              		.loc 1 26 0
  50 0014 07E0     		b	.L2
  51              	.L5:
  27:LIS3DH.c      ****         case 1:     // 10Hz
  28:LIS3DH.c      ****             data[0] = lis3dh_dataRate_t[1] | CTRL_REG1_NORM;
  52              		.loc 1 28 0
  53 0016 2723     		movs	r3, #39
  54 0018 0B70     		strb	r3, [r1]
  29:LIS3DH.c      ****             break;
  55              		.loc 1 29 0
  56 001a 04E0     		b	.L2
  57              	.L6:
  30:LIS3DH.c      ****         case 2:     // 25Hz
  31:LIS3DH.c      ****             data[0] = lis3dh_dataRate_t[2] | CTRL_REG1_NORM;
  58              		.loc 1 31 0
  59 001c 3723     		movs	r3, #55
  60 001e 0B70     		strb	r3, [r1]
  32:LIS3DH.c      ****             break;
  61              		.loc 1 32 0
  62 0020 01E0     		b	.L2
  63              	.L7:
  33:LIS3DH.c      ****         case 3:     // 50Hz
  34:LIS3DH.c      ****             data[0] = lis3dh_dataRate_t[3] | CTRL_REG1_NORM;
  64              		.loc 1 34 0
  65 0022 4723     		movs	r3, #71
  66 0024 0B70     		strb	r3, [r1]
  67              	.L2:
  35:LIS3DH.c      ****             break;
  36:LIS3DH.c      ****         default:
  37:LIS3DH.c      ****             break;
  38:LIS3DH.c      ****     }
  39:LIS3DH.c      ****     
  40:LIS3DH.c      ****     switch ((config_reg & MASK_FSR) >> 2) { // FSR
  68              		.loc 1 40 0
  69 0026 C0F38103 		ubfx	r3, r0, #2, #2
  70 002a 032B     		cmp	r3, #3
  71 002c 0ED8     		bhi	.L8
  72 002e DFE803F0 		tbb	[pc, r3]
  73              	.L10:
  74 0032 02       		.byte	(.L9-.L10)/2
ARM GAS  C:\Users\aless\AppData\Local\Temp\ccKBBmIH.s 			page 3


  75 0033 05       		.byte	(.L11-.L10)/2
  76 0034 08       		.byte	(.L12-.L10)/2
  77 0035 0B       		.byte	(.L13-.L10)/2
  78              		.p2align 1
  79              	.L9:
  41:LIS3DH.c      ****         case 0:     // +- 2g
  42:LIS3DH.c      ****             data[1] = lis3dh_dataRange_t[0] | CTRL_REG4_NORM;
  80              		.loc 1 42 0
  81 0036 0023     		movs	r3, #0
  82 0038 4B70     		strb	r3, [r1, #1]
  43:LIS3DH.c      ****             break;
  83              		.loc 1 43 0
  84 003a 07E0     		b	.L8
  85              	.L11:
  44:LIS3DH.c      ****         case 1:     // +- 4g
  45:LIS3DH.c      ****             data[1] = lis3dh_dataRange_t[1] | CTRL_REG4_NORM;
  86              		.loc 1 45 0
  87 003c 1023     		movs	r3, #16
  88 003e 4B70     		strb	r3, [r1, #1]
  46:LIS3DH.c      ****             break;
  89              		.loc 1 46 0
  90 0040 04E0     		b	.L8
  91              	.L12:
  47:LIS3DH.c      ****         case 2:     // +- 8g
  48:LIS3DH.c      ****             data[1] = lis3dh_dataRange_t[2] | CTRL_REG4_NORM;
  92              		.loc 1 48 0
  93 0042 2023     		movs	r3, #32
  94 0044 4B70     		strb	r3, [r1, #1]
  49:LIS3DH.c      ****             break;
  95              		.loc 1 49 0
  96 0046 01E0     		b	.L8
  97              	.L13:
  50:LIS3DH.c      ****         case 3:     // +-16g
  51:LIS3DH.c      ****             data[1] = lis3dh_dataRange_t[3] | CTRL_REG4_NORM;
  98              		.loc 1 51 0
  99 0048 3023     		movs	r3, #48
 100 004a 4B70     		strb	r3, [r1, #1]
 101              	.L8:
  52:LIS3DH.c      ****             break;
  53:LIS3DH.c      ****         default:
  54:LIS3DH.c      ****             break;
  55:LIS3DH.c      ****     }
  56:LIS3DH.c      ****     
  57:LIS3DH.c      ****     switch ((config_reg & MASK_ANALOG) >> 4) { // ANALOG
 102              		.loc 1 57 0
 103 004c C0F30013 		ubfx	r3, r0, #4, #1
 104 0050 0BB1     		cbz	r3, .L15
 105 0052 1BB9     		cbnz	r3, .L16
 106 0054 04E0     		b	.L14
 107              	.L15:
  58:LIS3DH.c      ****         case 0:     // LDR
  59:LIS3DH.c      ****             data[2] = 0x00;
 108              		.loc 1 59 0
 109 0056 0023     		movs	r3, #0
 110 0058 8B70     		strb	r3, [r1, #2]
  60:LIS3DH.c      ****             break;
 111              		.loc 1 60 0
ARM GAS  C:\Users\aless\AppData\Local\Temp\ccKBBmIH.s 			page 4


 112 005a 01E0     		b	.L14
 113              	.L16:
  61:LIS3DH.c      ****         case 1:     // POT
  62:LIS3DH.c      ****             data[2] = 0x01;
 114              		.loc 1 62 0
 115 005c 0123     		movs	r3, #1
 116 005e 8B70     		strb	r3, [r1, #2]
 117              	.L14:
  63:LIS3DH.c      ****             break;
  64:LIS3DH.c      ****         default:
  65:LIS3DH.c      ****             break;
  66:LIS3DH.c      ****     }
  67:LIS3DH.c      ****     
  68:LIS3DH.c      ****     switch ((config_reg & MASK_START_STOP) >> 5) { // START/STOP
 118              		.loc 1 68 0
 119 0060 C0F34010 		ubfx	r0, r0, #5, #1
 120              	.LVL1:
 121 0064 08B1     		cbz	r0, .L18
 122 0066 18B9     		cbnz	r0, .L19
 123 0068 7047     		bx	lr
 124              	.L18:
  69:LIS3DH.c      ****         case 0:     // STOP
  70:LIS3DH.c      ****             data[3] = 0x00;
 125              		.loc 1 70 0
 126 006a 0023     		movs	r3, #0
 127 006c CB70     		strb	r3, [r1, #3]
  71:LIS3DH.c      ****             break;
 128              		.loc 1 71 0
 129 006e 7047     		bx	lr
 130              	.L19:
  72:LIS3DH.c      ****         case 1:     // START
  73:LIS3DH.c      ****             data[3] = 0x80;
 131              		.loc 1 73 0
 132 0070 8023     		movs	r3, #128
 133 0072 CB70     		strb	r3, [r1, #3]
 134 0074 7047     		bx	lr
 135              		.cfi_endproc
 136              	.LFE0:
 137              		.size	LIS3DH_unzipConfig, .-LIS3DH_unzipConfig
 138 0076 00BF     		.section	.text.LIS3DH_zipConfig,"ax",%progbits
 139              		.align	2
 140              		.global	LIS3DH_zipConfig
 141              		.thumb
 142              		.thumb_func
 143              		.type	LIS3DH_zipConfig, %function
 144              	LIS3DH_zipConfig:
 145              	.LFB1:
  74:LIS3DH.c      ****             break;
  75:LIS3DH.c      ****         default:
  76:LIS3DH.c      ****             break;
  77:LIS3DH.c      ****     }
  78:LIS3DH.c      **** }
  79:LIS3DH.c      **** 
  80:LIS3DH.c      **** // Go from uncompressed codec (4 bytes) to compressed codec (1 byte)
  81:LIS3DH.c      **** uint8 LIS3DH_zipConfig(volatile uint8_t* data ) {
 146              		.loc 1 81 0
 147              		.cfi_startproc
ARM GAS  C:\Users\aless\AppData\Local\Temp\ccKBBmIH.s 			page 5


 148              		@ args = 0, pretend = 0, frame = 0
 149              		@ frame_needed = 0, uses_anonymous_args = 0
 150              		@ link register save eliminated.
 151              	.LVL2:
  82:LIS3DH.c      ****     uint8_t config_reg=0;
  83:LIS3DH.c      ****     switch (data[0]) { // FS
 152              		.loc 1 83 0
 153 0000 0378     		ldrb	r3, [r0]	@ zero_extendqisi2
 154 0002 DBB2     		uxtb	r3, r3
 155 0004 372B     		cmp	r3, #55
 156 0006 05D0     		beq	.L22
 157 0008 472B     		cmp	r3, #71
 158 000a 05D0     		beq	.L23
 159 000c 272B     		cmp	r3, #39
 160 000e 05D0     		beq	.L33
  82:LIS3DH.c      ****     uint8_t config_reg=0;
 161              		.loc 1 82 0
 162 0010 0023     		movs	r3, #0
 163 0012 04E0     		b	.L24
 164              	.L22:
 165              	.LVL3:
  84:LIS3DH.c      ****         case 0x17:     //  1Hz
  85:LIS3DH.c      ****             config_reg= 0;
  86:LIS3DH.c      ****             break;
  87:LIS3DH.c      ****         case 0x27:     // 10Hz
  88:LIS3DH.c      ****             config_reg= 1;
  89:LIS3DH.c      ****             break;
  90:LIS3DH.c      ****         case 0x37:     // 25Hz
  91:LIS3DH.c      ****             config_reg= 2;
 166              		.loc 1 91 0
 167 0014 0223     		movs	r3, #2
  92:LIS3DH.c      ****             break;
 168              		.loc 1 92 0
 169 0016 02E0     		b	.L24
 170              	.LVL4:
 171              	.L23:
  93:LIS3DH.c      ****         case 0x47:     // 50Hz
  94:LIS3DH.c      ****             config_reg= 3;
 172              		.loc 1 94 0
 173 0018 0323     		movs	r3, #3
  95:LIS3DH.c      ****             break;
 174              		.loc 1 95 0
 175 001a 00E0     		b	.L24
 176              	.LVL5:
 177              	.L33:
  88:LIS3DH.c      ****             break;
 178              		.loc 1 88 0
 179 001c 0123     		movs	r3, #1
 180              	.LVL6:
 181              	.L24:
  96:LIS3DH.c      ****         default:
  97:LIS3DH.c      ****             break;
  98:LIS3DH.c      ****     }
  99:LIS3DH.c      ****     
 100:LIS3DH.c      ****     switch (data[1]) { // FSR
 182              		.loc 1 100 0
 183 001e 4278     		ldrb	r2, [r0, #1]	@ zero_extendqisi2
ARM GAS  C:\Users\aless\AppData\Local\Temp\ccKBBmIH.s 			page 6


 184 0020 D2B2     		uxtb	r2, r2
 185 0022 202A     		cmp	r2, #32
 186 0024 06D0     		beq	.L26
 187 0026 302A     		cmp	r2, #48
 188 0028 07D0     		beq	.L27
 189 002a 102A     		cmp	r2, #16
 190 002c 07D1     		bne	.L25
 101:LIS3DH.c      ****         case 0x00:     // +- 2g
 102:LIS3DH.c      ****             config_reg= config_reg | 0x00;
 103:LIS3DH.c      ****             break;
 104:LIS3DH.c      ****         case 0x10:     // +- 4g
 105:LIS3DH.c      ****             config_reg= config_reg | 0x04;
 191              		.loc 1 105 0
 192 002e 43F00403 		orr	r3, r3, #4
 193              	.LVL7:
 106:LIS3DH.c      ****             break;
 194              		.loc 1 106 0
 195 0032 04E0     		b	.L25
 196              	.L26:
 107:LIS3DH.c      ****         case 0x20:     // +- 8g
 108:LIS3DH.c      ****             config_reg= config_reg | 0x08;
 197              		.loc 1 108 0
 198 0034 43F00803 		orr	r3, r3, #8
 199              	.LVL8:
 109:LIS3DH.c      ****             break;
 200              		.loc 1 109 0
 201 0038 01E0     		b	.L25
 202              	.L27:
 110:LIS3DH.c      ****         case 0x30:     // +-16g
 111:LIS3DH.c      ****             config_reg= config_reg | 0x0C;
 203              		.loc 1 111 0
 204 003a 43F00C03 		orr	r3, r3, #12
 205              	.LVL9:
 206              	.L25:
 112:LIS3DH.c      ****             break;
 113:LIS3DH.c      ****         default:
 114:LIS3DH.c      ****             break;
 115:LIS3DH.c      ****     }
 116:LIS3DH.c      ****     
 117:LIS3DH.c      ****     switch (data[2]) { // ANALOG
 207              		.loc 1 117 0
 208 003e 8278     		ldrb	r2, [r0, #2]	@ zero_extendqisi2
 209 0040 D2B2     		uxtb	r2, r2
 210 0042 012A     		cmp	r2, #1
 211 0044 01D1     		bne	.L29
 118:LIS3DH.c      ****         case 0:     // LDR
 119:LIS3DH.c      ****             config_reg= config_reg | 0x00;
 120:LIS3DH.c      ****             break;
 121:LIS3DH.c      ****         case 1:     // POT
 122:LIS3DH.c      ****             config_reg= config_reg | 0x10;
 212              		.loc 1 122 0
 213 0046 43F01003 		orr	r3, r3, #16
 214              	.LVL10:
 215              	.L29:
 123:LIS3DH.c      ****             break;
 124:LIS3DH.c      ****         default:
 125:LIS3DH.c      ****             break;
ARM GAS  C:\Users\aless\AppData\Local\Temp\ccKBBmIH.s 			page 7


 126:LIS3DH.c      ****     }
 127:LIS3DH.c      ****     
 128:LIS3DH.c      ****     switch (data[3]) { // START/STOP
 216              		.loc 1 128 0
 217 004a C278     		ldrb	r2, [r0, #3]	@ zero_extendqisi2
 218 004c D2B2     		uxtb	r2, r2
 219 004e 802A     		cmp	r2, #128
 220 0050 01D1     		bne	.L31
 129:LIS3DH.c      ****         case 0x00:     // STOP
 130:LIS3DH.c      ****             config_reg= config_reg | 0x00;
 131:LIS3DH.c      ****             break;
 132:LIS3DH.c      ****         case 0x80:     // START
 133:LIS3DH.c      ****             config_reg= config_reg | 0x20;
 221              		.loc 1 133 0
 222 0052 43F02003 		orr	r3, r3, #32
 223              	.LVL11:
 224              	.L31:
 134:LIS3DH.c      ****             break;
 135:LIS3DH.c      ****         default:
 136:LIS3DH.c      ****             break;
 137:LIS3DH.c      ****     }
 138:LIS3DH.c      ****     return config_reg;
 139:LIS3DH.c      **** }
 225              		.loc 1 139 0
 226 0056 1846     		mov	r0, r3
 227              	.LVL12:
 228 0058 7047     		bx	lr
 229              		.cfi_endproc
 230              	.LFE1:
 231              		.size	LIS3DH_zipConfig, .-LIS3DH_zipConfig
 232 005a 00BF     		.section	.text.LIS3DH_readStatus,"ax",%progbits
 233              		.align	2
 234              		.global	LIS3DH_readStatus
 235              		.thumb
 236              		.thumb_func
 237              		.type	LIS3DH_readStatus, %function
 238              	LIS3DH_readStatus:
 239              	.LFB4:
 140:LIS3DH.c      **** 
 141:LIS3DH.c      **** // Set default registers
 142:LIS3DH.c      **** void LIS3DH_Init(void) {
 143:LIS3DH.c      ****     
 144:LIS3DH.c      ****     // Set CTRL_REG5 | Reboot
 145:LIS3DH.c      ****     LIS3DH_writeByte(CTRL_REG5, CTRL_REG5_REBOOT);
 146:LIS3DH.c      ****     // Set CTRL_REG3
 147:LIS3DH.c      ****     LIS3DH_writeByte(CTRL_REG3, CTRL_REG3_I1_OVERRUN);
 148:LIS3DH.c      ****     // Set CTRL_REG5
 149:LIS3DH.c      ****     LIS3DH_writeByte(CTRL_REG5, CTRL_REG5_FIFO_EN);
 150:LIS3DH.c      ****     // Clear LIS3DH FIFO
 151:LIS3DH.c      ****     LIS3DH_writeByte(FIFO_CTRL_REG, FIFO_CTRL_REG_BYPASS);
 152:LIS3DH.c      ****     
 153:LIS3DH.c      **** }
 154:LIS3DH.c      **** 
 155:LIS3DH.c      **** // Set user-dependent registers
 156:LIS3DH.c      **** void LIS3DH_setConfig(volatile uint8_t* data){
 157:LIS3DH.c      ****     
 158:LIS3DH.c      ****     // Set CTRL_REG1 (FS)
ARM GAS  C:\Users\aless\AppData\Local\Temp\ccKBBmIH.s 			page 8


 159:LIS3DH.c      ****     LIS3DH_writeByte(CTRL_REG1, data[0]);
 160:LIS3DH.c      ****     // Set CTRL_REG4 (FSR)
 161:LIS3DH.c      ****     LIS3DH_writeByte(CTRL_REG4, data[1]);
 162:LIS3DH.c      ****     //Set LIS3DH FIFO (bypass/stream)
 163:LIS3DH.c      ****     LIS3DH_writeByte(FIFO_CTRL_REG, data[3]);
 164:LIS3DH.c      ****     
 165:LIS3DH.c      **** }
 166:LIS3DH.c      **** 
 167:LIS3DH.c      **** /** ====== Helper Functions ====== **/
 168:LIS3DH.c      **** 
 169:LIS3DH.c      **** uint8_t LIS3DH_readStatus() {
 240              		.loc 1 169 0
 241              		.cfi_startproc
 242              		@ args = 0, pretend = 0, frame = 0
 243              		@ frame_needed = 0, uses_anonymous_args = 0
 244 0000 08B5     		push	{r3, lr}
 245              		.cfi_def_cfa_offset 8
 246              		.cfi_offset 3, -8
 247              		.cfi_offset 14, -4
 170:LIS3DH.c      ****     
 171:LIS3DH.c      **** 	return SPI_Interface_ReadByte_LIS3DH(SPI_LIS3DH_READ | FIFO_SRC_REG);
 248              		.loc 1 171 0
 249 0002 AF20     		movs	r0, #175
 250 0004 FFF7FEFF 		bl	SPI_Interface_ReadByte_LIS3DH
 251              	.LVL13:
 172:LIS3DH.c      ****     
 173:LIS3DH.c      **** }
 252              		.loc 1 173 0
 253 0008 08BD     		pop	{r3, pc}
 254              		.cfi_endproc
 255              	.LFE4:
 256              		.size	LIS3DH_readStatus, .-LIS3DH_readStatus
 257 000a 00BF     		.section	.text.LIS3DH_readByte,"ax",%progbits
 258              		.align	2
 259              		.global	LIS3DH_readByte
 260              		.thumb
 261              		.thumb_func
 262              		.type	LIS3DH_readByte, %function
 263              	LIS3DH_readByte:
 264              	.LFB5:
 174:LIS3DH.c      **** 
 175:LIS3DH.c      **** /** ====== User-level Functions ====== **/
 176:LIS3DH.c      **** 
 177:LIS3DH.c      **** uint8_t LIS3DH_readByte(uint8_t addr) {
 265              		.loc 1 177 0
 266              		.cfi_startproc
 267              		@ args = 0, pretend = 0, frame = 0
 268              		@ frame_needed = 0, uses_anonymous_args = 0
 269              	.LVL14:
 270 0000 08B5     		push	{r3, lr}
 271              		.cfi_def_cfa_offset 8
 272              		.cfi_offset 3, -8
 273              		.cfi_offset 14, -4
 274              	.LVL15:
 178:LIS3DH.c      ****     
 179:LIS3DH.c      **** 	/* Prepare the TX data packet: instruction + address */
 180:LIS3DH.c      **** 	uint8_t dataTX = {SPI_LIS3DH_READ | addr};
ARM GAS  C:\Users\aless\AppData\Local\Temp\ccKBBmIH.s 			page 9


 181:LIS3DH.c      **** 	
 182:LIS3DH.c      **** 	/* Prepare the RX byte */
 183:LIS3DH.c      **** 	uint8_t dataRX;
 184:LIS3DH.c      **** 	
 185:LIS3DH.c      **** 	/* Read 1 byte from addr */
 186:LIS3DH.c      **** 	dataRX = SPI_Interface_ReadByte_LIS3DH(dataTX);
 275              		.loc 1 186 0
 276 0002 40F08000 		orr	r0, r0, #128
 277              	.LVL16:
 278 0006 FFF7FEFF 		bl	SPI_Interface_ReadByte_LIS3DH
 279              	.LVL17:
 187:LIS3DH.c      ****     
 188:LIS3DH.c      **** 	return dataRX;
 189:LIS3DH.c      **** }
 280              		.loc 1 189 0
 281 000a 08BD     		pop	{r3, pc}
 282              		.cfi_endproc
 283              	.LFE5:
 284              		.size	LIS3DH_readByte, .-LIS3DH_readByte
 285              		.section	.text.LIS3DH_writeByte,"ax",%progbits
 286              		.align	2
 287              		.global	LIS3DH_writeByte
 288              		.thumb
 289              		.thumb_func
 290              		.type	LIS3DH_writeByte, %function
 291              	LIS3DH_writeByte:
 292              	.LFB6:
 190:LIS3DH.c      **** 
 191:LIS3DH.c      **** void LIS3DH_writeByte(uint8_t addr, uint8_t dataByte) {
 293              		.loc 1 191 0
 294              		.cfi_startproc
 295              		@ args = 0, pretend = 0, frame = 8
 296              		@ frame_needed = 0, uses_anonymous_args = 0
 297              	.LVL18:
 298 0000 70B5     		push	{r4, r5, r6, lr}
 299              		.cfi_def_cfa_offset 16
 300              		.cfi_offset 4, -16
 301              		.cfi_offset 5, -12
 302              		.cfi_offset 6, -8
 303              		.cfi_offset 14, -4
 304 0002 82B0     		sub	sp, sp, #8
 305              		.cfi_def_cfa_offset 24
 306 0004 0646     		mov	r6, r0
 307 0006 0D46     		mov	r5, r1
 192:LIS3DH.c      ****     
 193:LIS3DH.c      ****     // Save current global interrupt enable and disable it 
 194:LIS3DH.c      ****     uint8 interruptState;
 195:LIS3DH.c      ****     interruptState = CyEnterCriticalSection();
 308              		.loc 1 195 0
 309 0008 FFF7FEFF 		bl	CyEnterCriticalSection
 310              	.LVL19:
 311 000c 0446     		mov	r4, r0
 312              	.LVL20:
 196:LIS3DH.c      **** 	
 197:LIS3DH.c      **** 	// Prepare the TX packet
 198:LIS3DH.c      ****     uint8_t dataTX[2] = {SPI_LIS3DH_WRITE | addr, dataByte};
 313              		.loc 1 198 0
ARM GAS  C:\Users\aless\AppData\Local\Temp\ccKBBmIH.s 			page 10


 314 000e 8DF80460 		strb	r6, [sp, #4]
 315 0012 8DF80550 		strb	r5, [sp, #5]
 199:LIS3DH.c      **** 	// Nothing to RX... 
 200:LIS3DH.c      **** 	uint8_t temp = 0;
 316              		.loc 1 200 0
 317 0016 0023     		movs	r3, #0
 318 0018 02AA     		add	r2, sp, #8
 319 001a 02F8053D 		strb	r3, [r2, #-5]!
 201:LIS3DH.c      **** 	
 202:LIS3DH.c      **** 	// Write 1 byte to addr
 203:LIS3DH.c      **** 	SPI_Interface_Multi_RW_LIS3DH(dataTX, 2, &temp, 0);
 320              		.loc 1 203 0
 321 001e 0221     		movs	r1, #2
 322 0020 01A8     		add	r0, sp, #4
 323 0022 FFF7FEFF 		bl	SPI_Interface_Multi_RW_LIS3DH
 324              	.LVL21:
 204:LIS3DH.c      ****     
 205:LIS3DH.c      ****     // Restore global interrupt enable state
 206:LIS3DH.c      ****     CyExitCriticalSection(interruptState);
 325              		.loc 1 206 0
 326 0026 2046     		mov	r0, r4
 327 0028 FFF7FEFF 		bl	CyExitCriticalSection
 328              	.LVL22:
 207:LIS3DH.c      **** }
 329              		.loc 1 207 0
 330 002c 02B0     		add	sp, sp, #8
 331              		.cfi_def_cfa_offset 16
 332              		@ sp needed
 333 002e 70BD     		pop	{r4, r5, r6, pc}
 334              		.cfi_endproc
 335              	.LFE6:
 336              		.size	LIS3DH_writeByte, .-LIS3DH_writeByte
 337              		.section	.text.LIS3DH_Init,"ax",%progbits
 338              		.align	2
 339              		.global	LIS3DH_Init
 340              		.thumb
 341              		.thumb_func
 342              		.type	LIS3DH_Init, %function
 343              	LIS3DH_Init:
 344              	.LFB2:
 142:LIS3DH.c      ****     
 345              		.loc 1 142 0
 346              		.cfi_startproc
 347              		@ args = 0, pretend = 0, frame = 0
 348              		@ frame_needed = 0, uses_anonymous_args = 0
 349 0000 08B5     		push	{r3, lr}
 350              		.cfi_def_cfa_offset 8
 351              		.cfi_offset 3, -8
 352              		.cfi_offset 14, -4
 145:LIS3DH.c      ****     // Set CTRL_REG3
 353              		.loc 1 145 0
 354 0002 8021     		movs	r1, #128
 355 0004 2420     		movs	r0, #36
 356 0006 FFF7FEFF 		bl	LIS3DH_writeByte
 357              	.LVL23:
 147:LIS3DH.c      ****     // Set CTRL_REG5
 358              		.loc 1 147 0
ARM GAS  C:\Users\aless\AppData\Local\Temp\ccKBBmIH.s 			page 11


 359 000a 0221     		movs	r1, #2
 360 000c 2220     		movs	r0, #34
 361 000e FFF7FEFF 		bl	LIS3DH_writeByte
 362              	.LVL24:
 149:LIS3DH.c      ****     // Clear LIS3DH FIFO
 363              		.loc 1 149 0
 364 0012 4821     		movs	r1, #72
 365 0014 2420     		movs	r0, #36
 366 0016 FFF7FEFF 		bl	LIS3DH_writeByte
 367              	.LVL25:
 151:LIS3DH.c      ****     
 368              		.loc 1 151 0
 369 001a 0021     		movs	r1, #0
 370 001c 2E20     		movs	r0, #46
 371 001e FFF7FEFF 		bl	LIS3DH_writeByte
 372              	.LVL26:
 373 0022 08BD     		pop	{r3, pc}
 374              		.cfi_endproc
 375              	.LFE2:
 376              		.size	LIS3DH_Init, .-LIS3DH_Init
 377              		.section	.text.LIS3DH_setConfig,"ax",%progbits
 378              		.align	2
 379              		.global	LIS3DH_setConfig
 380              		.thumb
 381              		.thumb_func
 382              		.type	LIS3DH_setConfig, %function
 383              	LIS3DH_setConfig:
 384              	.LFB3:
 156:LIS3DH.c      ****     
 385              		.loc 1 156 0
 386              		.cfi_startproc
 387              		@ args = 0, pretend = 0, frame = 0
 388              		@ frame_needed = 0, uses_anonymous_args = 0
 389              	.LVL27:
 390 0000 10B5     		push	{r4, lr}
 391              		.cfi_def_cfa_offset 8
 392              		.cfi_offset 4, -8
 393              		.cfi_offset 14, -4
 394 0002 0446     		mov	r4, r0
 159:LIS3DH.c      ****     // Set CTRL_REG4 (FSR)
 395              		.loc 1 159 0
 396 0004 0178     		ldrb	r1, [r0]	@ zero_extendqisi2
 397 0006 2020     		movs	r0, #32
 398              	.LVL28:
 399 0008 FFF7FEFF 		bl	LIS3DH_writeByte
 400              	.LVL29:
 161:LIS3DH.c      ****     //Set LIS3DH FIFO (bypass/stream)
 401              		.loc 1 161 0
 402 000c 6178     		ldrb	r1, [r4, #1]	@ zero_extendqisi2
 403 000e 2320     		movs	r0, #35
 404 0010 FFF7FEFF 		bl	LIS3DH_writeByte
 405              	.LVL30:
 163:LIS3DH.c      ****     
 406              		.loc 1 163 0
 407 0014 E178     		ldrb	r1, [r4, #3]	@ zero_extendqisi2
 408 0016 2E20     		movs	r0, #46
 409 0018 FFF7FEFF 		bl	LIS3DH_writeByte
ARM GAS  C:\Users\aless\AppData\Local\Temp\ccKBBmIH.s 			page 12


 410              	.LVL31:
 411 001c 10BD     		pop	{r4, pc}
 412              		.cfi_endproc
 413              	.LFE3:
 414              		.size	LIS3DH_setConfig, .-LIS3DH_setConfig
 415 001e 00BF     		.section	.text.LIS3DH_readPage,"ax",%progbits
 416              		.align	2
 417              		.global	LIS3DH_readPage
 418              		.thumb
 419              		.thumb_func
 420              		.type	LIS3DH_readPage, %function
 421              	LIS3DH_readPage:
 422              	.LFB7:
 208:LIS3DH.c      **** 
 209:LIS3DH.c      **** void LIS3DH_readPage(uint8_t addr, uint8_t* dataRX, uint8_t nBytes) {
 423              		.loc 1 209 0
 424              		.cfi_startproc
 425              		@ args = 0, pretend = 0, frame = 8
 426              		@ frame_needed = 0, uses_anonymous_args = 0
 427              	.LVL32:
 428 0000 00B5     		push	{lr}
 429              		.cfi_def_cfa_offset 4
 430              		.cfi_offset 14, -4
 431 0002 83B0     		sub	sp, sp, #12
 432              		.cfi_def_cfa_offset 16
 210:LIS3DH.c      ****     
 211:LIS3DH.c      **** 	/* Prepare the TX data packet: instruction + address */
 212:LIS3DH.c      **** 	uint8_t dataTX = {SPI_LIS3DH_READ_MULTI | addr};
 433              		.loc 1 212 0
 434 0004 60F03F03 		orn	r3, r0, #63
 435 0008 02A8     		add	r0, sp, #8
 436              	.LVL33:
 437 000a 00F8013D 		strb	r3, [r0, #-1]!
 213:LIS3DH.c      **** 	
 214:LIS3DH.c      **** 	/* Read the nBytes */
 215:LIS3DH.c      **** 	SPI_Interface_Multi_RW_LIS3DH(&dataTX, 1, dataRX, nBytes);
 438              		.loc 1 215 0
 439 000e 1346     		mov	r3, r2
 440 0010 0A46     		mov	r2, r1
 441              	.LVL34:
 442 0012 0121     		movs	r1, #1
 443              	.LVL35:
 444 0014 FFF7FEFF 		bl	SPI_Interface_Multi_RW_LIS3DH
 445              	.LVL36:
 216:LIS3DH.c      ****     
 217:LIS3DH.c      **** }
 446              		.loc 1 217 0
 447 0018 03B0     		add	sp, sp, #12
 448              		.cfi_def_cfa_offset 4
 449              		@ sp needed
 450 001a 5DF804FB 		ldr	pc, [sp], #4
 451              		.cfi_endproc
 452              	.LFE7:
 453              		.size	LIS3DH_readPage, .-LIS3DH_readPage
 454              		.global	lis3dh_dataRange_t
 455              		.global	lis3dh_dataRate_t
 456 001e 00BF     		.section	.rodata
ARM GAS  C:\Users\aless\AppData\Local\Temp\ccKBBmIH.s 			page 13


 457              		.align	2
 458              		.type	lis3dh_dataRange_t, %object
 459              		.size	lis3dh_dataRange_t, 4
 460              	lis3dh_dataRange_t:
 461 0000 00       		.byte	0
 462 0001 10       		.byte	16
 463 0002 20       		.byte	32
 464 0003 30       		.byte	48
 465              		.type	lis3dh_dataRate_t, %object
 466              		.size	lis3dh_dataRate_t, 4
 467              	lis3dh_dataRate_t:
 468 0004 10       		.byte	16
 469 0005 20       		.byte	32
 470 0006 30       		.byte	48
 471 0007 40       		.byte	64
 472              		.text
 473              	.Letext0:
 474              		.file 2 "c:\\program files (x86)\\cypress\\psoc creator\\4.3\\psoc creator\\import\\gnu\\arm\\5.4.
 475              		.file 3 "c:\\program files (x86)\\cypress\\psoc creator\\4.3\\psoc creator\\import\\gnu\\arm\\5.4.
 476              		.file 4 "Generated_Source\\PSoC5/cytypes.h"
 477              		.file 5 "SPI_Interface.h"
 478              		.file 6 "Generated_Source\\PSoC5/CyLib.h"
 479              		.section	.debug_info,"",%progbits
 480              	.Ldebug_info0:
 481 0000 F9030000 		.4byte	0x3f9
 482 0004 0400     		.2byte	0x4
 483 0006 00000000 		.4byte	.Ldebug_abbrev0
 484 000a 04       		.byte	0x4
 485 000b 01       		.uleb128 0x1
 486 000c 25000000 		.4byte	.LASF40
 487 0010 0C       		.byte	0xc
 488 0011 B4020000 		.4byte	.LASF41
 489 0015 1C020000 		.4byte	.LASF42
 490 0019 00000000 		.4byte	.Ldebug_ranges0+0
 491 001d 00000000 		.4byte	0
 492 0021 00000000 		.4byte	.Ldebug_line0
 493 0025 02       		.uleb128 0x2
 494 0026 01       		.byte	0x1
 495 0027 06       		.byte	0x6
 496 0028 08030000 		.4byte	.LASF0
 497 002c 03       		.uleb128 0x3
 498 002d 1B000000 		.4byte	.LASF9
 499 0031 02       		.byte	0x2
 500 0032 1D       		.byte	0x1d
 501 0033 37000000 		.4byte	0x37
 502 0037 02       		.uleb128 0x2
 503 0038 01       		.byte	0x1
 504 0039 08       		.byte	0x8
 505 003a 91010000 		.4byte	.LASF1
 506 003e 02       		.uleb128 0x2
 507 003f 02       		.byte	0x2
 508 0040 05       		.byte	0x5
 509 0041 BD020000 		.4byte	.LASF2
 510 0045 02       		.uleb128 0x2
 511 0046 02       		.byte	0x2
 512 0047 07       		.byte	0x7
 513 0048 D8000000 		.4byte	.LASF3
ARM GAS  C:\Users\aless\AppData\Local\Temp\ccKBBmIH.s 			page 14


 514 004c 02       		.uleb128 0x2
 515 004d 04       		.byte	0x4
 516 004e 05       		.byte	0x5
 517 004f EE020000 		.4byte	.LASF4
 518 0053 02       		.uleb128 0x2
 519 0054 04       		.byte	0x4
 520 0055 07       		.byte	0x7
 521 0056 5F010000 		.4byte	.LASF5
 522 005a 02       		.uleb128 0x2
 523 005b 08       		.byte	0x8
 524 005c 05       		.byte	0x5
 525 005d 0E020000 		.4byte	.LASF6
 526 0061 02       		.uleb128 0x2
 527 0062 08       		.byte	0x8
 528 0063 07       		.byte	0x7
 529 0064 02010000 		.4byte	.LASF7
 530 0068 04       		.uleb128 0x4
 531 0069 04       		.byte	0x4
 532 006a 05       		.byte	0x5
 533 006b 696E7400 		.ascii	"int\000"
 534 006f 02       		.uleb128 0x2
 535 0070 04       		.byte	0x4
 536 0071 07       		.byte	0x7
 537 0072 BD010000 		.4byte	.LASF8
 538 0076 03       		.uleb128 0x3
 539 0077 E5010000 		.4byte	.LASF10
 540 007b 03       		.byte	0x3
 541 007c 18       		.byte	0x18
 542 007d 2C000000 		.4byte	0x2c
 543 0081 05       		.uleb128 0x5
 544 0082 D7020000 		.4byte	.LASF11
 545 0086 04       		.byte	0x4
 546 0087 E401     		.2byte	0x1e4
 547 0089 37000000 		.4byte	0x37
 548 008d 02       		.uleb128 0x2
 549 008e 04       		.byte	0x4
 550 008f 04       		.byte	0x4
 551 0090 F7000000 		.4byte	.LASF12
 552 0094 02       		.uleb128 0x2
 553 0095 08       		.byte	0x8
 554 0096 04       		.byte	0x4
 555 0097 9F010000 		.4byte	.LASF13
 556 009b 02       		.uleb128 0x2
 557 009c 01       		.byte	0x1
 558 009d 08       		.byte	0x8
 559 009e F7020000 		.4byte	.LASF14
 560 00a2 02       		.uleb128 0x2
 561 00a3 08       		.byte	0x8
 562 00a4 04       		.byte	0x4
 563 00a5 FC020000 		.4byte	.LASF15
 564 00a9 02       		.uleb128 0x2
 565 00aa 04       		.byte	0x4
 566 00ab 07       		.byte	0x7
 567 00ac 05020000 		.4byte	.LASF16
 568 00b0 06       		.uleb128 0x6
 569 00b1 3D010000 		.4byte	.LASF19
 570 00b5 01       		.byte	0x1
ARM GAS  C:\Users\aless\AppData\Local\Temp\ccKBBmIH.s 			page 15


 571 00b6 15       		.byte	0x15
 572 00b7 00000000 		.4byte	.LFB0
 573 00bb 76000000 		.4byte	.LFE0-.LFB0
 574 00bf 01       		.uleb128 0x1
 575 00c0 9C       		.byte	0x9c
 576 00c1 E2000000 		.4byte	0xe2
 577 00c5 07       		.uleb128 0x7
 578 00c6 10000000 		.4byte	.LASF17
 579 00ca 01       		.byte	0x1
 580 00cb 15       		.byte	0x15
 581 00cc 76000000 		.4byte	0x76
 582 00d0 00000000 		.4byte	.LLST0
 583 00d4 08       		.uleb128 0x8
 584 00d5 FD000000 		.4byte	.LASF18
 585 00d9 01       		.byte	0x1
 586 00da 15       		.byte	0x15
 587 00db E2000000 		.4byte	0xe2
 588 00df 01       		.uleb128 0x1
 589 00e0 51       		.byte	0x51
 590 00e1 00       		.byte	0
 591 00e2 09       		.uleb128 0x9
 592 00e3 04       		.byte	0x4
 593 00e4 E8000000 		.4byte	0xe8
 594 00e8 0A       		.uleb128 0xa
 595 00e9 76000000 		.4byte	0x76
 596 00ed 0B       		.uleb128 0xb
 597 00ee 19010000 		.4byte	.LASF21
 598 00f2 01       		.byte	0x1
 599 00f3 51       		.byte	0x51
 600 00f4 81000000 		.4byte	0x81
 601 00f8 00000000 		.4byte	.LFB1
 602 00fc 5A000000 		.4byte	.LFE1-.LFB1
 603 0100 01       		.uleb128 0x1
 604 0101 9C       		.byte	0x9c
 605 0102 25010000 		.4byte	0x125
 606 0106 07       		.uleb128 0x7
 607 0107 FD000000 		.4byte	.LASF18
 608 010b 01       		.byte	0x1
 609 010c 51       		.byte	0x51
 610 010d E2000000 		.4byte	0xe2
 611 0111 21000000 		.4byte	.LLST1
 612 0115 0C       		.uleb128 0xc
 613 0116 10000000 		.4byte	.LASF17
 614 011a 01       		.byte	0x1
 615 011b 52       		.byte	0x52
 616 011c 76000000 		.4byte	0x76
 617 0120 42000000 		.4byte	.LLST2
 618 0124 00       		.byte	0
 619 0125 0D       		.uleb128 0xd
 620 0126 84020000 		.4byte	.LASF20
 621 012a 01       		.byte	0x1
 622 012b A9       		.byte	0xa9
 623 012c 76000000 		.4byte	0x76
 624 0130 00000000 		.4byte	.LFB4
 625 0134 0A000000 		.4byte	.LFE4-.LFB4
 626 0138 01       		.uleb128 0x1
 627 0139 9C       		.byte	0x9c
ARM GAS  C:\Users\aless\AppData\Local\Temp\ccKBBmIH.s 			page 16


 628 013a 4F010000 		.4byte	0x14f
 629 013e 0E       		.uleb128 0xe
 630 013f 08000000 		.4byte	.LVL13
 631 0143 D0030000 		.4byte	0x3d0
 632 0147 0F       		.uleb128 0xf
 633 0148 01       		.uleb128 0x1
 634 0149 50       		.byte	0x50
 635 014a 02       		.uleb128 0x2
 636 014b 09       		.byte	0x9
 637 014c AF       		.byte	0xaf
 638 014d 00       		.byte	0
 639 014e 00       		.byte	0
 640 014f 0B       		.uleb128 0xb
 641 0150 00000000 		.4byte	.LASF22
 642 0154 01       		.byte	0x1
 643 0155 B1       		.byte	0xb1
 644 0156 76000000 		.4byte	0x76
 645 015a 00000000 		.4byte	.LFB5
 646 015e 0C000000 		.4byte	.LFE5-.LFB5
 647 0162 01       		.uleb128 0x1
 648 0163 9C       		.byte	0x9c
 649 0164 9D010000 		.4byte	0x19d
 650 0168 07       		.uleb128 0x7
 651 0169 83010000 		.4byte	.LASF23
 652 016d 01       		.byte	0x1
 653 016e B1       		.byte	0xb1
 654 016f 76000000 		.4byte	0x76
 655 0173 85000000 		.4byte	.LLST3
 656 0177 0C       		.uleb128 0xc
 657 0178 14030000 		.4byte	.LASF24
 658 017c 01       		.byte	0x1
 659 017d B4       		.byte	0xb4
 660 017e 76000000 		.4byte	0x76
 661 0182 A6000000 		.4byte	.LLST4
 662 0186 10       		.uleb128 0x10
 663 0187 ED010000 		.4byte	.LASF25
 664 018b 01       		.byte	0x1
 665 018c B7       		.byte	0xb7
 666 018d 76000000 		.4byte	0x76
 667 0191 01       		.uleb128 0x1
 668 0192 50       		.byte	0x50
 669 0193 11       		.uleb128 0x11
 670 0194 0A000000 		.4byte	.LVL17
 671 0198 D0030000 		.4byte	0x3d0
 672 019c 00       		.byte	0
 673 019d 06       		.uleb128 0x6
 674 019e DD020000 		.4byte	.LASF26
 675 01a2 01       		.byte	0x1
 676 01a3 BF       		.byte	0xbf
 677 01a4 00000000 		.4byte	.LFB6
 678 01a8 30000000 		.4byte	.LFE6-.LFB6
 679 01ac 01       		.uleb128 0x1
 680 01ad 9C       		.byte	0x9c
 681 01ae 37020000 		.4byte	0x237
 682 01b2 07       		.uleb128 0x7
 683 01b3 83010000 		.4byte	.LASF23
 684 01b7 01       		.byte	0x1
ARM GAS  C:\Users\aless\AppData\Local\Temp\ccKBBmIH.s 			page 17


 685 01b8 BF       		.byte	0xbf
 686 01b9 76000000 		.4byte	0x76
 687 01bd BE000000 		.4byte	.LLST5
 688 01c1 07       		.uleb128 0x7
 689 01c2 88010000 		.4byte	.LASF27
 690 01c6 01       		.byte	0x1
 691 01c7 BF       		.byte	0xbf
 692 01c8 76000000 		.4byte	0x76
 693 01cc DF000000 		.4byte	.LLST6
 694 01d0 10       		.uleb128 0x10
 695 01d1 50010000 		.4byte	.LASF28
 696 01d5 01       		.byte	0x1
 697 01d6 C2       		.byte	0xc2
 698 01d7 81000000 		.4byte	0x81
 699 01db 01       		.uleb128 0x1
 700 01dc 54       		.byte	0x54
 701 01dd 10       		.uleb128 0x10
 702 01de 14030000 		.4byte	.LASF24
 703 01e2 01       		.byte	0x1
 704 01e3 C6       		.byte	0xc6
 705 01e4 37020000 		.4byte	0x237
 706 01e8 02       		.uleb128 0x2
 707 01e9 91       		.byte	0x91
 708 01ea 6C       		.sleb128 -20
 709 01eb 10       		.uleb128 0x10
 710 01ec CA010000 		.4byte	.LASF29
 711 01f0 01       		.byte	0x1
 712 01f1 C8       		.byte	0xc8
 713 01f2 76000000 		.4byte	0x76
 714 01f6 02       		.uleb128 0x2
 715 01f7 91       		.byte	0x91
 716 01f8 6B       		.sleb128 -21
 717 01f9 11       		.uleb128 0x11
 718 01fa 0C000000 		.4byte	.LVL19
 719 01fe DB030000 		.4byte	0x3db
 720 0202 12       		.uleb128 0x12
 721 0203 26000000 		.4byte	.LVL21
 722 0207 E6030000 		.4byte	0x3e6
 723 020b 26020000 		.4byte	0x226
 724 020f 0F       		.uleb128 0xf
 725 0210 01       		.uleb128 0x1
 726 0211 50       		.byte	0x50
 727 0212 02       		.uleb128 0x2
 728 0213 91       		.byte	0x91
 729 0214 6C       		.sleb128 -20
 730 0215 0F       		.uleb128 0xf
 731 0216 01       		.uleb128 0x1
 732 0217 51       		.byte	0x51
 733 0218 01       		.uleb128 0x1
 734 0219 32       		.byte	0x32
 735 021a 0F       		.uleb128 0xf
 736 021b 01       		.uleb128 0x1
 737 021c 52       		.byte	0x52
 738 021d 02       		.uleb128 0x2
 739 021e 91       		.byte	0x91
 740 021f 6B       		.sleb128 -21
 741 0220 0F       		.uleb128 0xf
ARM GAS  C:\Users\aless\AppData\Local\Temp\ccKBBmIH.s 			page 18


 742 0221 01       		.uleb128 0x1
 743 0222 53       		.byte	0x53
 744 0223 01       		.uleb128 0x1
 745 0224 30       		.byte	0x30
 746 0225 00       		.byte	0
 747 0226 0E       		.uleb128 0xe
 748 0227 2C000000 		.4byte	.LVL22
 749 022b F1030000 		.4byte	0x3f1
 750 022f 0F       		.uleb128 0xf
 751 0230 01       		.uleb128 0x1
 752 0231 50       		.byte	0x50
 753 0232 02       		.uleb128 0x2
 754 0233 74       		.byte	0x74
 755 0234 00       		.sleb128 0
 756 0235 00       		.byte	0
 757 0236 00       		.byte	0
 758 0237 13       		.uleb128 0x13
 759 0238 76000000 		.4byte	0x76
 760 023c 47020000 		.4byte	0x247
 761 0240 14       		.uleb128 0x14
 762 0241 A9000000 		.4byte	0xa9
 763 0245 01       		.byte	0x1
 764 0246 00       		.byte	0
 765 0247 06       		.uleb128 0x6
 766 0248 EB000000 		.4byte	.LASF30
 767 024c 01       		.byte	0x1
 768 024d 8E       		.byte	0x8e
 769 024e 00000000 		.4byte	.LFB2
 770 0252 24000000 		.4byte	.LFE2-.LFB2
 771 0256 01       		.uleb128 0x1
 772 0257 9C       		.byte	0x9c
 773 0258 BF020000 		.4byte	0x2bf
 774 025c 12       		.uleb128 0x12
 775 025d 0A000000 		.4byte	.LVL23
 776 0261 9D010000 		.4byte	0x19d
 777 0265 76020000 		.4byte	0x276
 778 0269 0F       		.uleb128 0xf
 779 026a 01       		.uleb128 0x1
 780 026b 50       		.byte	0x50
 781 026c 02       		.uleb128 0x2
 782 026d 08       		.byte	0x8
 783 026e 24       		.byte	0x24
 784 026f 0F       		.uleb128 0xf
 785 0270 01       		.uleb128 0x1
 786 0271 51       		.byte	0x51
 787 0272 02       		.uleb128 0x2
 788 0273 09       		.byte	0x9
 789 0274 80       		.byte	0x80
 790 0275 00       		.byte	0
 791 0276 12       		.uleb128 0x12
 792 0277 12000000 		.4byte	.LVL24
 793 027b 9D010000 		.4byte	0x19d
 794 027f 8F020000 		.4byte	0x28f
 795 0283 0F       		.uleb128 0xf
 796 0284 01       		.uleb128 0x1
 797 0285 50       		.byte	0x50
 798 0286 02       		.uleb128 0x2
ARM GAS  C:\Users\aless\AppData\Local\Temp\ccKBBmIH.s 			page 19


 799 0287 08       		.byte	0x8
 800 0288 22       		.byte	0x22
 801 0289 0F       		.uleb128 0xf
 802 028a 01       		.uleb128 0x1
 803 028b 51       		.byte	0x51
 804 028c 01       		.uleb128 0x1
 805 028d 32       		.byte	0x32
 806 028e 00       		.byte	0
 807 028f 12       		.uleb128 0x12
 808 0290 1A000000 		.4byte	.LVL25
 809 0294 9D010000 		.4byte	0x19d
 810 0298 A9020000 		.4byte	0x2a9
 811 029c 0F       		.uleb128 0xf
 812 029d 01       		.uleb128 0x1
 813 029e 50       		.byte	0x50
 814 029f 02       		.uleb128 0x2
 815 02a0 08       		.byte	0x8
 816 02a1 24       		.byte	0x24
 817 02a2 0F       		.uleb128 0xf
 818 02a3 01       		.uleb128 0x1
 819 02a4 51       		.byte	0x51
 820 02a5 02       		.uleb128 0x2
 821 02a6 08       		.byte	0x8
 822 02a7 48       		.byte	0x48
 823 02a8 00       		.byte	0
 824 02a9 0E       		.uleb128 0xe
 825 02aa 22000000 		.4byte	.LVL26
 826 02ae 9D010000 		.4byte	0x19d
 827 02b2 0F       		.uleb128 0xf
 828 02b3 01       		.uleb128 0x1
 829 02b4 50       		.byte	0x50
 830 02b5 02       		.uleb128 0x2
 831 02b6 08       		.byte	0x8
 832 02b7 2E       		.byte	0x2e
 833 02b8 0F       		.uleb128 0xf
 834 02b9 01       		.uleb128 0x1
 835 02ba 51       		.byte	0x51
 836 02bb 01       		.uleb128 0x1
 837 02bc 30       		.byte	0x30
 838 02bd 00       		.byte	0
 839 02be 00       		.byte	0
 840 02bf 06       		.uleb128 0x6
 841 02c0 F4010000 		.4byte	.LASF31
 842 02c4 01       		.byte	0x1
 843 02c5 9C       		.byte	0x9c
 844 02c6 00000000 		.4byte	.LFB3
 845 02ca 1E000000 		.4byte	.LFE3-.LFB3
 846 02ce 01       		.uleb128 0x1
 847 02cf 9C       		.byte	0x9c
 848 02d0 1C030000 		.4byte	0x31c
 849 02d4 07       		.uleb128 0x7
 850 02d5 FD000000 		.4byte	.LASF18
 851 02d9 01       		.byte	0x1
 852 02da 9C       		.byte	0x9c
 853 02db E2000000 		.4byte	0xe2
 854 02df 00010000 		.4byte	.LLST7
 855 02e3 12       		.uleb128 0x12
ARM GAS  C:\Users\aless\AppData\Local\Temp\ccKBBmIH.s 			page 20


 856 02e4 0C000000 		.4byte	.LVL29
 857 02e8 9D010000 		.4byte	0x19d
 858 02ec F7020000 		.4byte	0x2f7
 859 02f0 0F       		.uleb128 0xf
 860 02f1 01       		.uleb128 0x1
 861 02f2 50       		.byte	0x50
 862 02f3 02       		.uleb128 0x2
 863 02f4 08       		.byte	0x8
 864 02f5 20       		.byte	0x20
 865 02f6 00       		.byte	0
 866 02f7 12       		.uleb128 0x12
 867 02f8 14000000 		.4byte	.LVL30
 868 02fc 9D010000 		.4byte	0x19d
 869 0300 0B030000 		.4byte	0x30b
 870 0304 0F       		.uleb128 0xf
 871 0305 01       		.uleb128 0x1
 872 0306 50       		.byte	0x50
 873 0307 02       		.uleb128 0x2
 874 0308 08       		.byte	0x8
 875 0309 23       		.byte	0x23
 876 030a 00       		.byte	0
 877 030b 0E       		.uleb128 0xe
 878 030c 1C000000 		.4byte	.LVL31
 879 0310 9D010000 		.4byte	0x19d
 880 0314 0F       		.uleb128 0xf
 881 0315 01       		.uleb128 0x1
 882 0316 50       		.byte	0x50
 883 0317 02       		.uleb128 0x2
 884 0318 08       		.byte	0x8
 885 0319 2E       		.byte	0x2e
 886 031a 00       		.byte	0
 887 031b 00       		.byte	0
 888 031c 06       		.uleb128 0x6
 889 031d C7020000 		.4byte	.LASF32
 890 0321 01       		.byte	0x1
 891 0322 D1       		.byte	0xd1
 892 0323 00000000 		.4byte	.LFB7
 893 0327 1E000000 		.4byte	.LFE7-.LFB7
 894 032b 01       		.uleb128 0x1
 895 032c 9C       		.byte	0x9c
 896 032d 89030000 		.4byte	0x389
 897 0331 07       		.uleb128 0x7
 898 0332 83010000 		.4byte	.LASF23
 899 0336 01       		.byte	0x1
 900 0337 D1       		.byte	0xd1
 901 0338 76000000 		.4byte	0x76
 902 033c 1E010000 		.4byte	.LLST8
 903 0340 07       		.uleb128 0x7
 904 0341 ED010000 		.4byte	.LASF25
 905 0345 01       		.byte	0x1
 906 0346 D1       		.byte	0xd1
 907 0347 89030000 		.4byte	0x389
 908 034b 3F010000 		.4byte	.LLST9
 909 034f 07       		.uleb128 0x7
 910 0350 D1000000 		.4byte	.LASF33
 911 0354 01       		.byte	0x1
 912 0355 D1       		.byte	0xd1
ARM GAS  C:\Users\aless\AppData\Local\Temp\ccKBBmIH.s 			page 21


 913 0356 76000000 		.4byte	0x76
 914 035a 6B010000 		.4byte	.LLST10
 915 035e 10       		.uleb128 0x10
 916 035f 14030000 		.4byte	.LASF24
 917 0363 01       		.byte	0x1
 918 0364 D4       		.byte	0xd4
 919 0365 76000000 		.4byte	0x76
 920 0369 02       		.uleb128 0x2
 921 036a 91       		.byte	0x91
 922 036b 77       		.sleb128 -9
 923 036c 0E       		.uleb128 0xe
 924 036d 18000000 		.4byte	.LVL36
 925 0371 E6030000 		.4byte	0x3e6
 926 0375 0F       		.uleb128 0xf
 927 0376 01       		.uleb128 0x1
 928 0377 50       		.byte	0x50
 929 0378 02       		.uleb128 0x2
 930 0379 91       		.byte	0x91
 931 037a 77       		.sleb128 -9
 932 037b 0F       		.uleb128 0xf
 933 037c 01       		.uleb128 0x1
 934 037d 51       		.byte	0x51
 935 037e 01       		.uleb128 0x1
 936 037f 31       		.byte	0x31
 937 0380 0F       		.uleb128 0xf
 938 0381 01       		.uleb128 0x1
 939 0382 52       		.byte	0x52
 940 0383 03       		.uleb128 0x3
 941 0384 F3       		.byte	0xf3
 942 0385 01       		.uleb128 0x1
 943 0386 51       		.byte	0x51
 944 0387 00       		.byte	0
 945 0388 00       		.byte	0
 946 0389 09       		.uleb128 0x9
 947 038a 04       		.byte	0x4
 948 038b 76000000 		.4byte	0x76
 949 038f 13       		.uleb128 0x13
 950 0390 9F030000 		.4byte	0x39f
 951 0394 9F030000 		.4byte	0x39f
 952 0398 14       		.uleb128 0x14
 953 0399 A9000000 		.4byte	0xa9
 954 039d 03       		.byte	0x3
 955 039e 00       		.byte	0
 956 039f 15       		.uleb128 0x15
 957 03a0 76000000 		.4byte	0x76
 958 03a4 16       		.uleb128 0x16
 959 03a5 71010000 		.4byte	.LASF34
 960 03a9 01       		.byte	0x1
 961 03aa 0F       		.byte	0xf
 962 03ab B5030000 		.4byte	0x3b5
 963 03af 05       		.uleb128 0x5
 964 03b0 03       		.byte	0x3
 965 03b1 00000000 		.4byte	lis3dh_dataRate_t
 966 03b5 15       		.uleb128 0x15
 967 03b6 8F030000 		.4byte	0x38f
 968 03ba 16       		.uleb128 0x16
 969 03bb 2A010000 		.4byte	.LASF35
ARM GAS  C:\Users\aless\AppData\Local\Temp\ccKBBmIH.s 			page 22


 970 03bf 01       		.byte	0x1
 971 03c0 10       		.byte	0x10
 972 03c1 CB030000 		.4byte	0x3cb
 973 03c5 05       		.uleb128 0x5
 974 03c6 03       		.byte	0x3
 975 03c7 00000000 		.4byte	lis3dh_dataRange_t
 976 03cb 15       		.uleb128 0x15
 977 03cc 8F030000 		.4byte	0x38f
 978 03d0 17       		.uleb128 0x17
 979 03d1 96020000 		.4byte	.LASF36
 980 03d5 96020000 		.4byte	.LASF36
 981 03d9 05       		.byte	0x5
 982 03da 40       		.byte	0x40
 983 03db 17       		.uleb128 0x17
 984 03dc A6010000 		.4byte	.LASF37
 985 03e0 A6010000 		.4byte	.LASF37
 986 03e4 06       		.byte	0x6
 987 03e5 7D       		.byte	0x7d
 988 03e6 17       		.uleb128 0x17
 989 03e7 B3000000 		.4byte	.LASF38
 990 03eb B3000000 		.4byte	.LASF38
 991 03ef 05       		.byte	0x5
 992 03f0 5F       		.byte	0x5f
 993 03f1 17       		.uleb128 0x17
 994 03f2 CF010000 		.4byte	.LASF39
 995 03f6 CF010000 		.4byte	.LASF39
 996 03fa 06       		.byte	0x6
 997 03fb 7E       		.byte	0x7e
 998 03fc 00       		.byte	0
 999              		.section	.debug_abbrev,"",%progbits
 1000              	.Ldebug_abbrev0:
 1001 0000 01       		.uleb128 0x1
 1002 0001 11       		.uleb128 0x11
 1003 0002 01       		.byte	0x1
 1004 0003 25       		.uleb128 0x25
 1005 0004 0E       		.uleb128 0xe
 1006 0005 13       		.uleb128 0x13
 1007 0006 0B       		.uleb128 0xb
 1008 0007 03       		.uleb128 0x3
 1009 0008 0E       		.uleb128 0xe
 1010 0009 1B       		.uleb128 0x1b
 1011 000a 0E       		.uleb128 0xe
 1012 000b 55       		.uleb128 0x55
 1013 000c 17       		.uleb128 0x17
 1014 000d 11       		.uleb128 0x11
 1015 000e 01       		.uleb128 0x1
 1016 000f 10       		.uleb128 0x10
 1017 0010 17       		.uleb128 0x17
 1018 0011 00       		.byte	0
 1019 0012 00       		.byte	0
 1020 0013 02       		.uleb128 0x2
 1021 0014 24       		.uleb128 0x24
 1022 0015 00       		.byte	0
 1023 0016 0B       		.uleb128 0xb
 1024 0017 0B       		.uleb128 0xb
 1025 0018 3E       		.uleb128 0x3e
 1026 0019 0B       		.uleb128 0xb
ARM GAS  C:\Users\aless\AppData\Local\Temp\ccKBBmIH.s 			page 23


 1027 001a 03       		.uleb128 0x3
 1028 001b 0E       		.uleb128 0xe
 1029 001c 00       		.byte	0
 1030 001d 00       		.byte	0
 1031 001e 03       		.uleb128 0x3
 1032 001f 16       		.uleb128 0x16
 1033 0020 00       		.byte	0
 1034 0021 03       		.uleb128 0x3
 1035 0022 0E       		.uleb128 0xe
 1036 0023 3A       		.uleb128 0x3a
 1037 0024 0B       		.uleb128 0xb
 1038 0025 3B       		.uleb128 0x3b
 1039 0026 0B       		.uleb128 0xb
 1040 0027 49       		.uleb128 0x49
 1041 0028 13       		.uleb128 0x13
 1042 0029 00       		.byte	0
 1043 002a 00       		.byte	0
 1044 002b 04       		.uleb128 0x4
 1045 002c 24       		.uleb128 0x24
 1046 002d 00       		.byte	0
 1047 002e 0B       		.uleb128 0xb
 1048 002f 0B       		.uleb128 0xb
 1049 0030 3E       		.uleb128 0x3e
 1050 0031 0B       		.uleb128 0xb
 1051 0032 03       		.uleb128 0x3
 1052 0033 08       		.uleb128 0x8
 1053 0034 00       		.byte	0
 1054 0035 00       		.byte	0
 1055 0036 05       		.uleb128 0x5
 1056 0037 16       		.uleb128 0x16
 1057 0038 00       		.byte	0
 1058 0039 03       		.uleb128 0x3
 1059 003a 0E       		.uleb128 0xe
 1060 003b 3A       		.uleb128 0x3a
 1061 003c 0B       		.uleb128 0xb
 1062 003d 3B       		.uleb128 0x3b
 1063 003e 05       		.uleb128 0x5
 1064 003f 49       		.uleb128 0x49
 1065 0040 13       		.uleb128 0x13
 1066 0041 00       		.byte	0
 1067 0042 00       		.byte	0
 1068 0043 06       		.uleb128 0x6
 1069 0044 2E       		.uleb128 0x2e
 1070 0045 01       		.byte	0x1
 1071 0046 3F       		.uleb128 0x3f
 1072 0047 19       		.uleb128 0x19
 1073 0048 03       		.uleb128 0x3
 1074 0049 0E       		.uleb128 0xe
 1075 004a 3A       		.uleb128 0x3a
 1076 004b 0B       		.uleb128 0xb
 1077 004c 3B       		.uleb128 0x3b
 1078 004d 0B       		.uleb128 0xb
 1079 004e 27       		.uleb128 0x27
 1080 004f 19       		.uleb128 0x19
 1081 0050 11       		.uleb128 0x11
 1082 0051 01       		.uleb128 0x1
 1083 0052 12       		.uleb128 0x12
ARM GAS  C:\Users\aless\AppData\Local\Temp\ccKBBmIH.s 			page 24


 1084 0053 06       		.uleb128 0x6
 1085 0054 40       		.uleb128 0x40
 1086 0055 18       		.uleb128 0x18
 1087 0056 9742     		.uleb128 0x2117
 1088 0058 19       		.uleb128 0x19
 1089 0059 01       		.uleb128 0x1
 1090 005a 13       		.uleb128 0x13
 1091 005b 00       		.byte	0
 1092 005c 00       		.byte	0
 1093 005d 07       		.uleb128 0x7
 1094 005e 05       		.uleb128 0x5
 1095 005f 00       		.byte	0
 1096 0060 03       		.uleb128 0x3
 1097 0061 0E       		.uleb128 0xe
 1098 0062 3A       		.uleb128 0x3a
 1099 0063 0B       		.uleb128 0xb
 1100 0064 3B       		.uleb128 0x3b
 1101 0065 0B       		.uleb128 0xb
 1102 0066 49       		.uleb128 0x49
 1103 0067 13       		.uleb128 0x13
 1104 0068 02       		.uleb128 0x2
 1105 0069 17       		.uleb128 0x17
 1106 006a 00       		.byte	0
 1107 006b 00       		.byte	0
 1108 006c 08       		.uleb128 0x8
 1109 006d 05       		.uleb128 0x5
 1110 006e 00       		.byte	0
 1111 006f 03       		.uleb128 0x3
 1112 0070 0E       		.uleb128 0xe
 1113 0071 3A       		.uleb128 0x3a
 1114 0072 0B       		.uleb128 0xb
 1115 0073 3B       		.uleb128 0x3b
 1116 0074 0B       		.uleb128 0xb
 1117 0075 49       		.uleb128 0x49
 1118 0076 13       		.uleb128 0x13
 1119 0077 02       		.uleb128 0x2
 1120 0078 18       		.uleb128 0x18
 1121 0079 00       		.byte	0
 1122 007a 00       		.byte	0
 1123 007b 09       		.uleb128 0x9
 1124 007c 0F       		.uleb128 0xf
 1125 007d 00       		.byte	0
 1126 007e 0B       		.uleb128 0xb
 1127 007f 0B       		.uleb128 0xb
 1128 0080 49       		.uleb128 0x49
 1129 0081 13       		.uleb128 0x13
 1130 0082 00       		.byte	0
 1131 0083 00       		.byte	0
 1132 0084 0A       		.uleb128 0xa
 1133 0085 35       		.uleb128 0x35
 1134 0086 00       		.byte	0
 1135 0087 49       		.uleb128 0x49
 1136 0088 13       		.uleb128 0x13
 1137 0089 00       		.byte	0
 1138 008a 00       		.byte	0
 1139 008b 0B       		.uleb128 0xb
 1140 008c 2E       		.uleb128 0x2e
ARM GAS  C:\Users\aless\AppData\Local\Temp\ccKBBmIH.s 			page 25


 1141 008d 01       		.byte	0x1
 1142 008e 3F       		.uleb128 0x3f
 1143 008f 19       		.uleb128 0x19
 1144 0090 03       		.uleb128 0x3
 1145 0091 0E       		.uleb128 0xe
 1146 0092 3A       		.uleb128 0x3a
 1147 0093 0B       		.uleb128 0xb
 1148 0094 3B       		.uleb128 0x3b
 1149 0095 0B       		.uleb128 0xb
 1150 0096 27       		.uleb128 0x27
 1151 0097 19       		.uleb128 0x19
 1152 0098 49       		.uleb128 0x49
 1153 0099 13       		.uleb128 0x13
 1154 009a 11       		.uleb128 0x11
 1155 009b 01       		.uleb128 0x1
 1156 009c 12       		.uleb128 0x12
 1157 009d 06       		.uleb128 0x6
 1158 009e 40       		.uleb128 0x40
 1159 009f 18       		.uleb128 0x18
 1160 00a0 9742     		.uleb128 0x2117
 1161 00a2 19       		.uleb128 0x19
 1162 00a3 01       		.uleb128 0x1
 1163 00a4 13       		.uleb128 0x13
 1164 00a5 00       		.byte	0
 1165 00a6 00       		.byte	0
 1166 00a7 0C       		.uleb128 0xc
 1167 00a8 34       		.uleb128 0x34
 1168 00a9 00       		.byte	0
 1169 00aa 03       		.uleb128 0x3
 1170 00ab 0E       		.uleb128 0xe
 1171 00ac 3A       		.uleb128 0x3a
 1172 00ad 0B       		.uleb128 0xb
 1173 00ae 3B       		.uleb128 0x3b
 1174 00af 0B       		.uleb128 0xb
 1175 00b0 49       		.uleb128 0x49
 1176 00b1 13       		.uleb128 0x13
 1177 00b2 02       		.uleb128 0x2
 1178 00b3 17       		.uleb128 0x17
 1179 00b4 00       		.byte	0
 1180 00b5 00       		.byte	0
 1181 00b6 0D       		.uleb128 0xd
 1182 00b7 2E       		.uleb128 0x2e
 1183 00b8 01       		.byte	0x1
 1184 00b9 3F       		.uleb128 0x3f
 1185 00ba 19       		.uleb128 0x19
 1186 00bb 03       		.uleb128 0x3
 1187 00bc 0E       		.uleb128 0xe
 1188 00bd 3A       		.uleb128 0x3a
 1189 00be 0B       		.uleb128 0xb
 1190 00bf 3B       		.uleb128 0x3b
 1191 00c0 0B       		.uleb128 0xb
 1192 00c1 49       		.uleb128 0x49
 1193 00c2 13       		.uleb128 0x13
 1194 00c3 11       		.uleb128 0x11
 1195 00c4 01       		.uleb128 0x1
 1196 00c5 12       		.uleb128 0x12
 1197 00c6 06       		.uleb128 0x6
ARM GAS  C:\Users\aless\AppData\Local\Temp\ccKBBmIH.s 			page 26


 1198 00c7 40       		.uleb128 0x40
 1199 00c8 18       		.uleb128 0x18
 1200 00c9 9742     		.uleb128 0x2117
 1201 00cb 19       		.uleb128 0x19
 1202 00cc 01       		.uleb128 0x1
 1203 00cd 13       		.uleb128 0x13
 1204 00ce 00       		.byte	0
 1205 00cf 00       		.byte	0
 1206 00d0 0E       		.uleb128 0xe
 1207 00d1 898201   		.uleb128 0x4109
 1208 00d4 01       		.byte	0x1
 1209 00d5 11       		.uleb128 0x11
 1210 00d6 01       		.uleb128 0x1
 1211 00d7 31       		.uleb128 0x31
 1212 00d8 13       		.uleb128 0x13
 1213 00d9 00       		.byte	0
 1214 00da 00       		.byte	0
 1215 00db 0F       		.uleb128 0xf
 1216 00dc 8A8201   		.uleb128 0x410a
 1217 00df 00       		.byte	0
 1218 00e0 02       		.uleb128 0x2
 1219 00e1 18       		.uleb128 0x18
 1220 00e2 9142     		.uleb128 0x2111
 1221 00e4 18       		.uleb128 0x18
 1222 00e5 00       		.byte	0
 1223 00e6 00       		.byte	0
 1224 00e7 10       		.uleb128 0x10
 1225 00e8 34       		.uleb128 0x34
 1226 00e9 00       		.byte	0
 1227 00ea 03       		.uleb128 0x3
 1228 00eb 0E       		.uleb128 0xe
 1229 00ec 3A       		.uleb128 0x3a
 1230 00ed 0B       		.uleb128 0xb
 1231 00ee 3B       		.uleb128 0x3b
 1232 00ef 0B       		.uleb128 0xb
 1233 00f0 49       		.uleb128 0x49
 1234 00f1 13       		.uleb128 0x13
 1235 00f2 02       		.uleb128 0x2
 1236 00f3 18       		.uleb128 0x18
 1237 00f4 00       		.byte	0
 1238 00f5 00       		.byte	0
 1239 00f6 11       		.uleb128 0x11
 1240 00f7 898201   		.uleb128 0x4109
 1241 00fa 00       		.byte	0
 1242 00fb 11       		.uleb128 0x11
 1243 00fc 01       		.uleb128 0x1
 1244 00fd 31       		.uleb128 0x31
 1245 00fe 13       		.uleb128 0x13
 1246 00ff 00       		.byte	0
 1247 0100 00       		.byte	0
 1248 0101 12       		.uleb128 0x12
 1249 0102 898201   		.uleb128 0x4109
 1250 0105 01       		.byte	0x1
 1251 0106 11       		.uleb128 0x11
 1252 0107 01       		.uleb128 0x1
 1253 0108 31       		.uleb128 0x31
 1254 0109 13       		.uleb128 0x13
ARM GAS  C:\Users\aless\AppData\Local\Temp\ccKBBmIH.s 			page 27


 1255 010a 01       		.uleb128 0x1
 1256 010b 13       		.uleb128 0x13
 1257 010c 00       		.byte	0
 1258 010d 00       		.byte	0
 1259 010e 13       		.uleb128 0x13
 1260 010f 01       		.uleb128 0x1
 1261 0110 01       		.byte	0x1
 1262 0111 49       		.uleb128 0x49
 1263 0112 13       		.uleb128 0x13
 1264 0113 01       		.uleb128 0x1
 1265 0114 13       		.uleb128 0x13
 1266 0115 00       		.byte	0
 1267 0116 00       		.byte	0
 1268 0117 14       		.uleb128 0x14
 1269 0118 21       		.uleb128 0x21
 1270 0119 00       		.byte	0
 1271 011a 49       		.uleb128 0x49
 1272 011b 13       		.uleb128 0x13
 1273 011c 2F       		.uleb128 0x2f
 1274 011d 0B       		.uleb128 0xb
 1275 011e 00       		.byte	0
 1276 011f 00       		.byte	0
 1277 0120 15       		.uleb128 0x15
 1278 0121 26       		.uleb128 0x26
 1279 0122 00       		.byte	0
 1280 0123 49       		.uleb128 0x49
 1281 0124 13       		.uleb128 0x13
 1282 0125 00       		.byte	0
 1283 0126 00       		.byte	0
 1284 0127 16       		.uleb128 0x16
 1285 0128 34       		.uleb128 0x34
 1286 0129 00       		.byte	0
 1287 012a 03       		.uleb128 0x3
 1288 012b 0E       		.uleb128 0xe
 1289 012c 3A       		.uleb128 0x3a
 1290 012d 0B       		.uleb128 0xb
 1291 012e 3B       		.uleb128 0x3b
 1292 012f 0B       		.uleb128 0xb
 1293 0130 49       		.uleb128 0x49
 1294 0131 13       		.uleb128 0x13
 1295 0132 3F       		.uleb128 0x3f
 1296 0133 19       		.uleb128 0x19
 1297 0134 02       		.uleb128 0x2
 1298 0135 18       		.uleb128 0x18
 1299 0136 00       		.byte	0
 1300 0137 00       		.byte	0
 1301 0138 17       		.uleb128 0x17
 1302 0139 2E       		.uleb128 0x2e
 1303 013a 00       		.byte	0
 1304 013b 3F       		.uleb128 0x3f
 1305 013c 19       		.uleb128 0x19
 1306 013d 3C       		.uleb128 0x3c
 1307 013e 19       		.uleb128 0x19
 1308 013f 6E       		.uleb128 0x6e
 1309 0140 0E       		.uleb128 0xe
 1310 0141 03       		.uleb128 0x3
 1311 0142 0E       		.uleb128 0xe
ARM GAS  C:\Users\aless\AppData\Local\Temp\ccKBBmIH.s 			page 28


 1312 0143 3A       		.uleb128 0x3a
 1313 0144 0B       		.uleb128 0xb
 1314 0145 3B       		.uleb128 0x3b
 1315 0146 0B       		.uleb128 0xb
 1316 0147 00       		.byte	0
 1317 0148 00       		.byte	0
 1318 0149 00       		.byte	0
 1319              		.section	.debug_loc,"",%progbits
 1320              	.Ldebug_loc0:
 1321              	.LLST0:
 1322 0000 00000000 		.4byte	.LVL0
 1323 0004 64000000 		.4byte	.LVL1
 1324 0008 0100     		.2byte	0x1
 1325 000a 50       		.byte	0x50
 1326 000b 64000000 		.4byte	.LVL1
 1327 000f 76000000 		.4byte	.LFE0
 1328 0013 0400     		.2byte	0x4
 1329 0015 F3       		.byte	0xf3
 1330 0016 01       		.uleb128 0x1
 1331 0017 50       		.byte	0x50
 1332 0018 9F       		.byte	0x9f
 1333 0019 00000000 		.4byte	0
 1334 001d 00000000 		.4byte	0
 1335              	.LLST1:
 1336 0021 00000000 		.4byte	.LVL2
 1337 0025 58000000 		.4byte	.LVL12
 1338 0029 0100     		.2byte	0x1
 1339 002b 50       		.byte	0x50
 1340 002c 58000000 		.4byte	.LVL12
 1341 0030 5A000000 		.4byte	.LFE1
 1342 0034 0400     		.2byte	0x4
 1343 0036 F3       		.byte	0xf3
 1344 0037 01       		.uleb128 0x1
 1345 0038 50       		.byte	0x50
 1346 0039 9F       		.byte	0x9f
 1347 003a 00000000 		.4byte	0
 1348 003e 00000000 		.4byte	0
 1349              	.LLST2:
 1350 0042 00000000 		.4byte	.LVL2
 1351 0046 14000000 		.4byte	.LVL3
 1352 004a 0200     		.2byte	0x2
 1353 004c 30       		.byte	0x30
 1354 004d 9F       		.byte	0x9f
 1355 004e 14000000 		.4byte	.LVL3
 1356 0052 18000000 		.4byte	.LVL4
 1357 0056 0200     		.2byte	0x2
 1358 0058 32       		.byte	0x32
 1359 0059 9F       		.byte	0x9f
 1360 005a 18000000 		.4byte	.LVL4
 1361 005e 1C000000 		.4byte	.LVL5
 1362 0062 0200     		.2byte	0x2
 1363 0064 33       		.byte	0x33
 1364 0065 9F       		.byte	0x9f
 1365 0066 1C000000 		.4byte	.LVL5
 1366 006a 1E000000 		.4byte	.LVL6
 1367 006e 0200     		.2byte	0x2
 1368 0070 30       		.byte	0x30
ARM GAS  C:\Users\aless\AppData\Local\Temp\ccKBBmIH.s 			page 29


 1369 0071 9F       		.byte	0x9f
 1370 0072 1E000000 		.4byte	.LVL6
 1371 0076 5A000000 		.4byte	.LFE1
 1372 007a 0100     		.2byte	0x1
 1373 007c 53       		.byte	0x53
 1374 007d 00000000 		.4byte	0
 1375 0081 00000000 		.4byte	0
 1376              	.LLST3:
 1377 0085 00000000 		.4byte	.LVL14
 1378 0089 06000000 		.4byte	.LVL16
 1379 008d 0100     		.2byte	0x1
 1380 008f 50       		.byte	0x50
 1381 0090 06000000 		.4byte	.LVL16
 1382 0094 0C000000 		.4byte	.LFE5
 1383 0098 0400     		.2byte	0x4
 1384 009a F3       		.byte	0xf3
 1385 009b 01       		.uleb128 0x1
 1386 009c 50       		.byte	0x50
 1387 009d 9F       		.byte	0x9f
 1388 009e 00000000 		.4byte	0
 1389 00a2 00000000 		.4byte	0
 1390              	.LLST4:
 1391 00a6 02000000 		.4byte	.LVL15
 1392 00aa 06000000 		.4byte	.LVL16
 1393 00ae 0600     		.2byte	0x6
 1394 00b0 70       		.byte	0x70
 1395 00b1 00       		.sleb128 0
 1396 00b2 08       		.byte	0x8
 1397 00b3 80       		.byte	0x80
 1398 00b4 21       		.byte	0x21
 1399 00b5 9F       		.byte	0x9f
 1400 00b6 00000000 		.4byte	0
 1401 00ba 00000000 		.4byte	0
 1402              	.LLST5:
 1403 00be 00000000 		.4byte	.LVL18
 1404 00c2 0B000000 		.4byte	.LVL19-1
 1405 00c6 0100     		.2byte	0x1
 1406 00c8 50       		.byte	0x50
 1407 00c9 0B000000 		.4byte	.LVL19-1
 1408 00cd 30000000 		.4byte	.LFE6
 1409 00d1 0400     		.2byte	0x4
 1410 00d3 F3       		.byte	0xf3
 1411 00d4 01       		.uleb128 0x1
 1412 00d5 50       		.byte	0x50
 1413 00d6 9F       		.byte	0x9f
 1414 00d7 00000000 		.4byte	0
 1415 00db 00000000 		.4byte	0
 1416              	.LLST6:
 1417 00df 00000000 		.4byte	.LVL18
 1418 00e3 0B000000 		.4byte	.LVL19-1
 1419 00e7 0100     		.2byte	0x1
 1420 00e9 51       		.byte	0x51
 1421 00ea 0B000000 		.4byte	.LVL19-1
 1422 00ee 30000000 		.4byte	.LFE6
 1423 00f2 0400     		.2byte	0x4
 1424 00f4 F3       		.byte	0xf3
 1425 00f5 01       		.uleb128 0x1
ARM GAS  C:\Users\aless\AppData\Local\Temp\ccKBBmIH.s 			page 30


 1426 00f6 51       		.byte	0x51
 1427 00f7 9F       		.byte	0x9f
 1428 00f8 00000000 		.4byte	0
 1429 00fc 00000000 		.4byte	0
 1430              	.LLST7:
 1431 0100 00000000 		.4byte	.LVL27
 1432 0104 08000000 		.4byte	.LVL28
 1433 0108 0100     		.2byte	0x1
 1434 010a 50       		.byte	0x50
 1435 010b 08000000 		.4byte	.LVL28
 1436 010f 1E000000 		.4byte	.LFE3
 1437 0113 0100     		.2byte	0x1
 1438 0115 54       		.byte	0x54
 1439 0116 00000000 		.4byte	0
 1440 011a 00000000 		.4byte	0
 1441              	.LLST8:
 1442 011e 00000000 		.4byte	.LVL32
 1443 0122 0A000000 		.4byte	.LVL33
 1444 0126 0100     		.2byte	0x1
 1445 0128 50       		.byte	0x50
 1446 0129 0A000000 		.4byte	.LVL33
 1447 012d 1E000000 		.4byte	.LFE7
 1448 0131 0400     		.2byte	0x4
 1449 0133 F3       		.byte	0xf3
 1450 0134 01       		.uleb128 0x1
 1451 0135 50       		.byte	0x50
 1452 0136 9F       		.byte	0x9f
 1453 0137 00000000 		.4byte	0
 1454 013b 00000000 		.4byte	0
 1455              	.LLST9:
 1456 013f 00000000 		.4byte	.LVL32
 1457 0143 14000000 		.4byte	.LVL35
 1458 0147 0100     		.2byte	0x1
 1459 0149 51       		.byte	0x51
 1460 014a 14000000 		.4byte	.LVL35
 1461 014e 17000000 		.4byte	.LVL36-1
 1462 0152 0100     		.2byte	0x1
 1463 0154 52       		.byte	0x52
 1464 0155 17000000 		.4byte	.LVL36-1
 1465 0159 1E000000 		.4byte	.LFE7
 1466 015d 0400     		.2byte	0x4
 1467 015f F3       		.byte	0xf3
 1468 0160 01       		.uleb128 0x1
 1469 0161 51       		.byte	0x51
 1470 0162 9F       		.byte	0x9f
 1471 0163 00000000 		.4byte	0
 1472 0167 00000000 		.4byte	0
 1473              	.LLST10:
 1474 016b 00000000 		.4byte	.LVL32
 1475 016f 12000000 		.4byte	.LVL34
 1476 0173 0100     		.2byte	0x1
 1477 0175 52       		.byte	0x52
 1478 0176 12000000 		.4byte	.LVL34
 1479 017a 1E000000 		.4byte	.LFE7
 1480 017e 0400     		.2byte	0x4
 1481 0180 F3       		.byte	0xf3
 1482 0181 01       		.uleb128 0x1
ARM GAS  C:\Users\aless\AppData\Local\Temp\ccKBBmIH.s 			page 31


 1483 0182 52       		.byte	0x52
 1484 0183 9F       		.byte	0x9f
 1485 0184 00000000 		.4byte	0
 1486 0188 00000000 		.4byte	0
 1487              		.section	.debug_aranges,"",%progbits
 1488 0000 54000000 		.4byte	0x54
 1489 0004 0200     		.2byte	0x2
 1490 0006 00000000 		.4byte	.Ldebug_info0
 1491 000a 04       		.byte	0x4
 1492 000b 00       		.byte	0
 1493 000c 0000     		.2byte	0
 1494 000e 0000     		.2byte	0
 1495 0010 00000000 		.4byte	.LFB0
 1496 0014 76000000 		.4byte	.LFE0-.LFB0
 1497 0018 00000000 		.4byte	.LFB1
 1498 001c 5A000000 		.4byte	.LFE1-.LFB1
 1499 0020 00000000 		.4byte	.LFB4
 1500 0024 0A000000 		.4byte	.LFE4-.LFB4
 1501 0028 00000000 		.4byte	.LFB5
 1502 002c 0C000000 		.4byte	.LFE5-.LFB5
 1503 0030 00000000 		.4byte	.LFB6
 1504 0034 30000000 		.4byte	.LFE6-.LFB6
 1505 0038 00000000 		.4byte	.LFB2
 1506 003c 24000000 		.4byte	.LFE2-.LFB2
 1507 0040 00000000 		.4byte	.LFB3
 1508 0044 1E000000 		.4byte	.LFE3-.LFB3
 1509 0048 00000000 		.4byte	.LFB7
 1510 004c 1E000000 		.4byte	.LFE7-.LFB7
 1511 0050 00000000 		.4byte	0
 1512 0054 00000000 		.4byte	0
 1513              		.section	.debug_ranges,"",%progbits
 1514              	.Ldebug_ranges0:
 1515 0000 00000000 		.4byte	.LFB0
 1516 0004 76000000 		.4byte	.LFE0
 1517 0008 00000000 		.4byte	.LFB1
 1518 000c 5A000000 		.4byte	.LFE1
 1519 0010 00000000 		.4byte	.LFB4
 1520 0014 0A000000 		.4byte	.LFE4
 1521 0018 00000000 		.4byte	.LFB5
 1522 001c 0C000000 		.4byte	.LFE5
 1523 0020 00000000 		.4byte	.LFB6
 1524 0024 30000000 		.4byte	.LFE6
 1525 0028 00000000 		.4byte	.LFB2
 1526 002c 24000000 		.4byte	.LFE2
 1527 0030 00000000 		.4byte	.LFB3
 1528 0034 1E000000 		.4byte	.LFE3
 1529 0038 00000000 		.4byte	.LFB7
 1530 003c 1E000000 		.4byte	.LFE7
 1531 0040 00000000 		.4byte	0
 1532 0044 00000000 		.4byte	0
 1533              		.section	.debug_line,"",%progbits
 1534              	.Ldebug_line0:
 1535 0000 29020000 		.section	.debug_str,"MS",%progbits,1
 1535      02005E01 
 1535      00000201 
 1535      FB0E0D00 
 1535      01010101 
ARM GAS  C:\Users\aless\AppData\Local\Temp\ccKBBmIH.s 			page 32


 1536              	.LASF22:
 1537 0000 4C495333 		.ascii	"LIS3DH_readByte\000"
 1537      44485F72 
 1537      65616442 
 1537      79746500 
 1538              	.LASF17:
 1539 0010 636F6E66 		.ascii	"config_reg\000"
 1539      69675F72 
 1539      656700
 1540              	.LASF9:
 1541 001b 5F5F7569 		.ascii	"__uint8_t\000"
 1541      6E74385F 
 1541      7400
 1542              	.LASF40:
 1543 0025 474E5520 		.ascii	"GNU C11 5.4.1 20160609 (release) [ARM/embedded-5-br"
 1543      43313120 
 1543      352E342E 
 1543      31203230 
 1543      31363036 
 1544 0058 616E6368 		.ascii	"anch revision 237715] -mcpu=cortex-m3 -mthumb -g -O"
 1544      20726576 
 1544      6973696F 
 1544      6E203233 
 1544      37373135 
 1545 008b 67202D66 		.ascii	"g -ffunction-sections -ffat-lto-objects\000"
 1545      66756E63 
 1545      74696F6E 
 1545      2D736563 
 1545      74696F6E 
 1546              	.LASF38:
 1547 00b3 5350495F 		.ascii	"SPI_Interface_Multi_RW_LIS3DH\000"
 1547      496E7465 
 1547      72666163 
 1547      655F4D75 
 1547      6C74695F 
 1548              	.LASF33:
 1549 00d1 6E427974 		.ascii	"nBytes\000"
 1549      657300
 1550              	.LASF3:
 1551 00d8 73686F72 		.ascii	"short unsigned int\000"
 1551      7420756E 
 1551      7369676E 
 1551      65642069 
 1551      6E7400
 1552              	.LASF30:
 1553 00eb 4C495333 		.ascii	"LIS3DH_Init\000"
 1553      44485F49 
 1553      6E697400 
 1554              	.LASF12:
 1555 00f7 666C6F61 		.ascii	"float\000"
 1555      7400
 1556              	.LASF18:
 1557 00fd 64617461 		.ascii	"data\000"
 1557      00
 1558              	.LASF7:
 1559 0102 6C6F6E67 		.ascii	"long long unsigned int\000"
 1559      206C6F6E 
ARM GAS  C:\Users\aless\AppData\Local\Temp\ccKBBmIH.s 			page 33


 1559      6720756E 
 1559      7369676E 
 1559      65642069 
 1560              	.LASF21:
 1561 0119 4C495333 		.ascii	"LIS3DH_zipConfig\000"
 1561      44485F7A 
 1561      6970436F 
 1561      6E666967 
 1561      00
 1562              	.LASF35:
 1563 012a 6C697333 		.ascii	"lis3dh_dataRange_t\000"
 1563      64685F64 
 1563      61746152 
 1563      616E6765 
 1563      5F7400
 1564              	.LASF19:
 1565 013d 4C495333 		.ascii	"LIS3DH_unzipConfig\000"
 1565      44485F75 
 1565      6E7A6970 
 1565      436F6E66 
 1565      696700
 1566              	.LASF28:
 1567 0150 696E7465 		.ascii	"interruptState\000"
 1567      72727570 
 1567      74537461 
 1567      746500
 1568              	.LASF5:
 1569 015f 6C6F6E67 		.ascii	"long unsigned int\000"
 1569      20756E73 
 1569      69676E65 
 1569      6420696E 
 1569      7400
 1570              	.LASF34:
 1571 0171 6C697333 		.ascii	"lis3dh_dataRate_t\000"
 1571      64685F64 
 1571      61746152 
 1571      6174655F 
 1571      7400
 1572              	.LASF23:
 1573 0183 61646472 		.ascii	"addr\000"
 1573      00
 1574              	.LASF27:
 1575 0188 64617461 		.ascii	"dataByte\000"
 1575      42797465 
 1575      00
 1576              	.LASF1:
 1577 0191 756E7369 		.ascii	"unsigned char\000"
 1577      676E6564 
 1577      20636861 
 1577      7200
 1578              	.LASF13:
 1579 019f 646F7562 		.ascii	"double\000"
 1579      6C6500
 1580              	.LASF37:
 1581 01a6 4379456E 		.ascii	"CyEnterCriticalSection\000"
 1581      74657243 
 1581      72697469 
ARM GAS  C:\Users\aless\AppData\Local\Temp\ccKBBmIH.s 			page 34


 1581      63616C53 
 1581      65637469 
 1582              	.LASF8:
 1583 01bd 756E7369 		.ascii	"unsigned int\000"
 1583      676E6564 
 1583      20696E74 
 1583      00
 1584              	.LASF29:
 1585 01ca 74656D70 		.ascii	"temp\000"
 1585      00
 1586              	.LASF39:
 1587 01cf 43794578 		.ascii	"CyExitCriticalSection\000"
 1587      69744372 
 1587      69746963 
 1587      616C5365 
 1587      6374696F 
 1588              	.LASF10:
 1589 01e5 75696E74 		.ascii	"uint8_t\000"
 1589      385F7400 
 1590              	.LASF25:
 1591 01ed 64617461 		.ascii	"dataRX\000"
 1591      525800
 1592              	.LASF31:
 1593 01f4 4C495333 		.ascii	"LIS3DH_setConfig\000"
 1593      44485F73 
 1593      6574436F 
 1593      6E666967 
 1593      00
 1594              	.LASF16:
 1595 0205 73697A65 		.ascii	"sizetype\000"
 1595      74797065 
 1595      00
 1596              	.LASF6:
 1597 020e 6C6F6E67 		.ascii	"long long int\000"
 1597      206C6F6E 
 1597      6720696E 
 1597      7400
 1598              	.LASF42:
 1599 021c 433A5C55 		.ascii	"C:\\Users\\aless\\Documents\\PSoC_Creator\\AY1920_I"
 1599      73657273 
 1599      5C616C65 
 1599      73735C44 
 1599      6F63756D 
 1600 024a 495F3032 		.ascii	"I_02_RATTI_SINATRA_QUARANTA\\AY1920_II_FINAL_PROJEC"
 1600      5F524154 
 1600      54495F53 
 1600      494E4154 
 1600      52415F51 
 1601 027c 542E6379 		.ascii	"T.cydsn\000"
 1601      64736E00 
 1602              	.LASF20:
 1603 0284 4C495333 		.ascii	"LIS3DH_readStatus\000"
 1603      44485F72 
 1603      65616453 
 1603      74617475 
 1603      7300
 1604              	.LASF36:
ARM GAS  C:\Users\aless\AppData\Local\Temp\ccKBBmIH.s 			page 35


 1605 0296 5350495F 		.ascii	"SPI_Interface_ReadByte_LIS3DH\000"
 1605      496E7465 
 1605      72666163 
 1605      655F5265 
 1605      61644279 
 1606              	.LASF41:
 1607 02b4 4C495333 		.ascii	"LIS3DH.c\000"
 1607      44482E63 
 1607      00
 1608              	.LASF2:
 1609 02bd 73686F72 		.ascii	"short int\000"
 1609      7420696E 
 1609      7400
 1610              	.LASF32:
 1611 02c7 4C495333 		.ascii	"LIS3DH_readPage\000"
 1611      44485F72 
 1611      65616450 
 1611      61676500 
 1612              	.LASF11:
 1613 02d7 75696E74 		.ascii	"uint8\000"
 1613      3800
 1614              	.LASF26:
 1615 02dd 4C495333 		.ascii	"LIS3DH_writeByte\000"
 1615      44485F77 
 1615      72697465 
 1615      42797465 
 1615      00
 1616              	.LASF4:
 1617 02ee 6C6F6E67 		.ascii	"long int\000"
 1617      20696E74 
 1617      00
 1618              	.LASF14:
 1619 02f7 63686172 		.ascii	"char\000"
 1619      00
 1620              	.LASF15:
 1621 02fc 6C6F6E67 		.ascii	"long double\000"
 1621      20646F75 
 1621      626C6500 
 1622              	.LASF0:
 1623 0308 7369676E 		.ascii	"signed char\000"
 1623      65642063 
 1623      68617200 
 1624              	.LASF24:
 1625 0314 64617461 		.ascii	"dataTX\000"
 1625      545800
 1626              		.ident	"GCC: (GNU Tools for ARM Embedded Processors) 5.4.1 20160609 (release) [ARM/embedded-5-bran
