ARM GAS  C:\Users\aless\AppData\Local\Temp\cceFS11t.s 			page 1


   1              		.syntax unified
   2              		.cpu cortex-m3
   3              		.fpu softvfp
   4              		.eabi_attribute 20, 1
   5              		.eabi_attribute 21, 1
   6              		.eabi_attribute 23, 3
   7              		.eabi_attribute 24, 1
   8              		.eabi_attribute 25, 1
   9              		.eabi_attribute 26, 1
  10              		.eabi_attribute 30, 1
  11              		.eabi_attribute 34, 1
  12              		.eabi_attribute 18, 4
  13              		.thumb
  14              		.syntax unified
  15              		.file	"SPI_Interface.c"
  16              		.text
  17              	.Ltext0:
  18              		.cfi_sections	.debug_frame
  19              		.section	.text.SPI_Interface_tradeByte_LIS3DH,"ax",%progbits
  20              		.align	2
  21              		.global	SPI_Interface_tradeByte_LIS3DH
  22              		.thumb
  23              		.thumb_func
  24              		.type	SPI_Interface_tradeByte_LIS3DH, %function
  25              	SPI_Interface_tradeByte_LIS3DH:
  26              	.LFB0:
  27              		.file 1 "SPI_Interface.c"
   1:SPI_Interface.c **** /* ========================================
   2:SPI_Interface.c ****  *
   3:SPI_Interface.c ****  * Copyright YOUR COMPANY, THE YEAR
   4:SPI_Interface.c ****  * All Rights Reserved
   5:SPI_Interface.c ****  * UNPUBLISHED, LICENSED SOFTWARE.
   6:SPI_Interface.c ****  *
   7:SPI_Interface.c ****  * CONFIDENTIAL AND PROPRIETARY INFORMATION
   8:SPI_Interface.c ****  * WHICH IS THE PROPERTY OF your company.
   9:SPI_Interface.c ****  *
  10:SPI_Interface.c ****  * ========================================
  11:SPI_Interface.c **** */
  12:SPI_Interface.c **** 
  13:SPI_Interface.c **** /*											 
  14:SPI_Interface.c ****  * NOTE: in the .h Lib of the SPI Slave     		   *
  15:SPI_Interface.c ****  *       you need to define SLAVE_CS_Write  		   *
  16:SPI_Interface.c ****  *       with the name of the Chip Select    		   * 
  17:SPI_Interface.c ****  *       pin (as defined in the Top Design)  		   *
  18:SPI_Interface.c ****  * E.g.: #define SLAVE_CS_Write CS_1_Write (default)   *
  19:SPI_Interface.c **** */
  20:SPI_Interface.c **** 
  21:SPI_Interface.c **** #include "SPI_Interface.h"
  22:SPI_Interface.c **** 
  23:SPI_Interface.c **** 
  24:SPI_Interface.c **** #ifndef SLAVE_CS_Write_1
  25:SPI_Interface.c ****     #define SLAVE_CS_1_Write CS_1_Write
  26:SPI_Interface.c **** #endif
  27:SPI_Interface.c **** 
  28:SPI_Interface.c **** #ifndef SLAVE_CS_Write_2
  29:SPI_Interface.c ****     #define SLAVE_CS_2_Write CS_2_Write
  30:SPI_Interface.c **** #endif
ARM GAS  C:\Users\aless\AppData\Local\Temp\cceFS11t.s 			page 2


  31:SPI_Interface.c **** 
  32:SPI_Interface.c **** /*
  33:SPI_Interface.c **** * @brief Full-Duplex, Single-Operation 1-Byte Trade on the LIS3DH
  34:SPI_Interface.c **** */
  35:SPI_Interface.c **** uint8_t SPI_Interface_tradeByte_LIS3DH(uint8_t byte) {
  28              		.loc 1 35 0
  29              		.cfi_startproc
  30              		@ args = 0, pretend = 0, frame = 0
  31              		@ frame_needed = 0, uses_anonymous_args = 0
  32              	.LVL0:
  33 0000 10B5     		push	{r4, lr}
  34              		.cfi_def_cfa_offset 8
  35              		.cfi_offset 4, -8
  36              		.cfi_offset 14, -4
  37 0002 0446     		mov	r4, r0
  36:SPI_Interface.c ****     
  37:SPI_Interface.c **** 	/* Enable the Slave */
  38:SPI_Interface.c **** 	SLAVE_CS_1_Write(0);
  38              		.loc 1 38 0
  39 0004 0020     		movs	r0, #0
  40              	.LVL1:
  41 0006 FFF7FEFF 		bl	CS_1_Write
  42              	.LVL2:
  39:SPI_Interface.c **** 	
  40:SPI_Interface.c **** 	/* Load the TX Buffer */
  41:SPI_Interface.c **** 	SPIM_LIS3DH_WriteTxData(byte);
  43              		.loc 1 41 0
  44 000a 2046     		mov	r0, r4
  45 000c FFF7FEFF 		bl	SPIM_LIS3DH_WriteTxData
  46              	.LVL3:
  47              	.L2:
  42:SPI_Interface.c **** 	
  43:SPI_Interface.c **** 	/* Wait for TX */
  44:SPI_Interface.c ****     while(!(SPIM_LIS3DH_ReadTxStatus() & SPIM_LIS3DH_STS_BYTE_COMPLETE) );
  48              		.loc 1 44 0 discriminator 1
  49 0010 FFF7FEFF 		bl	SPIM_LIS3DH_ReadTxStatus
  50              	.LVL4:
  51 0014 10F0080F 		tst	r0, #8
  52 0018 FAD0     		beq	.L2
  45:SPI_Interface.c **** 	
  46:SPI_Interface.c **** 	/* Read the RX Buffer */
  47:SPI_Interface.c **** 	uint8_t data = SPIM_LIS3DH_ReadRxData();
  53              		.loc 1 47 0
  54 001a FFF7FEFF 		bl	SPIM_LIS3DH_ReadRxData
  55              	.LVL5:
  56 001e 0446     		mov	r4, r0
  57              	.LVL6:
  48:SPI_Interface.c **** 	
  49:SPI_Interface.c **** 	/* Disable the Slave */
  50:SPI_Interface.c **** 	SLAVE_CS_1_Write(1);
  58              		.loc 1 50 0
  59 0020 0120     		movs	r0, #1
  60 0022 FFF7FEFF 		bl	CS_1_Write
  61              	.LVL7:
  51:SPI_Interface.c **** 	
  52:SPI_Interface.c **** 	return data;
  53:SPI_Interface.c ****     
ARM GAS  C:\Users\aless\AppData\Local\Temp\cceFS11t.s 			page 3


  54:SPI_Interface.c **** }
  62              		.loc 1 54 0
  63 0026 2046     		mov	r0, r4
  64 0028 10BD     		pop	{r4, pc}
  65              		.cfi_endproc
  66              	.LFE0:
  67              		.size	SPI_Interface_tradeByte_LIS3DH, .-SPI_Interface_tradeByte_LIS3DH
  68              		.section	.text.SPI_Interface_tradeByte_EEPROM,"ax",%progbits
  69              		.align	2
  70              		.global	SPI_Interface_tradeByte_EEPROM
  71              		.thumb
  72              		.thumb_func
  73              		.type	SPI_Interface_tradeByte_EEPROM, %function
  74              	SPI_Interface_tradeByte_EEPROM:
  75              	.LFB1:
  55:SPI_Interface.c **** 
  56:SPI_Interface.c **** /*
  57:SPI_Interface.c **** * @brief Full-Duplex, Single-Operation 1-Byte Trade on the EEPROM
  58:SPI_Interface.c **** */
  59:SPI_Interface.c **** uint8_t SPI_Interface_tradeByte_EEPROM(uint8_t byte) {
  76              		.loc 1 59 0
  77              		.cfi_startproc
  78              		@ args = 0, pretend = 0, frame = 0
  79              		@ frame_needed = 0, uses_anonymous_args = 0
  80              	.LVL8:
  81 0000 10B5     		push	{r4, lr}
  82              		.cfi_def_cfa_offset 8
  83              		.cfi_offset 4, -8
  84              		.cfi_offset 14, -4
  85 0002 0446     		mov	r4, r0
  60:SPI_Interface.c ****     
  61:SPI_Interface.c **** 	/* Enable the Slave */
  62:SPI_Interface.c **** 	SLAVE_CS_2_Write(0);
  86              		.loc 1 62 0
  87 0004 0020     		movs	r0, #0
  88              	.LVL9:
  89 0006 FFF7FEFF 		bl	CS_2_Write
  90              	.LVL10:
  63:SPI_Interface.c **** 	
  64:SPI_Interface.c **** 	/* Load the TX Buffer */
  65:SPI_Interface.c **** 	SPIM_EEPROM_WriteTxData(byte);
  91              		.loc 1 65 0
  92 000a 2046     		mov	r0, r4
  93 000c FFF7FEFF 		bl	SPIM_EEPROM_WriteTxData
  94              	.LVL11:
  95              	.L5:
  66:SPI_Interface.c **** 	
  67:SPI_Interface.c **** 	/* Wait for TX */
  68:SPI_Interface.c ****     while( !(SPIM_EEPROM_ReadTxStatus() & SPIM_EEPROM_STS_BYTE_COMPLETE) );
  96              		.loc 1 68 0 discriminator 1
  97 0010 FFF7FEFF 		bl	SPIM_EEPROM_ReadTxStatus
  98              	.LVL12:
  99 0014 10F0080F 		tst	r0, #8
 100 0018 FAD0     		beq	.L5
  69:SPI_Interface.c **** 	
  70:SPI_Interface.c **** 	/* Read the RX Buffer */
  71:SPI_Interface.c **** 	uint8_t data = SPIM_EEPROM_ReadRxData();
ARM GAS  C:\Users\aless\AppData\Local\Temp\cceFS11t.s 			page 4


 101              		.loc 1 71 0
 102 001a FFF7FEFF 		bl	SPIM_EEPROM_ReadRxData
 103              	.LVL13:
 104 001e 0446     		mov	r4, r0
 105              	.LVL14:
  72:SPI_Interface.c **** 	
  73:SPI_Interface.c **** 	/* Disable the Slave */
  74:SPI_Interface.c **** 	SLAVE_CS_2_Write(1);
 106              		.loc 1 74 0
 107 0020 0120     		movs	r0, #1
 108 0022 FFF7FEFF 		bl	CS_2_Write
 109              	.LVL15:
  75:SPI_Interface.c **** 	
  76:SPI_Interface.c **** 	return data;
  77:SPI_Interface.c ****     
  78:SPI_Interface.c **** }
 110              		.loc 1 78 0
 111 0026 2046     		mov	r0, r4
 112 0028 10BD     		pop	{r4, pc}
 113              		.cfi_endproc
 114              	.LFE1:
 115              		.size	SPI_Interface_tradeByte_EEPROM, .-SPI_Interface_tradeByte_EEPROM
 116 002a 00BF     		.section	.text.SPI_Interface_ReadByte_LIS3DH,"ax",%progbits
 117              		.align	2
 118              		.global	SPI_Interface_ReadByte_LIS3DH
 119              		.thumb
 120              		.thumb_func
 121              		.type	SPI_Interface_ReadByte_LIS3DH, %function
 122              	SPI_Interface_ReadByte_LIS3DH:
 123              	.LFB2:
  79:SPI_Interface.c **** 
  80:SPI_Interface.c **** /*
  81:SPI_Interface.c **** * @brief RX-only, Dual-Operation 1-Byte READ for the LIS3DH
  82:SPI_Interface.c **** */
  83:SPI_Interface.c **** uint8_t SPI_Interface_ReadByte_LIS3DH(uint8_t byteTX) {
 124              		.loc 1 83 0
 125              		.cfi_startproc
 126              		@ args = 0, pretend = 0, frame = 0
 127              		@ frame_needed = 0, uses_anonymous_args = 0
 128              	.LVL16:
 129 0000 10B5     		push	{r4, lr}
 130              		.cfi_def_cfa_offset 8
 131              		.cfi_offset 4, -8
 132              		.cfi_offset 14, -4
 133 0002 0446     		mov	r4, r0
  84:SPI_Interface.c ****     
  85:SPI_Interface.c **** 	/* Enable the Slave */
  86:SPI_Interface.c ****     SLAVE_CS_1_Write(0);
 134              		.loc 1 86 0
 135 0004 0020     		movs	r0, #0
 136              	.LVL17:
 137 0006 FFF7FEFF 		bl	CS_1_Write
 138              	.LVL18:
  87:SPI_Interface.c ****     
  88:SPI_Interface.c ****     /* Load the TX Buffer */
  89:SPI_Interface.c ****     SPIM_LIS3DH_WriteTxData(byteTX);            // first: instruction byte
 139              		.loc 1 89 0
ARM GAS  C:\Users\aless\AppData\Local\Temp\cceFS11t.s 			page 5


 140 000a 2046     		mov	r0, r4
 141 000c FFF7FEFF 		bl	SPIM_LIS3DH_WriteTxData
 142              	.LVL19:
  90:SPI_Interface.c ****     
  91:SPI_Interface.c ****     /* SPI Dummy Byte */
  92:SPI_Interface.c ****     SPIM_LIS3DH_WriteTxData(SPI_DUMMY_BYTE);    // second: dummy byte
 143              		.loc 1 92 0
 144 0010 0020     		movs	r0, #0
 145 0012 FFF7FEFF 		bl	SPIM_LIS3DH_WriteTxData
 146              	.LVL20:
 147              	.L8:
  93:SPI_Interface.c ****     
  94:SPI_Interface.c ****     /* Wait for TX/RX */
  95:SPI_Interface.c ****     while(!(SPIM_LIS3DH_ReadTxStatus() & SPIM_LIS3DH_STS_SPI_DONE));
 148              		.loc 1 95 0 discriminator 1
 149 0016 FFF7FEFF 		bl	SPIM_LIS3DH_ReadTxStatus
 150              	.LVL21:
 151 001a 10F0010F 		tst	r0, #1
 152 001e FAD0     		beq	.L8
  96:SPI_Interface.c ****     
  97:SPI_Interface.c ****     /* Read the RX Buffer */
  98:SPI_Interface.c ****     // we wrote two bytes so we need to read two bytes
  99:SPI_Interface.c ****     SPIM_LIS3DH_ReadRxData(); // nonsense
 153              		.loc 1 99 0
 154 0020 FFF7FEFF 		bl	SPIM_LIS3DH_ReadRxData
 155              	.LVL22:
 100:SPI_Interface.c ****     uint8_t byteRX = SPIM_LIS3DH_ReadRxData(); // actual data
 156              		.loc 1 100 0
 157 0024 FFF7FEFF 		bl	SPIM_LIS3DH_ReadRxData
 158              	.LVL23:
 159 0028 0446     		mov	r4, r0
 160              	.LVL24:
 101:SPI_Interface.c ****     
 102:SPI_Interface.c ****     /* Disable the Slave */
 103:SPI_Interface.c ****     SLAVE_CS_1_Write(1);
 161              		.loc 1 103 0
 162 002a 0120     		movs	r0, #1
 163 002c FFF7FEFF 		bl	CS_1_Write
 164              	.LVL25:
 104:SPI_Interface.c ****     
 105:SPI_Interface.c ****     return byteRX;
 106:SPI_Interface.c **** }
 165              		.loc 1 106 0
 166 0030 2046     		mov	r0, r4
 167 0032 10BD     		pop	{r4, pc}
 168              		.cfi_endproc
 169              	.LFE2:
 170              		.size	SPI_Interface_ReadByte_LIS3DH, .-SPI_Interface_ReadByte_LIS3DH
 171              		.section	.text.SPI_Interface_ReadByte_EEPROM,"ax",%progbits
 172              		.align	2
 173              		.global	SPI_Interface_ReadByte_EEPROM
 174              		.thumb
 175              		.thumb_func
 176              		.type	SPI_Interface_ReadByte_EEPROM, %function
 177              	SPI_Interface_ReadByte_EEPROM:
 178              	.LFB3:
 107:SPI_Interface.c **** 
ARM GAS  C:\Users\aless\AppData\Local\Temp\cceFS11t.s 			page 6


 108:SPI_Interface.c **** /*
 109:SPI_Interface.c **** * @brief RX-only, Dual-Operation 1-Byte READ for the EEPROM
 110:SPI_Interface.c **** */
 111:SPI_Interface.c **** uint8_t SPI_Interface_ReadByte_EEPROM(uint8_t byteTX) {
 179              		.loc 1 111 0
 180              		.cfi_startproc
 181              		@ args = 0, pretend = 0, frame = 0
 182              		@ frame_needed = 0, uses_anonymous_args = 0
 183              	.LVL26:
 184 0000 10B5     		push	{r4, lr}
 185              		.cfi_def_cfa_offset 8
 186              		.cfi_offset 4, -8
 187              		.cfi_offset 14, -4
 188 0002 0446     		mov	r4, r0
 112:SPI_Interface.c ****     
 113:SPI_Interface.c **** 	/* Enable the Slave */
 114:SPI_Interface.c ****     SLAVE_CS_2_Write(0);
 189              		.loc 1 114 0
 190 0004 0020     		movs	r0, #0
 191              	.LVL27:
 192 0006 FFF7FEFF 		bl	CS_2_Write
 193              	.LVL28:
 115:SPI_Interface.c ****     
 116:SPI_Interface.c ****     /* Load the TX Buffer */
 117:SPI_Interface.c ****     SPIM_EEPROM_WriteTxData(byteTX); // first: instruction byte
 194              		.loc 1 117 0
 195 000a 2046     		mov	r0, r4
 196 000c FFF7FEFF 		bl	SPIM_EEPROM_WriteTxData
 197              	.LVL29:
 118:SPI_Interface.c ****     	
 119:SPI_Interface.c ****     /* SPI Dummy Byte */
 120:SPI_Interface.c ****     SPIM_EEPROM_WriteTxData(SPI_DUMMY_BYTE); // second: dummy byte
 198              		.loc 1 120 0
 199 0010 0020     		movs	r0, #0
 200 0012 FFF7FEFF 		bl	SPIM_EEPROM_WriteTxData
 201              	.LVL30:
 202              	.L11:
 121:SPI_Interface.c ****     	
 122:SPI_Interface.c ****     /* Wait for TX/RX */
 123:SPI_Interface.c ****     while(!(SPIM_EEPROM_ReadTxStatus() & SPIM_EEPROM_STS_SPI_DONE));
 203              		.loc 1 123 0 discriminator 1
 204 0016 FFF7FEFF 		bl	SPIM_EEPROM_ReadTxStatus
 205              	.LVL31:
 206 001a 10F0010F 		tst	r0, #1
 207 001e FAD0     		beq	.L11
 124:SPI_Interface.c ****     	
 125:SPI_Interface.c ****     /* Read the RX Buffer */
 126:SPI_Interface.c ****     // we wrote two bytes so we need to read two bytes
 127:SPI_Interface.c ****     SPIM_EEPROM_ReadRxData(); // nonsense
 208              		.loc 1 127 0
 209 0020 FFF7FEFF 		bl	SPIM_EEPROM_ReadRxData
 210              	.LVL32:
 128:SPI_Interface.c ****     uint8_t byteRX = SPIM_EEPROM_ReadRxData(); // actual data
 211              		.loc 1 128 0
 212 0024 FFF7FEFF 		bl	SPIM_EEPROM_ReadRxData
 213              	.LVL33:
 214 0028 0446     		mov	r4, r0
ARM GAS  C:\Users\aless\AppData\Local\Temp\cceFS11t.s 			page 7


 215              	.LVL34:
 129:SPI_Interface.c ****     
 130:SPI_Interface.c ****     /* Disable the Slave */
 131:SPI_Interface.c ****     SLAVE_CS_2_Write(1);
 216              		.loc 1 131 0
 217 002a 0120     		movs	r0, #1
 218 002c FFF7FEFF 		bl	CS_2_Write
 219              	.LVL35:
 132:SPI_Interface.c ****     
 133:SPI_Interface.c ****     return byteRX;
 134:SPI_Interface.c **** }
 220              		.loc 1 134 0
 221 0030 2046     		mov	r0, r4
 222 0032 10BD     		pop	{r4, pc}
 223              		.cfi_endproc
 224              	.LFE3:
 225              		.size	SPI_Interface_ReadByte_EEPROM, .-SPI_Interface_ReadByte_EEPROM
 226              		.section	.text.SPI_Interface_Multi_RW_LIS3DH,"ax",%progbits
 227              		.align	2
 228              		.global	SPI_Interface_Multi_RW_LIS3DH
 229              		.thumb
 230              		.thumb_func
 231              		.type	SPI_Interface_Multi_RW_LIS3DH, %function
 232              	SPI_Interface_Multi_RW_LIS3DH:
 233              	.LFB4:
 135:SPI_Interface.c **** 
 136:SPI_Interface.c **** /*
 137:SPI_Interface.c **** * @brief RX-only, Dual-Operation Multi-Byte READ/WRITE for the LIS3DH
 138:SPI_Interface.c **** */
 139:SPI_Interface.c **** void SPI_Interface_Multi_RW_LIS3DH(uint8_t* dataTX, uint8_t bytesTX, uint8_t* dataRX, uint8_t bytes
 234              		.loc 1 139 0
 235              		.cfi_startproc
 236              		@ args = 0, pretend = 0, frame = 8
 237              		@ frame_needed = 0, uses_anonymous_args = 0
 238              	.LVL36:
 239 0000 2DE9F043 		push	{r4, r5, r6, r7, r8, r9, lr}
 240              		.cfi_def_cfa_offset 28
 241              		.cfi_offset 4, -28
 242              		.cfi_offset 5, -24
 243              		.cfi_offset 6, -20
 244              		.cfi_offset 7, -16
 245              		.cfi_offset 8, -12
 246              		.cfi_offset 9, -8
 247              		.cfi_offset 14, -4
 248 0004 83B0     		sub	sp, sp, #12
 249              		.cfi_def_cfa_offset 40
 250 0006 0646     		mov	r6, r0
 251 0008 0C46     		mov	r4, r1
 252 000a 1746     		mov	r7, r2
 253 000c 9846     		mov	r8, r3
 140:SPI_Interface.c ****     
 141:SPI_Interface.c ****     /* Enable the Slave */
 142:SPI_Interface.c ****     SLAVE_CS_1_Write(0);
 254              		.loc 1 142 0
 255 000e 0020     		movs	r0, #0
 256              	.LVL37:
 257 0010 FFF7FEFF 		bl	CS_1_Write
ARM GAS  C:\Users\aless\AppData\Local\Temp\cceFS11t.s 			page 8


 258              	.LVL38:
 143:SPI_Interface.c ****     
 144:SPI_Interface.c ****     int8_t count = bytesTX, index = 0;
 259              		.loc 1 144 0
 260 0014 64B2     		sxtb	r4, r4
 261              	.LVL39:
 262 0016 0025     		movs	r5, #0
 145:SPI_Interface.c ****     	
 146:SPI_Interface.c ****     /* Transmit Data */
 147:SPI_Interface.c ****     while ( count > 0 ) {
 263              		.loc 1 147 0
 264 0018 11E0     		b	.L14
 265              	.LVL40:
 266              	.L16:
 148:SPI_Interface.c ****     	/* Load the TX buffer with Data*/
 149:SPI_Interface.c ****         SPIM_LIS3DH_PutArray(&dataTX[index*SPI_TxBufferSize], (count > SPI_TxBufferSize ? SPI_TxBuf
 267              		.loc 1 149 0
 268 001a 2146     		mov	r1, r4
 269 001c 082C     		cmp	r4, #8
 270 001e A8BF     		it	ge
 271 0020 0821     		movge	r1, #8
 272 0022 C9B2     		uxtb	r1, r1
 273 0024 06EBC500 		add	r0, r6, r5, lsl #3
 274 0028 FFF7FEFF 		bl	SPIM_LIS3DH_PutArray
 275              	.LVL41:
 276              	.L15:
 150:SPI_Interface.c ****         /* Wait for TX */
 151:SPI_Interface.c ****         while( !(SPIM_LIS3DH_ReadTxStatus() & SPIM_LIS3DH_STS_SPI_DONE) );
 277              		.loc 1 151 0 discriminator 1
 278 002c FFF7FEFF 		bl	SPIM_LIS3DH_ReadTxStatus
 279              	.LVL42:
 280 0030 10F0010F 		tst	r0, #1
 281 0034 FAD0     		beq	.L15
 152:SPI_Interface.c ****         
 153:SPI_Interface.c ****         /* Update count */
 154:SPI_Interface.c ****         count -= SPI_TxBufferSize;
 282              		.loc 1 154 0
 283 0036 083C     		subs	r4, r4, #8
 284              	.LVL43:
 285 0038 64B2     		sxtb	r4, r4
 286              	.LVL44:
 155:SPI_Interface.c ****         index++;
 287              		.loc 1 155 0
 288 003a 0135     		adds	r5, r5, #1
 289              	.LVL45:
 290 003c 6DB2     		sxtb	r5, r5
 291              	.LVL46:
 292              	.L14:
 147:SPI_Interface.c ****     	/* Load the TX buffer with Data*/
 293              		.loc 1 147 0
 294 003e 002C     		cmp	r4, #0
 295 0040 EBDC     		bgt	.L16
 156:SPI_Interface.c ****     }
 157:SPI_Interface.c ****         
 158:SPI_Interface.c ****     /* Clear the RX Buffer */
 159:SPI_Interface.c ****     SPIM_LIS3DH_ClearFIFO();
 296              		.loc 1 159 0
ARM GAS  C:\Users\aless\AppData\Local\Temp\cceFS11t.s 			page 9


 297 0042 FFF7FEFF 		bl	SPIM_LIS3DH_ClearFIFO
 298              	.LVL47:
 160:SPI_Interface.c ****     SPIM_LIS3DH_ClearRxBuffer();
 299              		.loc 1 160 0
 300 0046 FFF7FEFF 		bl	SPIM_LIS3DH_ClearRxBuffer
 301              	.LVL48:
 161:SPI_Interface.c ****     
 162:SPI_Interface.c ****     /* Init the Dummy TX Buffer */
 163:SPI_Interface.c ****     uint8_t dummyTX[SPI_RxBufferSize];
 164:SPI_Interface.c ****     memset(dummyTX, SPI_DUMMY_BYTE, SPI_RxBufferSize);
 302              		.loc 1 164 0
 303 004a 0026     		movs	r6, #0
 304              	.LVL49:
 305 004c 0096     		str	r6, [sp]
 306 004e 0196     		str	r6, [sp, #4]
 165:SPI_Interface.c ****     
 166:SPI_Interface.c ****     /* Update count for RX */
 167:SPI_Interface.c ****     count = bytesRX;
 307              		.loc 1 167 0
 308 0050 4FFA88F8 		sxtb	r8, r8
 309              	.LVL50:
 168:SPI_Interface.c ****     index = 0;
 169:SPI_Interface.c ****         
 170:SPI_Interface.c ****     /* Get the RX Data */
 171:SPI_Interface.c ****     while ( count > 0 ) {
 310              		.loc 1 171 0
 311 0054 20E0     		b	.L17
 312              	.LVL51:
 313              	.L21:
 172:SPI_Interface.c ****         /* Load the TX buffer with Dummy Bytes*/
 173:SPI_Interface.c ****         SPIM_LIS3DH_PutArray(dummyTX, (count > SPI_TxBufferSize ? SPI_TxBufferSize : count));
 314              		.loc 1 173 0
 315 0056 C146     		mov	r9, r8
 316 0058 B8F1080F 		cmp	r8, #8
 317 005c A8BF     		it	ge
 318 005e 4FF00809 		movge	r9, #8
 319 0062 5FFA89F1 		uxtb	r1, r9
 320 0066 6846     		mov	r0, sp
 321 0068 FFF7FEFF 		bl	SPIM_LIS3DH_PutArray
 322              	.LVL52:
 323              	.L18:
 174:SPI_Interface.c ****         /* Wait for TX */
 175:SPI_Interface.c ****         while( !(SPIM_LIS3DH_ReadTxStatus() & SPIM_LIS3DH_STS_SPI_DONE) );
 324              		.loc 1 175 0 discriminator 1
 325 006c FFF7FEFF 		bl	SPIM_LIS3DH_ReadTxStatus
 326              	.LVL53:
 327 0070 10F0010F 		tst	r0, #1
 328 0074 FAD0     		beq	.L18
 329 0076 0024     		movs	r4, #0
 330 0078 06E0     		b	.L19
 331              	.LVL54:
 332              	.L20:
 333              	.LBB2:
 176:SPI_Interface.c ****         /* Read the RX Buffer */
 177:SPI_Interface.c ****         for( uint8_t j = 0; j < (count > SPI_TxBufferSize ? SPI_TxBufferSize : count); j++ ) {
 178:SPI_Interface.c ****             dataRX[j + index*SPI_RxBufferSize] = SPIM_LIS3DH_ReadRxData();   
 334              		.loc 1 178 0 discriminator 3
ARM GAS  C:\Users\aless\AppData\Local\Temp\cceFS11t.s 			page 10


 335 007a 04EBC605 		add	r5, r4, r6, lsl #3
 336 007e FFF7FEFF 		bl	SPIM_LIS3DH_ReadRxData
 337              	.LVL55:
 338 0082 7855     		strb	r0, [r7, r5]
 177:SPI_Interface.c ****             dataRX[j + index*SPI_RxBufferSize] = SPIM_LIS3DH_ReadRxData();   
 339              		.loc 1 177 0 discriminator 3
 340 0084 0134     		adds	r4, r4, #1
 341              	.LVL56:
 342 0086 E4B2     		uxtb	r4, r4
 343              	.LVL57:
 344              	.L19:
 177:SPI_Interface.c ****             dataRX[j + index*SPI_RxBufferSize] = SPIM_LIS3DH_ReadRxData();   
 345              		.loc 1 177 0 is_stmt 0 discriminator 1
 346 0088 4C45     		cmp	r4, r9
 347 008a F6DB     		blt	.L20
 348              	.LBE2:
 179:SPI_Interface.c ****         }
 180:SPI_Interface.c ****         
 181:SPI_Interface.c ****         count -= SPI_RxBufferSize;
 349              		.loc 1 181 0 is_stmt 1
 350 008c A8F10808 		sub	r8, r8, #8
 351              	.LVL58:
 352 0090 4FFA88F8 		sxtb	r8, r8
 353              	.LVL59:
 182:SPI_Interface.c ****         index++;
 354              		.loc 1 182 0
 355 0094 0136     		adds	r6, r6, #1
 356              	.LVL60:
 357 0096 76B2     		sxtb	r6, r6
 358              	.LVL61:
 359              	.L17:
 171:SPI_Interface.c ****         /* Load the TX buffer with Dummy Bytes*/
 360              		.loc 1 171 0
 361 0098 B8F1000F 		cmp	r8, #0
 362 009c DBDC     		bgt	.L21
 183:SPI_Interface.c ****     }
 184:SPI_Interface.c ****     
 185:SPI_Interface.c ****     /* Disable the Slave */
 186:SPI_Interface.c ****     SLAVE_CS_1_Write(1);
 363              		.loc 1 186 0
 364 009e 0120     		movs	r0, #1
 365 00a0 FFF7FEFF 		bl	CS_1_Write
 366              	.LVL62:
 187:SPI_Interface.c ****     
 188:SPI_Interface.c ****     /* Clear */
 189:SPI_Interface.c ****     SPIM_LIS3DH_ClearFIFO();
 367              		.loc 1 189 0
 368 00a4 FFF7FEFF 		bl	SPIM_LIS3DH_ClearFIFO
 369              	.LVL63:
 190:SPI_Interface.c ****     SPIM_LIS3DH_ClearRxBuffer();
 370              		.loc 1 190 0
 371 00a8 FFF7FEFF 		bl	SPIM_LIS3DH_ClearRxBuffer
 372              	.LVL64:
 191:SPI_Interface.c ****     SPIM_LIS3DH_ClearTxBuffer();
 373              		.loc 1 191 0
 374 00ac FFF7FEFF 		bl	SPIM_LIS3DH_ClearTxBuffer
 375              	.LVL65:
ARM GAS  C:\Users\aless\AppData\Local\Temp\cceFS11t.s 			page 11


 192:SPI_Interface.c **** }
 376              		.loc 1 192 0
 377 00b0 03B0     		add	sp, sp, #12
 378              		.cfi_def_cfa_offset 28
 379              		@ sp needed
 380 00b2 BDE8F083 		pop	{r4, r5, r6, r7, r8, r9, pc}
 381              		.cfi_endproc
 382              	.LFE4:
 383              		.size	SPI_Interface_Multi_RW_LIS3DH, .-SPI_Interface_Multi_RW_LIS3DH
 384 00b6 00BF     		.section	.text.SPI_Interface_Multi_RW_EEPROM,"ax",%progbits
 385              		.align	2
 386              		.global	SPI_Interface_Multi_RW_EEPROM
 387              		.thumb
 388              		.thumb_func
 389              		.type	SPI_Interface_Multi_RW_EEPROM, %function
 390              	SPI_Interface_Multi_RW_EEPROM:
 391              	.LFB5:
 193:SPI_Interface.c **** 
 194:SPI_Interface.c **** /*
 195:SPI_Interface.c **** * @brief RX-only, Dual-Operation Multi-Byte READ/WRITE for the EEPROM
 196:SPI_Interface.c **** */
 197:SPI_Interface.c **** void SPI_Interface_Multi_RW_EEPROM(uint8_t* dataTX, uint8_t bytesTX, uint8_t* dataRX, uint8_t bytes
 392              		.loc 1 197 0
 393              		.cfi_startproc
 394              		@ args = 0, pretend = 0, frame = 8
 395              		@ frame_needed = 0, uses_anonymous_args = 0
 396              	.LVL66:
 397 0000 2DE9F043 		push	{r4, r5, r6, r7, r8, r9, lr}
 398              		.cfi_def_cfa_offset 28
 399              		.cfi_offset 4, -28
 400              		.cfi_offset 5, -24
 401              		.cfi_offset 6, -20
 402              		.cfi_offset 7, -16
 403              		.cfi_offset 8, -12
 404              		.cfi_offset 9, -8
 405              		.cfi_offset 14, -4
 406 0004 83B0     		sub	sp, sp, #12
 407              		.cfi_def_cfa_offset 40
 408 0006 0646     		mov	r6, r0
 409 0008 0C46     		mov	r4, r1
 410 000a 1746     		mov	r7, r2
 411 000c 9846     		mov	r8, r3
 198:SPI_Interface.c ****     
 199:SPI_Interface.c ****     /* Enable the Slave */
 200:SPI_Interface.c ****     SLAVE_CS_2_Write(0);
 412              		.loc 1 200 0
 413 000e 0020     		movs	r0, #0
 414              	.LVL67:
 415 0010 FFF7FEFF 		bl	CS_2_Write
 416              	.LVL68:
 201:SPI_Interface.c ****     
 202:SPI_Interface.c ****     int8_t count = bytesTX, index = 0;
 417              		.loc 1 202 0
 418 0014 64B2     		sxtb	r4, r4
 419              	.LVL69:
 420 0016 0025     		movs	r5, #0
 203:SPI_Interface.c ****     
ARM GAS  C:\Users\aless\AppData\Local\Temp\cceFS11t.s 			page 12


 204:SPI_Interface.c ****     /* Transmit Data */
 205:SPI_Interface.c ****     while ( count > 0 ) {
 421              		.loc 1 205 0
 422 0018 11E0     		b	.L24
 423              	.LVL70:
 424              	.L26:
 206:SPI_Interface.c ****     	/* Load the TX buffer with Data*/
 207:SPI_Interface.c ****         SPIM_EEPROM_PutArray(&dataTX[index*SPI_TxBufferSize], (count > SPI_TxBufferSize ? SPI_TxBuf
 425              		.loc 1 207 0
 426 001a 2146     		mov	r1, r4
 427 001c 082C     		cmp	r4, #8
 428 001e A8BF     		it	ge
 429 0020 0821     		movge	r1, #8
 430 0022 C9B2     		uxtb	r1, r1
 431 0024 06EBC500 		add	r0, r6, r5, lsl #3
 432 0028 FFF7FEFF 		bl	SPIM_EEPROM_PutArray
 433              	.LVL71:
 434              	.L25:
 208:SPI_Interface.c ****         /* Wait for TX */
 209:SPI_Interface.c ****         while( !(SPIM_EEPROM_ReadTxStatus() & SPIM_EEPROM_STS_SPI_DONE) );
 435              		.loc 1 209 0 discriminator 1
 436 002c FFF7FEFF 		bl	SPIM_EEPROM_ReadTxStatus
 437              	.LVL72:
 438 0030 10F0010F 		tst	r0, #1
 439 0034 FAD0     		beq	.L25
 210:SPI_Interface.c ****         
 211:SPI_Interface.c ****         /* Update count */
 212:SPI_Interface.c ****         count -= SPI_TxBufferSize;
 440              		.loc 1 212 0
 441 0036 083C     		subs	r4, r4, #8
 442              	.LVL73:
 443 0038 64B2     		sxtb	r4, r4
 444              	.LVL74:
 213:SPI_Interface.c ****         index++;
 445              		.loc 1 213 0
 446 003a 0135     		adds	r5, r5, #1
 447              	.LVL75:
 448 003c 6DB2     		sxtb	r5, r5
 449              	.LVL76:
 450              	.L24:
 205:SPI_Interface.c ****     	/* Load the TX buffer with Data*/
 451              		.loc 1 205 0
 452 003e 002C     		cmp	r4, #0
 453 0040 EBDC     		bgt	.L26
 214:SPI_Interface.c ****     }
 215:SPI_Interface.c ****     
 216:SPI_Interface.c ****     /* Clear the RX Buffer */
 217:SPI_Interface.c ****     SPIM_EEPROM_ClearFIFO();
 454              		.loc 1 217 0
 455 0042 FFF7FEFF 		bl	SPIM_EEPROM_ClearFIFO
 456              	.LVL77:
 218:SPI_Interface.c ****     SPIM_EEPROM_ClearRxBuffer();
 457              		.loc 1 218 0
 458 0046 FFF7FEFF 		bl	SPIM_EEPROM_ClearRxBuffer
 459              	.LVL78:
 219:SPI_Interface.c ****     
 220:SPI_Interface.c ****     /* Init the Dummy TX Buffer */
ARM GAS  C:\Users\aless\AppData\Local\Temp\cceFS11t.s 			page 13


 221:SPI_Interface.c ****     uint8_t dummyTX[SPI_RxBufferSize];
 222:SPI_Interface.c ****     memset(dummyTX, SPI_DUMMY_BYTE, SPI_RxBufferSize);
 460              		.loc 1 222 0
 461 004a 0026     		movs	r6, #0
 462              	.LVL79:
 463 004c 0096     		str	r6, [sp]
 464 004e 0196     		str	r6, [sp, #4]
 223:SPI_Interface.c ****     
 224:SPI_Interface.c ****     /* Update count for RX */
 225:SPI_Interface.c ****     count = bytesRX;
 465              		.loc 1 225 0
 466 0050 4FFA88F8 		sxtb	r8, r8
 467              	.LVL80:
 226:SPI_Interface.c ****     index = 0;
 227:SPI_Interface.c ****     
 228:SPI_Interface.c ****     /* Get the RX Data */
 229:SPI_Interface.c ****     while ( count > 0 ) {
 468              		.loc 1 229 0
 469 0054 20E0     		b	.L27
 470              	.LVL81:
 471              	.L31:
 230:SPI_Interface.c ****         /* Load the TX buffer with Dummy Bytes*/
 231:SPI_Interface.c ****         SPIM_EEPROM_PutArray(dummyTX, (count > SPI_TxBufferSize ? SPI_TxBufferSize : count));
 472              		.loc 1 231 0
 473 0056 C146     		mov	r9, r8
 474 0058 B8F1080F 		cmp	r8, #8
 475 005c A8BF     		it	ge
 476 005e 4FF00809 		movge	r9, #8
 477 0062 5FFA89F1 		uxtb	r1, r9
 478 0066 6846     		mov	r0, sp
 479 0068 FFF7FEFF 		bl	SPIM_EEPROM_PutArray
 480              	.LVL82:
 481              	.L28:
 232:SPI_Interface.c ****         /* Wait for TX */
 233:SPI_Interface.c ****         while( !(SPIM_EEPROM_ReadTxStatus() & SPIM_EEPROM_STS_SPI_DONE) );
 482              		.loc 1 233 0 discriminator 1
 483 006c FFF7FEFF 		bl	SPIM_EEPROM_ReadTxStatus
 484              	.LVL83:
 485 0070 10F0010F 		tst	r0, #1
 486 0074 FAD0     		beq	.L28
 487 0076 0024     		movs	r4, #0
 488 0078 06E0     		b	.L29
 489              	.LVL84:
 490              	.L30:
 491              	.LBB3:
 234:SPI_Interface.c ****         /* Read the RX Buffer */
 235:SPI_Interface.c ****         for( uint8_t j = 0; j < (count > SPI_TxBufferSize ? SPI_TxBufferSize : count); j++ ) {
 236:SPI_Interface.c ****             dataRX[j + index*SPI_RxBufferSize] = SPIM_EEPROM_ReadRxData();
 492              		.loc 1 236 0 discriminator 3
 493 007a 04EBC605 		add	r5, r4, r6, lsl #3
 494 007e FFF7FEFF 		bl	SPIM_EEPROM_ReadRxData
 495              	.LVL85:
 496 0082 7855     		strb	r0, [r7, r5]
 235:SPI_Interface.c ****             dataRX[j + index*SPI_RxBufferSize] = SPIM_EEPROM_ReadRxData();
 497              		.loc 1 235 0 discriminator 3
 498 0084 0134     		adds	r4, r4, #1
 499              	.LVL86:
ARM GAS  C:\Users\aless\AppData\Local\Temp\cceFS11t.s 			page 14


 500 0086 E4B2     		uxtb	r4, r4
 501              	.LVL87:
 502              	.L29:
 235:SPI_Interface.c ****             dataRX[j + index*SPI_RxBufferSize] = SPIM_EEPROM_ReadRxData();
 503              		.loc 1 235 0 is_stmt 0 discriminator 1
 504 0088 4C45     		cmp	r4, r9
 505 008a F6DB     		blt	.L30
 506              	.LBE3:
 237:SPI_Interface.c ****         }
 238:SPI_Interface.c ****         
 239:SPI_Interface.c ****         count -= SPI_RxBufferSize;
 507              		.loc 1 239 0 is_stmt 1
 508 008c A8F10808 		sub	r8, r8, #8
 509              	.LVL88:
 510 0090 4FFA88F8 		sxtb	r8, r8
 511              	.LVL89:
 240:SPI_Interface.c ****         index++;
 512              		.loc 1 240 0
 513 0094 0136     		adds	r6, r6, #1
 514              	.LVL90:
 515 0096 76B2     		sxtb	r6, r6
 516              	.LVL91:
 517              	.L27:
 229:SPI_Interface.c ****         /* Load the TX buffer with Dummy Bytes*/
 518              		.loc 1 229 0
 519 0098 B8F1000F 		cmp	r8, #0
 520 009c DBDC     		bgt	.L31
 241:SPI_Interface.c ****     }
 242:SPI_Interface.c ****     
 243:SPI_Interface.c ****     /* Disable the Slave */
 244:SPI_Interface.c ****     SLAVE_CS_2_Write(1);
 521              		.loc 1 244 0
 522 009e 0120     		movs	r0, #1
 523 00a0 FFF7FEFF 		bl	CS_2_Write
 524              	.LVL92:
 245:SPI_Interface.c ****     
 246:SPI_Interface.c ****     /* Clear */
 247:SPI_Interface.c ****     SPIM_EEPROM_ClearFIFO();
 525              		.loc 1 247 0
 526 00a4 FFF7FEFF 		bl	SPIM_EEPROM_ClearFIFO
 527              	.LVL93:
 248:SPI_Interface.c ****     SPIM_EEPROM_ClearRxBuffer();
 528              		.loc 1 248 0
 529 00a8 FFF7FEFF 		bl	SPIM_EEPROM_ClearRxBuffer
 530              	.LVL94:
 249:SPI_Interface.c ****     SPIM_EEPROM_ClearTxBuffer();
 531              		.loc 1 249 0
 532 00ac FFF7FEFF 		bl	SPIM_EEPROM_ClearTxBuffer
 533              	.LVL95:
 250:SPI_Interface.c ****     
 251:SPI_Interface.c **** }
 534              		.loc 1 251 0
 535 00b0 03B0     		add	sp, sp, #12
 536              		.cfi_def_cfa_offset 28
 537              		@ sp needed
 538 00b2 BDE8F083 		pop	{r4, r5, r6, r7, r8, r9, pc}
 539              		.cfi_endproc
ARM GAS  C:\Users\aless\AppData\Local\Temp\cceFS11t.s 			page 15


 540              	.LFE5:
 541              		.size	SPI_Interface_Multi_RW_EEPROM, .-SPI_Interface_Multi_RW_EEPROM
 542 00b6 00BF     		.text
 543              	.Letext0:
 544              		.file 2 "c:\\program files (x86)\\cypress\\psoc creator\\4.3\\psoc creator\\import\\gnu\\arm\\5.4.
 545              		.file 3 "c:\\program files (x86)\\cypress\\psoc creator\\4.3\\psoc creator\\import\\gnu\\arm\\5.4.
 546              		.file 4 "Generated_Source\\PSoC5/cytypes.h"
 547              		.file 5 "Generated_Source\\PSoC5/CS_1.h"
 548              		.file 6 "Generated_Source\\PSoC5/SPIM_LIS3DH.h"
 549              		.file 7 "Generated_Source\\PSoC5/CS_2.h"
 550              		.file 8 "Generated_Source\\PSoC5/SPIM_EEPROM.h"
 551              		.section	.debug_info,"",%progbits
 552              	.Ldebug_info0:
 553 0000 4D060000 		.4byte	0x64d
 554 0004 0400     		.2byte	0x4
 555 0006 00000000 		.4byte	.Ldebug_abbrev0
 556 000a 04       		.byte	0x4
 557 000b 01       		.uleb128 0x1
 558 000c F9000000 		.4byte	.LASF52
 559 0010 0C       		.byte	0xc
 560 0011 96000000 		.4byte	.LASF53
 561 0015 42030000 		.4byte	.LASF54
 562 0019 00000000 		.4byte	.Ldebug_ranges0+0
 563 001d 00000000 		.4byte	0
 564 0021 00000000 		.4byte	.Ldebug_line0
 565 0025 02       		.uleb128 0x2
 566 0026 00000000 		.4byte	.LASF0
 567 002a 02       		.byte	0x2
 568 002b 1B       		.byte	0x1b
 569 002c 30000000 		.4byte	0x30
 570 0030 03       		.uleb128 0x3
 571 0031 01       		.byte	0x1
 572 0032 06       		.byte	0x6
 573 0033 2A040000 		.4byte	.LASF2
 574 0037 02       		.uleb128 0x2
 575 0038 09000000 		.4byte	.LASF1
 576 003c 02       		.byte	0x2
 577 003d 1D       		.byte	0x1d
 578 003e 42000000 		.4byte	0x42
 579 0042 03       		.uleb128 0x3
 580 0043 01       		.byte	0x1
 581 0044 08       		.byte	0x8
 582 0045 EB000000 		.4byte	.LASF3
 583 0049 03       		.uleb128 0x3
 584 004a 02       		.byte	0x2
 585 004b 05       		.byte	0x5
 586 004c CE030000 		.4byte	.LASF4
 587 0050 03       		.uleb128 0x3
 588 0051 02       		.byte	0x2
 589 0052 07       		.byte	0x7
 590 0053 68000000 		.4byte	.LASF5
 591 0057 03       		.uleb128 0x3
 592 0058 04       		.byte	0x4
 593 0059 05       		.byte	0x5
 594 005a 10040000 		.4byte	.LASF6
 595 005e 03       		.uleb128 0x3
 596 005f 04       		.byte	0x4
ARM GAS  C:\Users\aless\AppData\Local\Temp\cceFS11t.s 			page 16


 597 0060 07       		.byte	0x7
 598 0061 BB010000 		.4byte	.LASF7
 599 0065 03       		.uleb128 0x3
 600 0066 08       		.byte	0x8
 601 0067 05       		.byte	0x5
 602 0068 15030000 		.4byte	.LASF8
 603 006c 03       		.uleb128 0x3
 604 006d 08       		.byte	0x8
 605 006e 07       		.byte	0x7
 606 006f 96020000 		.4byte	.LASF9
 607 0073 04       		.uleb128 0x4
 608 0074 04       		.byte	0x4
 609 0075 05       		.byte	0x5
 610 0076 696E7400 		.ascii	"int\000"
 611 007a 03       		.uleb128 0x3
 612 007b 04       		.byte	0x4
 613 007c 07       		.byte	0x7
 614 007d 7E020000 		.4byte	.LASF10
 615 0081 02       		.uleb128 0x2
 616 0082 A6000000 		.4byte	.LASF11
 617 0086 03       		.byte	0x3
 618 0087 14       		.byte	0x14
 619 0088 25000000 		.4byte	0x25
 620 008c 02       		.uleb128 0x2
 621 008d AD020000 		.4byte	.LASF12
 622 0091 03       		.byte	0x3
 623 0092 18       		.byte	0x18
 624 0093 37000000 		.4byte	0x37
 625 0097 05       		.uleb128 0x5
 626 0098 E7010000 		.4byte	.LASF13
 627 009c 04       		.byte	0x4
 628 009d E401     		.2byte	0x1e4
 629 009f 42000000 		.4byte	0x42
 630 00a3 03       		.uleb128 0x3
 631 00a4 04       		.byte	0x4
 632 00a5 04       		.byte	0x4
 633 00a6 CB000000 		.4byte	.LASF14
 634 00aa 03       		.uleb128 0x3
 635 00ab 08       		.byte	0x8
 636 00ac 04       		.byte	0x4
 637 00ad 23020000 		.4byte	.LASF15
 638 00b1 03       		.uleb128 0x3
 639 00b2 01       		.byte	0x1
 640 00b3 08       		.byte	0x8
 641 00b4 19040000 		.4byte	.LASF16
 642 00b8 03       		.uleb128 0x3
 643 00b9 08       		.byte	0x8
 644 00ba 04       		.byte	0x4
 645 00bb 1E040000 		.4byte	.LASF17
 646 00bf 03       		.uleb128 0x3
 647 00c0 04       		.byte	0x4
 648 00c1 07       		.byte	0x7
 649 00c2 F7020000 		.4byte	.LASF18
 650 00c6 06       		.uleb128 0x6
 651 00c7 23030000 		.4byte	.LASF19
 652 00cb 01       		.byte	0x1
 653 00cc 23       		.byte	0x23
ARM GAS  C:\Users\aless\AppData\Local\Temp\cceFS11t.s 			page 17


 654 00cd 8C000000 		.4byte	0x8c
 655 00d1 00000000 		.4byte	.LFB0
 656 00d5 2A000000 		.4byte	.LFE0-.LFB0
 657 00d9 01       		.uleb128 0x1
 658 00da 9C       		.byte	0x9c
 659 00db 44010000 		.4byte	0x144
 660 00df 07       		.uleb128 0x7
 661 00e0 91000000 		.4byte	.LASF21
 662 00e4 01       		.byte	0x1
 663 00e5 23       		.byte	0x23
 664 00e6 8C000000 		.4byte	0x8c
 665 00ea 00000000 		.4byte	.LLST0
 666 00ee 08       		.uleb128 0x8
 667 00ef D1000000 		.4byte	.LASF22
 668 00f3 01       		.byte	0x1
 669 00f4 2F       		.byte	0x2f
 670 00f5 8C000000 		.4byte	0x8c
 671 00f9 01       		.uleb128 0x1
 672 00fa 54       		.byte	0x54
 673 00fb 09       		.uleb128 0x9
 674 00fc 0A000000 		.4byte	.LVL2
 675 0100 A0050000 		.4byte	0x5a0
 676 0104 0E010000 		.4byte	0x10e
 677 0108 0A       		.uleb128 0xa
 678 0109 01       		.uleb128 0x1
 679 010a 50       		.byte	0x50
 680 010b 01       		.uleb128 0x1
 681 010c 30       		.byte	0x30
 682 010d 00       		.byte	0
 683 010e 09       		.uleb128 0x9
 684 010f 10000000 		.4byte	.LVL3
 685 0113 AB050000 		.4byte	0x5ab
 686 0117 22010000 		.4byte	0x122
 687 011b 0A       		.uleb128 0xa
 688 011c 01       		.uleb128 0x1
 689 011d 50       		.byte	0x50
 690 011e 02       		.uleb128 0x2
 691 011f 74       		.byte	0x74
 692 0120 00       		.sleb128 0
 693 0121 00       		.byte	0
 694 0122 0B       		.uleb128 0xb
 695 0123 14000000 		.4byte	.LVL4
 696 0127 B6050000 		.4byte	0x5b6
 697 012b 0B       		.uleb128 0xb
 698 012c 1E000000 		.4byte	.LVL5
 699 0130 C1050000 		.4byte	0x5c1
 700 0134 0C       		.uleb128 0xc
 701 0135 26000000 		.4byte	.LVL7
 702 0139 A0050000 		.4byte	0x5a0
 703 013d 0A       		.uleb128 0xa
 704 013e 01       		.uleb128 0x1
 705 013f 50       		.byte	0x50
 706 0140 01       		.uleb128 0x1
 707 0141 31       		.byte	0x31
 708 0142 00       		.byte	0
 709 0143 00       		.byte	0
 710 0144 06       		.uleb128 0x6
ARM GAS  C:\Users\aless\AppData\Local\Temp\cceFS11t.s 			page 18


 711 0145 ED010000 		.4byte	.LASF20
 712 0149 01       		.byte	0x1
 713 014a 3B       		.byte	0x3b
 714 014b 8C000000 		.4byte	0x8c
 715 014f 00000000 		.4byte	.LFB1
 716 0153 2A000000 		.4byte	.LFE1-.LFB1
 717 0157 01       		.uleb128 0x1
 718 0158 9C       		.byte	0x9c
 719 0159 C2010000 		.4byte	0x1c2
 720 015d 07       		.uleb128 0x7
 721 015e 91000000 		.4byte	.LASF21
 722 0162 01       		.byte	0x1
 723 0163 3B       		.byte	0x3b
 724 0164 8C000000 		.4byte	0x8c
 725 0168 21000000 		.4byte	.LLST1
 726 016c 08       		.uleb128 0x8
 727 016d D1000000 		.4byte	.LASF22
 728 0171 01       		.byte	0x1
 729 0172 47       		.byte	0x47
 730 0173 8C000000 		.4byte	0x8c
 731 0177 01       		.uleb128 0x1
 732 0178 54       		.byte	0x54
 733 0179 09       		.uleb128 0x9
 734 017a 0A000000 		.4byte	.LVL10
 735 017e CC050000 		.4byte	0x5cc
 736 0182 8C010000 		.4byte	0x18c
 737 0186 0A       		.uleb128 0xa
 738 0187 01       		.uleb128 0x1
 739 0188 50       		.byte	0x50
 740 0189 01       		.uleb128 0x1
 741 018a 30       		.byte	0x30
 742 018b 00       		.byte	0
 743 018c 09       		.uleb128 0x9
 744 018d 10000000 		.4byte	.LVL11
 745 0191 D7050000 		.4byte	0x5d7
 746 0195 A0010000 		.4byte	0x1a0
 747 0199 0A       		.uleb128 0xa
 748 019a 01       		.uleb128 0x1
 749 019b 50       		.byte	0x50
 750 019c 02       		.uleb128 0x2
 751 019d 74       		.byte	0x74
 752 019e 00       		.sleb128 0
 753 019f 00       		.byte	0
 754 01a0 0B       		.uleb128 0xb
 755 01a1 14000000 		.4byte	.LVL12
 756 01a5 E2050000 		.4byte	0x5e2
 757 01a9 0B       		.uleb128 0xb
 758 01aa 1E000000 		.4byte	.LVL13
 759 01ae ED050000 		.4byte	0x5ed
 760 01b2 0C       		.uleb128 0xc
 761 01b3 26000000 		.4byte	.LVL15
 762 01b7 CC050000 		.4byte	0x5cc
 763 01bb 0A       		.uleb128 0xa
 764 01bc 01       		.uleb128 0x1
 765 01bd 50       		.byte	0x50
 766 01be 01       		.uleb128 0x1
 767 01bf 31       		.byte	0x31
ARM GAS  C:\Users\aless\AppData\Local\Temp\cceFS11t.s 			page 19


 768 01c0 00       		.byte	0
 769 01c1 00       		.byte	0
 770 01c2 06       		.uleb128 0x6
 771 01c3 B0030000 		.4byte	.LASF23
 772 01c7 01       		.byte	0x1
 773 01c8 53       		.byte	0x53
 774 01c9 8C000000 		.4byte	0x8c
 775 01cd 00000000 		.4byte	.LFB2
 776 01d1 34000000 		.4byte	.LFE2-.LFB2
 777 01d5 01       		.uleb128 0x1
 778 01d6 9C       		.byte	0x9c
 779 01d7 5C020000 		.4byte	0x25c
 780 01db 07       		.uleb128 0x7
 781 01dc C4000000 		.4byte	.LASF24
 782 01e0 01       		.byte	0x1
 783 01e1 53       		.byte	0x53
 784 01e2 8C000000 		.4byte	0x8c
 785 01e6 42000000 		.4byte	.LLST2
 786 01ea 08       		.uleb128 0x8
 787 01eb 5D020000 		.4byte	.LASF25
 788 01ef 01       		.byte	0x1
 789 01f0 64       		.byte	0x64
 790 01f1 8C000000 		.4byte	0x8c
 791 01f5 01       		.uleb128 0x1
 792 01f6 54       		.byte	0x54
 793 01f7 09       		.uleb128 0x9
 794 01f8 0A000000 		.4byte	.LVL18
 795 01fc A0050000 		.4byte	0x5a0
 796 0200 0A020000 		.4byte	0x20a
 797 0204 0A       		.uleb128 0xa
 798 0205 01       		.uleb128 0x1
 799 0206 50       		.byte	0x50
 800 0207 01       		.uleb128 0x1
 801 0208 30       		.byte	0x30
 802 0209 00       		.byte	0
 803 020a 09       		.uleb128 0x9
 804 020b 10000000 		.4byte	.LVL19
 805 020f AB050000 		.4byte	0x5ab
 806 0213 1E020000 		.4byte	0x21e
 807 0217 0A       		.uleb128 0xa
 808 0218 01       		.uleb128 0x1
 809 0219 50       		.byte	0x50
 810 021a 02       		.uleb128 0x2
 811 021b 74       		.byte	0x74
 812 021c 00       		.sleb128 0
 813 021d 00       		.byte	0
 814 021e 09       		.uleb128 0x9
 815 021f 16000000 		.4byte	.LVL20
 816 0223 AB050000 		.4byte	0x5ab
 817 0227 31020000 		.4byte	0x231
 818 022b 0A       		.uleb128 0xa
 819 022c 01       		.uleb128 0x1
 820 022d 50       		.byte	0x50
 821 022e 01       		.uleb128 0x1
 822 022f 30       		.byte	0x30
 823 0230 00       		.byte	0
 824 0231 0B       		.uleb128 0xb
ARM GAS  C:\Users\aless\AppData\Local\Temp\cceFS11t.s 			page 20


 825 0232 1A000000 		.4byte	.LVL21
 826 0236 B6050000 		.4byte	0x5b6
 827 023a 0B       		.uleb128 0xb
 828 023b 24000000 		.4byte	.LVL22
 829 023f C1050000 		.4byte	0x5c1
 830 0243 0B       		.uleb128 0xb
 831 0244 28000000 		.4byte	.LVL23
 832 0248 C1050000 		.4byte	0x5c1
 833 024c 0C       		.uleb128 0xc
 834 024d 30000000 		.4byte	.LVL25
 835 0251 A0050000 		.4byte	0x5a0
 836 0255 0A       		.uleb128 0xa
 837 0256 01       		.uleb128 0x1
 838 0257 50       		.byte	0x50
 839 0258 01       		.uleb128 0x1
 840 0259 31       		.byte	0x31
 841 025a 00       		.byte	0
 842 025b 00       		.byte	0
 843 025c 06       		.uleb128 0x6
 844 025d 9D010000 		.4byte	.LASF26
 845 0261 01       		.byte	0x1
 846 0262 6F       		.byte	0x6f
 847 0263 8C000000 		.4byte	0x8c
 848 0267 00000000 		.4byte	.LFB3
 849 026b 34000000 		.4byte	.LFE3-.LFB3
 850 026f 01       		.uleb128 0x1
 851 0270 9C       		.byte	0x9c
 852 0271 F6020000 		.4byte	0x2f6
 853 0275 07       		.uleb128 0x7
 854 0276 C4000000 		.4byte	.LASF24
 855 027a 01       		.byte	0x1
 856 027b 6F       		.byte	0x6f
 857 027c 8C000000 		.4byte	0x8c
 858 0280 63000000 		.4byte	.LLST3
 859 0284 08       		.uleb128 0x8
 860 0285 5D020000 		.4byte	.LASF25
 861 0289 01       		.byte	0x1
 862 028a 80       		.byte	0x80
 863 028b 8C000000 		.4byte	0x8c
 864 028f 01       		.uleb128 0x1
 865 0290 54       		.byte	0x54
 866 0291 09       		.uleb128 0x9
 867 0292 0A000000 		.4byte	.LVL28
 868 0296 CC050000 		.4byte	0x5cc
 869 029a A4020000 		.4byte	0x2a4
 870 029e 0A       		.uleb128 0xa
 871 029f 01       		.uleb128 0x1
 872 02a0 50       		.byte	0x50
 873 02a1 01       		.uleb128 0x1
 874 02a2 30       		.byte	0x30
 875 02a3 00       		.byte	0
 876 02a4 09       		.uleb128 0x9
 877 02a5 10000000 		.4byte	.LVL29
 878 02a9 D7050000 		.4byte	0x5d7
 879 02ad B8020000 		.4byte	0x2b8
 880 02b1 0A       		.uleb128 0xa
 881 02b2 01       		.uleb128 0x1
ARM GAS  C:\Users\aless\AppData\Local\Temp\cceFS11t.s 			page 21


 882 02b3 50       		.byte	0x50
 883 02b4 02       		.uleb128 0x2
 884 02b5 74       		.byte	0x74
 885 02b6 00       		.sleb128 0
 886 02b7 00       		.byte	0
 887 02b8 09       		.uleb128 0x9
 888 02b9 16000000 		.4byte	.LVL30
 889 02bd D7050000 		.4byte	0x5d7
 890 02c1 CB020000 		.4byte	0x2cb
 891 02c5 0A       		.uleb128 0xa
 892 02c6 01       		.uleb128 0x1
 893 02c7 50       		.byte	0x50
 894 02c8 01       		.uleb128 0x1
 895 02c9 30       		.byte	0x30
 896 02ca 00       		.byte	0
 897 02cb 0B       		.uleb128 0xb
 898 02cc 1A000000 		.4byte	.LVL31
 899 02d0 E2050000 		.4byte	0x5e2
 900 02d4 0B       		.uleb128 0xb
 901 02d5 24000000 		.4byte	.LVL32
 902 02d9 ED050000 		.4byte	0x5ed
 903 02dd 0B       		.uleb128 0xb
 904 02de 28000000 		.4byte	.LVL33
 905 02e2 ED050000 		.4byte	0x5ed
 906 02e6 0C       		.uleb128 0xc
 907 02e7 30000000 		.4byte	.LVL35
 908 02eb CC050000 		.4byte	0x5cc
 909 02ef 0A       		.uleb128 0xa
 910 02f0 01       		.uleb128 0x1
 911 02f1 50       		.byte	0x50
 912 02f2 01       		.uleb128 0x1
 913 02f3 31       		.byte	0x31
 914 02f4 00       		.byte	0
 915 02f5 00       		.byte	0
 916 02f6 0D       		.uleb128 0xd
 917 02f7 2B000000 		.4byte	.LASF34
 918 02fb 01       		.byte	0x1
 919 02fc 8B       		.byte	0x8b
 920 02fd 00000000 		.4byte	.LFB4
 921 0301 B6000000 		.4byte	.LFE4-.LFB4
 922 0305 01       		.uleb128 0x1
 923 0306 9C       		.byte	0x9c
 924 0307 40040000 		.4byte	0x440
 925 030b 07       		.uleb128 0x7
 926 030c 36040000 		.4byte	.LASF27
 927 0310 01       		.byte	0x1
 928 0311 8B       		.byte	0x8b
 929 0312 40040000 		.4byte	0x440
 930 0316 84000000 		.4byte	.LLST4
 931 031a 07       		.uleb128 0x7
 932 031b E4020000 		.4byte	.LASF28
 933 031f 01       		.byte	0x1
 934 0320 8B       		.byte	0x8b
 935 0321 8C000000 		.4byte	0x8c
 936 0325 B0000000 		.4byte	.LLST5
 937 0329 07       		.uleb128 0x7
 938 032a DD020000 		.4byte	.LASF29
ARM GAS  C:\Users\aless\AppData\Local\Temp\cceFS11t.s 			page 22


 939 032e 01       		.byte	0x1
 940 032f 8B       		.byte	0x8b
 941 0330 40040000 		.4byte	0x440
 942 0334 D1000000 		.4byte	.LLST6
 943 0338 07       		.uleb128 0x7
 944 0339 B5020000 		.4byte	.LASF30
 945 033d 01       		.byte	0x1
 946 033e 8B       		.byte	0x8b
 947 033f 8C000000 		.4byte	0x8c
 948 0343 EF000000 		.4byte	.LLST7
 949 0347 0E       		.uleb128 0xe
 950 0348 62000000 		.4byte	.LASF31
 951 034c 01       		.byte	0x1
 952 034d 90       		.byte	0x90
 953 034e 81000000 		.4byte	0x81
 954 0352 10010000 		.4byte	.LLST8
 955 0356 0E       		.uleb128 0xe
 956 0357 AA030000 		.4byte	.LASF32
 957 035b 01       		.byte	0x1
 958 035c 90       		.byte	0x90
 959 035d 81000000 		.4byte	0x81
 960 0361 44010000 		.4byte	.LLST9
 961 0365 08       		.uleb128 0x8
 962 0366 D5020000 		.4byte	.LASF33
 963 036a 01       		.byte	0x1
 964 036b A3       		.byte	0xa3
 965 036c 46040000 		.4byte	0x446
 966 0370 02       		.uleb128 0x2
 967 0371 91       		.byte	0x91
 968 0372 58       		.sleb128 -40
 969 0373 0F       		.uleb128 0xf
 970 0374 7A000000 		.4byte	.LBB2
 971 0378 12000000 		.4byte	.LBE2-.LBB2
 972 037c 97030000 		.4byte	0x397
 973 0380 10       		.uleb128 0x10
 974 0381 6A00     		.ascii	"j\000"
 975 0383 01       		.byte	0x1
 976 0384 B1       		.byte	0xb1
 977 0385 8C000000 		.4byte	0x8c
 978 0389 90010000 		.4byte	.LLST10
 979 038d 0B       		.uleb128 0xb
 980 038e 82000000 		.4byte	.LVL55
 981 0392 C1050000 		.4byte	0x5c1
 982 0396 00       		.byte	0
 983 0397 09       		.uleb128 0x9
 984 0398 14000000 		.4byte	.LVL38
 985 039c A0050000 		.4byte	0x5a0
 986 03a0 AA030000 		.4byte	0x3aa
 987 03a4 0A       		.uleb128 0xa
 988 03a5 01       		.uleb128 0x1
 989 03a6 50       		.byte	0x50
 990 03a7 01       		.uleb128 0x1
 991 03a8 30       		.byte	0x30
 992 03a9 00       		.byte	0
 993 03aa 09       		.uleb128 0x9
 994 03ab 2C000000 		.4byte	.LVL41
 995 03af F8050000 		.4byte	0x5f8
ARM GAS  C:\Users\aless\AppData\Local\Temp\cceFS11t.s 			page 23


 996 03b3 D3030000 		.4byte	0x3d3
 997 03b7 0A       		.uleb128 0xa
 998 03b8 01       		.uleb128 0x1
 999 03b9 50       		.byte	0x50
 1000 03ba 07       		.uleb128 0x7
 1001 03bb 75       		.byte	0x75
 1002 03bc 00       		.sleb128 0
 1003 03bd 33       		.byte	0x33
 1004 03be 24       		.byte	0x24
 1005 03bf 76       		.byte	0x76
 1006 03c0 00       		.sleb128 0
 1007 03c1 22       		.byte	0x22
 1008 03c2 0A       		.uleb128 0xa
 1009 03c3 01       		.uleb128 0x1
 1010 03c4 51       		.byte	0x51
 1011 03c5 0C       		.uleb128 0xc
 1012 03c6 38       		.byte	0x38
 1013 03c7 74       		.byte	0x74
 1014 03c8 00       		.sleb128 0
 1015 03c9 74       		.byte	0x74
 1016 03ca 00       		.sleb128 0
 1017 03cb 38       		.byte	0x38
 1018 03cc 2A       		.byte	0x2a
 1019 03cd 28       		.byte	0x28
 1020 03ce 0100     		.2byte	0x1
 1021 03d0 16       		.byte	0x16
 1022 03d1 13       		.byte	0x13
 1023 03d2 00       		.byte	0
 1024 03d3 0B       		.uleb128 0xb
 1025 03d4 30000000 		.4byte	.LVL42
 1026 03d8 B6050000 		.4byte	0x5b6
 1027 03dc 0B       		.uleb128 0xb
 1028 03dd 46000000 		.4byte	.LVL47
 1029 03e1 03060000 		.4byte	0x603
 1030 03e5 0B       		.uleb128 0xb
 1031 03e6 4A000000 		.4byte	.LVL48
 1032 03ea 0E060000 		.4byte	0x60e
 1033 03ee 09       		.uleb128 0x9
 1034 03ef 6C000000 		.4byte	.LVL52
 1035 03f3 F8050000 		.4byte	0x5f8
 1036 03f7 08040000 		.4byte	0x408
 1037 03fb 0A       		.uleb128 0xa
 1038 03fc 01       		.uleb128 0x1
 1039 03fd 50       		.byte	0x50
 1040 03fe 02       		.uleb128 0x2
 1041 03ff 7D       		.byte	0x7d
 1042 0400 00       		.sleb128 0
 1043 0401 0A       		.uleb128 0xa
 1044 0402 01       		.uleb128 0x1
 1045 0403 51       		.byte	0x51
 1046 0404 02       		.uleb128 0x2
 1047 0405 79       		.byte	0x79
 1048 0406 00       		.sleb128 0
 1049 0407 00       		.byte	0
 1050 0408 0B       		.uleb128 0xb
 1051 0409 70000000 		.4byte	.LVL53
 1052 040d B6050000 		.4byte	0x5b6
ARM GAS  C:\Users\aless\AppData\Local\Temp\cceFS11t.s 			page 24


 1053 0411 09       		.uleb128 0x9
 1054 0412 A4000000 		.4byte	.LVL62
 1055 0416 A0050000 		.4byte	0x5a0
 1056 041a 24040000 		.4byte	0x424
 1057 041e 0A       		.uleb128 0xa
 1058 041f 01       		.uleb128 0x1
 1059 0420 50       		.byte	0x50
 1060 0421 01       		.uleb128 0x1
 1061 0422 31       		.byte	0x31
 1062 0423 00       		.byte	0
 1063 0424 0B       		.uleb128 0xb
 1064 0425 A8000000 		.4byte	.LVL63
 1065 0429 03060000 		.4byte	0x603
 1066 042d 0B       		.uleb128 0xb
 1067 042e AC000000 		.4byte	.LVL64
 1068 0432 0E060000 		.4byte	0x60e
 1069 0436 0B       		.uleb128 0xb
 1070 0437 B0000000 		.4byte	.LVL65
 1071 043b 19060000 		.4byte	0x619
 1072 043f 00       		.byte	0
 1073 0440 11       		.uleb128 0x11
 1074 0441 04       		.byte	0x4
 1075 0442 8C000000 		.4byte	0x8c
 1076 0446 12       		.uleb128 0x12
 1077 0447 8C000000 		.4byte	0x8c
 1078 044b 56040000 		.4byte	0x456
 1079 044f 13       		.uleb128 0x13
 1080 0450 BF000000 		.4byte	0xbf
 1081 0454 07       		.byte	0x7
 1082 0455 00       		.byte	0
 1083 0456 0D       		.uleb128 0xd
 1084 0457 D8030000 		.4byte	.LASF35
 1085 045b 01       		.byte	0x1
 1086 045c C5       		.byte	0xc5
 1087 045d 00000000 		.4byte	.LFB5
 1088 0461 B6000000 		.4byte	.LFE5-.LFB5
 1089 0465 01       		.uleb128 0x1
 1090 0466 9C       		.byte	0x9c
 1091 0467 A0050000 		.4byte	0x5a0
 1092 046b 07       		.uleb128 0x7
 1093 046c 36040000 		.4byte	.LASF27
 1094 0470 01       		.byte	0x1
 1095 0471 C5       		.byte	0xc5
 1096 0472 40040000 		.4byte	0x440
 1097 0476 AE010000 		.4byte	.LLST11
 1098 047a 07       		.uleb128 0x7
 1099 047b E4020000 		.4byte	.LASF28
 1100 047f 01       		.byte	0x1
 1101 0480 C5       		.byte	0xc5
 1102 0481 8C000000 		.4byte	0x8c
 1103 0485 DA010000 		.4byte	.LLST12
 1104 0489 07       		.uleb128 0x7
 1105 048a DD020000 		.4byte	.LASF29
 1106 048e 01       		.byte	0x1
 1107 048f C5       		.byte	0xc5
 1108 0490 40040000 		.4byte	0x440
 1109 0494 FB010000 		.4byte	.LLST13
ARM GAS  C:\Users\aless\AppData\Local\Temp\cceFS11t.s 			page 25


 1110 0498 07       		.uleb128 0x7
 1111 0499 B5020000 		.4byte	.LASF30
 1112 049d 01       		.byte	0x1
 1113 049e C5       		.byte	0xc5
 1114 049f 8C000000 		.4byte	0x8c
 1115 04a3 19020000 		.4byte	.LLST14
 1116 04a7 0E       		.uleb128 0xe
 1117 04a8 62000000 		.4byte	.LASF31
 1118 04ac 01       		.byte	0x1
 1119 04ad CA       		.byte	0xca
 1120 04ae 81000000 		.4byte	0x81
 1121 04b2 3A020000 		.4byte	.LLST15
 1122 04b6 0E       		.uleb128 0xe
 1123 04b7 AA030000 		.4byte	.LASF32
 1124 04bb 01       		.byte	0x1
 1125 04bc CA       		.byte	0xca
 1126 04bd 81000000 		.4byte	0x81
 1127 04c1 6E020000 		.4byte	.LLST16
 1128 04c5 08       		.uleb128 0x8
 1129 04c6 D5020000 		.4byte	.LASF33
 1130 04ca 01       		.byte	0x1
 1131 04cb DD       		.byte	0xdd
 1132 04cc 46040000 		.4byte	0x446
 1133 04d0 02       		.uleb128 0x2
 1134 04d1 91       		.byte	0x91
 1135 04d2 58       		.sleb128 -40
 1136 04d3 0F       		.uleb128 0xf
 1137 04d4 7A000000 		.4byte	.LBB3
 1138 04d8 12000000 		.4byte	.LBE3-.LBB3
 1139 04dc F7040000 		.4byte	0x4f7
 1140 04e0 10       		.uleb128 0x10
 1141 04e1 6A00     		.ascii	"j\000"
 1142 04e3 01       		.byte	0x1
 1143 04e4 EB       		.byte	0xeb
 1144 04e5 8C000000 		.4byte	0x8c
 1145 04e9 BA020000 		.4byte	.LLST17
 1146 04ed 0B       		.uleb128 0xb
 1147 04ee 82000000 		.4byte	.LVL85
 1148 04f2 ED050000 		.4byte	0x5ed
 1149 04f6 00       		.byte	0
 1150 04f7 09       		.uleb128 0x9
 1151 04f8 14000000 		.4byte	.LVL68
 1152 04fc CC050000 		.4byte	0x5cc
 1153 0500 0A050000 		.4byte	0x50a
 1154 0504 0A       		.uleb128 0xa
 1155 0505 01       		.uleb128 0x1
 1156 0506 50       		.byte	0x50
 1157 0507 01       		.uleb128 0x1
 1158 0508 30       		.byte	0x30
 1159 0509 00       		.byte	0
 1160 050a 09       		.uleb128 0x9
 1161 050b 2C000000 		.4byte	.LVL71
 1162 050f 24060000 		.4byte	0x624
 1163 0513 33050000 		.4byte	0x533
 1164 0517 0A       		.uleb128 0xa
 1165 0518 01       		.uleb128 0x1
 1166 0519 50       		.byte	0x50
ARM GAS  C:\Users\aless\AppData\Local\Temp\cceFS11t.s 			page 26


 1167 051a 07       		.uleb128 0x7
 1168 051b 75       		.byte	0x75
 1169 051c 00       		.sleb128 0
 1170 051d 33       		.byte	0x33
 1171 051e 24       		.byte	0x24
 1172 051f 76       		.byte	0x76
 1173 0520 00       		.sleb128 0
 1174 0521 22       		.byte	0x22
 1175 0522 0A       		.uleb128 0xa
 1176 0523 01       		.uleb128 0x1
 1177 0524 51       		.byte	0x51
 1178 0525 0C       		.uleb128 0xc
 1179 0526 38       		.byte	0x38
 1180 0527 74       		.byte	0x74
 1181 0528 00       		.sleb128 0
 1182 0529 74       		.byte	0x74
 1183 052a 00       		.sleb128 0
 1184 052b 38       		.byte	0x38
 1185 052c 2A       		.byte	0x2a
 1186 052d 28       		.byte	0x28
 1187 052e 0100     		.2byte	0x1
 1188 0530 16       		.byte	0x16
 1189 0531 13       		.byte	0x13
 1190 0532 00       		.byte	0
 1191 0533 0B       		.uleb128 0xb
 1192 0534 30000000 		.4byte	.LVL72
 1193 0538 E2050000 		.4byte	0x5e2
 1194 053c 0B       		.uleb128 0xb
 1195 053d 46000000 		.4byte	.LVL77
 1196 0541 2F060000 		.4byte	0x62f
 1197 0545 0B       		.uleb128 0xb
 1198 0546 4A000000 		.4byte	.LVL78
 1199 054a 3A060000 		.4byte	0x63a
 1200 054e 09       		.uleb128 0x9
 1201 054f 6C000000 		.4byte	.LVL82
 1202 0553 24060000 		.4byte	0x624
 1203 0557 68050000 		.4byte	0x568
 1204 055b 0A       		.uleb128 0xa
 1205 055c 01       		.uleb128 0x1
 1206 055d 50       		.byte	0x50
 1207 055e 02       		.uleb128 0x2
 1208 055f 7D       		.byte	0x7d
 1209 0560 00       		.sleb128 0
 1210 0561 0A       		.uleb128 0xa
 1211 0562 01       		.uleb128 0x1
 1212 0563 51       		.byte	0x51
 1213 0564 02       		.uleb128 0x2
 1214 0565 79       		.byte	0x79
 1215 0566 00       		.sleb128 0
 1216 0567 00       		.byte	0
 1217 0568 0B       		.uleb128 0xb
 1218 0569 70000000 		.4byte	.LVL83
 1219 056d E2050000 		.4byte	0x5e2
 1220 0571 09       		.uleb128 0x9
 1221 0572 A4000000 		.4byte	.LVL92
 1222 0576 CC050000 		.4byte	0x5cc
 1223 057a 84050000 		.4byte	0x584
ARM GAS  C:\Users\aless\AppData\Local\Temp\cceFS11t.s 			page 27


 1224 057e 0A       		.uleb128 0xa
 1225 057f 01       		.uleb128 0x1
 1226 0580 50       		.byte	0x50
 1227 0581 01       		.uleb128 0x1
 1228 0582 31       		.byte	0x31
 1229 0583 00       		.byte	0
 1230 0584 0B       		.uleb128 0xb
 1231 0585 A8000000 		.4byte	.LVL93
 1232 0589 2F060000 		.4byte	0x62f
 1233 058d 0B       		.uleb128 0xb
 1234 058e AC000000 		.4byte	.LVL94
 1235 0592 3A060000 		.4byte	0x63a
 1236 0596 0B       		.uleb128 0xb
 1237 0597 B0000000 		.4byte	.LVL95
 1238 059b 45060000 		.4byte	0x645
 1239 059f 00       		.byte	0
 1240 05a0 14       		.uleb128 0x14
 1241 05a1 8B020000 		.4byte	.LASF36
 1242 05a5 8B020000 		.4byte	.LASF36
 1243 05a9 05       		.byte	0x5
 1244 05aa 26       		.byte	0x26
 1245 05ab 14       		.uleb128 0x14
 1246 05ac 13000000 		.4byte	.LASF37
 1247 05b0 13000000 		.4byte	.LASF37
 1248 05b4 06       		.byte	0x6
 1249 05b5 5E       		.byte	0x5e
 1250 05b6 14       		.uleb128 0x14
 1251 05b7 49000000 		.4byte	.LASF38
 1252 05bb 49000000 		.4byte	.LASF38
 1253 05bf 06       		.byte	0x6
 1254 05c0 5C       		.byte	0x5c
 1255 05c1 14       		.uleb128 0x14
 1256 05c2 0C020000 		.4byte	.LASF39
 1257 05c6 0C020000 		.4byte	.LASF39
 1258 05ca 06       		.byte	0x6
 1259 05cb 60       		.byte	0x60
 1260 05cc 14       		.uleb128 0x14
 1261 05cd EC020000 		.4byte	.LASF40
 1262 05d1 EC020000 		.4byte	.LASF40
 1263 05d5 07       		.byte	0x7
 1264 05d6 26       		.byte	0x26
 1265 05d7 14       		.uleb128 0x14
 1266 05d8 BD020000 		.4byte	.LASF41
 1267 05dc BD020000 		.4byte	.LASF41
 1268 05e0 08       		.byte	0x8
 1269 05e1 5E       		.byte	0x5e
 1270 05e2 14       		.uleb128 0x14
 1271 05e3 44020000 		.4byte	.LASF42
 1272 05e7 44020000 		.4byte	.LASF42
 1273 05eb 08       		.byte	0x8
 1274 05ec 5C       		.byte	0x5c
 1275 05ed 14       		.uleb128 0x14
 1276 05ee AD000000 		.4byte	.LASF43
 1277 05f2 AD000000 		.4byte	.LASF43
 1278 05f6 08       		.byte	0x8
 1279 05f7 60       		.byte	0x60
 1280 05f8 14       		.uleb128 0x14
ARM GAS  C:\Users\aless\AppData\Local\Temp\cceFS11t.s 			page 28


 1281 05f9 00030000 		.4byte	.LASF44
 1282 05fd 00030000 		.4byte	.LASF44
 1283 0601 06       		.byte	0x6
 1284 0602 67       		.byte	0x67
 1285 0603 14       		.uleb128 0x14
 1286 0604 7B000000 		.4byte	.LASF45
 1287 0608 7B000000 		.4byte	.LASF45
 1288 060c 06       		.byte	0x6
 1289 060d 66       		.byte	0x66
 1290 060e 14       		.uleb128 0x14
 1291 060f 2A020000 		.4byte	.LASF46
 1292 0613 2A020000 		.4byte	.LASF46
 1293 0617 06       		.byte	0x6
 1294 0618 64       		.byte	0x64
 1295 0619 14       		.uleb128 0x14
 1296 061a 64020000 		.4byte	.LASF47
 1297 061e 64020000 		.4byte	.LASF47
 1298 0622 06       		.byte	0x6
 1299 0623 65       		.byte	0x65
 1300 0624 14       		.uleb128 0x14
 1301 0625 D6000000 		.4byte	.LASF48
 1302 0629 D6000000 		.4byte	.LASF48
 1303 062d 08       		.byte	0x8
 1304 062e 67       		.byte	0x67
 1305 062f 14       		.uleb128 0x14
 1306 0630 87010000 		.4byte	.LASF49
 1307 0634 87010000 		.4byte	.LASF49
 1308 0638 08       		.byte	0x8
 1309 0639 66       		.byte	0x66
 1310 063a 14       		.uleb128 0x14
 1311 063b CD010000 		.4byte	.LASF50
 1312 063f CD010000 		.4byte	.LASF50
 1313 0643 08       		.byte	0x8
 1314 0644 64       		.byte	0x64
 1315 0645 14       		.uleb128 0x14
 1316 0646 F6030000 		.4byte	.LASF51
 1317 064a F6030000 		.4byte	.LASF51
 1318 064e 08       		.byte	0x8
 1319 064f 65       		.byte	0x65
 1320 0650 00       		.byte	0
 1321              		.section	.debug_abbrev,"",%progbits
 1322              	.Ldebug_abbrev0:
 1323 0000 01       		.uleb128 0x1
 1324 0001 11       		.uleb128 0x11
 1325 0002 01       		.byte	0x1
 1326 0003 25       		.uleb128 0x25
 1327 0004 0E       		.uleb128 0xe
 1328 0005 13       		.uleb128 0x13
 1329 0006 0B       		.uleb128 0xb
 1330 0007 03       		.uleb128 0x3
 1331 0008 0E       		.uleb128 0xe
 1332 0009 1B       		.uleb128 0x1b
 1333 000a 0E       		.uleb128 0xe
 1334 000b 55       		.uleb128 0x55
 1335 000c 17       		.uleb128 0x17
 1336 000d 11       		.uleb128 0x11
 1337 000e 01       		.uleb128 0x1
ARM GAS  C:\Users\aless\AppData\Local\Temp\cceFS11t.s 			page 29


 1338 000f 10       		.uleb128 0x10
 1339 0010 17       		.uleb128 0x17
 1340 0011 00       		.byte	0
 1341 0012 00       		.byte	0
 1342 0013 02       		.uleb128 0x2
 1343 0014 16       		.uleb128 0x16
 1344 0015 00       		.byte	0
 1345 0016 03       		.uleb128 0x3
 1346 0017 0E       		.uleb128 0xe
 1347 0018 3A       		.uleb128 0x3a
 1348 0019 0B       		.uleb128 0xb
 1349 001a 3B       		.uleb128 0x3b
 1350 001b 0B       		.uleb128 0xb
 1351 001c 49       		.uleb128 0x49
 1352 001d 13       		.uleb128 0x13
 1353 001e 00       		.byte	0
 1354 001f 00       		.byte	0
 1355 0020 03       		.uleb128 0x3
 1356 0021 24       		.uleb128 0x24
 1357 0022 00       		.byte	0
 1358 0023 0B       		.uleb128 0xb
 1359 0024 0B       		.uleb128 0xb
 1360 0025 3E       		.uleb128 0x3e
 1361 0026 0B       		.uleb128 0xb
 1362 0027 03       		.uleb128 0x3
 1363 0028 0E       		.uleb128 0xe
 1364 0029 00       		.byte	0
 1365 002a 00       		.byte	0
 1366 002b 04       		.uleb128 0x4
 1367 002c 24       		.uleb128 0x24
 1368 002d 00       		.byte	0
 1369 002e 0B       		.uleb128 0xb
 1370 002f 0B       		.uleb128 0xb
 1371 0030 3E       		.uleb128 0x3e
 1372 0031 0B       		.uleb128 0xb
 1373 0032 03       		.uleb128 0x3
 1374 0033 08       		.uleb128 0x8
 1375 0034 00       		.byte	0
 1376 0035 00       		.byte	0
 1377 0036 05       		.uleb128 0x5
 1378 0037 16       		.uleb128 0x16
 1379 0038 00       		.byte	0
 1380 0039 03       		.uleb128 0x3
 1381 003a 0E       		.uleb128 0xe
 1382 003b 3A       		.uleb128 0x3a
 1383 003c 0B       		.uleb128 0xb
 1384 003d 3B       		.uleb128 0x3b
 1385 003e 05       		.uleb128 0x5
 1386 003f 49       		.uleb128 0x49
 1387 0040 13       		.uleb128 0x13
 1388 0041 00       		.byte	0
 1389 0042 00       		.byte	0
 1390 0043 06       		.uleb128 0x6
 1391 0044 2E       		.uleb128 0x2e
 1392 0045 01       		.byte	0x1
 1393 0046 3F       		.uleb128 0x3f
 1394 0047 19       		.uleb128 0x19
ARM GAS  C:\Users\aless\AppData\Local\Temp\cceFS11t.s 			page 30


 1395 0048 03       		.uleb128 0x3
 1396 0049 0E       		.uleb128 0xe
 1397 004a 3A       		.uleb128 0x3a
 1398 004b 0B       		.uleb128 0xb
 1399 004c 3B       		.uleb128 0x3b
 1400 004d 0B       		.uleb128 0xb
 1401 004e 27       		.uleb128 0x27
 1402 004f 19       		.uleb128 0x19
 1403 0050 49       		.uleb128 0x49
 1404 0051 13       		.uleb128 0x13
 1405 0052 11       		.uleb128 0x11
 1406 0053 01       		.uleb128 0x1
 1407 0054 12       		.uleb128 0x12
 1408 0055 06       		.uleb128 0x6
 1409 0056 40       		.uleb128 0x40
 1410 0057 18       		.uleb128 0x18
 1411 0058 9742     		.uleb128 0x2117
 1412 005a 19       		.uleb128 0x19
 1413 005b 01       		.uleb128 0x1
 1414 005c 13       		.uleb128 0x13
 1415 005d 00       		.byte	0
 1416 005e 00       		.byte	0
 1417 005f 07       		.uleb128 0x7
 1418 0060 05       		.uleb128 0x5
 1419 0061 00       		.byte	0
 1420 0062 03       		.uleb128 0x3
 1421 0063 0E       		.uleb128 0xe
 1422 0064 3A       		.uleb128 0x3a
 1423 0065 0B       		.uleb128 0xb
 1424 0066 3B       		.uleb128 0x3b
 1425 0067 0B       		.uleb128 0xb
 1426 0068 49       		.uleb128 0x49
 1427 0069 13       		.uleb128 0x13
 1428 006a 02       		.uleb128 0x2
 1429 006b 17       		.uleb128 0x17
 1430 006c 00       		.byte	0
 1431 006d 00       		.byte	0
 1432 006e 08       		.uleb128 0x8
 1433 006f 34       		.uleb128 0x34
 1434 0070 00       		.byte	0
 1435 0071 03       		.uleb128 0x3
 1436 0072 0E       		.uleb128 0xe
 1437 0073 3A       		.uleb128 0x3a
 1438 0074 0B       		.uleb128 0xb
 1439 0075 3B       		.uleb128 0x3b
 1440 0076 0B       		.uleb128 0xb
 1441 0077 49       		.uleb128 0x49
 1442 0078 13       		.uleb128 0x13
 1443 0079 02       		.uleb128 0x2
 1444 007a 18       		.uleb128 0x18
 1445 007b 00       		.byte	0
 1446 007c 00       		.byte	0
 1447 007d 09       		.uleb128 0x9
 1448 007e 898201   		.uleb128 0x4109
 1449 0081 01       		.byte	0x1
 1450 0082 11       		.uleb128 0x11
 1451 0083 01       		.uleb128 0x1
ARM GAS  C:\Users\aless\AppData\Local\Temp\cceFS11t.s 			page 31


 1452 0084 31       		.uleb128 0x31
 1453 0085 13       		.uleb128 0x13
 1454 0086 01       		.uleb128 0x1
 1455 0087 13       		.uleb128 0x13
 1456 0088 00       		.byte	0
 1457 0089 00       		.byte	0
 1458 008a 0A       		.uleb128 0xa
 1459 008b 8A8201   		.uleb128 0x410a
 1460 008e 00       		.byte	0
 1461 008f 02       		.uleb128 0x2
 1462 0090 18       		.uleb128 0x18
 1463 0091 9142     		.uleb128 0x2111
 1464 0093 18       		.uleb128 0x18
 1465 0094 00       		.byte	0
 1466 0095 00       		.byte	0
 1467 0096 0B       		.uleb128 0xb
 1468 0097 898201   		.uleb128 0x4109
 1469 009a 00       		.byte	0
 1470 009b 11       		.uleb128 0x11
 1471 009c 01       		.uleb128 0x1
 1472 009d 31       		.uleb128 0x31
 1473 009e 13       		.uleb128 0x13
 1474 009f 00       		.byte	0
 1475 00a0 00       		.byte	0
 1476 00a1 0C       		.uleb128 0xc
 1477 00a2 898201   		.uleb128 0x4109
 1478 00a5 01       		.byte	0x1
 1479 00a6 11       		.uleb128 0x11
 1480 00a7 01       		.uleb128 0x1
 1481 00a8 31       		.uleb128 0x31
 1482 00a9 13       		.uleb128 0x13
 1483 00aa 00       		.byte	0
 1484 00ab 00       		.byte	0
 1485 00ac 0D       		.uleb128 0xd
 1486 00ad 2E       		.uleb128 0x2e
 1487 00ae 01       		.byte	0x1
 1488 00af 3F       		.uleb128 0x3f
 1489 00b0 19       		.uleb128 0x19
 1490 00b1 03       		.uleb128 0x3
 1491 00b2 0E       		.uleb128 0xe
 1492 00b3 3A       		.uleb128 0x3a
 1493 00b4 0B       		.uleb128 0xb
 1494 00b5 3B       		.uleb128 0x3b
 1495 00b6 0B       		.uleb128 0xb
 1496 00b7 27       		.uleb128 0x27
 1497 00b8 19       		.uleb128 0x19
 1498 00b9 11       		.uleb128 0x11
 1499 00ba 01       		.uleb128 0x1
 1500 00bb 12       		.uleb128 0x12
 1501 00bc 06       		.uleb128 0x6
 1502 00bd 40       		.uleb128 0x40
 1503 00be 18       		.uleb128 0x18
 1504 00bf 9742     		.uleb128 0x2117
 1505 00c1 19       		.uleb128 0x19
 1506 00c2 01       		.uleb128 0x1
 1507 00c3 13       		.uleb128 0x13
 1508 00c4 00       		.byte	0
ARM GAS  C:\Users\aless\AppData\Local\Temp\cceFS11t.s 			page 32


 1509 00c5 00       		.byte	0
 1510 00c6 0E       		.uleb128 0xe
 1511 00c7 34       		.uleb128 0x34
 1512 00c8 00       		.byte	0
 1513 00c9 03       		.uleb128 0x3
 1514 00ca 0E       		.uleb128 0xe
 1515 00cb 3A       		.uleb128 0x3a
 1516 00cc 0B       		.uleb128 0xb
 1517 00cd 3B       		.uleb128 0x3b
 1518 00ce 0B       		.uleb128 0xb
 1519 00cf 49       		.uleb128 0x49
 1520 00d0 13       		.uleb128 0x13
 1521 00d1 02       		.uleb128 0x2
 1522 00d2 17       		.uleb128 0x17
 1523 00d3 00       		.byte	0
 1524 00d4 00       		.byte	0
 1525 00d5 0F       		.uleb128 0xf
 1526 00d6 0B       		.uleb128 0xb
 1527 00d7 01       		.byte	0x1
 1528 00d8 11       		.uleb128 0x11
 1529 00d9 01       		.uleb128 0x1
 1530 00da 12       		.uleb128 0x12
 1531 00db 06       		.uleb128 0x6
 1532 00dc 01       		.uleb128 0x1
 1533 00dd 13       		.uleb128 0x13
 1534 00de 00       		.byte	0
 1535 00df 00       		.byte	0
 1536 00e0 10       		.uleb128 0x10
 1537 00e1 34       		.uleb128 0x34
 1538 00e2 00       		.byte	0
 1539 00e3 03       		.uleb128 0x3
 1540 00e4 08       		.uleb128 0x8
 1541 00e5 3A       		.uleb128 0x3a
 1542 00e6 0B       		.uleb128 0xb
 1543 00e7 3B       		.uleb128 0x3b
 1544 00e8 0B       		.uleb128 0xb
 1545 00e9 49       		.uleb128 0x49
 1546 00ea 13       		.uleb128 0x13
 1547 00eb 02       		.uleb128 0x2
 1548 00ec 17       		.uleb128 0x17
 1549 00ed 00       		.byte	0
 1550 00ee 00       		.byte	0
 1551 00ef 11       		.uleb128 0x11
 1552 00f0 0F       		.uleb128 0xf
 1553 00f1 00       		.byte	0
 1554 00f2 0B       		.uleb128 0xb
 1555 00f3 0B       		.uleb128 0xb
 1556 00f4 49       		.uleb128 0x49
 1557 00f5 13       		.uleb128 0x13
 1558 00f6 00       		.byte	0
 1559 00f7 00       		.byte	0
 1560 00f8 12       		.uleb128 0x12
 1561 00f9 01       		.uleb128 0x1
 1562 00fa 01       		.byte	0x1
 1563 00fb 49       		.uleb128 0x49
 1564 00fc 13       		.uleb128 0x13
 1565 00fd 01       		.uleb128 0x1
ARM GAS  C:\Users\aless\AppData\Local\Temp\cceFS11t.s 			page 33


 1566 00fe 13       		.uleb128 0x13
 1567 00ff 00       		.byte	0
 1568 0100 00       		.byte	0
 1569 0101 13       		.uleb128 0x13
 1570 0102 21       		.uleb128 0x21
 1571 0103 00       		.byte	0
 1572 0104 49       		.uleb128 0x49
 1573 0105 13       		.uleb128 0x13
 1574 0106 2F       		.uleb128 0x2f
 1575 0107 0B       		.uleb128 0xb
 1576 0108 00       		.byte	0
 1577 0109 00       		.byte	0
 1578 010a 14       		.uleb128 0x14
 1579 010b 2E       		.uleb128 0x2e
 1580 010c 00       		.byte	0
 1581 010d 3F       		.uleb128 0x3f
 1582 010e 19       		.uleb128 0x19
 1583 010f 3C       		.uleb128 0x3c
 1584 0110 19       		.uleb128 0x19
 1585 0111 6E       		.uleb128 0x6e
 1586 0112 0E       		.uleb128 0xe
 1587 0113 03       		.uleb128 0x3
 1588 0114 0E       		.uleb128 0xe
 1589 0115 3A       		.uleb128 0x3a
 1590 0116 0B       		.uleb128 0xb
 1591 0117 3B       		.uleb128 0x3b
 1592 0118 0B       		.uleb128 0xb
 1593 0119 00       		.byte	0
 1594 011a 00       		.byte	0
 1595 011b 00       		.byte	0
 1596              		.section	.debug_loc,"",%progbits
 1597              	.Ldebug_loc0:
 1598              	.LLST0:
 1599 0000 00000000 		.4byte	.LVL0
 1600 0004 06000000 		.4byte	.LVL1
 1601 0008 0100     		.2byte	0x1
 1602 000a 50       		.byte	0x50
 1603 000b 06000000 		.4byte	.LVL1
 1604 000f 2A000000 		.4byte	.LFE0
 1605 0013 0400     		.2byte	0x4
 1606 0015 F3       		.byte	0xf3
 1607 0016 01       		.uleb128 0x1
 1608 0017 50       		.byte	0x50
 1609 0018 9F       		.byte	0x9f
 1610 0019 00000000 		.4byte	0
 1611 001d 00000000 		.4byte	0
 1612              	.LLST1:
 1613 0021 00000000 		.4byte	.LVL8
 1614 0025 06000000 		.4byte	.LVL9
 1615 0029 0100     		.2byte	0x1
 1616 002b 50       		.byte	0x50
 1617 002c 06000000 		.4byte	.LVL9
 1618 0030 2A000000 		.4byte	.LFE1
 1619 0034 0400     		.2byte	0x4
 1620 0036 F3       		.byte	0xf3
 1621 0037 01       		.uleb128 0x1
 1622 0038 50       		.byte	0x50
ARM GAS  C:\Users\aless\AppData\Local\Temp\cceFS11t.s 			page 34


 1623 0039 9F       		.byte	0x9f
 1624 003a 00000000 		.4byte	0
 1625 003e 00000000 		.4byte	0
 1626              	.LLST2:
 1627 0042 00000000 		.4byte	.LVL16
 1628 0046 06000000 		.4byte	.LVL17
 1629 004a 0100     		.2byte	0x1
 1630 004c 50       		.byte	0x50
 1631 004d 06000000 		.4byte	.LVL17
 1632 0051 34000000 		.4byte	.LFE2
 1633 0055 0400     		.2byte	0x4
 1634 0057 F3       		.byte	0xf3
 1635 0058 01       		.uleb128 0x1
 1636 0059 50       		.byte	0x50
 1637 005a 9F       		.byte	0x9f
 1638 005b 00000000 		.4byte	0
 1639 005f 00000000 		.4byte	0
 1640              	.LLST3:
 1641 0063 00000000 		.4byte	.LVL26
 1642 0067 06000000 		.4byte	.LVL27
 1643 006b 0100     		.2byte	0x1
 1644 006d 50       		.byte	0x50
 1645 006e 06000000 		.4byte	.LVL27
 1646 0072 34000000 		.4byte	.LFE3
 1647 0076 0400     		.2byte	0x4
 1648 0078 F3       		.byte	0xf3
 1649 0079 01       		.uleb128 0x1
 1650 007a 50       		.byte	0x50
 1651 007b 9F       		.byte	0x9f
 1652 007c 00000000 		.4byte	0
 1653 0080 00000000 		.4byte	0
 1654              	.LLST4:
 1655 0084 00000000 		.4byte	.LVL36
 1656 0088 10000000 		.4byte	.LVL37
 1657 008c 0100     		.2byte	0x1
 1658 008e 50       		.byte	0x50
 1659 008f 10000000 		.4byte	.LVL37
 1660 0093 4C000000 		.4byte	.LVL49
 1661 0097 0100     		.2byte	0x1
 1662 0099 56       		.byte	0x56
 1663 009a 4C000000 		.4byte	.LVL49
 1664 009e B6000000 		.4byte	.LFE4
 1665 00a2 0400     		.2byte	0x4
 1666 00a4 F3       		.byte	0xf3
 1667 00a5 01       		.uleb128 0x1
 1668 00a6 50       		.byte	0x50
 1669 00a7 9F       		.byte	0x9f
 1670 00a8 00000000 		.4byte	0
 1671 00ac 00000000 		.4byte	0
 1672              	.LLST5:
 1673 00b0 00000000 		.4byte	.LVL36
 1674 00b4 13000000 		.4byte	.LVL38-1
 1675 00b8 0100     		.2byte	0x1
 1676 00ba 51       		.byte	0x51
 1677 00bb 13000000 		.4byte	.LVL38-1
 1678 00bf B6000000 		.4byte	.LFE4
 1679 00c3 0400     		.2byte	0x4
ARM GAS  C:\Users\aless\AppData\Local\Temp\cceFS11t.s 			page 35


 1680 00c5 F3       		.byte	0xf3
 1681 00c6 01       		.uleb128 0x1
 1682 00c7 51       		.byte	0x51
 1683 00c8 9F       		.byte	0x9f
 1684 00c9 00000000 		.4byte	0
 1685 00cd 00000000 		.4byte	0
 1686              	.LLST6:
 1687 00d1 00000000 		.4byte	.LVL36
 1688 00d5 13000000 		.4byte	.LVL38-1
 1689 00d9 0100     		.2byte	0x1
 1690 00db 52       		.byte	0x52
 1691 00dc 13000000 		.4byte	.LVL38-1
 1692 00e0 B6000000 		.4byte	.LFE4
 1693 00e4 0100     		.2byte	0x1
 1694 00e6 57       		.byte	0x57
 1695 00e7 00000000 		.4byte	0
 1696 00eb 00000000 		.4byte	0
 1697              	.LLST7:
 1698 00ef 00000000 		.4byte	.LVL36
 1699 00f3 13000000 		.4byte	.LVL38-1
 1700 00f7 0100     		.2byte	0x1
 1701 00f9 53       		.byte	0x53
 1702 00fa 13000000 		.4byte	.LVL38-1
 1703 00fe B6000000 		.4byte	.LFE4
 1704 0102 0400     		.2byte	0x4
 1705 0104 F3       		.byte	0xf3
 1706 0105 01       		.uleb128 0x1
 1707 0106 53       		.byte	0x53
 1708 0107 9F       		.byte	0x9f
 1709 0108 00000000 		.4byte	0
 1710 010c 00000000 		.4byte	0
 1711              	.LLST8:
 1712 0110 16000000 		.4byte	.LVL39
 1713 0114 38000000 		.4byte	.LVL43
 1714 0118 0100     		.2byte	0x1
 1715 011a 54       		.byte	0x54
 1716 011b 3A000000 		.4byte	.LVL44
 1717 011f 54000000 		.4byte	.LVL50
 1718 0123 0100     		.2byte	0x1
 1719 0125 54       		.byte	0x54
 1720 0126 54000000 		.4byte	.LVL50
 1721 012a 90000000 		.4byte	.LVL58
 1722 012e 0100     		.2byte	0x1
 1723 0130 58       		.byte	0x58
 1724 0131 94000000 		.4byte	.LVL59
 1725 0135 B6000000 		.4byte	.LFE4
 1726 0139 0100     		.2byte	0x1
 1727 013b 58       		.byte	0x58
 1728 013c 00000000 		.4byte	0
 1729 0140 00000000 		.4byte	0
 1730              	.LLST9:
 1731 0144 16000000 		.4byte	.LVL39
 1732 0148 1A000000 		.4byte	.LVL40
 1733 014c 0200     		.2byte	0x2
 1734 014e 30       		.byte	0x30
 1735 014f 9F       		.byte	0x9f
 1736 0150 1A000000 		.4byte	.LVL40
ARM GAS  C:\Users\aless\AppData\Local\Temp\cceFS11t.s 			page 36


 1737 0154 3C000000 		.4byte	.LVL45
 1738 0158 0100     		.2byte	0x1
 1739 015a 55       		.byte	0x55
 1740 015b 3E000000 		.4byte	.LVL46
 1741 015f 54000000 		.4byte	.LVL50
 1742 0163 0100     		.2byte	0x1
 1743 0165 55       		.byte	0x55
 1744 0166 54000000 		.4byte	.LVL50
 1745 016a 56000000 		.4byte	.LVL51
 1746 016e 0200     		.2byte	0x2
 1747 0170 30       		.byte	0x30
 1748 0171 9F       		.byte	0x9f
 1749 0172 56000000 		.4byte	.LVL51
 1750 0176 96000000 		.4byte	.LVL60
 1751 017a 0100     		.2byte	0x1
 1752 017c 56       		.byte	0x56
 1753 017d 98000000 		.4byte	.LVL61
 1754 0181 B6000000 		.4byte	.LFE4
 1755 0185 0100     		.2byte	0x1
 1756 0187 56       		.byte	0x56
 1757 0188 00000000 		.4byte	0
 1758 018c 00000000 		.4byte	0
 1759              	.LLST10:
 1760 0190 7A000000 		.4byte	.LVL54
 1761 0194 86000000 		.4byte	.LVL56
 1762 0198 0100     		.2byte	0x1
 1763 019a 54       		.byte	0x54
 1764 019b 88000000 		.4byte	.LVL57
 1765 019f 98000000 		.4byte	.LVL61
 1766 01a3 0100     		.2byte	0x1
 1767 01a5 54       		.byte	0x54
 1768 01a6 00000000 		.4byte	0
 1769 01aa 00000000 		.4byte	0
 1770              	.LLST11:
 1771 01ae 00000000 		.4byte	.LVL66
 1772 01b2 10000000 		.4byte	.LVL67
 1773 01b6 0100     		.2byte	0x1
 1774 01b8 50       		.byte	0x50
 1775 01b9 10000000 		.4byte	.LVL67
 1776 01bd 4C000000 		.4byte	.LVL79
 1777 01c1 0100     		.2byte	0x1
 1778 01c3 56       		.byte	0x56
 1779 01c4 4C000000 		.4byte	.LVL79
 1780 01c8 B6000000 		.4byte	.LFE5
 1781 01cc 0400     		.2byte	0x4
 1782 01ce F3       		.byte	0xf3
 1783 01cf 01       		.uleb128 0x1
 1784 01d0 50       		.byte	0x50
 1785 01d1 9F       		.byte	0x9f
 1786 01d2 00000000 		.4byte	0
 1787 01d6 00000000 		.4byte	0
 1788              	.LLST12:
 1789 01da 00000000 		.4byte	.LVL66
 1790 01de 13000000 		.4byte	.LVL68-1
 1791 01e2 0100     		.2byte	0x1
 1792 01e4 51       		.byte	0x51
 1793 01e5 13000000 		.4byte	.LVL68-1
ARM GAS  C:\Users\aless\AppData\Local\Temp\cceFS11t.s 			page 37


 1794 01e9 B6000000 		.4byte	.LFE5
 1795 01ed 0400     		.2byte	0x4
 1796 01ef F3       		.byte	0xf3
 1797 01f0 01       		.uleb128 0x1
 1798 01f1 51       		.byte	0x51
 1799 01f2 9F       		.byte	0x9f
 1800 01f3 00000000 		.4byte	0
 1801 01f7 00000000 		.4byte	0
 1802              	.LLST13:
 1803 01fb 00000000 		.4byte	.LVL66
 1804 01ff 13000000 		.4byte	.LVL68-1
 1805 0203 0100     		.2byte	0x1
 1806 0205 52       		.byte	0x52
 1807 0206 13000000 		.4byte	.LVL68-1
 1808 020a B6000000 		.4byte	.LFE5
 1809 020e 0100     		.2byte	0x1
 1810 0210 57       		.byte	0x57
 1811 0211 00000000 		.4byte	0
 1812 0215 00000000 		.4byte	0
 1813              	.LLST14:
 1814 0219 00000000 		.4byte	.LVL66
 1815 021d 13000000 		.4byte	.LVL68-1
 1816 0221 0100     		.2byte	0x1
 1817 0223 53       		.byte	0x53
 1818 0224 13000000 		.4byte	.LVL68-1
 1819 0228 B6000000 		.4byte	.LFE5
 1820 022c 0400     		.2byte	0x4
 1821 022e F3       		.byte	0xf3
 1822 022f 01       		.uleb128 0x1
 1823 0230 53       		.byte	0x53
 1824 0231 9F       		.byte	0x9f
 1825 0232 00000000 		.4byte	0
 1826 0236 00000000 		.4byte	0
 1827              	.LLST15:
 1828 023a 16000000 		.4byte	.LVL69
 1829 023e 38000000 		.4byte	.LVL73
 1830 0242 0100     		.2byte	0x1
 1831 0244 54       		.byte	0x54
 1832 0245 3A000000 		.4byte	.LVL74
 1833 0249 54000000 		.4byte	.LVL80
 1834 024d 0100     		.2byte	0x1
 1835 024f 54       		.byte	0x54
 1836 0250 54000000 		.4byte	.LVL80
 1837 0254 90000000 		.4byte	.LVL88
 1838 0258 0100     		.2byte	0x1
 1839 025a 58       		.byte	0x58
 1840 025b 94000000 		.4byte	.LVL89
 1841 025f B6000000 		.4byte	.LFE5
 1842 0263 0100     		.2byte	0x1
 1843 0265 58       		.byte	0x58
 1844 0266 00000000 		.4byte	0
 1845 026a 00000000 		.4byte	0
 1846              	.LLST16:
 1847 026e 16000000 		.4byte	.LVL69
 1848 0272 1A000000 		.4byte	.LVL70
 1849 0276 0200     		.2byte	0x2
 1850 0278 30       		.byte	0x30
ARM GAS  C:\Users\aless\AppData\Local\Temp\cceFS11t.s 			page 38


 1851 0279 9F       		.byte	0x9f
 1852 027a 1A000000 		.4byte	.LVL70
 1853 027e 3C000000 		.4byte	.LVL75
 1854 0282 0100     		.2byte	0x1
 1855 0284 55       		.byte	0x55
 1856 0285 3E000000 		.4byte	.LVL76
 1857 0289 54000000 		.4byte	.LVL80
 1858 028d 0100     		.2byte	0x1
 1859 028f 55       		.byte	0x55
 1860 0290 54000000 		.4byte	.LVL80
 1861 0294 56000000 		.4byte	.LVL81
 1862 0298 0200     		.2byte	0x2
 1863 029a 30       		.byte	0x30
 1864 029b 9F       		.byte	0x9f
 1865 029c 56000000 		.4byte	.LVL81
 1866 02a0 96000000 		.4byte	.LVL90
 1867 02a4 0100     		.2byte	0x1
 1868 02a6 56       		.byte	0x56
 1869 02a7 98000000 		.4byte	.LVL91
 1870 02ab B6000000 		.4byte	.LFE5
 1871 02af 0100     		.2byte	0x1
 1872 02b1 56       		.byte	0x56
 1873 02b2 00000000 		.4byte	0
 1874 02b6 00000000 		.4byte	0
 1875              	.LLST17:
 1876 02ba 7A000000 		.4byte	.LVL84
 1877 02be 86000000 		.4byte	.LVL86
 1878 02c2 0100     		.2byte	0x1
 1879 02c4 54       		.byte	0x54
 1880 02c5 88000000 		.4byte	.LVL87
 1881 02c9 98000000 		.4byte	.LVL91
 1882 02cd 0100     		.2byte	0x1
 1883 02cf 54       		.byte	0x54
 1884 02d0 00000000 		.4byte	0
 1885 02d4 00000000 		.4byte	0
 1886              		.section	.debug_aranges,"",%progbits
 1887 0000 44000000 		.4byte	0x44
 1888 0004 0200     		.2byte	0x2
 1889 0006 00000000 		.4byte	.Ldebug_info0
 1890 000a 04       		.byte	0x4
 1891 000b 00       		.byte	0
 1892 000c 0000     		.2byte	0
 1893 000e 0000     		.2byte	0
 1894 0010 00000000 		.4byte	.LFB0
 1895 0014 2A000000 		.4byte	.LFE0-.LFB0
 1896 0018 00000000 		.4byte	.LFB1
 1897 001c 2A000000 		.4byte	.LFE1-.LFB1
 1898 0020 00000000 		.4byte	.LFB2
 1899 0024 34000000 		.4byte	.LFE2-.LFB2
 1900 0028 00000000 		.4byte	.LFB3
 1901 002c 34000000 		.4byte	.LFE3-.LFB3
 1902 0030 00000000 		.4byte	.LFB4
 1903 0034 B6000000 		.4byte	.LFE4-.LFB4
 1904 0038 00000000 		.4byte	.LFB5
 1905 003c B6000000 		.4byte	.LFE5-.LFB5
 1906 0040 00000000 		.4byte	0
 1907 0044 00000000 		.4byte	0
ARM GAS  C:\Users\aless\AppData\Local\Temp\cceFS11t.s 			page 39


 1908              		.section	.debug_ranges,"",%progbits
 1909              	.Ldebug_ranges0:
 1910 0000 00000000 		.4byte	.LFB0
 1911 0004 2A000000 		.4byte	.LFE0
 1912 0008 00000000 		.4byte	.LFB1
 1913 000c 2A000000 		.4byte	.LFE1
 1914 0010 00000000 		.4byte	.LFB2
 1915 0014 34000000 		.4byte	.LFE2
 1916 0018 00000000 		.4byte	.LFB3
 1917 001c 34000000 		.4byte	.LFE3
 1918 0020 00000000 		.4byte	.LFB4
 1919 0024 B6000000 		.4byte	.LFE4
 1920 0028 00000000 		.4byte	.LFB5
 1921 002c B6000000 		.4byte	.LFE5
 1922 0030 00000000 		.4byte	0
 1923 0034 00000000 		.4byte	0
 1924              		.section	.debug_line,"",%progbits
 1925              	.Ldebug_line0:
 1926 0000 7D020000 		.section	.debug_str,"MS",%progbits,1
 1926      02007D01 
 1926      00000201 
 1926      FB0E0D00 
 1926      01010101 
 1927              	.LASF0:
 1928 0000 5F5F696E 		.ascii	"__int8_t\000"
 1928      74385F74 
 1928      00
 1929              	.LASF1:
 1930 0009 5F5F7569 		.ascii	"__uint8_t\000"
 1930      6E74385F 
 1930      7400
 1931              	.LASF37:
 1932 0013 5350494D 		.ascii	"SPIM_LIS3DH_WriteTxData\000"
 1932      5F4C4953 
 1932      3344485F 
 1932      57726974 
 1932      65547844 
 1933              	.LASF34:
 1934 002b 5350495F 		.ascii	"SPI_Interface_Multi_RW_LIS3DH\000"
 1934      496E7465 
 1934      72666163 
 1934      655F4D75 
 1934      6C74695F 
 1935              	.LASF38:
 1936 0049 5350494D 		.ascii	"SPIM_LIS3DH_ReadTxStatus\000"
 1936      5F4C4953 
 1936      3344485F 
 1936      52656164 
 1936      54785374 
 1937              	.LASF31:
 1938 0062 636F756E 		.ascii	"count\000"
 1938      7400
 1939              	.LASF5:
 1940 0068 73686F72 		.ascii	"short unsigned int\000"
 1940      7420756E 
 1940      7369676E 
 1940      65642069 
ARM GAS  C:\Users\aless\AppData\Local\Temp\cceFS11t.s 			page 40


 1940      6E7400
 1941              	.LASF45:
 1942 007b 5350494D 		.ascii	"SPIM_LIS3DH_ClearFIFO\000"
 1942      5F4C4953 
 1942      3344485F 
 1942      436C6561 
 1942      72464946 
 1943              	.LASF21:
 1944 0091 62797465 		.ascii	"byte\000"
 1944      00
 1945              	.LASF53:
 1946 0096 5350495F 		.ascii	"SPI_Interface.c\000"
 1946      496E7465 
 1946      72666163 
 1946      652E6300 
 1947              	.LASF11:
 1948 00a6 696E7438 		.ascii	"int8_t\000"
 1948      5F7400
 1949              	.LASF43:
 1950 00ad 5350494D 		.ascii	"SPIM_EEPROM_ReadRxData\000"
 1950      5F454550 
 1950      524F4D5F 
 1950      52656164 
 1950      52784461 
 1951              	.LASF24:
 1952 00c4 62797465 		.ascii	"byteTX\000"
 1952      545800
 1953              	.LASF14:
 1954 00cb 666C6F61 		.ascii	"float\000"
 1954      7400
 1955              	.LASF22:
 1956 00d1 64617461 		.ascii	"data\000"
 1956      00
 1957              	.LASF48:
 1958 00d6 5350494D 		.ascii	"SPIM_EEPROM_PutArray\000"
 1958      5F454550 
 1958      524F4D5F 
 1958      50757441 
 1958      72726179 
 1959              	.LASF3:
 1960 00eb 756E7369 		.ascii	"unsigned char\000"
 1960      676E6564 
 1960      20636861 
 1960      7200
 1961              	.LASF52:
 1962 00f9 474E5520 		.ascii	"GNU C11 5.4.1 20160609 (release) [ARM/embedded-5-br"
 1962      43313120 
 1962      352E342E 
 1962      31203230 
 1962      31363036 
 1963 012c 616E6368 		.ascii	"anch revision 237715] -mcpu=cortex-m3 -mthumb -g -O"
 1963      20726576 
 1963      6973696F 
 1963      6E203233 
 1963      37373135 
 1964 015f 67202D66 		.ascii	"g -ffunction-sections -ffat-lto-objects\000"
 1964      66756E63 
ARM GAS  C:\Users\aless\AppData\Local\Temp\cceFS11t.s 			page 41


 1964      74696F6E 
 1964      2D736563 
 1964      74696F6E 
 1965              	.LASF49:
 1966 0187 5350494D 		.ascii	"SPIM_EEPROM_ClearFIFO\000"
 1966      5F454550 
 1966      524F4D5F 
 1966      436C6561 
 1966      72464946 
 1967              	.LASF26:
 1968 019d 5350495F 		.ascii	"SPI_Interface_ReadByte_EEPROM\000"
 1968      496E7465 
 1968      72666163 
 1968      655F5265 
 1968      61644279 
 1969              	.LASF7:
 1970 01bb 6C6F6E67 		.ascii	"long unsigned int\000"
 1970      20756E73 
 1970      69676E65 
 1970      6420696E 
 1970      7400
 1971              	.LASF50:
 1972 01cd 5350494D 		.ascii	"SPIM_EEPROM_ClearRxBuffer\000"
 1972      5F454550 
 1972      524F4D5F 
 1972      436C6561 
 1972      72527842 
 1973              	.LASF13:
 1974 01e7 75696E74 		.ascii	"uint8\000"
 1974      3800
 1975              	.LASF20:
 1976 01ed 5350495F 		.ascii	"SPI_Interface_tradeByte_EEPROM\000"
 1976      496E7465 
 1976      72666163 
 1976      655F7472 
 1976      61646542 
 1977              	.LASF39:
 1978 020c 5350494D 		.ascii	"SPIM_LIS3DH_ReadRxData\000"
 1978      5F4C4953 
 1978      3344485F 
 1978      52656164 
 1978      52784461 
 1979              	.LASF15:
 1980 0223 646F7562 		.ascii	"double\000"
 1980      6C6500
 1981              	.LASF46:
 1982 022a 5350494D 		.ascii	"SPIM_LIS3DH_ClearRxBuffer\000"
 1982      5F4C4953 
 1982      3344485F 
 1982      436C6561 
 1982      72527842 
 1983              	.LASF42:
 1984 0244 5350494D 		.ascii	"SPIM_EEPROM_ReadTxStatus\000"
 1984      5F454550 
 1984      524F4D5F 
 1984      52656164 
 1984      54785374 
ARM GAS  C:\Users\aless\AppData\Local\Temp\cceFS11t.s 			page 42


 1985              	.LASF25:
 1986 025d 62797465 		.ascii	"byteRX\000"
 1986      525800
 1987              	.LASF47:
 1988 0264 5350494D 		.ascii	"SPIM_LIS3DH_ClearTxBuffer\000"
 1988      5F4C4953 
 1988      3344485F 
 1988      436C6561 
 1988      72547842 
 1989              	.LASF10:
 1990 027e 756E7369 		.ascii	"unsigned int\000"
 1990      676E6564 
 1990      20696E74 
 1990      00
 1991              	.LASF36:
 1992 028b 43535F31 		.ascii	"CS_1_Write\000"
 1992      5F577269 
 1992      746500
 1993              	.LASF9:
 1994 0296 6C6F6E67 		.ascii	"long long unsigned int\000"
 1994      206C6F6E 
 1994      6720756E 
 1994      7369676E 
 1994      65642069 
 1995              	.LASF12:
 1996 02ad 75696E74 		.ascii	"uint8_t\000"
 1996      385F7400 
 1997              	.LASF30:
 1998 02b5 62797465 		.ascii	"bytesRX\000"
 1998      73525800 
 1999              	.LASF41:
 2000 02bd 5350494D 		.ascii	"SPIM_EEPROM_WriteTxData\000"
 2000      5F454550 
 2000      524F4D5F 
 2000      57726974 
 2000      65547844 
 2001              	.LASF33:
 2002 02d5 64756D6D 		.ascii	"dummyTX\000"
 2002      79545800 
 2003              	.LASF29:
 2004 02dd 64617461 		.ascii	"dataRX\000"
 2004      525800
 2005              	.LASF28:
 2006 02e4 62797465 		.ascii	"bytesTX\000"
 2006      73545800 
 2007              	.LASF40:
 2008 02ec 43535F32 		.ascii	"CS_2_Write\000"
 2008      5F577269 
 2008      746500
 2009              	.LASF18:
 2010 02f7 73697A65 		.ascii	"sizetype\000"
 2010      74797065 
 2010      00
 2011              	.LASF44:
 2012 0300 5350494D 		.ascii	"SPIM_LIS3DH_PutArray\000"
 2012      5F4C4953 
 2012      3344485F 
ARM GAS  C:\Users\aless\AppData\Local\Temp\cceFS11t.s 			page 43


 2012      50757441 
 2012      72726179 
 2013              	.LASF8:
 2014 0315 6C6F6E67 		.ascii	"long long int\000"
 2014      206C6F6E 
 2014      6720696E 
 2014      7400
 2015              	.LASF19:
 2016 0323 5350495F 		.ascii	"SPI_Interface_tradeByte_LIS3DH\000"
 2016      496E7465 
 2016      72666163 
 2016      655F7472 
 2016      61646542 
 2017              	.LASF54:
 2018 0342 433A5C55 		.ascii	"C:\\Users\\aless\\Documents\\PSoC_Creator\\AY1920_I"
 2018      73657273 
 2018      5C616C65 
 2018      73735C44 
 2018      6F63756D 
 2019 0370 495F3032 		.ascii	"I_02_RATTI_SINATRA_QUARANTA\\AY1920_II_FINAL_PROJEC"
 2019      5F524154 
 2019      54495F53 
 2019      494E4154 
 2019      52415F51 
 2020 03a2 542E6379 		.ascii	"T.cydsn\000"
 2020      64736E00 
 2021              	.LASF32:
 2022 03aa 696E6465 		.ascii	"index\000"
 2022      7800
 2023              	.LASF23:
 2024 03b0 5350495F 		.ascii	"SPI_Interface_ReadByte_LIS3DH\000"
 2024      496E7465 
 2024      72666163 
 2024      655F5265 
 2024      61644279 
 2025              	.LASF4:
 2026 03ce 73686F72 		.ascii	"short int\000"
 2026      7420696E 
 2026      7400
 2027              	.LASF35:
 2028 03d8 5350495F 		.ascii	"SPI_Interface_Multi_RW_EEPROM\000"
 2028      496E7465 
 2028      72666163 
 2028      655F4D75 
 2028      6C74695F 
 2029              	.LASF51:
 2030 03f6 5350494D 		.ascii	"SPIM_EEPROM_ClearTxBuffer\000"
 2030      5F454550 
 2030      524F4D5F 
 2030      436C6561 
 2030      72547842 
 2031              	.LASF6:
 2032 0410 6C6F6E67 		.ascii	"long int\000"
 2032      20696E74 
 2032      00
 2033              	.LASF16:
 2034 0419 63686172 		.ascii	"char\000"
ARM GAS  C:\Users\aless\AppData\Local\Temp\cceFS11t.s 			page 44


 2034      00
 2035              	.LASF17:
 2036 041e 6C6F6E67 		.ascii	"long double\000"
 2036      20646F75 
 2036      626C6500 
 2037              	.LASF2:
 2038 042a 7369676E 		.ascii	"signed char\000"
 2038      65642063 
 2038      68617200 
 2039              	.LASF27:
 2040 0436 64617461 		.ascii	"dataTX\000"
 2040      545800
 2041              		.ident	"GCC: (GNU Tools for ARM Embedded Processors) 5.4.1 20160609 (release) [ARM/embedded-5-bran
